2021.07.26.10.18.14.293[Normal][INERADMS.Controllers.GisMapController.Map](System)：檢查登入者帳號....
2021.07.26.10.18.14.293[Normal][INERADMS.Controllers.GisMapController.Map](System)：目前登入者帳號不存在。
2021.07.26.10.18.33.455[Normal][INERADMS.Controllers.HomeController.LogIn](System)：ineradmin,Hp6uPRWAKR1mVAGezJxf1qfAr0/4Q9QFw+ICg+bqJCA=
2021.07.26.10.18.33.564[Normal][INERADMS.Controllers.HomeController.LogIn](System)：ineradmin登入檢查過關
2021.07.26.10.18.33.705[Normal][INERADMS.Controllers.HomeController.LogIn](System)：目前登入者帳號是：ineradmin,登入紀錄OK
2021.07.26.10.18.33.814[Normal][INERADMS.Controllers.GisMapController.Map](System)：檢查登入者帳號....
2021.07.26.10.18.33.814[Normal][INERADMS.Controllers.GisMapController.Map](System)：目前登入者帳號是：ineradmin
2021.07.26.10.18.37.502[Normal][INERADMS.Controllers.GisMapController.GetEquipmentClasses](System)：資料庫連接字串：Server=192.168.1.22;Port=5432;Database=GISADMS;User Id=postgres;Password=ok;,準備撈設備類別
2021.07.26.10.18.37.518[Normal][INERADMS.Controllers.GisMapController.GetEquipmentClasses](System)：設備類別資訊取得完成
2021.07.26.10.21.52.674[Normal][INERADMS.Controllers.GisMapController.Map](System)：檢查登入者帳號....
2021.07.26.10.21.52.674[Normal][INERADMS.Controllers.GisMapController.Map](System)：目前登入者帳號是：ineradmin
2021.07.26.10.21.53.518[Normal][INERADMS.Controllers.GisMapController.GetEquipmentClasses](System)：資料庫連接字串：Server=192.168.1.22;Port=5432;Database=GISADMS;User Id=postgres;Password=ok;,準備撈設備類別
2021.07.26.10.21.53.534[Normal][INERADMS.Controllers.GisMapController.GetEquipmentClasses](System)：設備類別資訊取得完成
2021.07.26.10.22.02.206[Normal][INERADMS.Controllers.HomeController.LogIn](System)：ineradmin,Hp6uPRWAKR1mVAGezJxf1qfAr0/4Q9QFw+ICg+bqJCA=
2021.07.26.10.22.02.253[Normal][INERADMS.Controllers.HomeController.LogIn](System)：ineradmin登入檢查過關
2021.07.26.10.22.02.378[Normal][INERADMS.Controllers.HomeController.LogIn](System)：目前登入者帳號是：ineradmin,登入紀錄OK
2021.07.26.10.22.02.472[Normal][INERADMS.Controllers.GisMapController.Map](System)：檢查登入者帳號....
2021.07.26.10.22.02.472[Normal][INERADMS.Controllers.GisMapController.Map](System)：目前登入者帳號是：ineradmin
2021.07.26.10.22.04.628[Normal][INERADMS.Controllers.GisMapController.GetEquipmentClasses](System)：資料庫連接字串：Server=192.168.1.22;Port=5432;Database=GISADMS;User Id=postgres;Password=ok;,準備撈設備類別
2021.07.26.10.22.04.675[Normal][INERADMS.Controllers.GisMapController.GetEquipmentClasses](System)：設備類別資訊取得完成
2021.07.26.10.22.19.343[Normal][INERADMS.Controllers.GisMapController.Map](System)：檢查登入者帳號....
2021.07.26.10.22.19.343[Normal][INERADMS.Controllers.GisMapController.Map](System)：目前登入者帳號不存在。
2021.07.26.10.22.30.079[Normal][INERADMS.Controllers.HomeController.LogIn](System)：ineradmin,Hp6uPRWAKR1mVAGezJxf1qfAr0/4Q9QFw+ICg+bqJCA=
2021.07.26.10.22.30.173[Normal][INERADMS.Controllers.HomeController.LogIn](System)：ineradmin登入檢查過關
2021.07.26.10.22.30.329[Normal][INERADMS.Controllers.HomeController.LogIn](System)：目前登入者帳號是：ineradmin,登入紀錄OK
2021.07.26.10.22.30.360[Normal][INERADMS.Controllers.GisMapController.Map](System)：檢查登入者帳號....
2021.07.26.10.22.30.360[Normal][INERADMS.Controllers.GisMapController.Map](System)：目前登入者帳號是：ineradmin
2021.07.26.10.22.32.814[Normal][INERADMS.Controllers.GisMapController.GetEquipmentClasses](System)：資料庫連接字串：Server=192.168.1.22;Port=5432;Database=GISADMS;User Id=postgres;Password=ok;,準備撈設備類別
2021.07.26.10.22.32.830[Normal][INERADMS.Controllers.GisMapController.GetEquipmentClasses](System)：設備類別資訊取得完成
2021.07.26.10.22.41.863[Normal][INERADMS.Controllers.HomeController.LogIn](System)：ineradmin,Hp6uPRWAKR1mVAGezJxf1qfAr0/4Q9QFw+ICg+bqJCA=
2021.07.26.10.22.41.910[Normal][INERADMS.Controllers.HomeController.LogIn](System)：ineradmin登入檢查過關
2021.07.26.10.22.41.973[Normal][INERADMS.Controllers.HomeController.LogIn](System)：目前登入者帳號是：ineradmin,登入紀錄OK
2021.07.26.10.22.42.004[Normal][INERADMS.Controllers.GisMapController.Map](System)：檢查登入者帳號....
2021.07.26.10.22.42.004[Normal][INERADMS.Controllers.GisMapController.Map](System)：目前登入者帳號是：ineradmin
2021.07.26.10.22.42.691[Normal][INERADMS.Controllers.GisMapController.GetEquipmentClasses](System)：資料庫連接字串：Server=192.168.1.22;Port=5432;Database=GISADMS;User Id=postgres;Password=ok;,準備撈設備類別
2021.07.26.10.22.42.723[Normal][INERADMS.Controllers.GisMapController.GetEquipmentClasses](System)：設備類別資訊取得完成
2021.07.26.10.22.50.796[Normal][INERADMS.Controllers.HomeController.LogIn](System)：ineradmin,Hp6uPRWAKR1mVAGezJxf1qfAr0/4Q9QFw+ICg+bqJCA=
2021.07.26.10.22.50.812[Normal][INERADMS.Controllers.HomeController.LogIn](System)：ineradmin登入檢查過關
2021.07.26.10.22.51.046[Normal][INERADMS.Controllers.HomeController.LogIn](System)：目前登入者帳號是：ineradmin,登入紀錄OK
2021.07.26.10.22.51.093[Normal][INERADMS.Controllers.GisMapController.Map](System)：檢查登入者帳號....
2021.07.26.10.22.51.093[Normal][INERADMS.Controllers.GisMapController.Map](System)：目前登入者帳號是：ineradmin
2021.07.26.10.22.51.437[Normal][INERADMS.Controllers.GisMapController.GetEquipmentClasses](System)：資料庫連接字串：Server=192.168.1.22;Port=5432;Database=GISADMS;User Id=postgres;Password=ok;,準備撈設備類別
2021.07.26.10.22.51.468[Normal][INERADMS.Controllers.GisMapController.GetEquipmentClasses](System)：設備類別資訊取得完成
2021.07.26.10.24.07.901[Normal][INERADMS.Controllers.GisMapController.Map](System)：檢查登入者帳號....
2021.07.26.10.24.07.901[Normal][INERADMS.Controllers.GisMapController.Map](System)：目前登入者帳號不存在。
2021.07.26.10.24.24.510[Normal][INERADMS.Controllers.HomeController.LogIn](System)：ineradmin,Hp6uPRWAKR1mVAGezJxf1qfAr0/4Q9QFw+ICg+bqJCA=
2021.07.26.10.24.24.557[Normal][INERADMS.Controllers.HomeController.LogIn](System)：ineradmin登入檢查過關
2021.07.26.10.24.24.697[Normal][INERADMS.Controllers.HomeController.LogIn](System)：目前登入者帳號是：ineradmin,登入紀錄OK
2021.07.26.10.24.24.963[Normal][INERADMS.Controllers.GisMapController.Map](System)：檢查登入者帳號....
2021.07.26.10.24.24.963[Normal][INERADMS.Controllers.GisMapController.Map](System)：目前登入者帳號是：ineradmin
2021.07.26.10.24.27.265[Normal][INERADMS.Controllers.GisMapController.GetEquipmentClasses](System)：資料庫連接字串：Server=192.168.1.22;Port=5432;Database=GISADMS;User Id=postgres;Password=ok;,準備撈設備類別
2021.07.26.10.24.27.281[Normal][INERADMS.Controllers.GisMapController.GetEquipmentClasses](System)：設備類別資訊取得完成
2021.07.26.10.24.38.353[Normal][INERADMS.Controllers.HomeController.LogIn](System)：ineradmin,Hp6uPRWAKR1mVAGezJxf1qfAr0/4Q9QFw+ICg+bqJCA=
2021.07.26.10.24.38.369[Normal][INERADMS.Controllers.HomeController.LogIn](System)：ineradmin登入檢查過關
2021.07.26.10.24.38.400[Normal][INERADMS.Controllers.HomeController.LogIn](System)：目前登入者帳號是：ineradmin,登入紀錄OK
2021.07.26.10.24.38.431[Normal][INERADMS.Controllers.GisMapController.Map](System)：檢查登入者帳號....
2021.07.26.10.24.38.431[Normal][INERADMS.Controllers.GisMapController.Map](System)：目前登入者帳號是：ineradmin
2021.07.26.10.24.38.962[Normal][INERADMS.Controllers.GisMapController.GetEquipmentClasses](System)：資料庫連接字串：Server=192.168.1.22;Port=5432;Database=GISADMS;User Id=postgres;Password=ok;,準備撈設備類別
2021.07.26.10.24.38.978[Normal][INERADMS.Controllers.GisMapController.GetEquipmentClasses](System)：設備類別資訊取得完成
2021.07.26.10.24.47.327[Normal][INERADMS.Controllers.HomeController.LogIn](System)：ineradmin,Hp6uPRWAKR1mVAGezJxf1qfAr0/4Q9QFw+ICg+bqJCA=
2021.07.26.10.24.47.374[Normal][INERADMS.Controllers.HomeController.LogIn](System)：ineradmin登入檢查過關
2021.07.26.10.24.47.483[Normal][INERADMS.Controllers.HomeController.LogIn](System)：目前登入者帳號是：ineradmin,登入紀錄OK
2021.07.26.10.24.47.562[Normal][INERADMS.Controllers.GisMapController.Map](System)：檢查登入者帳號....
2021.07.26.10.24.47.562[Normal][INERADMS.Controllers.GisMapController.Map](System)：目前登入者帳號是：ineradmin
2021.07.26.10.24.49.421[Normal][INERADMS.Controllers.GisMapController.GetEquipmentClasses](System)：資料庫連接字串：Server=192.168.1.22;Port=5432;Database=GISADMS;User Id=postgres;Password=ok;,準備撈設備類別
2021.07.26.10.24.49.452[Normal][INERADMS.Controllers.GisMapController.GetEquipmentClasses](System)：設備類別資訊取得完成
2021.07.26.10.41.11.629[Normal][INERADMS.Controllers.GisMapController.Map](System)：檢查登入者帳號....
2021.07.26.10.41.11.629[Normal][INERADMS.Controllers.GisMapController.Map](System)：目前登入者帳號不存在。
2021.07.26.13.48.54.036[Normal][INERADMS.Controllers.GisMapController.Map](System)：檢查登入者帳號....
2021.07.26.13.48.54.037[Normal][INERADMS.Controllers.GisMapController.Map](System)：目前登入者帳號不存在。
2021.07.26.13.49.01.843[Normal][INERADMS.Controllers.HomeController.LogIn](System)：ineradmin,Hp6uPRWAKR1mVAGezJxf1qfAr0/4Q9QFw+ICg+bqJCA=
2021.07.26.13.49.01.859[Normal][INERADMS.Controllers.HomeController.LogIn](System)：ineradmin登入檢查過關
2021.07.26.13.49.01.984[Normal][INERADMS.Controllers.HomeController.LogIn](System)：目前登入者帳號是：ineradmin,登入紀錄OK
2021.07.26.13.49.02.015[Normal][INERADMS.Controllers.GisMapController.Map](System)：檢查登入者帳號....
2021.07.26.13.49.02.015[Normal][INERADMS.Controllers.GisMapController.Map](System)：目前登入者帳號是：ineradmin
2021.07.26.13.49.03.574[Normal][INERADMS.Controllers.GisMapController.GetEquipmentClasses](System)：資料庫連接字串：Server=192.168.1.22;Port=5432;Database=GISADMS;User Id=postgres;Password=ok;,準備撈設備類別
2021.07.26.13.49.03.574[Normal][INERADMS.Controllers.GisMapController.GetEquipmentClasses](System)：設備類別資訊取得完成
2021.07.26.13.49.11.495[Normal][INERADMS.Controllers.HomeController.LogIn](System)：ineradmin,Hp6uPRWAKR1mVAGezJxf1qfAr0/4Q9QFw+ICg+bqJCA=
2021.07.26.13.49.11.513[Normal][INERADMS.Controllers.HomeController.LogIn](System)：ineradmin登入檢查過關
2021.07.26.13.49.11.624[Normal][INERADMS.Controllers.HomeController.LogIn](System)：目前登入者帳號是：ineradmin,登入紀錄OK
2021.07.26.13.49.11.648[Normal][INERADMS.Controllers.GisMapController.Map](System)：檢查登入者帳號....
2021.07.26.13.49.11.649[Normal][INERADMS.Controllers.GisMapController.Map](System)：目前登入者帳號是：ineradmin
2021.07.26.13.49.12.306[Normal][INERADMS.Controllers.GisMapController.GetEquipmentClasses](System)：資料庫連接字串：Server=192.168.1.22;Port=5432;Database=GISADMS;User Id=postgres;Password=ok;,準備撈設備類別
2021.07.26.13.49.12.322[Normal][INERADMS.Controllers.GisMapController.GetEquipmentClasses](System)：設備類別資訊取得完成
2021.07.26.15.32.36.918[Normal][INERADMS.Controllers.GisMapController.Map](System)：檢查登入者帳號....
2021.07.26.15.32.36.918[Normal][INERADMS.Controllers.GisMapController.Map](System)：目前登入者帳號不存在。
2021.07.26.15.32.43.060[Normal][INERADMS.Controllers.HomeController.LogIn](System)：ineradmin,Hp6uPRWAKR1mVAGezJxf1qfAr0/4Q9QFw+ICg+bqJCA=
2021.07.26.15.32.43.106[Normal][INERADMS.Controllers.HomeController.LogIn](System)：ineradmin登入檢查過關
2021.07.26.15.32.43.231[Normal][INERADMS.Controllers.HomeController.LogIn](System)：目前登入者帳號是：ineradmin,登入紀錄OK
2021.07.26.15.32.43.278[Normal][INERADMS.Controllers.GisMapController.Map](System)：檢查登入者帳號....
2021.07.26.15.32.43.278[Normal][INERADMS.Controllers.GisMapController.Map](System)：目前登入者帳號是：ineradmin
2021.07.26.15.32.44.700[Normal][INERADMS.Controllers.GisMapController.GetEquipmentClasses](System)：資料庫連接字串：Server=192.168.1.22;Port=5432;Database=GISADMS;User Id=postgres;Password=ok;,準備撈設備類別
2021.07.26.15.32.44.732[Normal][INERADMS.Controllers.GisMapController.GetEquipmentClasses](System)：設備類別資訊取得完成
2021.07.26.15.33.11.697[Normal][INERADMS.Controllers.HomeController.LogIn](System)：ineradmin,Hp6uPRWAKR1mVAGezJxf1qfAr0/4Q9QFw+ICg+bqJCA=
2021.07.26.15.33.11.744[Normal][INERADMS.Controllers.HomeController.LogIn](System)：ineradmin登入檢查過關
2021.07.26.15.33.11.869[Normal][INERADMS.Controllers.HomeController.LogIn](System)：目前登入者帳號是：ineradmin,登入紀錄OK
2021.07.26.15.33.11.900[Normal][INERADMS.Controllers.GisMapController.Map](System)：檢查登入者帳號....
2021.07.26.15.33.11.900[Normal][INERADMS.Controllers.GisMapController.Map](System)：目前登入者帳號是：ineradmin
2021.07.26.15.33.12.588[Normal][INERADMS.Controllers.GisMapController.GetEquipmentClasses](System)：資料庫連接字串：Server=192.168.1.22;Port=5432;Database=GISADMS;User Id=postgres;Password=ok;,準備撈設備類別
2021.07.26.15.33.12.603[Normal][INERADMS.Controllers.GisMapController.GetEquipmentClasses](System)：設備類別資訊取得完成
2021.07.26.15.33.17.930[Normal][INERADMS.Controllers.HomeController.LogIn](System)：ineradmin,Hp6uPRWAKR1mVAGezJxf1qfAr0/4Q9QFw+ICg+bqJCA=
2021.07.26.15.33.17.950[Normal][INERADMS.Controllers.HomeController.LogIn](System)：ineradmin登入檢查過關
2021.07.26.15.33.18.066[Normal][INERADMS.Controllers.HomeController.LogIn](System)：目前登入者帳號是：ineradmin,登入紀錄OK
2021.07.26.15.33.18.092[Normal][INERADMS.Controllers.GisMapController.Map](System)：檢查登入者帳號....
2021.07.26.15.33.18.093[Normal][INERADMS.Controllers.GisMapController.Map](System)：目前登入者帳號是：ineradmin
2021.07.26.15.33.18.796[Normal][INERADMS.Controllers.GisMapController.GetEquipmentClasses](System)：資料庫連接字串：Server=192.168.1.22;Port=5432;Database=GISADMS;User Id=postgres;Password=ok;,準備撈設備類別
2021.07.26.15.33.18.812[Normal][INERADMS.Controllers.GisMapController.GetEquipmentClasses](System)：設備類別資訊取得完成
2021.07.26.15.33.46.110[Normal][INERADMS.Controllers.HomeController.LogIn](System)：ineradmin,Hp6uPRWAKR1mVAGezJxf1qfAr0/4Q9QFw+ICg+bqJCA=
2021.07.26.15.33.46.142[Normal][INERADMS.Controllers.HomeController.LogIn](System)：ineradmin登入檢查過關
2021.07.26.15.33.46.251[Normal][INERADMS.Controllers.HomeController.LogIn](System)：目前登入者帳號是：ineradmin,登入紀錄OK
2021.07.26.15.33.46.282[Normal][INERADMS.Controllers.GisMapController.Map](System)：檢查登入者帳號....
2021.07.26.15.33.46.282[Normal][INERADMS.Controllers.GisMapController.Map](System)：目前登入者帳號是：ineradmin
2021.07.26.15.33.48.439[Normal][INERADMS.Controllers.GisMapController.GetEquipmentClasses](System)：資料庫連接字串：Server=192.168.1.22;Port=5432;Database=GISADMS;User Id=postgres;Password=ok;,準備撈設備類別
2021.07.26.15.33.48.470[Normal][INERADMS.Controllers.GisMapController.GetEquipmentClasses](System)：設備類別資訊取得完成
2021.07.26.15.41.46.630[Normal][INERADMS.Controllers.GisMapController.Map](System)：檢查登入者帳號....
2021.07.26.15.41.46.630[Normal][INERADMS.Controllers.GisMapController.Map](System)：目前登入者帳號是：ineradmin
2021.07.26.15.41.49.830[Normal][INERADMS.Controllers.GisMapController.GetEquipmentClasses](System)：資料庫連接字串：Server=192.168.1.22;Port=5432;Database=GISADMS;User Id=postgres;Password=ok;,準備撈設備類別
2021.07.26.15.41.49.845[Normal][INERADMS.Controllers.GisMapController.GetEquipmentClasses](System)：設備類別資訊取得完成
2021.07.26.19.12.32.041[Normal][INERADMS.Controllers.GisMapController.Map](System)：檢查登入者帳號....
2021.07.26.19.12.32.041[Normal][INERADMS.Controllers.GisMapController.Map](System)：目前登入者帳號不存在。
2021.07.26.19.12.37.466[Normal][INERADMS.Controllers.HomeController.LogIn](System)：ineradmin,Hp6uPRWAKR1mVAGezJxf1qfAr0/4Q9QFw+ICg+bqJCA=
2021.07.26.19.12.37.497[Normal][INERADMS.Controllers.HomeController.LogIn](System)：ineradmin登入檢查過關
2021.07.26.19.12.37.606[Normal][INERADMS.Controllers.HomeController.LogIn](System)：目前登入者帳號是：ineradmin,登入紀錄OK
2021.07.26.19.12.37.637[Normal][INERADMS.Controllers.GisMapController.Map](System)：檢查登入者帳號....
2021.07.26.19.12.37.637[Normal][INERADMS.Controllers.GisMapController.Map](System)：目前登入者帳號是：ineradmin
2021.07.26.19.12.39.731[Normal][INERADMS.Controllers.GisMapController.GetEquipmentClasses](System)：資料庫連接字串：Server=192.168.1.22;Port=5432;Database=GISADMS;User Id=postgres;Password=ok;,準備撈設備類別
2021.07.26.19.12.39.747[Normal][INERADMS.Controllers.GisMapController.GetEquipmentClasses](System)：設備類別資訊取得完成
2021.07.26.19.12.45.939[Normal][INERADMS.Controllers.HomeController.LogIn](System)：ineradmin,Hp6uPRWAKR1mVAGezJxf1qfAr0/4Q9QFw+ICg+bqJCA=
2021.07.26.19.12.46.001[Normal][INERADMS.Controllers.HomeController.LogIn](System)：ineradmin登入檢查過關
2021.07.26.19.12.46.126[Normal][INERADMS.Controllers.HomeController.LogIn](System)：目前登入者帳號是：ineradmin,登入紀錄OK
2021.07.26.19.12.46.158[Normal][INERADMS.Controllers.GisMapController.Map](System)：檢查登入者帳號....
2021.07.26.19.12.46.158[Normal][INERADMS.Controllers.GisMapController.Map](System)：目前登入者帳號是：ineradmin
2021.07.26.19.12.47.348[Normal][INERADMS.Controllers.GisMapController.GetEquipmentClasses](System)：資料庫連接字串：Server=192.168.1.22;Port=5432;Database=GISADMS;User Id=postgres;Password=ok;,準備撈設備類別
2021.07.26.19.12.47.426[Normal][INERADMS.Controllers.GisMapController.GetEquipmentClasses](System)：設備類別資訊取得完成
2021.07.26.19.15.41.193[Normal][INERADMS.Controllers.GisMapController.Map](System)：檢查登入者帳號....
2021.07.26.19.15.41.193[Normal][INERADMS.Controllers.GisMapController.Map](System)：目前登入者帳號不存在。
2021.07.26.19.15.46.597[Normal][INERADMS.Controllers.HomeController.LogIn](System)：ineradmin,Hp6uPRWAKR1mVAGezJxf1qfAr0/4Q9QFw+ICg+bqJCA=
2021.07.26.19.15.46.613[Normal][INERADMS.Controllers.HomeController.LogIn](System)：ineradmin登入檢查過關
2021.07.26.19.15.46.722[Normal][INERADMS.Controllers.HomeController.LogIn](System)：目前登入者帳號是：ineradmin,登入紀錄OK
2021.07.26.19.15.46.754[Normal][INERADMS.Controllers.GisMapController.Map](System)：檢查登入者帳號....
2021.07.26.19.15.46.754[Normal][INERADMS.Controllers.GisMapController.Map](System)：目前登入者帳號是：ineradmin
2021.07.26.19.15.49.270[Normal][INERADMS.Controllers.GisMapController.GetEquipmentClasses](System)：資料庫連接字串：Server=192.168.1.22;Port=5432;Database=GISADMS;User Id=postgres;Password=ok;,準備撈設備類別
2021.07.26.19.15.49.301[Normal][INERADMS.Controllers.GisMapController.GetEquipmentClasses](System)：設備類別資訊取得完成
2021.07.26.19.19.21.709[Normal][INERADMS.Controllers.HomeController.LogIn](System)：ineradmin,Hp6uPRWAKR1mVAGezJxf1qfAr0/4Q9QFw+ICg+bqJCA=
2021.07.26.19.19.21.740[Normal][INERADMS.Controllers.HomeController.LogIn](System)：ineradmin登入檢查過關
2021.07.26.19.19.21.834[Normal][INERADMS.Controllers.HomeController.LogIn](System)：目前登入者帳號是：ineradmin,登入紀錄OK
2021.07.26.19.19.21.865[Normal][INERADMS.Controllers.GisMapController.Map](System)：檢查登入者帳號....
2021.07.26.19.19.21.865[Normal][INERADMS.Controllers.GisMapController.Map](System)：目前登入者帳號是：ineradmin
2021.07.26.19.19.24.320[Normal][INERADMS.Controllers.GisMapController.GetEquipmentClasses](System)：資料庫連接字串：Server=192.168.1.22;Port=5432;Database=GISADMS;User Id=postgres;Password=ok;,準備撈設備類別
2021.07.26.19.19.24.336[Normal][INERADMS.Controllers.GisMapController.GetEquipmentClasses](System)：設備類別資訊取得完成
2021.07.26.19.19.34.643[Normal][INERADMS.Controllers.HomeController.LogIn](System)：ineradmin,Hp6uPRWAKR1mVAGezJxf1qfAr0/4Q9QFw+ICg+bqJCA=
2021.07.26.19.19.34.658[Normal][INERADMS.Controllers.HomeController.LogIn](System)：ineradmin登入檢查過關
2021.07.26.19.19.34.815[Normal][INERADMS.Controllers.HomeController.LogIn](System)：目前登入者帳號是：ineradmin,登入紀錄OK
2021.07.26.19.19.34.846[Normal][INERADMS.Controllers.GisMapController.Map](System)：檢查登入者帳號....
2021.07.26.19.19.34.846[Normal][INERADMS.Controllers.GisMapController.Map](System)：目前登入者帳號是：ineradmin
2021.07.26.19.19.36.377[Normal][INERADMS.Controllers.GisMapController.GetEquipmentClasses](System)：資料庫連接字串：Server=192.168.1.22;Port=5432;Database=GISADMS;User Id=postgres;Password=ok;,準備撈設備類別
2021.07.26.19.19.36.471[Normal][INERADMS.Controllers.GisMapController.GetEquipmentClasses](System)：設備類別資訊取得完成
2021.07.26.19.19.56.746[Normal][INERADMS.Controllers.HomeController.LogIn](System)：ineradmin,Hp6uPRWAKR1mVAGezJxf1qfAr0/4Q9QFw+ICg+bqJCA=
2021.07.26.19.19.56.762[Normal][INERADMS.Controllers.HomeController.LogIn](System)：ineradmin登入檢查過關
2021.07.26.19.19.56.855[Normal][INERADMS.Controllers.HomeController.LogIn](System)：目前登入者帳號是：ineradmin,登入紀錄OK
2021.07.26.19.19.56.887[Normal][INERADMS.Controllers.GisMapController.Map](System)：檢查登入者帳號....
2021.07.26.19.19.56.887[Normal][INERADMS.Controllers.GisMapController.Map](System)：目前登入者帳號是：ineradmin
2021.07.26.19.19.58.983[Normal][INERADMS.Controllers.GisMapController.GetEquipmentClasses](System)：資料庫連接字串：Server=192.168.1.22;Port=5432;Database=GISADMS;User Id=postgres;Password=ok;,準備撈設備類別
2021.07.26.19.19.58.998[Normal][INERADMS.Controllers.GisMapController.GetEquipmentClasses](System)：設備類別資訊取得完成
2021.07.26.19.20.41.688[Normal][INERADMS.Controllers.HomeController.LogIn](System)：ineradmin,Hp6uPRWAKR1mVAGezJxf1qfAr0/4Q9QFw+ICg+bqJCA=
2021.07.26.19.20.41.704[Normal][INERADMS.Controllers.HomeController.LogIn](System)：ineradmin登入檢查過關
2021.07.26.19.20.41.798[Normal][INERADMS.Controllers.HomeController.LogIn](System)：目前登入者帳號是：ineradmin,登入紀錄OK
2021.07.26.19.20.41.829[Normal][INERADMS.Controllers.GisMapController.Map](System)：檢查登入者帳號....
2021.07.26.19.20.41.829[Normal][INERADMS.Controllers.GisMapController.Map](System)：目前登入者帳號是：ineradmin
2021.07.26.19.20.44.049[Normal][INERADMS.Controllers.GisMapController.GetEquipmentClasses](System)：資料庫連接字串：Server=192.168.1.22;Port=5432;Database=GISADMS;User Id=postgres;Password=ok;,準備撈設備類別
2021.07.26.19.20.44.065[Normal][INERADMS.Controllers.GisMapController.GetEquipmentClasses](System)：設備類別資訊取得完成
2021.07.26.19.28.45.961[Normal][INERADMS.Controllers.GisMapController.Map](System)：檢查登入者帳號....
2021.07.26.19.28.45.961[Normal][INERADMS.Controllers.GisMapController.Map](System)：目前登入者帳號是：ineradmin
2021.07.26.19.28.48.185[Normal][INERADMS.Controllers.GisMapController.GetEquipmentClasses](System)：資料庫連接字串：Server=192.168.1.22;Port=5432;Database=GISADMS;User Id=postgres;Password=ok;,準備撈設備類別
2021.07.26.19.28.48.247[Normal][INERADMS.Controllers.GisMapController.GetEquipmentClasses](System)：設備類別資訊取得完成
2021.07.26.19.30.14.697[Normal][INERADMS.Controllers.HomeController.LogIn](System)：ineradmin,Hp6uPRWAKR1mVAGezJxf1qfAr0/4Q9QFw+ICg+bqJCA=
2021.07.26.19.30.14.729[Normal][INERADMS.Controllers.HomeController.LogIn](System)：ineradmin登入檢查過關
2021.07.26.19.30.14.869[Normal][INERADMS.Controllers.HomeController.LogIn](System)：目前登入者帳號是：ineradmin,登入紀錄OK
2021.07.26.19.30.14.900[Normal][INERADMS.Controllers.GisMapController.Map](System)：檢查登入者帳號....
2021.07.26.19.30.14.900[Normal][INERADMS.Controllers.GisMapController.Map](System)：目前登入者帳號是：ineradmin
2021.07.26.19.30.17.197[Normal][INERADMS.Controllers.GisMapController.GetEquipmentClasses](System)：資料庫連接字串：Server=192.168.1.22;Port=5432;Database=GISADMS;User Id=postgres;Password=ok;,準備撈設備類別
2021.07.26.19.30.17.213[Normal][INERADMS.Controllers.GisMapController.GetEquipmentClasses](System)：設備類別資訊取得完成
2021.07.26.19.31.03.387[Normal][INERADMS.Controllers.GisMapController.Map](System)：檢查登入者帳號....
2021.07.26.19.31.03.387[Normal][INERADMS.Controllers.GisMapController.Map](System)：目前登入者帳號是：ineradmin
2021.07.26.19.31.05.621[Normal][INERADMS.Controllers.GisMapController.GetEquipmentClasses](System)：資料庫連接字串：Server=192.168.1.22;Port=5432;Database=GISADMS;User Id=postgres;Password=ok;,準備撈設備類別
2021.07.26.19.31.05.637[Normal][INERADMS.Controllers.GisMapController.GetEquipmentClasses](System)：設備類別資訊取得完成
2021.07.26.19.33.48.388[Normal][INERADMS.Controllers.GisMapController.Map](System)：檢查登入者帳號....
2021.07.26.19.33.48.388[Normal][INERADMS.Controllers.GisMapController.Map](System)：目前登入者帳號是：ineradmin
2021.07.26.19.33.50.624[Normal][INERADMS.Controllers.GisMapController.GetEquipmentClasses](System)：資料庫連接字串：Server=192.168.1.22;Port=5432;Database=GISADMS;User Id=postgres;Password=ok;,準備撈設備類別
2021.07.26.19.33.50.656[Normal][INERADMS.Controllers.GisMapController.GetEquipmentClasses](System)：設備類別資訊取得完成
2021.07.26.19.35.31.109[Normal][INERADMS.Controllers.GisMapController.Map](System)：檢查登入者帳號....
2021.07.26.19.35.31.109[Normal][INERADMS.Controllers.GisMapController.Map](System)：目前登入者帳號是：ineradmin
2021.07.26.19.35.33.847[Normal][INERADMS.Controllers.GisMapController.GetEquipmentClasses](System)：資料庫連接字串：Server=192.168.1.22;Port=5432;Database=GISADMS;User Id=postgres;Password=ok;,準備撈設備類別
2021.07.26.19.35.33.910[Normal][INERADMS.Controllers.GisMapController.GetEquipmentClasses](System)：設備類別資訊取得完成
2021.07.26.19.39.49.311[Normal][INERADMS.Controllers.GisMapController.Map](System)：檢查登入者帳號....
2021.07.26.19.39.49.311[Normal][INERADMS.Controllers.GisMapController.Map](System)：目前登入者帳號是：ineradmin
2021.07.26.19.39.51.781[Normal][INERADMS.Controllers.GisMapController.GetEquipmentClasses](System)：資料庫連接字串：Server=192.168.1.22;Port=5432;Database=GISADMS;User Id=postgres;Password=ok;,準備撈設備類別
2021.07.26.19.39.51.796[Normal][INERADMS.Controllers.GisMapController.GetEquipmentClasses](System)：設備類別資訊取得完成
2021.07.26.19.40.53.449[Normal][INERADMS.Controllers.GisMapController.Map](System)：檢查登入者帳號....
2021.07.26.19.40.53.449[Normal][INERADMS.Controllers.GisMapController.Map](System)：目前登入者帳號是：ineradmin
2021.07.26.19.40.55.637[Normal][INERADMS.Controllers.GisMapController.GetEquipmentClasses](System)：資料庫連接字串：Server=192.168.1.22;Port=5432;Database=GISADMS;User Id=postgres;Password=ok;,準備撈設備類別
2021.07.26.19.40.55.653[Normal][INERADMS.Controllers.GisMapController.GetEquipmentClasses](System)：設備類別資訊取得完成
2021.07.26.20.28.32.326[Normal][INERADMS.Controllers.GisMapController.Map](System)：檢查登入者帳號....
2021.07.26.20.28.32.326[Normal][INERADMS.Controllers.GisMapController.Map](System)：目前登入者帳號不存在。
2021.07.26.20.28.35.780[Normal][INERADMS.Controllers.GisMapController.Map](System)：檢查登入者帳號....
2021.07.26.20.28.35.780[Normal][INERADMS.Controllers.GisMapController.Map](System)：目前登入者帳號不存在。
2021.07.26.20.33.11.980[Normal][INERADMS.Controllers.GisMapController.Map](System)：檢查登入者帳號....
2021.07.26.20.33.11.996[Normal][INERADMS.Controllers.GisMapController.Map](System)：目前登入者帳號不存在。
2021.07.26.20.33.26.560[Normal][INERADMS.Controllers.GisMapController.Map](System)：檢查登入者帳號....
2021.07.26.20.33.26.560[Normal][INERADMS.Controllers.GisMapController.Map](System)：目前登入者帳號不存在。
