2021.08.03.09.54.00.184[Normal][INERADMS.Controllers.GisMapController.Map](System)：檢查登入者帳號....
2021.08.03.09.54.00.184[Normal][INERADMS.Controllers.GisMapController.Map](System)：目前登入者帳號不存在。
2021.08.03.10.42.03.523[Normal][INERADMS.Controllers.GisMapController.Map](System)：檢查登入者帳號....
2021.08.03.10.42.03.523[Normal][INERADMS.Controllers.GisMapController.Map](System)：目前登入者帳號不存在。
2021.08.03.10.42.18.024[Normal][INERADMS.Controllers.HomeController.LogIn](System)：ineradmin,Hp6uPRWAKR1mVAGezJxf1qfAr0/4Q9QFw+ICg+bqJCA=
2021.08.03.10.42.18.134[Normal][INERADMS.Controllers.HomeController.LogIn](System)：ineradmin登入檢查過關
2021.08.03.10.42.18.274[Normal][INERADMS.Controllers.HomeController.LogIn](System)：目前登入者帳號是：ineradmin,登入紀錄OK
2021.08.03.10.42.18.352[Normal][INERADMS.Controllers.GisMapController.Map](System)：檢查登入者帳號....
2021.08.03.10.42.18.368[Normal][INERADMS.Controllers.GisMapController.Map](System)：目前登入者帳號是：ineradmin
2021.08.03.10.42.23.103[Normal][INERADMS.Controllers.GisMapController.GetEquipmentClasses](System)：資料庫連接字串：Server=192.168.1.22;Port=5432;Database=GISADMS;User Id=postgres;Password=ok;,準備撈設備類別
2021.08.03.10.42.24.275[Normal][INERADMS.Controllers.GisMapController.GetEquipmentClasses](System)：設備類別資訊取得完成
2021.08.03.10.42.29.588[Normal][INERADMS.Controllers.HomeController.LogIn](System)：ineradmin,Hp6uPRWAKR1mVAGezJxf1qfAr0/4Q9QFw+ICg+bqJCA=
2021.08.03.10.42.29.744[Normal][INERADMS.Controllers.HomeController.LogIn](System)：ineradmin登入檢查過關
2021.08.03.10.42.29.885[Normal][INERADMS.Controllers.HomeController.LogIn](System)：目前登入者帳號是：ineradmin,登入紀錄OK
2021.08.03.10.42.30.119[Normal][INERADMS.Controllers.GisMapController.Map](System)：檢查登入者帳號....
2021.08.03.10.42.30.119[Normal][INERADMS.Controllers.GisMapController.Map](System)：目前登入者帳號是：ineradmin
2021.08.03.10.42.32.619[Normal][INERADMS.Controllers.GisMapController.GetEquipmentClasses](System)：資料庫連接字串：Server=192.168.1.22;Port=5432;Database=GISADMS;User Id=postgres;Password=ok;,準備撈設備類別
2021.08.03.10.42.32.729[Normal][INERADMS.Controllers.GisMapController.GetEquipmentClasses](System)：設備類別資訊取得完成
2021.08.03.11.42.19.015[Normal][INERADMS.Controllers.GisMapController.Map](System)：檢查登入者帳號....
2021.08.03.11.42.19.015[Normal][INERADMS.Controllers.GisMapController.Map](System)：目前登入者帳號不存在。
2021.08.03.13.53.38.144[Normal][INERADMS.Controllers.GisMapController.Map](System)：檢查登入者帳號....
2021.08.03.13.53.38.144[Normal][INERADMS.Controllers.GisMapController.Map](System)：目前登入者帳號不存在。
