2021.08.11.07.38.11.296[Normal][INERADMS.Controllers.GisMapController.Map](System)：檢查登入者帳號....
2021.08.11.07.38.11.296[Normal][INERADMS.Controllers.GisMapController.Map](System)：目前登入者帳號不存在。
2021.08.11.07.38.15.999[Normal][INERADMS.Controllers.HomeController.LogIn](System)：ineradmin,Hp6uPRWAKR1mVAGezJxf1qfAr0/4Q9QFw+ICg+bqJCA=
2021.08.11.07.38.16.218[Normal][INERADMS.Controllers.HomeController.LogIn](System)：ineradmin登入檢查過關
2021.08.11.07.38.16.374[Normal][INERADMS.Controllers.HomeController.LogIn](System)：目前登入者帳號是：ineradmin,登入紀錄OK
2021.08.11.07.38.16.671[Normal][INERADMS.Controllers.GisMapController.Map](System)：檢查登入者帳號....
2021.08.11.07.38.16.671[Normal][INERADMS.Controllers.GisMapController.Map](System)：目前登入者帳號是：ineradmin
2021.08.11.07.38.21.954[Normal][INERADMS.Controllers.GisMapController.GetEquipmentClasses](System)：資料庫連接字串：Server=192.168.1.22;Port=5432;Database=GISADMS;User Id=postgres;Password=ok;,準備撈設備類別
2021.08.11.07.38.23.704[Normal][INERADMS.Controllers.GisMapController.GetEquipmentClasses](System)：設備類別資訊取得完成
2021.08.11.09.48.00.740[Normal][INERADMS.Controllers.HomeController.LogIn](System)：ineradmin,Hp6uPRWAKR1mVAGezJxf1qfAr0/4Q9QFw+ICg+bqJCA=
2021.08.11.09.48.00.772[Normal][INERADMS.Controllers.HomeController.LogIn](System)：ineradmin登入檢查過關
2021.08.11.09.48.00.943[Normal][INERADMS.Controllers.HomeController.LogIn](System)：目前登入者帳號是：ineradmin,登入紀錄OK
2021.08.11.09.48.01.006[Normal][INERADMS.Controllers.GisMapController.Map](System)：檢查登入者帳號....
2021.08.11.09.48.01.006[Normal][INERADMS.Controllers.GisMapController.Map](System)：目前登入者帳號是：ineradmin
2021.08.11.09.48.03.037[Normal][INERADMS.Controllers.GisMapController.GetEquipmentClasses](System)：資料庫連接字串：Server=192.168.1.22;Port=5432;Database=GISADMS;User Id=postgres;Password=ok;,準備撈設備類別
2021.08.11.09.48.03.069[Normal][INERADMS.Controllers.GisMapController.GetEquipmentClasses](System)：設備類別資訊取得完成
2021.08.11.09.48.05.601[Normal][INERADMS.Controllers.HomeController.LogIn](System)：ineradmin,Hp6uPRWAKR1mVAGezJxf1qfAr0/4Q9QFw+ICg+bqJCA=
2021.08.11.09.48.05.648[Normal][INERADMS.Controllers.HomeController.LogIn](System)：ineradmin登入檢查過關
2021.08.11.09.48.05.757[Normal][INERADMS.Controllers.HomeController.LogIn](System)：目前登入者帳號是：ineradmin,登入紀錄OK
2021.08.11.09.48.05.819[Normal][INERADMS.Controllers.GisMapController.Map](System)：檢查登入者帳號....
2021.08.11.09.48.05.819[Normal][INERADMS.Controllers.GisMapController.Map](System)：目前登入者帳號是：ineradmin
2021.08.11.09.48.08.509[Normal][INERADMS.Controllers.GisMapController.GetEquipmentClasses](System)：資料庫連接字串：Server=192.168.1.22;Port=5432;Database=GISADMS;User Id=postgres;Password=ok;,準備撈設備類別
2021.08.11.09.48.08.524[Normal][INERADMS.Controllers.GisMapController.GetEquipmentClasses](System)：設備類別資訊取得完成
2021.08.11.09.48.17.322[Normal][INERADMS.Controllers.HomeController.LogIn](System)：ineradmin,Hp6uPRWAKR1mVAGezJxf1qfAr0/4Q9QFw+ICg+bqJCA=
2021.08.11.09.48.17.338[Normal][INERADMS.Controllers.HomeController.LogIn](System)：ineradmin登入檢查過關
2021.08.11.09.48.17.463[Normal][INERADMS.Controllers.HomeController.LogIn](System)：目前登入者帳號是：ineradmin,登入紀錄OK
2021.08.11.09.48.17.510[Normal][INERADMS.Controllers.GisMapController.Map](System)：檢查登入者帳號....
2021.08.11.09.48.17.510[Normal][INERADMS.Controllers.GisMapController.Map](System)：目前登入者帳號是：ineradmin
2021.08.11.09.48.18.760[Normal][INERADMS.Controllers.GisMapController.GetEquipmentClasses](System)：資料庫連接字串：Server=192.168.1.22;Port=5432;Database=GISADMS;User Id=postgres;Password=ok;,準備撈設備類別
2021.08.11.09.48.18.791[Normal][INERADMS.Controllers.GisMapController.GetEquipmentClasses](System)：設備類別資訊取得完成
2021.08.11.09.48.26.359[Normal][INERADMS.Controllers.HomeController.LogIn](System)：ineradmin,Hp6uPRWAKR1mVAGezJxf1qfAr0/4Q9QFw+ICg+bqJCA=
2021.08.11.09.48.26.390[Normal][INERADMS.Controllers.HomeController.LogIn](System)：ineradmin登入檢查過關
2021.08.11.09.48.26.437[Normal][INERADMS.Controllers.HomeController.LogIn](System)：目前登入者帳號是：ineradmin,登入紀錄OK
2021.08.11.09.48.26.468[Normal][INERADMS.Controllers.GisMapController.Map](System)：檢查登入者帳號....
2021.08.11.09.48.26.468[Normal][INERADMS.Controllers.GisMapController.Map](System)：目前登入者帳號是：ineradmin
2021.08.11.09.48.27.688[Normal][INERADMS.Controllers.GisMapController.GetEquipmentClasses](System)：資料庫連接字串：Server=192.168.1.22;Port=5432;Database=GISADMS;User Id=postgres;Password=ok;,準備撈設備類別
2021.08.11.09.48.27.703[Normal][INERADMS.Controllers.GisMapController.GetEquipmentClasses](System)：設備類別資訊取得完成
2021.08.11.09.48.29.688[Normal][INERADMS.Controllers.HomeController.LogIn](System)：ineradmin,Hp6uPRWAKR1mVAGezJxf1qfAr0/4Q9QFw+ICg+bqJCA=
2021.08.11.09.48.29.782[Normal][INERADMS.Controllers.HomeController.LogIn](System)：ineradmin登入檢查過關
2021.08.11.09.48.29.969[Normal][INERADMS.Controllers.HomeController.LogIn](System)：目前登入者帳號是：ineradmin,登入紀錄OK
2021.08.11.09.48.30.141[Normal][INERADMS.Controllers.GisMapController.Map](System)：檢查登入者帳號....
2021.08.11.09.48.30.141[Normal][INERADMS.Controllers.GisMapController.Map](System)：目前登入者帳號是：ineradmin
2021.08.11.09.48.32.626[Normal][INERADMS.Controllers.GisMapController.GetEquipmentClasses](System)：資料庫連接字串：Server=192.168.1.22;Port=5432;Database=GISADMS;User Id=postgres;Password=ok;,準備撈設備類別
2021.08.11.09.48.32.641[Normal][INERADMS.Controllers.GisMapController.GetEquipmentClasses](System)：設備類別資訊取得完成
2021.08.11.09.51.32.445[Normal][INERADMS.Controllers.GisMapController.Map](System)：檢查登入者帳號....
2021.08.11.09.51.32.445[Normal][INERADMS.Controllers.GisMapController.Map](System)：目前登入者帳號是：ineradmin
2021.08.11.09.51.34.008[Normal][INERADMS.Controllers.GisMapController.GetEquipmentClasses](System)：資料庫連接字串：Server=192.168.1.22;Port=5432;Database=GISADMS;User Id=postgres;Password=ok;,準備撈設備類別
2021.08.11.09.51.34.023[Normal][INERADMS.Controllers.GisMapController.GetEquipmentClasses](System)：設備類別資訊取得完成
2021.08.11.09.52.29.127[Normal][INERADMS.Controllers.HomeController.LogIn](System)：ineradmin,Hp6uPRWAKR1mVAGezJxf1qfAr0/4Q9QFw+ICg+bqJCA=
2021.08.11.09.52.29.142[Normal][INERADMS.Controllers.HomeController.LogIn](System)：ineradmin登入檢查過關
2021.08.11.09.52.29.205[Normal][INERADMS.Controllers.HomeController.LogIn](System)：目前登入者帳號是：ineradmin,登入紀錄OK
2021.08.11.09.52.29.252[Normal][INERADMS.Controllers.GisMapController.Map](System)：檢查登入者帳號....
2021.08.11.09.52.29.252[Normal][INERADMS.Controllers.GisMapController.Map](System)：目前登入者帳號是：ineradmin
2021.08.11.09.52.30.393[Normal][INERADMS.Controllers.GisMapController.GetEquipmentClasses](System)：資料庫連接字串：Server=192.168.1.22;Port=5432;Database=GISADMS;User Id=postgres;Password=ok;,準備撈設備類別
2021.08.11.09.52.30.409[Normal][INERADMS.Controllers.GisMapController.GetEquipmentClasses](System)：設備類別資訊取得完成
2021.08.11.09.52.55.370[Normal][INERADMS.Controllers.GisMapController.Map](System)：檢查登入者帳號....
2021.08.11.09.52.55.370[Normal][INERADMS.Controllers.GisMapController.Map](System)：目前登入者帳號不存在。
2021.08.11.09.52.56.667[Normal][INERADMS.Controllers.HomeController.LogIn](System)：ineradmin,Hp6uPRWAKR1mVAGezJxf1qfAr0/4Q9QFw+ICg+bqJCA=
2021.08.11.09.52.56.698[Normal][INERADMS.Controllers.HomeController.LogIn](System)：ineradmin登入檢查過關
2021.08.11.09.52.56.761[Normal][INERADMS.Controllers.HomeController.LogIn](System)：目前登入者帳號是：ineradmin,登入紀錄OK
2021.08.11.09.52.56.792[Normal][INERADMS.Controllers.GisMapController.Map](System)：檢查登入者帳號....
2021.08.11.09.52.56.792[Normal][INERADMS.Controllers.GisMapController.Map](System)：目前登入者帳號是：ineradmin
2021.08.11.09.52.58.145[Normal][INERADMS.Controllers.GisMapController.GetEquipmentClasses](System)：資料庫連接字串：Server=192.168.1.22;Port=5432;Database=GISADMS;User Id=postgres;Password=ok;,準備撈設備類別
2021.08.11.09.52.59.427[Normal][INERADMS.Controllers.GisMapController.GetEquipmentClasses](System)：設備類別資訊取得完成
2021.08.11.09.53.00.145[Normal][INERADMS.Controllers.HomeController.LogIn](System)：ineradmin,Hp6uPRWAKR1mVAGezJxf1qfAr0/4Q9QFw+ICg+bqJCA=
2021.08.11.09.53.00.161[Normal][INERADMS.Controllers.HomeController.LogIn](System)：ineradmin登入檢查過關
2021.08.11.09.53.00.192[Normal][INERADMS.Controllers.HomeController.LogIn](System)：目前登入者帳號是：ineradmin,登入紀錄OK
2021.08.11.09.53.00.255[Normal][INERADMS.Controllers.GisMapController.Map](System)：檢查登入者帳號....
2021.08.11.09.53.00.255[Normal][INERADMS.Controllers.GisMapController.Map](System)：目前登入者帳號是：ineradmin
2021.08.11.09.53.01.617[Normal][INERADMS.Controllers.GisMapController.GetEquipmentClasses](System)：資料庫連接字串：Server=192.168.1.22;Port=5432;Database=GISADMS;User Id=postgres;Password=ok;,準備撈設備類別
2021.08.11.09.53.01.632[Normal][INERADMS.Controllers.GisMapController.GetEquipmentClasses](System)：設備類別資訊取得完成
2021.08.11.09.53.31.569[Normal][INERADMS.Controllers.GisMapController.Map](System)：檢查登入者帳號....
2021.08.11.09.53.31.569[Normal][INERADMS.Controllers.GisMapController.Map](System)：目前登入者帳號是：ineradmin
2021.08.11.09.53.32.835[Normal][INERADMS.Controllers.GisMapController.GetEquipmentClasses](System)：資料庫連接字串：Server=192.168.1.22;Port=5432;Database=GISADMS;User Id=postgres;Password=ok;,準備撈設備類別
2021.08.11.09.53.32.850[Normal][INERADMS.Controllers.GisMapController.GetEquipmentClasses](System)：設備類別資訊取得完成
2021.08.11.09.55.42.674[Normal][INERADMS.Controllers.GisMapController.Map](System)：檢查登入者帳號....
2021.08.11.09.55.42.674[Normal][INERADMS.Controllers.GisMapController.Map](System)：目前登入者帳號是：ineradmin
2021.08.11.09.55.43.832[Normal][INERADMS.Controllers.GisMapController.GetEquipmentClasses](System)：資料庫連接字串：Server=192.168.1.22;Port=5432;Database=GISADMS;User Id=postgres;Password=ok;,準備撈設備類別
2021.08.11.09.55.43.863[Normal][INERADMS.Controllers.GisMapController.GetEquipmentClasses](System)：設備類別資訊取得完成
2021.08.11.11.28.34.065[Normal][INERADMS.Controllers.GisMapController.Map](System)：檢查登入者帳號....
2021.08.11.11.28.34.065[Normal][INERADMS.Controllers.GisMapController.Map](System)：目前登入者帳號不存在。
2021.08.11.11.28.42.612[Normal][INERADMS.Controllers.HomeController.LogIn](System)：ineradmin,Hp6uPRWAKR1mVAGezJxf1qfAr0/4Q9QFw+ICg+bqJCA=
2021.08.11.11.28.42.643[Normal][INERADMS.Controllers.HomeController.LogIn](System)：ineradmin登入檢查過關
2021.08.11.11.28.42.753[Normal][INERADMS.Controllers.HomeController.LogIn](System)：目前登入者帳號是：ineradmin,登入紀錄OK
2021.08.11.11.28.42.815[Normal][INERADMS.Controllers.GisMapController.Map](System)：檢查登入者帳號....
2021.08.11.11.28.42.831[Normal][INERADMS.Controllers.GisMapController.Map](System)：目前登入者帳號是：ineradmin
2021.08.11.11.28.49.097[Normal][INERADMS.Controllers.GisMapController.GetEquipmentClasses](System)：資料庫連接字串：Server=192.168.1.22;Port=5432;Database=GISADMS;User Id=postgres;Password=ok;,準備撈設備類別
2021.08.11.11.28.49.128[Normal][INERADMS.Controllers.GisMapController.GetEquipmentClasses](System)：設備類別資訊取得完成
2021.08.11.11.28.57.191[Normal][INERADMS.Controllers.HomeController.LogIn](System)：ineradmin,Hp6uPRWAKR1mVAGezJxf1qfAr0/4Q9QFw+ICg+bqJCA=
2021.08.11.11.28.57.207[Normal][INERADMS.Controllers.HomeController.LogIn](System)：ineradmin登入檢查過關
2021.08.11.11.28.57.332[Normal][INERADMS.Controllers.HomeController.LogIn](System)：目前登入者帳號是：ineradmin,登入紀錄OK
2021.08.11.11.28.57.347[Normal][INERADMS.Controllers.GisMapController.Map](System)：檢查登入者帳號....
2021.08.11.11.28.57.347[Normal][INERADMS.Controllers.GisMapController.Map](System)：目前登入者帳號是：ineradmin
2021.08.11.11.28.57.910[Normal][INERADMS.Controllers.GisMapController.GetEquipmentClasses](System)：資料庫連接字串：Server=192.168.1.22;Port=5432;Database=GISADMS;User Id=postgres;Password=ok;,準備撈設備類別
2021.08.11.11.28.57.925[Normal][INERADMS.Controllers.GisMapController.GetEquipmentClasses](System)：設備類別資訊取得完成
2021.08.11.11.31.16.227[Normal][INERADMS.Controllers.GisMapController.Map](System)：檢查登入者帳號....
2021.08.11.11.31.16.227[Normal][INERADMS.Controllers.GisMapController.Map](System)：目前登入者帳號不存在。
2021.08.11.11.31.30.227[Normal][INERADMS.Controllers.HomeController.LogIn](System)：ineradmin,Hp6uPRWAKR1mVAGezJxf1qfAr0/4Q9QFw+ICg+bqJCA=
2021.08.11.11.31.30.243[Normal][INERADMS.Controllers.HomeController.LogIn](System)：ineradmin登入檢查過關
2021.08.11.11.31.30.399[Normal][INERADMS.Controllers.HomeController.LogIn](System)：目前登入者帳號是：ineradmin,登入紀錄OK
2021.08.11.11.31.30.430[Normal][INERADMS.Controllers.GisMapController.Map](System)：檢查登入者帳號....
2021.08.11.11.31.30.430[Normal][INERADMS.Controllers.GisMapController.Map](System)：目前登入者帳號是：ineradmin
2021.08.11.11.31.31.915[Normal][INERADMS.Controllers.GisMapController.GetEquipmentClasses](System)：資料庫連接字串：Server=192.168.1.22;Port=5432;Database=GISADMS;User Id=postgres;Password=ok;,準備撈設備類別
2021.08.11.11.31.31.946[Normal][INERADMS.Controllers.GisMapController.GetEquipmentClasses](System)：設備類別資訊取得完成
2021.08.11.11.33.33.796[Normal][INERADMS.Controllers.GisMapController.Map](System)：檢查登入者帳號....
2021.08.11.11.33.33.796[Normal][INERADMS.Controllers.GisMapController.Map](System)：目前登入者帳號是：ineradmin
2021.08.11.11.33.34.968[Normal][INERADMS.Controllers.GisMapController.GetEquipmentClasses](System)：資料庫連接字串：Server=192.168.1.22;Port=5432;Database=GISADMS;User Id=postgres;Password=ok;,準備撈設備類別
2021.08.11.11.33.34.984[Normal][INERADMS.Controllers.GisMapController.GetEquipmentClasses](System)：設備類別資訊取得完成
2021.08.11.11.43.56.373[Normal][INERADMS.Controllers.GisMapController.GetInfoWindowData](System)：資料庫連接字串：Server=192.168.1.22;Port=5432;Database=GISADMS;User Id=postgres;Password=ok;,傳入TID=114,OID=5000648
2021.08.11.11.43.56.420[Normal][EquipmentInfo.GetEquipmentInfo](System)：設備FSC:114,設備OID:5000648,EquipmentInfo.GetEquipmentInfo函數啟動
2021.08.11.11.43.56.451[Normal][EquipmentInfo.GetEquipmentInfo](System)：設備FSC:114,設備OID:5000648,設備類別碼有效性檢查PASSED
2021.08.11.11.43.56.498[Normal][EquipmentInfo.GetEquipmentInfo](System)：設備FSC:114,設備OID:5000648,抓到座標值是TWD67座標下X=181101,y=2612323
2021.08.11.11.43.56.498[Normal][INERADMS.Models.EquipmentInfo.GetEquipmentInfo](System)：設備FSC:114,設備OID:5000648,原無饋線編號,抓饋線編號先抓到FDR1值為63
2021.08.11.11.43.56.529[Normal][INERADMS.Models.EquipmentInfo.GetEquipmentInfo](System)：傳入FDR=63,得到饋線編號為XF28
2021.08.11.11.43.56.529[Normal][INERADMS.Models.EquipmentInfo.GetEquipmentInfo](System)：傳入TID=114,得到表格名稱=switch
2021.08.11.11.43.56.560[Normal][INERADMS.Models.EquipmentInfo.GetEquipmentInfo](System)：設備FSC:114,設備OID:5000648,表格名稱=switch,基本設備資訊查詢完成
2021.08.11.11.43.56.576[Normal][INERADMS.Models.EquipmentInfo.GetEquipmentInfo](System)：表格名稱=switch,欄位名稱翻譯資訊查詢完成
2021.08.11.11.43.56.607[Normal][INERADMS.Models.EquipmentInfo.GetEquipmentInfo](System)：傳入擁有者TID=407,得到表格名稱=pole
2021.08.11.11.43.56.654[Normal][INERADMS.Models.EquipmentInfo.GetEquipmentInfo](System)：表格名稱=pole,欄位名稱翻譯資訊查詢完成,共14筆
2021.08.11.11.43.57.873[Normal][EquipmentInfo.GetRealtimeData](System)：台電圖號座標:K1324HD02,第一段SQL END
2021.08.11.11.43.57.920[Error][INERADMS.Controllers.GisMapController.GetInfoWindowData](System)：Table 'ul_fdcc.configai' doesn't exist[StackTrace]   於 INERADMS.Models.EquipmentInfo.GetRealtimeData(String TaipowerCoordinate, PostgreSqlAccess& PSA) 於 D:\Jimmy\project\核研所專案G\INERADMS\Models\EquipmentInfo.cs: 行 361
   於 INERADMS.Models.EquipmentInfo.GetEquipmentInfo(Int32 EquipmentClassCode, Int32 EquipmentID, String FeederID, PostgreSqlAccess& PSA) 於 D:\Jimmy\project\核研所專案G\INERADMS\Models\EquipmentInfo.cs: 行 154
   於 INERADMS.Controllers.GisMapController.GetEquipmentInfo(Int32 TID, Int32 OID, PostgreSqlAccess& PSA, String FeederID) 於 D:\Jimmy\project\核研所專案G\INERADMS\Controllers\GisMapController.cs: 行 788
   於 INERADMS.Controllers.GisMapController.GetInfoWindowData(Int32 TID, Int32 OID) 於 D:\Jimmy\project\核研所專案G\INERADMS\Controllers\GisMapController.cs: 行 410
2021.08.11.11.44.04.408[Normal][INERADMS.Controllers.GisMapController.GetInfoWindowData](System)：資料庫連接字串：Server=192.168.1.22;Port=5432;Database=GISADMS;User Id=postgres;Password=ok;,傳入TID=114,OID=5695250
2021.08.11.11.44.04.408[Normal][EquipmentInfo.GetEquipmentInfo](System)：設備FSC:114,設備OID:5695250,EquipmentInfo.GetEquipmentInfo函數啟動
2021.08.11.11.44.04.423[Normal][EquipmentInfo.GetEquipmentInfo](System)：設備FSC:114,設備OID:5695250,設備類別碼有效性檢查PASSED
2021.08.11.11.44.04.454[Normal][EquipmentInfo.GetEquipmentInfo](System)：設備FSC:114,設備OID:5695250,抓到座標值是TWD67座標下X=205949,y=2611476
2021.08.11.11.44.04.454[Normal][INERADMS.Models.EquipmentInfo.GetEquipmentInfo](System)：設備FSC:114,設備OID:5695250,原無饋線編號,抓饋線編號先抓到FDR1值為9
2021.08.11.11.44.04.470[Normal][INERADMS.Models.EquipmentInfo.GetEquipmentInfo](System)：傳入FDR=9,得到饋線編號為XA29
2021.08.11.11.44.04.470[Normal][INERADMS.Models.EquipmentInfo.GetEquipmentInfo](System)：傳入TID=114,得到表格名稱=switch
2021.08.11.11.44.04.501[Normal][INERADMS.Models.EquipmentInfo.GetEquipmentInfo](System)：設備FSC:114,設備OID:5695250,表格名稱=switch,基本設備資訊查詢完成
2021.08.11.11.44.04.517[Normal][INERADMS.Models.EquipmentInfo.GetEquipmentInfo](System)：表格名稱=switch,欄位名稱翻譯資訊查詢完成
2021.08.11.11.44.04.533[Normal][INERADMS.Models.EquipmentInfo.GetEquipmentInfo](System)：傳入擁有者TID=407,得到表格名稱=pole
2021.08.11.11.44.04.595[Normal][INERADMS.Models.EquipmentInfo.GetEquipmentInfo](System)：表格名稱=pole,欄位名稱翻譯資訊查詢完成,共14筆
2021.08.11.11.44.04.611[Normal][EquipmentInfo.GetRealtimeData](System)：台電圖號座標:K4422HE47,第一段SQL END
2021.08.11.11.44.04.611[Error][INERADMS.Controllers.GisMapController.GetInfoWindowData](System)：Table 'ul_fdcc.configai' doesn't exist[StackTrace]   於 INERADMS.Models.EquipmentInfo.GetRealtimeData(String TaipowerCoordinate, PostgreSqlAccess& PSA) 於 D:\Jimmy\project\核研所專案G\INERADMS\Models\EquipmentInfo.cs: 行 361
   於 INERADMS.Models.EquipmentInfo.GetEquipmentInfo(Int32 EquipmentClassCode, Int32 EquipmentID, String FeederID, PostgreSqlAccess& PSA) 於 D:\Jimmy\project\核研所專案G\INERADMS\Models\EquipmentInfo.cs: 行 154
   於 INERADMS.Controllers.GisMapController.GetEquipmentInfo(Int32 TID, Int32 OID, PostgreSqlAccess& PSA, String FeederID) 於 D:\Jimmy\project\核研所專案G\INERADMS\Controllers\GisMapController.cs: 行 788
   於 INERADMS.Controllers.GisMapController.GetInfoWindowData(Int32 TID, Int32 OID) 於 D:\Jimmy\project\核研所專案G\INERADMS\Controllers\GisMapController.cs: 行 410
2021.08.11.11.44.08.127[Normal][INERADMS.Controllers.GisMapController.GetInfoWindowData](System)：資料庫連接字串：Server=192.168.1.22;Port=5432;Database=GISADMS;User Id=postgres;Password=ok;,傳入TID=114,OID=5704297
2021.08.11.11.44.08.127[Normal][EquipmentInfo.GetEquipmentInfo](System)：設備FSC:114,設備OID:5704297,EquipmentInfo.GetEquipmentInfo函數啟動
2021.08.11.11.44.08.142[Normal][EquipmentInfo.GetEquipmentInfo](System)：設備FSC:114,設備OID:5704297,設備類別碼有效性檢查PASSED
2021.08.11.11.44.08.189[Normal][EquipmentInfo.GetEquipmentInfo](System)：設備FSC:114,設備OID:5704297,抓到座標值是TWD67座標下X=219671,y=2607980
2021.08.11.11.44.08.189[Normal][INERADMS.Models.EquipmentInfo.GetEquipmentInfo](System)：設備FSC:114,設備OID:5704297,原無饋線編號,抓饋線編號先抓到FDR1值為9
2021.08.11.11.44.08.205[Normal][INERADMS.Models.EquipmentInfo.GetEquipmentInfo](System)：傳入FDR=9,得到饋線編號為XA29
2021.08.11.11.44.08.205[Normal][INERADMS.Models.EquipmentInfo.GetEquipmentInfo](System)：傳入TID=114,得到表格名稱=switch
2021.08.11.11.44.08.236[Normal][INERADMS.Models.EquipmentInfo.GetEquipmentInfo](System)：設備FSC:114,設備OID:5704297,表格名稱=switch,基本設備資訊查詢完成
2021.08.11.11.44.08.252[Normal][INERADMS.Models.EquipmentInfo.GetEquipmentInfo](System)：表格名稱=switch,欄位名稱翻譯資訊查詢完成
2021.08.11.11.44.08.267[Normal][INERADMS.Models.EquipmentInfo.GetEquipmentInfo](System)：傳入擁有者TID=407,得到表格名稱=pole
2021.08.11.11.44.08.314[Normal][INERADMS.Models.EquipmentInfo.GetEquipmentInfo](System)：表格名稱=pole,欄位名稱翻譯資訊查詢完成,共14筆
2021.08.11.11.44.08.314[Normal][EquipmentInfo.GetRealtimeData](System)：台電圖號座標:K6215AE67,第一段SQL END
2021.08.11.11.44.08.314[Error][INERADMS.Controllers.GisMapController.GetInfoWindowData](System)：Table 'ul_fdcc.configai' doesn't exist[StackTrace]   於 INERADMS.Models.EquipmentInfo.GetRealtimeData(String TaipowerCoordinate, PostgreSqlAccess& PSA) 於 D:\Jimmy\project\核研所專案G\INERADMS\Models\EquipmentInfo.cs: 行 361
   於 INERADMS.Models.EquipmentInfo.GetEquipmentInfo(Int32 EquipmentClassCode, Int32 EquipmentID, String FeederID, PostgreSqlAccess& PSA) 於 D:\Jimmy\project\核研所專案G\INERADMS\Models\EquipmentInfo.cs: 行 154
   於 INERADMS.Controllers.GisMapController.GetEquipmentInfo(Int32 TID, Int32 OID, PostgreSqlAccess& PSA, String FeederID) 於 D:\Jimmy\project\核研所專案G\INERADMS\Controllers\GisMapController.cs: 行 788
   於 INERADMS.Controllers.GisMapController.GetInfoWindowData(Int32 TID, Int32 OID) 於 D:\Jimmy\project\核研所專案G\INERADMS\Controllers\GisMapController.cs: 行 410
2021.08.11.11.44.20.115[Normal][INERADMS.Controllers.GisMapController.GetInfoWindowData](System)：資料庫連接字串：Server=192.168.1.22;Port=5432;Database=GISADMS;User Id=postgres;Password=ok;,傳入TID=114,OID=10289573
2021.08.11.11.44.20.115[Normal][EquipmentInfo.GetEquipmentInfo](System)：設備FSC:114,設備OID:10289573,EquipmentInfo.GetEquipmentInfo函數啟動
2021.08.11.11.44.20.131[Normal][EquipmentInfo.GetEquipmentInfo](System)：設備FSC:114,設備OID:10289573,設備類別碼有效性檢查PASSED
2021.08.11.11.44.20.162[Normal][EquipmentInfo.GetEquipmentInfo](System)：設備FSC:114,設備OID:10289573,抓到座標值是TWD67座標下X=179638,y=2613604
2021.08.11.11.44.20.162[Normal][INERADMS.Models.EquipmentInfo.GetEquipmentInfo](System)：設備FSC:114,設備OID:10289573,原無饋線編號,抓饋線編號先抓到FDR1值為63
2021.08.11.11.44.20.178[Normal][INERADMS.Models.EquipmentInfo.GetEquipmentInfo](System)：傳入FDR=63,得到饋線編號為XF28
2021.08.11.11.44.20.178[Normal][INERADMS.Models.EquipmentInfo.GetEquipmentInfo](System)：傳入TID=114,得到表格名稱=switch
2021.08.11.11.44.20.193[Normal][INERADMS.Models.EquipmentInfo.GetEquipmentInfo](System)：設備FSC:114,設備OID:10289573,表格名稱=switch,基本設備資訊查詢完成
2021.08.11.11.44.20.225[Normal][INERADMS.Models.EquipmentInfo.GetEquipmentInfo](System)：表格名稱=switch,欄位名稱翻譯資訊查詢完成
2021.08.11.11.44.20.240[Normal][INERADMS.Models.EquipmentInfo.GetEquipmentInfo](System)：傳入擁有者TID=407,得到表格名稱=pole
2021.08.11.11.44.20.287[Normal][INERADMS.Models.EquipmentInfo.GetEquipmentInfo](System)：表格名稱=pole,欄位名稱翻譯資訊查詢完成,共14筆
2021.08.11.11.44.20.287[Normal][EquipmentInfo.GetRealtimeData](System)：台電圖號座標:K1227AB30,第一段SQL END
2021.08.11.11.44.20.303[Error][INERADMS.Controllers.GisMapController.GetInfoWindowData](System)：Table 'ul_fdcc.configai' doesn't exist[StackTrace]   於 INERADMS.Models.EquipmentInfo.GetRealtimeData(String TaipowerCoordinate, PostgreSqlAccess& PSA) 於 D:\Jimmy\project\核研所專案G\INERADMS\Models\EquipmentInfo.cs: 行 361
   於 INERADMS.Models.EquipmentInfo.GetEquipmentInfo(Int32 EquipmentClassCode, Int32 EquipmentID, String FeederID, PostgreSqlAccess& PSA) 於 D:\Jimmy\project\核研所專案G\INERADMS\Models\EquipmentInfo.cs: 行 154
   於 INERADMS.Controllers.GisMapController.GetEquipmentInfo(Int32 TID, Int32 OID, PostgreSqlAccess& PSA, String FeederID) 於 D:\Jimmy\project\核研所專案G\INERADMS\Controllers\GisMapController.cs: 行 788
   於 INERADMS.Controllers.GisMapController.GetInfoWindowData(Int32 TID, Int32 OID) 於 D:\Jimmy\project\核研所專案G\INERADMS\Controllers\GisMapController.cs: 行 410
2021.08.11.11.44.23.304[Normal][INERADMS.Controllers.GisMapController.Map](System)：檢查登入者帳號....
2021.08.11.11.44.23.304[Normal][INERADMS.Controllers.GisMapController.Map](System)：目前登入者帳號不存在。
2021.08.11.11.44.37.923[Normal][INERADMS.Controllers.HomeController.LogIn](System)：ineradmin,Hp6uPRWAKR1mVAGezJxf1qfAr0/4Q9QFw+ICg+bqJCA=
2021.08.11.11.44.37.939[Normal][INERADMS.Controllers.HomeController.LogIn](System)：ineradmin登入檢查過關
2021.08.11.11.44.38.048[Normal][INERADMS.Controllers.HomeController.LogIn](System)：目前登入者帳號是：ineradmin,登入紀錄OK
2021.08.11.11.44.38.095[Normal][INERADMS.Controllers.GisMapController.Map](System)：檢查登入者帳號....
2021.08.11.11.44.38.111[Normal][INERADMS.Controllers.GisMapController.Map](System)：目前登入者帳號是：ineradmin
2021.08.11.11.44.38.720[Normal][INERADMS.Controllers.GisMapController.GetEquipmentClasses](System)：資料庫連接字串：Server=192.168.1.22;Port=5432;Database=GISADMS;User Id=postgres;Password=ok;,準備撈設備類別
2021.08.11.11.44.38.736[Normal][INERADMS.Controllers.GisMapController.GetEquipmentClasses](System)：設備類別資訊取得完成
2021.08.11.11.45.32.437[Normal][INERADMS.Controllers.GisMapController.GetInfoWindowData](System)：資料庫連接字串：Server=192.168.1.22;Port=5432;Database=GISADMS;User Id=postgres;Password=ok;,傳入TID=407,OID=241851
2021.08.11.11.45.32.453[Normal][EquipmentInfo.GetEquipmentInfo](System)：設備FSC:407,設備OID:241851,EquipmentInfo.GetEquipmentInfo函數啟動
2021.08.11.11.45.32.484[Normal][EquipmentInfo.GetEquipmentInfo](System)：設備FSC:407,設備OID:241851,設備類別碼有效性檢查PASSED
2021.08.11.11.45.32.500[Normal][INERADMS.Models.EquipmentInfo.GetEquipmentInfo](System)：傳入TID=407,得到表格名稱=pole
2021.08.11.11.45.32.547[Normal][INERADMS.Models.EquipmentInfo.GetEquipmentInfo](System)：設備FSC:407,設備OID:241851,表格名稱=pole,基本設備資訊查詢完成
2021.08.11.11.45.32.578[Normal][INERADMS.Models.EquipmentInfo.GetEquipmentInfo](System)：表格名稱=pole,欄位名稱翻譯資訊查詢完成
2021.08.11.11.45.32.578[Normal][INERADMS.Models.EquipmentInfo.GetEquipmentInfo](System)：開始轉換基本設備資訊的欄位名稱......
2021.08.11.11.45.32.672[Normal][INERADMS.Models.EquipmentInfo.GetEquipmentInfo](System)：轉換基本設備資訊的欄位名稱完畢。
2021.08.11.11.45.54.428[Normal][INERADMS.Controllers.GisMapController.GetInfoWindowData](System)：資料庫連接字串：Server=192.168.1.22;Port=5432;Database=GISADMS;User Id=postgres;Password=ok;,傳入TID=115,OID=240388
2021.08.11.11.45.54.443[Normal][EquipmentInfo.GetEquipmentInfo](System)：設備FSC:115,設備OID:240388,EquipmentInfo.GetEquipmentInfo函數啟動
2021.08.11.11.45.54.459[Normal][EquipmentInfo.GetEquipmentInfo](System)：設備FSC:115,設備OID:240388,設備類別碼有效性檢查PASSED
2021.08.11.11.45.54.490[Normal][EquipmentInfo.GetEquipmentInfo](System)：設備FSC:115,設備OID:240388,抓到座標值是TWD67座標下X=203274,y=2613607
2021.08.11.11.45.54.490[Normal][INERADMS.Models.EquipmentInfo.GetEquipmentInfo](System)：設備FSC:115,設備OID:240388,原無饋線編號,抓饋線編號先抓到FDR1值為9
2021.08.11.11.45.54.506[Normal][INERADMS.Models.EquipmentInfo.GetEquipmentInfo](System)：傳入FDR=9,得到饋線編號為XA29
2021.08.11.11.45.54.506[Normal][INERADMS.Models.EquipmentInfo.GetEquipmentInfo](System)：傳入TID=115,得到表格名稱=sxfmr
2021.08.11.11.45.54.522[Normal][INERADMS.Models.EquipmentInfo.GetEquipmentInfo](System)：設備FSC:115,設備OID:240388,表格名稱=sxfmr,基本設備資訊查詢完成
2021.08.11.11.45.54.553[Normal][INERADMS.Models.EquipmentInfo.GetEquipmentInfo](System)：表格名稱=sxfmr,欄位名稱翻譯資訊查詢完成
2021.08.11.11.45.54.568[Normal][INERADMS.Models.EquipmentInfo.GetEquipmentInfo](System)：傳入擁有者TID=407,得到表格名稱=pole
2021.08.11.11.45.54.615[Normal][INERADMS.Models.EquipmentInfo.GetEquipmentInfo](System)：表格名稱=pole,欄位名稱翻譯資訊查詢完成,共14筆
2021.08.11.11.45.55.225[Normal][EquipmentInfo.GetRealtimeData](System)：台電圖號座標:K4127EB60,第一段SQL END
2021.08.11.11.45.55.225[Normal][INERADMS.Models.EquipmentInfo.GetEquipmentInfo](System)：開始轉換基本設備資訊的欄位名稱......
2021.08.11.11.45.55.225[Normal][INERADMS.Models.EquipmentInfo.GetEquipmentInfo](System)：轉換基本設備資訊的欄位名稱完畢。
2021.08.11.11.45.55.240[Normal][INERADMS.Models.EquipmentInfo.GetEquipmentInfo](System)：開始轉換擁有者設備資訊的欄位名稱......
2021.08.11.11.45.55.240[Normal][INERADMS.Models.EquipmentInfo.GetEquipmentInfo](System)：欄位名稱：ufid,對應中文名稱：設備流水號
2021.08.11.11.45.55.240[Normal][INERADMS.Models.EquipmentInfo.GetEquipmentInfo](System)：欄位名稱：poletype,對應中文名稱：設備型式
2021.08.11.11.45.55.240[Normal][INERADMS.Models.EquipmentInfo.GetEquipmentInfo](System)：欄位名稱：tpclid,對應中文名稱：圖號座標
2021.08.11.11.45.55.240[Normal][INERADMS.Models.EquipmentInfo.GetEquipmentInfo](System)：欄位名稱：addr,對應中文名稱：電桿的地址或桿號
2021.08.11.11.45.55.240[Normal][INERADMS.Models.EquipmentInfo.GetEquipmentInfo](System)：欄位名稱：childufid1,對應中文名稱：導線代號 1
2021.08.11.11.45.55.240[Normal][INERADMS.Models.EquipmentInfo.GetEquipmentInfo](System)：欄位名稱：childufid2,對應中文名稱：導線代號 2
2021.08.11.11.45.55.240[Normal][INERADMS.Models.EquipmentInfo.GetEquipmentInfo](System)：欄位名稱：childufid3,對應中文名稱：導線代號 3
2021.08.11.11.45.55.240[Normal][INERADMS.Models.EquipmentInfo.GetEquipmentInfo](System)：欄位名稱：childufid4,對應中文名稱：導線代號 4
2021.08.11.11.45.55.240[Normal][INERADMS.Models.EquipmentInfo.GetEquipmentInfo](System)：欄位名稱：polenum,對應中文名稱：桿號
2021.08.11.11.45.55.240[Normal][INERADMS.Models.EquipmentInfo.GetEquipmentInfo](System)：欄位名稱：polelen,對應中文名稱：長度
2021.08.11.11.45.55.240[Normal][INERADMS.Models.EquipmentInfo.GetEquipmentInfo](System)：欄位名稱：x,對應中文名稱：X 座標
2021.08.11.11.45.55.240[Normal][INERADMS.Models.EquipmentInfo.GetEquipmentInfo](System)：欄位名稱：y,對應中文名稱：Y 座標
2021.08.11.11.45.55.240[Normal][INERADMS.Models.EquipmentInfo.GetEquipmentInfo](System)：欄位名稱：vlevel,對應中文名稱：電壓別
2021.08.11.11.45.55.240[Normal][INERADMS.Models.EquipmentInfo.GetEquipmentInfo](System)：欄位名稱：cabtype,對應中文名稱：主/副饋線別
2021.08.11.11.45.55.240[Normal][INERADMS.Models.EquipmentInfo.GetEquipmentInfo](System)：轉換擁有者設備資訊的欄位名稱完畢。
2021.08.11.11.46.17.212[Normal][INERADMS.Controllers.GisMapController.GetInfoWindowData](System)：資料庫連接字串：Server=192.168.1.22;Port=5432;Database=GISADMS;User Id=postgres;Password=ok;,傳入TID=115,OID=10170547
2021.08.11.11.46.17.212[Normal][EquipmentInfo.GetEquipmentInfo](System)：設備FSC:115,設備OID:10170547,EquipmentInfo.GetEquipmentInfo函數啟動
2021.08.11.11.46.17.243[Normal][EquipmentInfo.GetEquipmentInfo](System)：設備FSC:115,設備OID:10170547,設備類別碼有效性檢查PASSED
2021.08.11.11.46.17.259[Normal][EquipmentInfo.GetEquipmentInfo](System)：設備FSC:115,設備OID:10170547,抓到座標值是TWD67座標下X=203234,y=2613638
2021.08.11.11.46.17.259[Normal][INERADMS.Models.EquipmentInfo.GetEquipmentInfo](System)：設備FSC:115,設備OID:10170547,原無饋線編號,抓饋線編號先抓到FDR1值為9
2021.08.11.11.46.17.274[Normal][INERADMS.Models.EquipmentInfo.GetEquipmentInfo](System)：傳入FDR=9,得到饋線編號為XA29
2021.08.11.11.46.17.274[Normal][INERADMS.Models.EquipmentInfo.GetEquipmentInfo](System)：傳入TID=115,得到表格名稱=sxfmr
2021.08.11.11.46.17.306[Normal][INERADMS.Models.EquipmentInfo.GetEquipmentInfo](System)：設備FSC:115,設備OID:10170547,表格名稱=sxfmr,基本設備資訊查詢完成
2021.08.11.11.46.17.321[Normal][INERADMS.Models.EquipmentInfo.GetEquipmentInfo](System)：表格名稱=sxfmr,欄位名稱翻譯資訊查詢完成
2021.08.11.11.46.17.337[Normal][INERADMS.Models.EquipmentInfo.GetEquipmentInfo](System)：傳入擁有者TID=407,得到表格名稱=pole
2021.08.11.11.46.17.368[Normal][INERADMS.Models.EquipmentInfo.GetEquipmentInfo](System)：表格名稱=pole,欄位名稱翻譯資訊查詢完成,共14筆
2021.08.11.11.46.17.384[Normal][EquipmentInfo.GetRealtimeData](System)：台電圖號座標:K4127EB43,第一段SQL END
2021.08.11.11.46.17.384[Normal][INERADMS.Models.EquipmentInfo.GetEquipmentInfo](System)：開始轉換基本設備資訊的欄位名稱......
2021.08.11.11.46.17.384[Normal][INERADMS.Models.EquipmentInfo.GetEquipmentInfo](System)：轉換基本設備資訊的欄位名稱完畢。
2021.08.11.11.46.17.384[Normal][INERADMS.Models.EquipmentInfo.GetEquipmentInfo](System)：開始轉換擁有者設備資訊的欄位名稱......
2021.08.11.11.46.17.384[Normal][INERADMS.Models.EquipmentInfo.GetEquipmentInfo](System)：欄位名稱：ufid,對應中文名稱：設備流水號
2021.08.11.11.46.17.384[Normal][INERADMS.Models.EquipmentInfo.GetEquipmentInfo](System)：欄位名稱：poletype,對應中文名稱：設備型式
2021.08.11.11.46.17.399[Normal][INERADMS.Models.EquipmentInfo.GetEquipmentInfo](System)：欄位名稱：tpclid,對應中文名稱：圖號座標
2021.08.11.11.46.17.399[Normal][INERADMS.Models.EquipmentInfo.GetEquipmentInfo](System)：欄位名稱：addr,對應中文名稱：電桿的地址或桿號
2021.08.11.11.46.17.399[Normal][INERADMS.Models.EquipmentInfo.GetEquipmentInfo](System)：欄位名稱：childufid1,對應中文名稱：導線代號 1
2021.08.11.11.46.17.399[Normal][INERADMS.Models.EquipmentInfo.GetEquipmentInfo](System)：欄位名稱：childufid2,對應中文名稱：導線代號 2
2021.08.11.11.46.17.399[Normal][INERADMS.Models.EquipmentInfo.GetEquipmentInfo](System)：欄位名稱：childufid3,對應中文名稱：導線代號 3
2021.08.11.11.46.17.399[Normal][INERADMS.Models.EquipmentInfo.GetEquipmentInfo](System)：欄位名稱：childufid4,對應中文名稱：導線代號 4
2021.08.11.11.46.17.399[Normal][INERADMS.Models.EquipmentInfo.GetEquipmentInfo](System)：欄位名稱：polenum,對應中文名稱：桿號
2021.08.11.11.46.17.399[Normal][INERADMS.Models.EquipmentInfo.GetEquipmentInfo](System)：欄位名稱：polelen,對應中文名稱：長度
2021.08.11.11.46.17.399[Normal][INERADMS.Models.EquipmentInfo.GetEquipmentInfo](System)：欄位名稱：x,對應中文名稱：X 座標
2021.08.11.11.46.17.399[Normal][INERADMS.Models.EquipmentInfo.GetEquipmentInfo](System)：欄位名稱：y,對應中文名稱：Y 座標
2021.08.11.11.46.17.399[Normal][INERADMS.Models.EquipmentInfo.GetEquipmentInfo](System)：欄位名稱：vlevel,對應中文名稱：電壓別
2021.08.11.11.46.17.399[Normal][INERADMS.Models.EquipmentInfo.GetEquipmentInfo](System)：欄位名稱：cabtype,對應中文名稱：主/副饋線別
2021.08.11.11.46.17.399[Normal][INERADMS.Models.EquipmentInfo.GetEquipmentInfo](System)：轉換擁有者設備資訊的欄位名稱完畢。
2021.08.11.11.46.33.699[Normal][INERADMS.Controllers.GisMapController.GetInfoWindowData](System)：資料庫連接字串：Server=192.168.1.22;Port=5432;Database=GISADMS;User Id=postgres;Password=ok;,傳入TID=114,OID=10354914
2021.08.11.11.46.33.699[Normal][EquipmentInfo.GetEquipmentInfo](System)：設備FSC:114,設備OID:10354914,EquipmentInfo.GetEquipmentInfo函數啟動
2021.08.11.11.46.33.730[Normal][EquipmentInfo.GetEquipmentInfo](System)：設備FSC:114,設備OID:10354914,設備類別碼有效性檢查PASSED
2021.08.11.11.46.33.746[Normal][EquipmentInfo.GetEquipmentInfo](System)：設備FSC:114,設備OID:10354914,抓到座標值是TWD67座標下X=203247,y=2613650
2021.08.11.11.46.33.746[Normal][INERADMS.Models.EquipmentInfo.GetEquipmentInfo](System)：設備FSC:114,設備OID:10354914,原無饋線編號,抓饋線編號先抓到FDR1值為9
2021.08.11.11.46.33.777[Normal][INERADMS.Models.EquipmentInfo.GetEquipmentInfo](System)：傳入FDR=9,得到饋線編號為XA29
2021.08.11.11.46.33.777[Normal][INERADMS.Models.EquipmentInfo.GetEquipmentInfo](System)：傳入TID=114,得到表格名稱=switch
2021.08.11.11.46.33.793[Normal][INERADMS.Models.EquipmentInfo.GetEquipmentInfo](System)：設備FSC:114,設備OID:10354914,表格名稱=switch,基本設備資訊查詢完成
2021.08.11.11.46.33.808[Normal][INERADMS.Models.EquipmentInfo.GetEquipmentInfo](System)：表格名稱=switch,欄位名稱翻譯資訊查詢完成
2021.08.11.11.46.33.824[Normal][INERADMS.Models.EquipmentInfo.GetEquipmentInfo](System)：傳入擁有者TID=407,得到表格名稱=pole
2021.08.11.11.46.33.871[Normal][INERADMS.Models.EquipmentInfo.GetEquipmentInfo](System)：表格名稱=pole,欄位名稱翻譯資訊查詢完成,共14筆
2021.08.11.11.46.33.871[Normal][EquipmentInfo.GetRealtimeData](System)：台電圖號座標:K4127EB55,第一段SQL END
2021.08.11.11.46.33.871[Normal][INERADMS.Models.EquipmentInfo.GetEquipmentInfo](System)：開始轉換基本設備資訊的欄位名稱......
2021.08.11.11.46.33.871[Normal][INERADMS.Models.EquipmentInfo.GetEquipmentInfo](System)：轉換基本設備資訊的欄位名稱完畢。
2021.08.11.11.46.33.871[Normal][INERADMS.Models.EquipmentInfo.GetEquipmentInfo](System)：開始轉換擁有者設備資訊的欄位名稱......
2021.08.11.11.46.33.871[Normal][INERADMS.Models.EquipmentInfo.GetEquipmentInfo](System)：欄位名稱：ufid,對應中文名稱：設備流水號
2021.08.11.11.46.33.871[Normal][INERADMS.Models.EquipmentInfo.GetEquipmentInfo](System)：欄位名稱：poletype,對應中文名稱：設備型式
2021.08.11.11.46.33.871[Normal][INERADMS.Models.EquipmentInfo.GetEquipmentInfo](System)：欄位名稱：tpclid,對應中文名稱：圖號座標
2021.08.11.11.46.33.871[Normal][INERADMS.Models.EquipmentInfo.GetEquipmentInfo](System)：欄位名稱：addr,對應中文名稱：電桿的地址或桿號
2021.08.11.11.46.33.871[Normal][INERADMS.Models.EquipmentInfo.GetEquipmentInfo](System)：欄位名稱：childufid1,對應中文名稱：導線代號 1
2021.08.11.11.46.33.871[Normal][INERADMS.Models.EquipmentInfo.GetEquipmentInfo](System)：欄位名稱：childufid2,對應中文名稱：導線代號 2
2021.08.11.11.46.33.871[Normal][INERADMS.Models.EquipmentInfo.GetEquipmentInfo](System)：欄位名稱：childufid3,對應中文名稱：導線代號 3
2021.08.11.11.46.33.871[Normal][INERADMS.Models.EquipmentInfo.GetEquipmentInfo](System)：欄位名稱：childufid4,對應中文名稱：導線代號 4
2021.08.11.11.46.33.887[Normal][INERADMS.Models.EquipmentInfo.GetEquipmentInfo](System)：欄位名稱：polenum,對應中文名稱：桿號
2021.08.11.11.46.33.887[Normal][INERADMS.Models.EquipmentInfo.GetEquipmentInfo](System)：欄位名稱：polelen,對應中文名稱：長度
2021.08.11.11.46.33.887[Normal][INERADMS.Models.EquipmentInfo.GetEquipmentInfo](System)：欄位名稱：x,對應中文名稱：X 座標
2021.08.11.11.46.33.887[Normal][INERADMS.Models.EquipmentInfo.GetEquipmentInfo](System)：欄位名稱：y,對應中文名稱：Y 座標
2021.08.11.11.46.33.887[Normal][INERADMS.Models.EquipmentInfo.GetEquipmentInfo](System)：欄位名稱：vlevel,對應中文名稱：電壓別
2021.08.11.11.46.33.887[Normal][INERADMS.Models.EquipmentInfo.GetEquipmentInfo](System)：欄位名稱：cabtype,對應中文名稱：主/副饋線別
2021.08.11.11.46.33.887[Normal][INERADMS.Models.EquipmentInfo.GetEquipmentInfo](System)：轉換擁有者設備資訊的欄位名稱完畢。
2021.08.11.11.47.17.004[Normal][INERADMS.Controllers.GisMapController.GetInfoWindowData](System)：資料庫連接字串：Server=192.168.1.22;Port=5432;Database=GISADMS;User Id=postgres;Password=ok;,傳入TID=411,OID=10889616
2021.08.11.11.47.17.051[Normal][EquipmentInfo.GetEquipmentInfo](System)：設備FSC:411,設備OID:10889616,EquipmentInfo.GetEquipmentInfo函數啟動
2021.08.11.11.47.17.082[Normal][EquipmentInfo.GetEquipmentInfo](System)：設備FSC:411,設備OID:10889616,設備類別碼有效性檢查PASSED
2021.08.11.11.47.17.098[Normal][INERADMS.Models.EquipmentInfo.GetEquipmentInfo](System)：傳入TID=411,得到表格名稱=dsbnroom
2021.08.11.11.47.17.113[Normal][INERADMS.Models.EquipmentInfo.GetEquipmentInfo](System)：設備FSC:411,設備OID:10889616,表格名稱=dsbnroom,基本設備資訊查詢完成
2021.08.11.11.47.17.145[Normal][INERADMS.Models.EquipmentInfo.GetEquipmentInfo](System)：表格名稱=dsbnroom,欄位名稱翻譯資訊查詢完成
2021.08.11.11.47.17.145[Normal][INERADMS.Models.EquipmentInfo.GetEquipmentInfo](System)：開始轉換基本設備資訊的欄位名稱......
2021.08.11.11.47.17.145[Normal][INERADMS.Models.EquipmentInfo.GetEquipmentInfo](System)：轉換基本設備資訊的欄位名稱完畢。
2021.08.11.14.48.24.833[Normal][INERADMS.Controllers.GisMapController.GetInfoWindowData](System)：資料庫連接字串：Server=192.168.1.22;Port=5432;Database=GISADMS;User Id=postgres;Password=ok;,傳入TID=407,OID=240643
2021.08.11.14.48.24.911[Normal][EquipmentInfo.GetEquipmentInfo](System)：設備FSC:407,設備OID:240643,EquipmentInfo.GetEquipmentInfo函數啟動
2021.08.11.14.48.24.942[Normal][EquipmentInfo.GetEquipmentInfo](System)：設備FSC:407,設備OID:240643,設備類別碼有效性檢查PASSED
2021.08.11.14.48.24.958[Normal][INERADMS.Models.EquipmentInfo.GetEquipmentInfo](System)：傳入TID=407,得到表格名稱=pole
2021.08.11.14.48.25.036[Normal][INERADMS.Models.EquipmentInfo.GetEquipmentInfo](System)：設備FSC:407,設備OID:240643,表格名稱=pole,基本設備資訊查詢完成
2021.08.11.14.48.25.067[Normal][INERADMS.Models.EquipmentInfo.GetEquipmentInfo](System)：表格名稱=pole,欄位名稱翻譯資訊查詢完成
2021.08.11.14.48.25.067[Normal][INERADMS.Models.EquipmentInfo.GetEquipmentInfo](System)：開始轉換基本設備資訊的欄位名稱......
2021.08.11.14.48.25.177[Normal][INERADMS.Models.EquipmentInfo.GetEquipmentInfo](System)：轉換基本設備資訊的欄位名稱完畢。
