2021.09.11.15.23.21.578[Normal][INERADMS.Controllers.GisMapController.Map](System)：檢查登入者帳號....
2021.09.11.15.23.21.593[Normal][INERADMS.Controllers.GisMapController.Map](System)：目前登入者帳號不存在。
2021.09.11.15.23.29.404[Normal][INERADMS.Controllers.HomeController.LogIn](System)：ineradmin,Hp6uPRWAKR1mVAGezJxf1qfAr0/4Q9QFw+ICg+bqJCA=
2021.09.11.15.23.29.435[Normal][INERADMS.Controllers.HomeController.LogIn](System)：ineradmin登入檢查過關
2021.09.11.15.23.29.560[Normal][INERADMS.Controllers.HomeController.LogIn](System)：目前登入者帳號是：ineradmin,登入紀錄OK
2021.09.11.15.23.29.575[Normal][INERADMS.Controllers.GisMapController.Map](System)：檢查登入者帳號....
2021.09.11.15.23.29.575[Normal][INERADMS.Controllers.GisMapController.Map](System)：目前登入者帳號是：ineradmin
2021.09.11.15.23.32.747[Normal][INERADMS.Controllers.GisMapController.GetEquipmentClasses](System)：資料庫連接字串：Server=192.168.1.22;Port=5432;Database=GISADMS;User Id=postgres;Password=ok;,準備撈設備類別
2021.09.11.15.23.32.763[Normal][INERADMS.Controllers.GisMapController.GetEquipmentClasses](System)：設備類別資訊取得完成
2021.09.11.15.24.37.982[Normal][INERADMS.Controllers.GisMapController.GetEquipmentClasses](System)：資料庫連接字串：Server=192.168.1.22;Port=5432;Database=GISADMS;User Id=postgres;Password=ok;,準備撈設備類別
2021.09.11.15.24.37.982[Normal][INERADMS.Controllers.GisMapController.GetEquipmentClasses](System)：設備類別資訊取得完成
2021.09.11.15.44.48.223[Normal][INERADMS.Controllers.GisMapController.GetEquipmentClasses](System)：資料庫連接字串：Server=192.168.1.22;Port=5432;Database=GISADMS;User Id=postgres;Password=ok;,準備撈設備類別
2021.09.11.15.44.48.239[Normal][INERADMS.Controllers.GisMapController.GetEquipmentClasses](System)：設備類別資訊取得完成
2021.09.11.15.46.04.421[Normal][INERADMS.Controllers.GisMapController.Map](System)：檢查登入者帳號....
2021.09.11.15.46.04.421[Normal][INERADMS.Controllers.GisMapController.Map](System)：目前登入者帳號不存在。
2021.09.11.18.29.24.039[Normal][INERADMS.Controllers.HomeController.LogIn](System)：ineradmin,Hp6uPRWAKR1mVAGezJxf1qfAr0/4Q9QFw+ICg+bqJCA=
2021.09.11.18.29.24.054[Normal][INERADMS.Controllers.HomeController.LogIn](System)：ineradmin登入檢查過關
2021.09.11.18.29.24.117[Normal][INERADMS.Controllers.HomeController.LogIn](System)：目前登入者帳號是：ineradmin,登入紀錄OK
2021.09.11.18.29.24.132[Normal][INERADMS.Controllers.GisMapController.Map](System)：檢查登入者帳號....
2021.09.11.18.29.24.132[Normal][INERADMS.Controllers.GisMapController.Map](System)：目前登入者帳號是：ineradmin
2021.09.11.18.29.25.604[Normal][INERADMS.Controllers.GisMapController.GetEquipmentClasses](System)：資料庫連接字串：Server=192.168.1.22;Port=5432;Database=GISADMS;User Id=postgres;Password=ok;,準備撈設備類別
2021.09.11.18.29.25.620[Normal][INERADMS.Controllers.GisMapController.GetEquipmentClasses](System)：設備類別資訊取得完成
2021.09.11.18.30.45.236[Normal][INERADMS.Controllers.GisMapController.Map](System)：檢查登入者帳號....
2021.09.11.18.30.45.236[Normal][INERADMS.Controllers.GisMapController.Map](System)：目前登入者帳號不存在。
2021.09.11.18.30.49.607[Normal][INERADMS.Controllers.HomeController.LogIn](System)：ineradmin,Hp6uPRWAKR1mVAGezJxf1qfAr0/4Q9QFw+ICg+bqJCA=
2021.09.11.18.30.49.622[Normal][INERADMS.Controllers.HomeController.LogIn](System)：ineradmin登入檢查過關
2021.09.11.18.30.49.685[Normal][INERADMS.Controllers.HomeController.LogIn](System)：目前登入者帳號是：ineradmin,登入紀錄OK
2021.09.11.18.30.49.888[Normal][INERADMS.Controllers.GisMapController.Map](System)：檢查登入者帳號....
2021.09.11.18.30.49.888[Normal][INERADMS.Controllers.GisMapController.Map](System)：目前登入者帳號是：ineradmin
2021.09.11.18.30.50.998[Normal][INERADMS.Controllers.GisMapController.GetEquipmentClasses](System)：資料庫連接字串：Server=192.168.1.22;Port=5432;Database=GISADMS;User Id=postgres;Password=ok;,準備撈設備類別
2021.09.11.18.30.51.013[Normal][INERADMS.Controllers.GisMapController.GetEquipmentClasses](System)：設備類別資訊取得完成
2021.09.11.18.33.24.549[Normal][INERADMS.Controllers.GisMapController.Map](System)：檢查登入者帳號....
2021.09.11.18.33.24.549[Normal][INERADMS.Controllers.GisMapController.Map](System)：目前登入者帳號是：ineradmin
2021.09.11.18.34.23.267[Normal][INERADMS.Controllers.GisMapController.GetEquipmentClasses](System)：資料庫連接字串：Server=192.168.1.22;Port=5432;Database=GISADMS;User Id=postgres;Password=ok;,準備撈設備類別
2021.09.11.18.34.23.267[Normal][INERADMS.Controllers.GisMapController.GetEquipmentClasses](System)：設備類別資訊取得完成
2021.09.11.18.35.29.821[Normal][INERADMS.Controllers.GisMapController.GetEquipmentClasses](System)：資料庫連接字串：Server=192.168.1.22;Port=5432;Database=GISADMS;User Id=postgres;Password=ok;,準備撈設備類別
2021.09.11.18.35.29.821[Normal][INERADMS.Controllers.GisMapController.GetEquipmentClasses](System)：設備類別資訊取得完成
2021.09.11.18.39.40.009[Normal][INERADMS.Controllers.GisMapController.Map](System)：檢查登入者帳號....
2021.09.11.18.39.40.009[Normal][INERADMS.Controllers.GisMapController.Map](System)：目前登入者帳號是：ineradmin
2021.09.11.18.39.47.810[Normal][INERADMS.Controllers.GisMapController.GetEquipmentClasses](System)：資料庫連接字串：Server=192.168.1.22;Port=5432;Database=GISADMS;User Id=postgres;Password=ok;,準備撈設備類別
2021.09.11.18.39.47.810[Normal][INERADMS.Controllers.GisMapController.GetEquipmentClasses](System)：設備類別資訊取得完成
2021.09.11.23.48.49.311[Normal][INERADMS.Controllers.HomeController.LogIn](System)：ineradmin,Hp6uPRWAKR1mVAGezJxf1qfAr0/4Q9QFw+ICg+bqJCA=
2021.09.11.23.48.49.327[Normal][INERADMS.Controllers.HomeController.LogIn](System)：ineradmin登入檢查過關
2021.09.11.23.48.49.389[Normal][INERADMS.Controllers.HomeController.LogIn](System)：目前登入者帳號是：ineradmin,登入紀錄OK
2021.09.11.23.48.49.514[Normal][INERADMS.Controllers.GisMapController.Map](System)：檢查登入者帳號....
2021.09.11.23.48.49.514[Normal][INERADMS.Controllers.GisMapController.Map](System)：目前登入者帳號是：ineradmin
2021.09.11.23.48.52.031[Normal][INERADMS.Controllers.GisMapController.GetEquipmentClasses](System)：資料庫連接字串：Server=192.168.1.22;Port=5432;Database=GISADMS;User Id=postgres;Password=ok;,準備撈設備類別
2021.09.11.23.48.52.046[Normal][INERADMS.Controllers.GisMapController.GetEquipmentClasses](System)：設備類別資訊取得完成
2021.09.11.23.49.44.338[Normal][INERADMS.Controllers.GisMapController.Map](System)：檢查登入者帳號....
2021.09.11.23.49.44.338[Normal][INERADMS.Controllers.GisMapController.Map](System)：目前登入者帳號是：ineradmin
2021.09.11.23.49.51.699[Normal][INERADMS.Controllers.GisMapController.GetEquipmentClasses](System)：資料庫連接字串：Server=192.168.1.22;Port=5432;Database=GISADMS;User Id=postgres;Password=ok;,準備撈設備類別
2021.09.11.23.49.51.699[Normal][INERADMS.Controllers.GisMapController.GetEquipmentClasses](System)：設備類別資訊取得完成
2021.09.11.23.51.02.348[Normal][INERADMS.Controllers.GisMapController.Map](System)：檢查登入者帳號....
2021.09.11.23.51.02.348[Normal][INERADMS.Controllers.GisMapController.Map](System)：目前登入者帳號是：ineradmin
2021.09.11.23.51.11.242[Normal][INERADMS.Controllers.GisMapController.GetEquipmentClasses](System)：資料庫連接字串：Server=192.168.1.22;Port=5432;Database=GISADMS;User Id=postgres;Password=ok;,準備撈設備類別
2021.09.11.23.51.11.242[Normal][INERADMS.Controllers.GisMapController.GetEquipmentClasses](System)：設備類別資訊取得完成
