2021.10.14.08.45.41.525[Normal][INERADMS.Controllers.HomeController.LogIn](System)：ineradmin,Hp6uPRWAKR1mVAGezJxf1qfAr0/4Q9QFw+ICg+bqJCA=
2021.10.14.08.45.41.574[Normal][INERADMS.Controllers.HomeController.LogIn](System)：ineradmin登入檢查過關
2021.10.14.08.45.41.683[Normal][INERADMS.Controllers.HomeController.LogIn](System)：目前登入者帳號是：ineradmin,登入紀錄OK
2021.10.14.08.45.41.741[Normal][INERADMS.Controllers.GisMapController.Map](System)：檢查登入者帳號....
2021.10.14.08.45.41.742[Normal][INERADMS.Controllers.GisMapController.Map](System)：目前登入者帳號是：ineradmin
2021.10.14.08.45.47.612[Normal][INERADMS.Controllers.HomeController.LogIn](System)：ineradmin,Hp6uPRWAKR1mVAGezJxf1qfAr0/4Q9QFw+ICg+bqJCA=
2021.10.14.08.45.47.618[Normal][INERADMS.Controllers.HomeController.LogIn](System)：ineradmin登入檢查過關
2021.10.14.08.45.47.628[Normal][INERADMS.Controllers.HomeController.LogIn](System)：目前登入者帳號是：ineradmin,登入紀錄OK
2021.10.14.08.45.47.633[Normal][INERADMS.Controllers.GisMapController.Map](System)：檢查登入者帳號....
2021.10.14.08.45.47.634[Normal][INERADMS.Controllers.GisMapController.Map](System)：目前登入者帳號是：ineradmin
2021.10.14.08.46.48.511[Normal][INERADMS.Controllers.HomeController.LogIn](System)：ineradmin,Hp6uPRWAKR1mVAGezJxf1qfAr0/4Q9QFw+ICg+bqJCA=
2021.10.14.08.46.48.825[Normal][INERADMS.Controllers.HomeController.LogIn](System)：ineradmin登入檢查過關
2021.10.14.08.46.48.851[Normal][INERADMS.Controllers.HomeController.LogIn](System)：目前登入者帳號是：ineradmin,登入紀錄OK
2021.10.14.08.46.48.862[Normal][INERADMS.Controllers.GisMapController.Map](System)：檢查登入者帳號....
2021.10.14.08.46.48.863[Normal][INERADMS.Controllers.GisMapController.Map](System)：目前登入者帳號是：ineradmin
2021.10.14.08.46.59.175[Normal][INERADMS.Controllers.HomeController.LogIn](System)：ineradmin,Hp6uPRWAKR1mVAGezJxf1qfAr0/4Q9QFw+ICg+bqJCA=
2021.10.14.08.46.59.180[Normal][INERADMS.Controllers.HomeController.LogIn](System)：ineradmin登入檢查過關
2021.10.14.08.46.59.193[Normal][INERADMS.Controllers.HomeController.LogIn](System)：目前登入者帳號是：ineradmin,登入紀錄OK
2021.10.14.08.46.59.760[Normal][INERADMS.Controllers.GisMapController.Map](System)：檢查登入者帳號....
2021.10.14.08.46.59.762[Normal][INERADMS.Controllers.GisMapController.Map](System)：目前登入者帳號是：ineradmin
2021.10.14.08.47.18.819[Normal][INERADMS.Controllers.HomeController.LogIn](System)：ineradmin,Hp6uPRWAKR1mVAGezJxf1qfAr0/4Q9QFw+ICg+bqJCA=
2021.10.14.08.47.18.829[Normal][INERADMS.Controllers.HomeController.LogIn](System)：ineradmin登入檢查過關
2021.10.14.08.47.18.855[Normal][INERADMS.Controllers.HomeController.LogIn](System)：目前登入者帳號是：ineradmin,登入紀錄OK
2021.10.14.08.47.19.410[Normal][INERADMS.Controllers.GisMapController.Map](System)：檢查登入者帳號....
2021.10.14.08.47.19.411[Normal][INERADMS.Controllers.GisMapController.Map](System)：目前登入者帳號是：ineradmin
2021.10.14.08.54.26.388[Normal][INERADMS.Controllers.HomeController.LogIn](System)：ineradmin,Hp6uPRWAKR1mVAGezJxf1qfAr0/4Q9QFw+ICg+bqJCA=
2021.10.14.08.54.26.431[Normal][INERADMS.Controllers.HomeController.LogIn](System)：ineradmin登入檢查過關
2021.10.14.08.54.26.519[Normal][INERADMS.Controllers.HomeController.LogIn](System)：目前登入者帳號是：ineradmin,登入紀錄OK
2021.10.14.08.54.26.550[Normal][INERADMS.Controllers.GisMapController.Map](System)：檢查登入者帳號....
2021.10.14.08.54.26.551[Normal][INERADMS.Controllers.GisMapController.Map](System)：目前登入者帳號是：ineradmin
2021.10.14.08.54.31.364[Normal][INERADMS.Controllers.HomeController.LogIn](System)：ineradmin,Hp6uPRWAKR1mVAGezJxf1qfAr0/4Q9QFw+ICg+bqJCA=
2021.10.14.08.54.31.371[Normal][INERADMS.Controllers.HomeController.LogIn](System)：ineradmin登入檢查過關
2021.10.14.08.54.31.390[Normal][INERADMS.Controllers.HomeController.LogIn](System)：目前登入者帳號是：ineradmin,登入紀錄OK
2021.10.14.08.54.31.943[Normal][INERADMS.Controllers.GisMapController.Map](System)：檢查登入者帳號....
2021.10.14.08.54.31.944[Normal][INERADMS.Controllers.GisMapController.Map](System)：目前登入者帳號是：ineradmin
2021.10.14.08.54.35.417[Normal][INERADMS.Controllers.HomeController.LogIn](System)：ineradmin,Hp6uPRWAKR1mVAGezJxf1qfAr0/4Q9QFw+ICg+bqJCA=
2021.10.14.08.54.35.422[Normal][INERADMS.Controllers.HomeController.LogIn](System)：ineradmin登入檢查過關
2021.10.14.08.54.35.437[Normal][INERADMS.Controllers.HomeController.LogIn](System)：目前登入者帳號是：ineradmin,登入紀錄OK
2021.10.14.08.54.35.999[Normal][INERADMS.Controllers.GisMapController.Map](System)：檢查登入者帳號....
2021.10.14.08.54.36.000[Normal][INERADMS.Controllers.GisMapController.Map](System)：目前登入者帳號是：ineradmin
2021.10.14.08.54.40.488[Normal][INERADMS.Controllers.HomeController.LogIn](System)：ineradmin,Hp6uPRWAKR1mVAGezJxf1qfAr0/4Q9QFw+ICg+bqJCA=
2021.10.14.08.54.40.492[Normal][INERADMS.Controllers.HomeController.LogIn](System)：ineradmin登入檢查過關
2021.10.14.08.54.40.505[Normal][INERADMS.Controllers.HomeController.LogIn](System)：目前登入者帳號是：ineradmin,登入紀錄OK
2021.10.14.08.54.41.065[Normal][INERADMS.Controllers.GisMapController.Map](System)：檢查登入者帳號....
2021.10.14.08.54.41.067[Normal][INERADMS.Controllers.GisMapController.Map](System)：目前登入者帳號是：ineradmin
2021.10.14.08.54.49.355[Normal][INERADMS.Controllers.HomeController.LogIn](System)：ineradmin,Hp6uPRWAKR1mVAGezJxf1qfAr0/4Q9QFw+ICg+bqJCA=
2021.10.14.08.54.49.359[Normal][INERADMS.Controllers.HomeController.LogIn](System)：ineradmin登入檢查過關
2021.10.14.08.54.49.373[Normal][INERADMS.Controllers.HomeController.LogIn](System)：目前登入者帳號是：ineradmin,登入紀錄OK
2021.10.14.08.54.49.941[Normal][INERADMS.Controllers.GisMapController.Map](System)：檢查登入者帳號....
2021.10.14.08.54.49.943[Normal][INERADMS.Controllers.GisMapController.Map](System)：目前登入者帳號是：ineradmin
2021.10.14.09.02.07.560[Normal][INERADMS.Controllers.HomeController.LogIn](System)：ineradmin,Hp6uPRWAKR1mVAGezJxf1qfAr0/4Q9QFw+ICg+bqJCA=
2021.10.14.09.02.07.659[Normal][INERADMS.Controllers.HomeController.LogIn](System)：ineradmin登入檢查過關
2021.10.14.09.02.07.758[Normal][INERADMS.Controllers.HomeController.LogIn](System)：目前登入者帳號是：ineradmin,登入紀錄OK
2021.10.14.09.02.07.789[Normal][INERADMS.Controllers.GisMapController.Map](System)：檢查登入者帳號....
2021.10.14.09.02.07.790[Normal][INERADMS.Controllers.GisMapController.Map](System)：目前登入者帳號是：ineradmin
2021.10.14.09.02.18.053[Normal][INERADMS.Controllers.HomeController.LogIn](System)：ineradmin,Hp6uPRWAKR1mVAGezJxf1qfAr0/4Q9QFw+ICg+bqJCA=
2021.10.14.09.02.18.059[Normal][INERADMS.Controllers.HomeController.LogIn](System)：ineradmin登入檢查過關
2021.10.14.09.02.18.072[Normal][INERADMS.Controllers.HomeController.LogIn](System)：目前登入者帳號是：ineradmin,登入紀錄OK
2021.10.14.09.02.18.079[Normal][INERADMS.Controllers.GisMapController.Map](System)：檢查登入者帳號....
2021.10.14.09.02.18.079[Normal][INERADMS.Controllers.GisMapController.Map](System)：目前登入者帳號是：ineradmin
2021.10.14.09.02.22.549[Normal][INERADMS.Controllers.HomeController.LogIn](System)：ineradmin,Hp6uPRWAKR1mVAGezJxf1qfAr0/4Q9QFw+ICg+bqJCA=
2021.10.14.09.02.22.555[Normal][INERADMS.Controllers.HomeController.LogIn](System)：ineradmin登入檢查過關
2021.10.14.09.02.22.566[Normal][INERADMS.Controllers.HomeController.LogIn](System)：目前登入者帳號是：ineradmin,登入紀錄OK
2021.10.14.09.02.22.573[Normal][INERADMS.Controllers.GisMapController.Map](System)：檢查登入者帳號....
2021.10.14.09.02.22.574[Normal][INERADMS.Controllers.GisMapController.Map](System)：目前登入者帳號是：ineradmin
2021.10.14.09.02.45.285[Normal][INERADMS.Controllers.HomeController.LogIn](System)：ineradmin,Hp6uPRWAKR1mVAGezJxf1qfAr0/4Q9QFw+ICg+bqJCA=
2021.10.14.09.02.45.290[Normal][INERADMS.Controllers.HomeController.LogIn](System)：ineradmin登入檢查過關
2021.10.14.09.02.45.303[Normal][INERADMS.Controllers.HomeController.LogIn](System)：目前登入者帳號是：ineradmin,登入紀錄OK
2021.10.14.09.02.45.308[Normal][INERADMS.Controllers.GisMapController.Map](System)：檢查登入者帳號....
2021.10.14.09.02.45.309[Normal][INERADMS.Controllers.GisMapController.Map](System)：目前登入者帳號是：ineradmin
2021.10.14.09.03.14.341[Normal][INERADMS.Controllers.HomeController.LogIn](System)：ineradmin,Hp6uPRWAKR1mVAGezJxf1qfAr0/4Q9QFw+ICg+bqJCA=
2021.10.14.09.03.14.347[Normal][INERADMS.Controllers.HomeController.LogIn](System)：ineradmin登入檢查過關
2021.10.14.09.03.14.361[Normal][INERADMS.Controllers.HomeController.LogIn](System)：目前登入者帳號是：ineradmin,登入紀錄OK
2021.10.14.09.03.14.376[Normal][INERADMS.Controllers.GisMapController.Map](System)：檢查登入者帳號....
2021.10.14.09.03.14.376[Normal][INERADMS.Controllers.GisMapController.Map](System)：目前登入者帳號是：ineradmin
2021.10.14.09.08.01.070[Normal][INERADMS.Controllers.GisMapController.Map](System)：檢查登入者帳號....
2021.10.14.09.08.01.071[Normal][INERADMS.Controllers.GisMapController.Map](System)：目前登入者帳號不存在。
2021.10.14.09.08.14.673[Normal][INERADMS.Controllers.HomeController.LogIn](System)：ineradmin,Hp6uPRWAKR1mVAGezJxf1qfAr0/4Q9QFw+ICg+bqJCA=
2021.10.14.09.08.14.770[Normal][INERADMS.Controllers.HomeController.LogIn](System)：ineradmin登入檢查過關
2021.10.14.09.08.14.884[Normal][INERADMS.Controllers.HomeController.LogIn](System)：目前登入者帳號是：ineradmin,登入紀錄OK
2021.10.14.09.08.15.118[Normal][INERADMS.Controllers.GisMapController.Map](System)：檢查登入者帳號....
2021.10.14.09.08.15.120[Normal][INERADMS.Controllers.GisMapController.Map](System)：目前登入者帳號是：ineradmin
2021.10.14.09.08.44.095[Normal][INERADMS.Controllers.HomeController.LogIn](System)：ineradmin,Hp6uPRWAKR1mVAGezJxf1qfAr0/4Q9QFw+ICg+bqJCA=
2021.10.14.09.08.44.098[Normal][INERADMS.Controllers.HomeController.LogIn](System)：ineradmin登入檢查過關
2021.10.14.09.08.44.114[Normal][INERADMS.Controllers.HomeController.LogIn](System)：目前登入者帳號是：ineradmin,登入紀錄OK
2021.10.14.09.08.44.677[Normal][INERADMS.Controllers.GisMapController.Map](System)：檢查登入者帳號....
2021.10.14.09.08.44.678[Normal][INERADMS.Controllers.GisMapController.Map](System)：目前登入者帳號是：ineradmin
2021.10.14.09.08.50.796[Normal][INERADMS.Controllers.HomeController.LogIn](System)：ineradmin,Hp6uPRWAKR1mVAGezJxf1qfAr0/4Q9QFw+ICg+bqJCA=
2021.10.14.09.08.50.805[Normal][INERADMS.Controllers.HomeController.LogIn](System)：ineradmin登入檢查過關
2021.10.14.09.08.50.816[Normal][INERADMS.Controllers.HomeController.LogIn](System)：目前登入者帳號是：ineradmin,登入紀錄OK
2021.10.14.09.08.51.376[Normal][INERADMS.Controllers.GisMapController.Map](System)：檢查登入者帳號....
2021.10.14.09.08.51.378[Normal][INERADMS.Controllers.GisMapController.Map](System)：目前登入者帳號是：ineradmin
2021.10.14.09.09.00.378[Normal][INERADMS.Controllers.HomeController.LogIn](System)：ineradmin,Hp6uPRWAKR1mVAGezJxf1qfAr0/4Q9QFw+ICg+bqJCA=
2021.10.14.09.09.00.384[Normal][INERADMS.Controllers.HomeController.LogIn](System)：ineradmin登入檢查過關
2021.10.14.09.09.00.396[Normal][INERADMS.Controllers.HomeController.LogIn](System)：目前登入者帳號是：ineradmin,登入紀錄OK
2021.10.14.09.09.00.959[Normal][INERADMS.Controllers.GisMapController.Map](System)：檢查登入者帳號....
2021.10.14.09.09.00.961[Normal][INERADMS.Controllers.GisMapController.Map](System)：目前登入者帳號是：ineradmin
2021.10.14.09.09.07.222[Normal][INERADMS.Controllers.HomeController.LogIn](System)：ineradmin,Hp6uPRWAKR1mVAGezJxf1qfAr0/4Q9QFw+ICg+bqJCA=
2021.10.14.09.09.07.230[Normal][INERADMS.Controllers.HomeController.LogIn](System)：ineradmin登入檢查過關
2021.10.14.09.09.07.250[Normal][INERADMS.Controllers.HomeController.LogIn](System)：目前登入者帳號是：ineradmin,登入紀錄OK
2021.10.14.09.09.07.802[Normal][INERADMS.Controllers.GisMapController.Map](System)：檢查登入者帳號....
2021.10.14.09.09.07.803[Normal][INERADMS.Controllers.GisMapController.Map](System)：目前登入者帳號是：ineradmin
2021.10.14.10.06.22.742[Normal][INERADMS.Controllers.HomeController.LogIn](System)：ineradmin,Hp6uPRWAKR1mVAGezJxf1qfAr0/4Q9QFw+ICg+bqJCA=
2021.10.14.10.06.22.783[Normal][INERADMS.Controllers.HomeController.LogIn](System)：ineradmin登入檢查過關
2021.10.14.10.06.22.840[Normal][INERADMS.Controllers.HomeController.LogIn](System)：目前登入者帳號是：ineradmin,登入紀錄OK
2021.10.14.10.06.22.862[Normal][INERADMS.Controllers.GisMapController.Map](System)：檢查登入者帳號....
2021.10.14.10.06.22.862[Normal][INERADMS.Controllers.GisMapController.Map](System)：目前登入者帳號是：ineradmin
2021.10.14.10.06.25.175[Normal][INERADMS.Controllers.HomeController.LogIn](System)：ineradmin,Hp6uPRWAKR1mVAGezJxf1qfAr0/4Q9QFw+ICg+bqJCA=
2021.10.14.10.06.25.180[Normal][INERADMS.Controllers.HomeController.LogIn](System)：ineradmin登入檢查過關
2021.10.14.10.06.25.191[Normal][INERADMS.Controllers.HomeController.LogIn](System)：目前登入者帳號是：ineradmin,登入紀錄OK
2021.10.14.10.06.25.196[Normal][INERADMS.Controllers.GisMapController.Map](System)：檢查登入者帳號....
2021.10.14.10.06.25.197[Normal][INERADMS.Controllers.GisMapController.Map](System)：目前登入者帳號是：ineradmin
2021.10.14.10.06.29.216[Normal][INERADMS.Controllers.HomeController.LogIn](System)：ineradmin,Hp6uPRWAKR1mVAGezJxf1qfAr0/4Q9QFw+ICg+bqJCA=
2021.10.14.10.06.29.224[Normal][INERADMS.Controllers.HomeController.LogIn](System)：ineradmin登入檢查過關
2021.10.14.10.06.29.240[Normal][INERADMS.Controllers.HomeController.LogIn](System)：目前登入者帳號是：ineradmin,登入紀錄OK
2021.10.14.10.06.29.794[Normal][INERADMS.Controllers.GisMapController.Map](System)：檢查登入者帳號....
2021.10.14.10.06.29.794[Normal][INERADMS.Controllers.GisMapController.Map](System)：目前登入者帳號是：ineradmin
2021.10.14.10.06.37.480[Normal][INERADMS.Controllers.HomeController.LogIn](System)：ineradmin,Hp6uPRWAKR1mVAGezJxf1qfAr0/4Q9QFw+ICg+bqJCA=
2021.10.14.10.06.37.485[Normal][INERADMS.Controllers.HomeController.LogIn](System)：ineradmin登入檢查過關
2021.10.14.10.06.37.497[Normal][INERADMS.Controllers.HomeController.LogIn](System)：目前登入者帳號是：ineradmin,登入紀錄OK
2021.10.14.10.06.38.063[Normal][INERADMS.Controllers.GisMapController.Map](System)：檢查登入者帳號....
2021.10.14.10.06.38.065[Normal][INERADMS.Controllers.GisMapController.Map](System)：目前登入者帳號是：ineradmin
2021.10.14.10.06.42.352[Normal][INERADMS.Controllers.HomeController.LogIn](System)：ineradmin,Hp6uPRWAKR1mVAGezJxf1qfAr0/4Q9QFw+ICg+bqJCA=
2021.10.14.10.06.42.357[Normal][INERADMS.Controllers.HomeController.LogIn](System)：ineradmin登入檢查過關
2021.10.14.10.06.42.368[Normal][INERADMS.Controllers.HomeController.LogIn](System)：目前登入者帳號是：ineradmin,登入紀錄OK
2021.10.14.10.06.42.926[Normal][INERADMS.Controllers.GisMapController.Map](System)：檢查登入者帳號....
2021.10.14.10.06.42.927[Normal][INERADMS.Controllers.GisMapController.Map](System)：目前登入者帳號是：ineradmin
2021.10.14.10.09.14.161[Normal][INERADMS.Controllers.HomeController.LogIn](System)：ineradmin,Hp6uPRWAKR1mVAGezJxf1qfAr0/4Q9QFw+ICg+bqJCA=
2021.10.14.10.09.14.199[Normal][INERADMS.Controllers.HomeController.LogIn](System)：ineradmin登入檢查過關
2021.10.14.10.09.14.256[Normal][INERADMS.Controllers.HomeController.LogIn](System)：目前登入者帳號是：ineradmin,登入紀錄OK
2021.10.14.10.09.14.631[Normal][INERADMS.Controllers.GisMapController.Map](System)：檢查登入者帳號....
2021.10.14.10.09.14.633[Normal][INERADMS.Controllers.GisMapController.Map](System)：目前登入者帳號是：ineradmin
2021.10.14.10.09.18.381[Normal][INERADMS.Controllers.HomeController.LogIn](System)：ineradmin,Hp6uPRWAKR1mVAGezJxf1qfAr0/4Q9QFw+ICg+bqJCA=
2021.10.14.10.09.18.384[Normal][INERADMS.Controllers.HomeController.LogIn](System)：ineradmin登入檢查過關
2021.10.14.10.09.18.398[Normal][INERADMS.Controllers.HomeController.LogIn](System)：目前登入者帳號是：ineradmin,登入紀錄OK
2021.10.14.10.09.18.967[Normal][INERADMS.Controllers.GisMapController.Map](System)：檢查登入者帳號....
2021.10.14.10.09.18.969[Normal][INERADMS.Controllers.GisMapController.Map](System)：目前登入者帳號是：ineradmin
2021.10.14.10.09.22.397[Normal][INERADMS.Controllers.HomeController.LogIn](System)：ineradmin,Hp6uPRWAKR1mVAGezJxf1qfAr0/4Q9QFw+ICg+bqJCA=
2021.10.14.10.09.22.401[Normal][INERADMS.Controllers.HomeController.LogIn](System)：ineradmin登入檢查過關
2021.10.14.10.09.22.412[Normal][INERADMS.Controllers.HomeController.LogIn](System)：目前登入者帳號是：ineradmin,登入紀錄OK
2021.10.14.10.09.22.973[Normal][INERADMS.Controllers.GisMapController.Map](System)：檢查登入者帳號....
2021.10.14.10.09.22.975[Normal][INERADMS.Controllers.GisMapController.Map](System)：目前登入者帳號是：ineradmin
2021.10.14.10.10.26.483[Normal][INERADMS.Controllers.HomeController.LogIn](System)：ineradmin,Hp6uPRWAKR1mVAGezJxf1qfAr0/4Q9QFw+ICg+bqJCA=
2021.10.14.10.10.26.797[Normal][INERADMS.Controllers.HomeController.LogIn](System)：ineradmin登入檢查過關
2021.10.14.10.10.26.822[Normal][INERADMS.Controllers.HomeController.LogIn](System)：目前登入者帳號是：ineradmin,登入紀錄OK
2021.10.14.10.10.27.070[Normal][INERADMS.Controllers.GisMapController.Map](System)：檢查登入者帳號....
2021.10.14.10.10.27.071[Normal][INERADMS.Controllers.GisMapController.Map](System)：目前登入者帳號是：ineradmin
2021.10.14.10.11.01.007[Normal][INERADMS.Controllers.HomeController.LogIn](System)：ineradmin,Hp6uPRWAKR1mVAGezJxf1qfAr0/4Q9QFw+ICg+bqJCA=
2021.10.14.10.11.01.018[Normal][INERADMS.Controllers.HomeController.LogIn](System)：ineradmin登入檢查過關
2021.10.14.10.11.01.032[Normal][INERADMS.Controllers.HomeController.LogIn](System)：目前登入者帳號是：ineradmin,登入紀錄OK
2021.10.14.10.11.01.595[Normal][INERADMS.Controllers.GisMapController.Map](System)：檢查登入者帳號....
2021.10.14.10.11.01.597[Normal][INERADMS.Controllers.GisMapController.Map](System)：目前登入者帳號是：ineradmin
2021.10.14.10.25.17.146[Normal][INERADMS.Controllers.HomeController.LogIn](System)：ineradmin,Hp6uPRWAKR1mVAGezJxf1qfAr0/4Q9QFw+ICg+bqJCA=
2021.10.14.10.25.17.196[Normal][INERADMS.Controllers.HomeController.LogIn](System)：ineradmin登入檢查過關
2021.10.14.10.25.17.253[Normal][INERADMS.Controllers.HomeController.LogIn](System)：目前登入者帳號是：ineradmin,登入紀錄OK
2021.10.14.10.25.17.261[Normal][INERADMS.Controllers.GisMapController.Map](System)：檢查登入者帳號....
2021.10.14.10.25.17.262[Normal][INERADMS.Controllers.GisMapController.Map](System)：目前登入者帳號是：ineradmin
2021.10.14.10.25.19.695[Normal][INERADMS.Controllers.HomeController.LogIn](System)：ineradmin,Hp6uPRWAKR1mVAGezJxf1qfAr0/4Q9QFw+ICg+bqJCA=
2021.10.14.10.25.19.701[Normal][INERADMS.Controllers.HomeController.LogIn](System)：ineradmin登入檢查過關
2021.10.14.10.25.19.710[Normal][INERADMS.Controllers.HomeController.LogIn](System)：目前登入者帳號是：ineradmin,登入紀錄OK
2021.10.14.10.25.19.716[Normal][INERADMS.Controllers.GisMapController.Map](System)：檢查登入者帳號....
2021.10.14.10.25.19.716[Normal][INERADMS.Controllers.GisMapController.Map](System)：目前登入者帳號是：ineradmin
2021.10.14.10.25.21.069[Normal][INERADMS.Controllers.HomeController.LogIn](System)：ineradmin,Hp6uPRWAKR1mVAGezJxf1qfAr0/4Q9QFw+ICg+bqJCA=
2021.10.14.10.25.21.073[Normal][INERADMS.Controllers.HomeController.LogIn](System)：ineradmin登入檢查過關
2021.10.14.10.25.21.081[Normal][INERADMS.Controllers.HomeController.LogIn](System)：目前登入者帳號是：ineradmin,登入紀錄OK
2021.10.14.10.25.21.086[Normal][INERADMS.Controllers.GisMapController.Map](System)：檢查登入者帳號....
2021.10.14.10.25.21.086[Normal][INERADMS.Controllers.GisMapController.Map](System)：目前登入者帳號是：ineradmin
2021.10.14.10.25.22.639[Normal][INERADMS.Controllers.HomeController.LogIn](System)：ineradmin,Hp6uPRWAKR1mVAGezJxf1qfAr0/4Q9QFw+ICg+bqJCA=
2021.10.14.10.25.22.645[Normal][INERADMS.Controllers.HomeController.LogIn](System)：ineradmin登入檢查過關
2021.10.14.10.25.22.655[Normal][INERADMS.Controllers.HomeController.LogIn](System)：目前登入者帳號是：ineradmin,登入紀錄OK
2021.10.14.10.25.22.661[Normal][INERADMS.Controllers.GisMapController.Map](System)：檢查登入者帳號....
2021.10.14.10.25.22.662[Normal][INERADMS.Controllers.GisMapController.Map](System)：目前登入者帳號是：ineradmin
2021.10.14.10.25.30.615[Normal][INERADMS.Controllers.HomeController.LogIn](System)：ineradmin,Hp6uPRWAKR1mVAGezJxf1qfAr0/4Q9QFw+ICg+bqJCA=
2021.10.14.10.25.30.621[Normal][INERADMS.Controllers.HomeController.LogIn](System)：ineradmin登入檢查過關
2021.10.14.10.25.30.631[Normal][INERADMS.Controllers.HomeController.LogIn](System)：目前登入者帳號是：ineradmin,登入紀錄OK
2021.10.14.10.25.30.635[Normal][INERADMS.Controllers.GisMapController.Map](System)：檢查登入者帳號....
2021.10.14.10.25.30.635[Normal][INERADMS.Controllers.GisMapController.Map](System)：目前登入者帳號是：ineradmin
2021.10.14.10.30.49.087[Normal][INERADMS.Controllers.HomeController.LogIn](System)：ineradmin,Hp6uPRWAKR1mVAGezJxf1qfAr0/4Q9QFw+ICg+bqJCA=
2021.10.14.10.30.49.100[Normal][INERADMS.Controllers.HomeController.LogIn](System)：ineradmin登入檢查過關
2021.10.14.10.30.49.119[Normal][INERADMS.Controllers.HomeController.LogIn](System)：目前登入者帳號是：ineradmin,登入紀錄OK
2021.10.14.10.30.49.143[Normal][INERADMS.Controllers.GisMapController.Map](System)：檢查登入者帳號....
2021.10.14.10.30.49.143[Normal][INERADMS.Controllers.GisMapController.Map](System)：目前登入者帳號是：ineradmin
2021.10.14.10.30.57.120[Normal][INERADMS.Controllers.HomeController.LogIn](System)：ineradmin,Hp6uPRWAKR1mVAGezJxf1qfAr0/4Q9QFw+ICg+bqJCA=
2021.10.14.10.30.57.125[Normal][INERADMS.Controllers.HomeController.LogIn](System)：ineradmin登入檢查過關
2021.10.14.10.30.57.137[Normal][INERADMS.Controllers.HomeController.LogIn](System)：目前登入者帳號是：ineradmin,登入紀錄OK
2021.10.14.10.30.57.141[Normal][INERADMS.Controllers.GisMapController.Map](System)：檢查登入者帳號....
2021.10.14.10.30.57.142[Normal][INERADMS.Controllers.GisMapController.Map](System)：目前登入者帳號是：ineradmin
2021.10.14.10.30.59.887[Normal][INERADMS.Controllers.HomeController.LogIn](System)：ineradmin,Hp6uPRWAKR1mVAGezJxf1qfAr0/4Q9QFw+ICg+bqJCA=
2021.10.14.10.30.59.893[Normal][INERADMS.Controllers.HomeController.LogIn](System)：ineradmin登入檢查過關
2021.10.14.10.30.59.903[Normal][INERADMS.Controllers.HomeController.LogIn](System)：目前登入者帳號是：ineradmin,登入紀錄OK
2021.10.14.10.30.59.909[Normal][INERADMS.Controllers.GisMapController.Map](System)：檢查登入者帳號....
2021.10.14.10.30.59.910[Normal][INERADMS.Controllers.GisMapController.Map](System)：目前登入者帳號是：ineradmin
2021.10.14.10.33.05.756[Normal][INERADMS.Controllers.HomeController.LogIn](System)：ineradmin,Hp6uPRWAKR1mVAGezJxf1qfAr0/4Q9QFw+ICg+bqJCA=
2021.10.14.10.33.05.863[Normal][INERADMS.Controllers.HomeController.LogIn](System)：ineradmin登入檢查過關
2021.10.14.10.33.05.979[Normal][INERADMS.Controllers.HomeController.LogIn](System)：目前登入者帳號是：ineradmin,登入紀錄OK
2021.10.14.10.33.06.208[Normal][INERADMS.Controllers.GisMapController.Map](System)：檢查登入者帳號....
2021.10.14.10.33.06.209[Normal][INERADMS.Controllers.GisMapController.Map](System)：目前登入者帳號是：ineradmin
2021.10.14.10.33.10.162[Normal][INERADMS.Controllers.HomeController.LogIn](System)：ineradmin,Hp6uPRWAKR1mVAGezJxf1qfAr0/4Q9QFw+ICg+bqJCA=
2021.10.14.10.33.10.168[Normal][INERADMS.Controllers.HomeController.LogIn](System)：ineradmin登入檢查過關
2021.10.14.10.33.10.181[Normal][INERADMS.Controllers.HomeController.LogIn](System)：目前登入者帳號是：ineradmin,登入紀錄OK
2021.10.14.10.33.10.739[Normal][INERADMS.Controllers.GisMapController.Map](System)：檢查登入者帳號....
2021.10.14.10.33.10.741[Normal][INERADMS.Controllers.GisMapController.Map](System)：目前登入者帳號是：ineradmin
2021.10.14.10.33.18.036[Normal][INERADMS.Controllers.HomeController.LogIn](System)：ineradmin,Hp6uPRWAKR1mVAGezJxf1qfAr0/4Q9QFw+ICg+bqJCA=
2021.10.14.10.33.18.043[Normal][INERADMS.Controllers.HomeController.LogIn](System)：ineradmin登入檢查過關
2021.10.14.10.33.18.060[Normal][INERADMS.Controllers.HomeController.LogIn](System)：目前登入者帳號是：ineradmin,登入紀錄OK
2021.10.14.10.33.18.621[Normal][INERADMS.Controllers.GisMapController.Map](System)：檢查登入者帳號....
2021.10.14.10.33.18.623[Normal][INERADMS.Controllers.GisMapController.Map](System)：目前登入者帳號是：ineradmin
2021.10.14.10.33.24.223[Normal][INERADMS.Controllers.HomeController.LogIn](System)：ineradmin,Hp6uPRWAKR1mVAGezJxf1qfAr0/4Q9QFw+ICg+bqJCA=
2021.10.14.10.33.24.228[Normal][INERADMS.Controllers.HomeController.LogIn](System)：ineradmin登入檢查過關
2021.10.14.10.33.24.241[Normal][INERADMS.Controllers.HomeController.LogIn](System)：目前登入者帳號是：ineradmin,登入紀錄OK
2021.10.14.10.33.24.795[Normal][INERADMS.Controllers.GisMapController.Map](System)：檢查登入者帳號....
2021.10.14.10.33.24.797[Normal][INERADMS.Controllers.GisMapController.Map](System)：目前登入者帳號是：ineradmin
2021.10.14.10.33.29.751[Normal][INERADMS.Controllers.HomeController.LogIn](System)：ineradmin,Hp6uPRWAKR1mVAGezJxf1qfAr0/4Q9QFw+ICg+bqJCA=
2021.10.14.10.33.29.756[Normal][INERADMS.Controllers.HomeController.LogIn](System)：ineradmin登入檢查過關
2021.10.14.10.33.29.768[Normal][INERADMS.Controllers.HomeController.LogIn](System)：目前登入者帳號是：ineradmin,登入紀錄OK
2021.10.14.10.33.30.329[Normal][INERADMS.Controllers.GisMapController.Map](System)：檢查登入者帳號....
2021.10.14.10.33.30.330[Normal][INERADMS.Controllers.GisMapController.Map](System)：目前登入者帳號是：ineradmin
2021.10.14.10.52.49.475[Normal][INERADMS.Controllers.GisMapController.Map](System)：檢查登入者帳號....
2021.10.14.10.52.49.477[Normal][INERADMS.Controllers.GisMapController.Map](System)：目前登入者帳號不存在。
2021.10.14.10.52.49.531[Normal][INERADMS.Controllers.GisMapController.Map](System)：檢查登入者帳號....
2021.10.14.10.52.49.532[Normal][INERADMS.Controllers.GisMapController.Map](System)：目前登入者帳號不存在。
2021.10.14.10.53.49.944[Normal][INERADMS.Controllers.HomeController.LogIn](System)：ineradmin,Hp6uPRWAKR1mVAGezJxf1qfAr0/4Q9QFw+ICg+bqJCA=
2021.10.14.10.53.50.038[Normal][INERADMS.Controllers.HomeController.LogIn](System)：ineradmin登入檢查過關
2021.10.14.10.53.50.147[Normal][INERADMS.Controllers.HomeController.LogIn](System)：目前登入者帳號是：ineradmin,登入紀錄OK
2021.10.14.10.53.50.459[Normal][INERADMS.Controllers.GisMapController.Map](System)：檢查登入者帳號....
2021.10.14.10.53.50.460[Normal][INERADMS.Controllers.GisMapController.Map](System)：目前登入者帳號是：ineradmin
2021.10.14.10.55.46.175[Normal][INERADMS.Controllers.HomeController.LogIn](System)：ineradmin,Hp6uPRWAKR1mVAGezJxf1qfAr0/4Q9QFw+ICg+bqJCA=
2021.10.14.10.55.46.219[Normal][INERADMS.Controllers.HomeController.LogIn](System)：ineradmin登入檢查過關
2021.10.14.10.55.46.279[Normal][INERADMS.Controllers.HomeController.LogIn](System)：目前登入者帳號是：ineradmin,登入紀錄OK
2021.10.14.10.55.46.658[Normal][INERADMS.Controllers.GisMapController.Map](System)：檢查登入者帳號....
2021.10.14.10.55.46.659[Normal][INERADMS.Controllers.GisMapController.Map](System)：目前登入者帳號是：ineradmin
2021.10.14.10.56.24.245[Normal][INERADMS.Controllers.GisMapController.Map](System)：檢查登入者帳號....
2021.10.14.10.56.24.246[Normal][INERADMS.Controllers.GisMapController.Map](System)：目前登入者帳號是：ineradmin
2021.10.14.11.00.28.957[Normal][INERADMS.Controllers.GisMapController.Map](System)：檢查登入者帳號....
2021.10.14.11.00.28.957[Normal][INERADMS.Controllers.GisMapController.Map](System)：目前登入者帳號是：ineradmin
2021.10.14.11.02.20.857[Normal][INERADMS.Controllers.GisMapController.Map](System)：檢查登入者帳號....
2021.10.14.11.02.20.857[Normal][INERADMS.Controllers.GisMapController.Map](System)：目前登入者帳號是：ineradmin
2021.10.14.11.03.07.207[Normal][INERADMS.Controllers.GisMapController.Map](System)：檢查登入者帳號....
2021.10.14.11.03.07.207[Normal][INERADMS.Controllers.GisMapController.Map](System)：目前登入者帳號是：ineradmin
