2021.08.04.08.58.09.909[Normal][INERADMS.Controllers.HomeController.LogIn](System)：ineradmin,Hp6uPRWAKR1mVAGezJxf1qfAr0/4Q9QFw+ICg+bqJCA=
2021.08.04.08.58.10.081[Normal][INERADMS.Controllers.HomeController.LogIn](System)：ineradmin登入檢查過關
2021.08.04.08.58.10.222[Normal][INERADMS.Controllers.HomeController.LogIn](System)：目前登入者帳號是：ineradmin,登入紀錄OK
2021.08.04.08.58.10.331[Normal][INERADMS.Controllers.GisMapController.Map](System)：檢查登入者帳號....
2021.08.04.08.58.10.331[Normal][INERADMS.Controllers.GisMapController.Map](System)：目前登入者帳號是：ineradmin
2021.08.04.08.58.23.488[Normal][INERADMS.Controllers.GisMapController.GetEquipmentClasses](System)：資料庫連接字串：Server=192.168.1.22;Port=5432;Database=GISADMS;User Id=postgres;Password=ok;,準備撈設備類別
2021.08.04.08.58.23.504[Normal][INERADMS.Controllers.GisMapController.GetEquipmentClasses](System)：設備類別資訊取得完成
2021.08.04.09.01.45.507[Normal][INERADMS.Controllers.GisMapController.GetInfoWindowData](System)：資料庫連接字串：Server=192.168.1.22;Port=5432;Database=GISADMS;User Id=postgres;Password=ok;,傳入TID=106,OID=5015003
2021.08.04.09.01.46.664[Normal][EquipmentInfo.GetEquipmentInfo](System)：設備FSC:106,設備OID:5015003,EquipmentInfo.GetEquipmentInfo函數啟動
2021.08.04.09.01.46.757[Normal][EquipmentInfo.GetEquipmentInfo](System)：設備FSC:106,設備OID:5015003,設備類別碼有效性檢查PASSED
2021.08.04.09.01.46.804[Normal][EquipmentInfo.GetEquipmentInfo](System)：設備FSC:106,設備OID:5015003,抓到座標值是TWD67座標下X=181340,y=2614058
2021.08.04.09.01.46.804[Normal][INERADMS.Models.EquipmentInfo.GetEquipmentInfo](System)：設備FSC:106,設備OID:5015003,原無饋線編號,抓饋線編號先抓到FDR1值為62
2021.08.04.09.01.46.820[Normal][INERADMS.Models.EquipmentInfo.GetEquipmentInfo](System)：傳入FDR=62,得到饋線編號為XF27
2021.08.04.09.01.46.820[Normal][INERADMS.Models.EquipmentInfo.GetEquipmentInfo](System)：傳入TID=106,得到表格名稱=edge
2021.08.04.09.01.46.867[Normal][INERADMS.Models.EquipmentInfo.GetEquipmentInfo](System)：設備FSC:106,設備OID:5015003,表格名稱=edge,基本設備資訊查詢完成
2021.08.04.09.01.46.882[Normal][INERADMS.Models.EquipmentInfo.GetEquipmentInfo](System)：表格名稱=edge,欄位名稱翻譯資訊查詢完成
2021.08.04.09.01.46.882[Normal][INERADMS.Models.EquipmentInfo.GetEquipmentInfo](System)：開始轉換基本設備資訊的欄位名稱......
2021.08.04.09.01.46.945[Normal][INERADMS.Models.EquipmentInfo.GetEquipmentInfo](System)：轉換基本設備資訊的欄位名稱完畢。
2021.08.04.09.02.03.215[Normal][INERADMS.Controllers.GisMapController.GetInfoWindowData](System)：資料庫連接字串：Server=192.168.1.22;Port=5432;Database=GISADMS;User Id=postgres;Password=ok;,傳入TID=106,OID=5864
2021.08.04.09.02.03.215[Normal][EquipmentInfo.GetEquipmentInfo](System)：設備FSC:106,設備OID:5864,EquipmentInfo.GetEquipmentInfo函數啟動
2021.08.04.09.02.03.246[Normal][EquipmentInfo.GetEquipmentInfo](System)：設備FSC:106,設備OID:5864,設備類別碼有效性檢查PASSED
2021.08.04.09.02.03.261[Normal][EquipmentInfo.GetEquipmentInfo](System)：設備FSC:106,設備OID:5864,抓到座標值是TWD67座標下X=181341,y=2614061
2021.08.04.09.02.03.261[Normal][INERADMS.Models.EquipmentInfo.GetEquipmentInfo](System)：設備FSC:106,設備OID:5864,原無饋線編號,抓饋線編號先抓到FDR1值為57
2021.08.04.09.02.03.261[Normal][INERADMS.Models.EquipmentInfo.GetEquipmentInfo](System)：傳入FDR=57,得到饋線編號為XF22
2021.08.04.09.02.03.261[Normal][INERADMS.Models.EquipmentInfo.GetEquipmentInfo](System)：傳入TID=106,得到表格名稱=edge
2021.08.04.09.02.03.277[Normal][INERADMS.Models.EquipmentInfo.GetEquipmentInfo](System)：設備FSC:106,設備OID:5864,表格名稱=edge,基本設備資訊查詢完成
2021.08.04.09.02.03.293[Normal][INERADMS.Models.EquipmentInfo.GetEquipmentInfo](System)：表格名稱=edge,欄位名稱翻譯資訊查詢完成
2021.08.04.09.02.03.293[Normal][INERADMS.Models.EquipmentInfo.GetEquipmentInfo](System)：開始轉換基本設備資訊的欄位名稱......
2021.08.04.09.02.03.293[Normal][INERADMS.Models.EquipmentInfo.GetEquipmentInfo](System)：轉換基本設備資訊的欄位名稱完畢。
2021.08.04.09.05.13.618[Normal][INERADMS.Controllers.HomeController.LogIn](System)：ineradmin,Hp6uPRWAKR1mVAGezJxf1qfAr0/4Q9QFw+ICg+bqJCA=
2021.08.04.09.05.13.711[Normal][INERADMS.Controllers.HomeController.LogIn](System)：ineradmin登入檢查過關
2021.08.04.09.05.13.836[Normal][INERADMS.Controllers.HomeController.LogIn](System)：目前登入者帳號是：ineradmin,登入紀錄OK
2021.08.04.09.05.13.899[Normal][INERADMS.Controllers.GisMapController.Map](System)：檢查登入者帳號....
2021.08.04.09.05.13.899[Normal][INERADMS.Controllers.GisMapController.Map](System)：目前登入者帳號是：ineradmin
2021.08.04.09.05.18.390[Normal][INERADMS.Controllers.GisMapController.GetEquipmentClasses](System)：資料庫連接字串：Server=192.168.1.22;Port=5432;Database=GISADMS;User Id=postgres;Password=ok;,準備撈設備類別
2021.08.04.09.05.18.406[Normal][INERADMS.Controllers.GisMapController.GetEquipmentClasses](System)：設備類別資訊取得完成
2021.08.04.09.05.32.965[Normal][INERADMS.Controllers.HomeController.LogIn](System)：ineradmin,Hp6uPRWAKR1mVAGezJxf1qfAr0/4Q9QFw+ICg+bqJCA=
2021.08.04.09.05.32.981[Normal][INERADMS.Controllers.HomeController.LogIn](System)：ineradmin登入檢查過關
2021.08.04.09.05.33.106[Normal][INERADMS.Controllers.HomeController.LogIn](System)：目前登入者帳號是：ineradmin,登入紀錄OK
2021.08.04.09.05.33.168[Normal][INERADMS.Controllers.GisMapController.Map](System)：檢查登入者帳號....
2021.08.04.09.05.33.168[Normal][INERADMS.Controllers.GisMapController.Map](System)：目前登入者帳號是：ineradmin
2021.08.04.09.05.34.809[Normal][INERADMS.Controllers.GisMapController.GetEquipmentClasses](System)：資料庫連接字串：Server=192.168.1.22;Port=5432;Database=GISADMS;User Id=postgres;Password=ok;,準備撈設備類別
2021.08.04.09.05.34.825[Normal][INERADMS.Controllers.GisMapController.GetEquipmentClasses](System)：設備類別資訊取得完成
2021.08.04.09.27.56.884[Normal][INERADMS.Controllers.GisMapController.PositioningUsingFeeder](System)：饋線編號：XE6C,準備開始饋線編號定位流程
2021.08.04.09.27.58.134[Normal][INERADMS.Controllers.GisMapController.PositioningUsingFeeder](System)：饋線編號：XE6C,檢查存在,PASS
2021.08.04.09.27.58.900[Normal][INERADMS.Controllers.GisMapController.PositioningUsingFeeder](System)：饋線編號：XE6C,準備開始饋線編號定位流程
2021.08.04.09.27.59.010[Normal][INERADMS.Controllers.GisMapController.PositioningUsingFeeder](System)：饋線編號：XE6C,檢查存在,PASS
2021.08.04.09.27.59.619[Normal][INERADMS.Controllers.GisMapController.PositioningUsingFeeder](System)：饋線編號：XE6C,準備開始饋線編號定位流程
2021.08.04.09.28.00.885[Normal][INERADMS.Controllers.GisMapController.PositioningUsingFeeder](System)：饋線編號：XE6C,檢查存在,PASS
2021.08.04.09.28.20.173[Normal][INERADMS.Controllers.GisMapController.PositioningUsingFeeder](System)：饋線編號：XQE7,準備開始饋線編號定位流程
2021.08.04.09.28.20.188[Normal][INERADMS.Controllers.GisMapController.PositioningUsingFeeder](System)：饋線編號：XQE7,檢查存在,PASS
2021.08.04.09.43.22.823[Normal][INERADMS.Controllers.GisMapController.PositioningUsingFeeder](System)：饋線編號：XE6C,準備開始饋線編號定位流程
2021.08.04.09.43.22.917[Normal][INERADMS.Controllers.GisMapController.PositioningUsingFeeder](System)：饋線編號：XE6C,檢查存在,PASS
2021.08.04.09.46.11.640[Normal][INERADMS.Controllers.HomeController.LogIn](System)：ineradms,Hp6uPRWAKR1mVAGezJxf1qfAr0/4Q9QFw+ICg+bqJCA=
2021.08.04.09.46.11.718[Normal][INERADMS.Controllers.HomeController.LogIn](System)：ineradms,Hp6uPRWAKR1mVAGezJxf1qfAr0/4Q9QFw+ICg+bqJCA=,登入檢查失敗
2021.08.04.09.46.27.409[Normal][INERADMS.Controllers.HomeController.LogIn](System)：ineradms,Hp6uPRWAKR1mVAGezJxf1qfAr0/4Q9QFw+ICg+bqJCA=
2021.08.04.09.46.27.424[Normal][INERADMS.Controllers.HomeController.LogIn](System)：ineradms,Hp6uPRWAKR1mVAGezJxf1qfAr0/4Q9QFw+ICg+bqJCA=,登入檢查失敗
2021.08.04.09.46.29.128[Normal][INERADMS.Controllers.HomeController.LogIn](System)：ineradms,Hp6uPRWAKR1mVAGezJxf1qfAr0/4Q9QFw+ICg+bqJCA=
2021.08.04.09.46.29.143[Normal][INERADMS.Controllers.HomeController.LogIn](System)：ineradms,Hp6uPRWAKR1mVAGezJxf1qfAr0/4Q9QFw+ICg+bqJCA=,登入檢查失敗
2021.08.04.09.46.36.638[Normal][INERADMS.Controllers.HomeController.LogIn](System)：ineradmins,Hp6uPRWAKR1mVAGezJxf1qfAr0/4Q9QFw+ICg+bqJCA=
2021.08.04.09.46.36.654[Normal][INERADMS.Controllers.HomeController.LogIn](System)：ineradmins,Hp6uPRWAKR1mVAGezJxf1qfAr0/4Q9QFw+ICg+bqJCA=,登入檢查失敗
2021.08.04.09.47.02.522[Normal][INERADMS.Controllers.HomeController.LogIn](System)：ineradms,Hp6uPRWAKR1mVAGezJxf1qfAr0/4Q9QFw+ICg+bqJCA=
2021.08.04.09.47.02.538[Normal][INERADMS.Controllers.HomeController.LogIn](System)：ineradms,Hp6uPRWAKR1mVAGezJxf1qfAr0/4Q9QFw+ICg+bqJCA=,登入檢查失敗
2021.08.04.09.47.03.429[Normal][INERADMS.Controllers.HomeController.LogIn](System)：ineradms,Hp6uPRWAKR1mVAGezJxf1qfAr0/4Q9QFw+ICg+bqJCA=
2021.08.04.09.47.03.444[Normal][INERADMS.Controllers.HomeController.LogIn](System)：ineradms,Hp6uPRWAKR1mVAGezJxf1qfAr0/4Q9QFw+ICg+bqJCA=,登入檢查失敗
2021.08.04.09.47.03.569[Normal][INERADMS.Controllers.HomeController.LogIn](System)：ineradms,Hp6uPRWAKR1mVAGezJxf1qfAr0/4Q9QFw+ICg+bqJCA=
2021.08.04.09.47.03.585[Normal][INERADMS.Controllers.HomeController.LogIn](System)：ineradms,Hp6uPRWAKR1mVAGezJxf1qfAr0/4Q9QFw+ICg+bqJCA=,登入檢查失敗
2021.08.04.09.47.03.726[Normal][INERADMS.Controllers.HomeController.LogIn](System)：ineradms,Hp6uPRWAKR1mVAGezJxf1qfAr0/4Q9QFw+ICg+bqJCA=
2021.08.04.09.47.03.741[Normal][INERADMS.Controllers.HomeController.LogIn](System)：ineradms,Hp6uPRWAKR1mVAGezJxf1qfAr0/4Q9QFw+ICg+bqJCA=,登入檢查失敗
2021.08.04.09.47.06.402[Normal][INERADMS.Controllers.HomeController.LogIn](System)：ineradms,Hp6uPRWAKR1mVAGezJxf1qfAr0/4Q9QFw+ICg+bqJCA=
2021.08.04.09.47.06.418[Normal][INERADMS.Controllers.HomeController.LogIn](System)：ineradms,Hp6uPRWAKR1mVAGezJxf1qfAr0/4Q9QFw+ICg+bqJCA=,登入檢查失敗
2021.08.04.09.47.10.560[Normal][INERADMS.Controllers.HomeController.LogIn](System)：ineradms,Hp6uPRWAKR1mVAGezJxf1qfAr0/4Q9QFw+ICg+bqJCA=
2021.08.04.09.47.10.575[Normal][INERADMS.Controllers.HomeController.LogIn](System)：ineradms,Hp6uPRWAKR1mVAGezJxf1qfAr0/4Q9QFw+ICg+bqJCA=,登入檢查失敗
2021.08.04.09.47.12.325[Normal][INERADMS.Controllers.HomeController.LogIn](System)：ineradms,Hp6uPRWAKR1mVAGezJxf1qfAr0/4Q9QFw+ICg+bqJCA=
2021.08.04.09.47.12.325[Normal][INERADMS.Controllers.HomeController.LogIn](System)：ineradms,Hp6uPRWAKR1mVAGezJxf1qfAr0/4Q9QFw+ICg+bqJCA=,登入檢查失敗
