2021.09.16.09.36.32.690[Normal][INERADMS.Controllers.HomeController.LogIn](System)：ineradmin,Hp6uPRWAKR1mVAGezJxf1qfAr0/4Q9QFw+ICg+bqJCA=
2021.09.16.09.36.32.737[Normal][INERADMS.Controllers.HomeController.LogIn](System)：ineradmin登入檢查過關
2021.09.16.09.36.32.830[Normal][INERADMS.Controllers.HomeController.LogIn](System)：目前登入者帳號是：ineradmin,登入紀錄OK
2021.09.16.09.36.32.877[Normal][INERADMS.Controllers.GisMapController.Map](System)：檢查登入者帳號....
2021.09.16.09.36.32.877[Normal][INERADMS.Controllers.GisMapController.Map](System)：目前登入者帳號是：ineradmin
2021.09.16.09.36.43.981[Normal][INERADMS.Controllers.HomeController.LogIn](System)：ineradmin,Hp6uPRWAKR1mVAGezJxf1qfAr0/4Q9QFw+ICg+bqJCA=
2021.09.16.09.36.43.997[Normal][INERADMS.Controllers.HomeController.LogIn](System)：ineradmin登入檢查過關
2021.09.16.09.36.44.075[Normal][INERADMS.Controllers.HomeController.LogIn](System)：目前登入者帳號是：ineradmin,登入紀錄OK
2021.09.16.09.36.44.075[Normal][INERADMS.Controllers.GisMapController.Map](System)：檢查登入者帳號....
2021.09.16.09.36.44.091[Normal][INERADMS.Controllers.GisMapController.Map](System)：目前登入者帳號是：ineradmin
2021.09.16.09.39.30.611[Normal][INERADMS.Controllers.HomeController.LogIn](System)：ineradmin,Hp6uPRWAKR1mVAGezJxf1qfAr0/4Q9QFw+ICg+bqJCA=
2021.09.16.09.39.30.642[Normal][INERADMS.Controllers.HomeController.LogIn](System)：ineradmin登入檢查過關
2021.09.16.09.39.30.705[Normal][INERADMS.Controllers.HomeController.LogIn](System)：目前登入者帳號是：ineradmin,登入紀錄OK
2021.09.16.09.39.30.752[Normal][INERADMS.Controllers.GisMapController.Map](System)：檢查登入者帳號....
2021.09.16.09.39.30.752[Normal][INERADMS.Controllers.GisMapController.Map](System)：目前登入者帳號是：ineradmin
2021.09.16.09.39.35.601[Normal][INERADMS.Controllers.GisMapController.Map](System)：檢查登入者帳號....
2021.09.16.09.39.35.601[Normal][INERADMS.Controllers.GisMapController.Map](System)：目前登入者帳號是：ineradmin
2021.09.16.09.54.03.172[Normal][INERADMS.Controllers.GisMapController.Map](System)：檢查登入者帳號....
2021.09.16.09.54.03.187[Normal][INERADMS.Controllers.GisMapController.Map](System)：目前登入者帳號不存在。
2021.09.16.09.54.09.797[Normal][INERADMS.Controllers.HomeController.LogIn](System)：ineradmin,Hp6uPRWAKR1mVAGezJxf1qfAr0/4Q9QFw+ICg+bqJCA=
2021.09.16.09.54.09.860[Normal][INERADMS.Controllers.HomeController.LogIn](System)：ineradmin登入檢查過關
2021.09.16.09.54.10.016[Normal][INERADMS.Controllers.HomeController.LogIn](System)：目前登入者帳號是：ineradmin,登入紀錄OK
2021.09.16.09.54.10.078[Normal][INERADMS.Controllers.GisMapController.Map](System)：檢查登入者帳號....
2021.09.16.09.54.10.078[Normal][INERADMS.Controllers.GisMapController.Map](System)：目前登入者帳號是：ineradmin
2021.09.16.09.54.16.455[Normal][INERADMS.Controllers.HomeController.LogIn](System)：ineradmin,Hp6uPRWAKR1mVAGezJxf1qfAr0/4Q9QFw+ICg+bqJCA=
2021.09.16.09.54.16.486[Normal][INERADMS.Controllers.HomeController.LogIn](System)：ineradmin登入檢查過關
2021.09.16.09.54.16.580[Normal][INERADMS.Controllers.HomeController.LogIn](System)：目前登入者帳號是：ineradmin,登入紀錄OK
2021.09.16.09.54.16.627[Normal][INERADMS.Controllers.GisMapController.Map](System)：檢查登入者帳號....
2021.09.16.09.54.16.627[Normal][INERADMS.Controllers.GisMapController.Map](System)：目前登入者帳號是：ineradmin
2021.09.16.10.46.35.669[Normal][INERADMS.Controllers.GisMapController.Map](System)：檢查登入者帳號....
2021.09.16.10.46.35.669[Normal][INERADMS.Controllers.GisMapController.Map](System)：目前登入者帳號不存在。
2021.09.16.10.46.57.326[Normal][INERADMS.Controllers.HomeController.LogIn](System)：ineradmin,Hp6uPRWAKR1mVAGezJxf1qfAr0/4Q9QFw+ICg+bqJCA=
2021.09.16.10.46.57.435[Normal][INERADMS.Controllers.HomeController.LogIn](System)：ineradmin登入檢查過關
2021.09.16.10.46.57.576[Normal][INERADMS.Controllers.HomeController.LogIn](System)：目前登入者帳號是：ineradmin,登入紀錄OK
2021.09.16.10.46.57.623[Normal][INERADMS.Controllers.GisMapController.Map](System)：檢查登入者帳號....
2021.09.16.10.46.57.623[Normal][INERADMS.Controllers.GisMapController.Map](System)：目前登入者帳號是：ineradmin
2021.09.16.10.47.09.639[Normal][INERADMS.Controllers.GisMapController.GetEquipmentClasses](System)：資料庫連接字串：Server=192.168.1.22;Port=5432;Database=GISADMS;User Id=postgres;Password=ok;,準備撈設備類別
2021.09.16.10.47.09.686[Normal][INERADMS.Controllers.GisMapController.GetEquipmentClasses](System)：設備類別資訊取得完成
2021.09.16.10.47.20.407[Normal][INERADMS.Controllers.GisMapController.GetEquipmentClasses](System)：資料庫連接字串：Server=192.168.1.22;Port=5432;Database=GISADMS;User Id=postgres;Password=ok;,準備撈設備類別
2021.09.16.10.47.20.423[Normal][INERADMS.Controllers.GisMapController.GetEquipmentClasses](System)：設備類別資訊取得完成
2021.09.16.10.50.23.330[Normal][INERADMS.Controllers.HomeController.LogIn](System)：ineradmin,Hp6uPRWAKR1mVAGezJxf1qfAr0/4Q9QFw+ICg+bqJCA=
2021.09.16.10.50.23.440[Normal][INERADMS.Controllers.HomeController.LogIn](System)：ineradmin登入檢查過關
2021.09.16.10.50.23.643[Normal][INERADMS.Controllers.HomeController.LogIn](System)：目前登入者帳號是：ineradmin,登入紀錄OK
2021.09.16.10.50.23.737[Normal][INERADMS.Controllers.GisMapController.Map](System)：檢查登入者帳號....
2021.09.16.10.50.23.737[Normal][INERADMS.Controllers.GisMapController.Map](System)：目前登入者帳號是：ineradmin
2021.09.16.10.50.34.873[Normal][INERADMS.Controllers.HomeController.LogIn](System)：ineradmin,Hp6uPRWAKR1mVAGezJxf1qfAr0/4Q9QFw+ICg+bqJCA=
2021.09.16.10.50.34.920[Normal][INERADMS.Controllers.HomeController.LogIn](System)：ineradmin登入檢查過關
2021.09.16.10.50.35.014[Normal][INERADMS.Controllers.HomeController.LogIn](System)：目前登入者帳號是：ineradmin,登入紀錄OK
2021.09.16.10.50.35.092[Normal][INERADMS.Controllers.GisMapController.Map](System)：檢查登入者帳號....
2021.09.16.10.50.35.092[Normal][INERADMS.Controllers.GisMapController.Map](System)：目前登入者帳號是：ineradmin
2021.09.16.10.50.37.827[Normal][INERADMS.Controllers.GisMapController.GetEquipmentClasses](System)：資料庫連接字串：Server=192.168.1.22;Port=5432;Database=GISADMS;User Id=postgres;Password=ok;,準備撈設備類別
2021.09.16.10.50.37.874[Normal][INERADMS.Controllers.GisMapController.GetEquipmentClasses](System)：設備類別資訊取得完成
2021.09.16.10.50.59.892[Normal][INERADMS.Controllers.GisMapController.GetEquipmentClasses](System)：資料庫連接字串：Server=192.168.1.22;Port=5432;Database=GISADMS;User Id=postgres;Password=ok;,準備撈設備類別
2021.09.16.10.50.59.907[Normal][INERADMS.Controllers.GisMapController.GetEquipmentClasses](System)：設備類別資訊取得完成
2021.09.16.10.51.49.345[Normal][INERADMS.Controllers.HomeController.LogIn](System)：ineradmin,Hp6uPRWAKR1mVAGezJxf1qfAr0/4Q9QFw+ICg+bqJCA=
2021.09.16.10.51.49.377[Normal][INERADMS.Controllers.HomeController.LogIn](System)：ineradmin登入檢查過關
2021.09.16.10.51.49.517[Normal][INERADMS.Controllers.HomeController.LogIn](System)：目前登入者帳號是：ineradmin,登入紀錄OK
2021.09.16.10.51.49.548[Normal][INERADMS.Controllers.GisMapController.Map](System)：檢查登入者帳號....
2021.09.16.10.51.49.548[Normal][INERADMS.Controllers.GisMapController.Map](System)：目前登入者帳號是：ineradmin
2021.09.16.10.51.51.189[Normal][INERADMS.Controllers.GisMapController.GetEquipmentClasses](System)：資料庫連接字串：Server=192.168.1.22;Port=5432;Database=GISADMS;User Id=postgres;Password=ok;,準備撈設備類別
2021.09.16.10.51.51.220[Normal][INERADMS.Controllers.GisMapController.GetEquipmentClasses](System)：設備類別資訊取得完成
2021.09.16.10.51.52.892[Normal][INERADMS.Controllers.GisMapController.GetEquipmentClasses](System)：資料庫連接字串：Server=192.168.1.22;Port=5432;Database=GISADMS;User Id=postgres;Password=ok;,準備撈設備類別
2021.09.16.10.51.52.924[Normal][INERADMS.Controllers.GisMapController.GetEquipmentClasses](System)：設備類別資訊取得完成
2021.09.16.10.54.59.809[Normal][INERADMS.Controllers.GisMapController.GetEquipmentClasses](System)：資料庫連接字串：Server=192.168.1.22;Port=5432;Database=GISADMS;User Id=postgres;Password=ok;,準備撈設備類別
2021.09.16.10.54.59.840[Normal][INERADMS.Controllers.GisMapController.GetEquipmentClasses](System)：設備類別資訊取得完成
2021.09.16.10.55.34.503[Normal][INERADMS.Controllers.GisMapController.Map](System)：檢查登入者帳號....
2021.09.16.10.55.34.503[Normal][INERADMS.Controllers.GisMapController.Map](System)：目前登入者帳號不存在。
2021.09.16.10.55.40.332[Normal][INERADMS.Controllers.HomeController.LogIn](System)：ineradmin,Hp6uPRWAKR1mVAGezJxf1qfAr0/4Q9QFw+ICg+bqJCA=
2021.09.16.10.55.40.363[Normal][INERADMS.Controllers.HomeController.LogIn](System)：ineradmin登入檢查過關
2021.09.16.10.55.40.503[Normal][INERADMS.Controllers.HomeController.LogIn](System)：目前登入者帳號是：ineradmin,登入紀錄OK
2021.09.16.10.55.40.535[Normal][INERADMS.Controllers.GisMapController.Map](System)：檢查登入者帳號....
2021.09.16.10.55.40.535[Normal][INERADMS.Controllers.GisMapController.Map](System)：目前登入者帳號是：ineradmin
2021.09.16.10.55.41.873[Normal][INERADMS.Controllers.GisMapController.GetEquipmentClasses](System)：資料庫連接字串：Server=192.168.1.22;Port=5432;Database=GISADMS;User Id=postgres;Password=ok;,準備撈設備類別
2021.09.16.10.55.41.904[Normal][INERADMS.Controllers.GisMapController.GetEquipmentClasses](System)：設備類別資訊取得完成
2021.09.16.10.58.37.632[Normal][INERADMS.Controllers.GisMapController.GetEquipmentClasses](System)：資料庫連接字串：Server=192.168.1.22;Port=5432;Database=GISADMS;User Id=postgres;Password=ok;,準備撈設備類別
2021.09.16.10.58.37.695[Normal][INERADMS.Controllers.GisMapController.GetEquipmentClasses](System)：設備類別資訊取得完成
2021.09.16.11.00.44.577[Normal][INERADMS.Controllers.GisMapController.GetEquipmentClasses](System)：資料庫連接字串：Server=192.168.1.22;Port=5432;Database=GISADMS;User Id=postgres;Password=ok;,準備撈設備類別
2021.09.16.11.00.44.639[Normal][INERADMS.Controllers.GisMapController.GetEquipmentClasses](System)：設備類別資訊取得完成
2021.09.16.11.06.32.893[Normal][INERADMS.Controllers.GisMapController.GetEquipmentClasses](System)：資料庫連接字串：Server=192.168.1.22;Port=5432;Database=GISADMS;User Id=postgres;Password=ok;,準備撈設備類別
2021.09.16.11.06.32.955[Normal][INERADMS.Controllers.GisMapController.GetEquipmentClasses](System)：設備類別資訊取得完成
2021.09.16.11.29.34.337[Normal][INERADMS.Controllers.GisMapController.Map](System)：檢查登入者帳號....
2021.09.16.11.29.34.337[Normal][INERADMS.Controllers.GisMapController.Map](System)：目前登入者帳號不存在。
2021.09.16.11.29.38.841[Normal][INERADMS.Controllers.HomeController.LogIn](System)：ineradmin,Hp6uPRWAKR1mVAGezJxf1qfAr0/4Q9QFw+ICg+bqJCA=
2021.09.16.11.29.38.903[Normal][INERADMS.Controllers.HomeController.LogIn](System)：ineradmin登入檢查過關
2021.09.16.11.29.39.075[Normal][INERADMS.Controllers.HomeController.LogIn](System)：目前登入者帳號是：ineradmin,登入紀錄OK
2021.09.16.11.29.39.153[Normal][INERADMS.Controllers.GisMapController.Map](System)：檢查登入者帳號....
2021.09.16.11.29.39.153[Normal][INERADMS.Controllers.GisMapController.Map](System)：目前登入者帳號是：ineradmin
2021.09.16.11.29.40.763[Normal][INERADMS.Controllers.GisMapController.GetEquipmentClasses](System)：資料庫連接字串：Server=192.168.1.22;Port=5432;Database=GISADMS;User Id=postgres;Password=ok;,準備撈設備類別
2021.09.16.11.29.40.779[Normal][INERADMS.Controllers.GisMapController.GetEquipmentClasses](System)：設備類別資訊取得完成
2021.09.16.11.34.12.570[Normal][INERADMS.Controllers.GisMapController.Map](System)：檢查登入者帳號....
2021.09.16.11.34.12.570[Normal][INERADMS.Controllers.GisMapController.Map](System)：目前登入者帳號不存在。
2021.09.16.11.34.54.352[Normal][INERADMS.Controllers.HomeController.LogIn](System)：ineradmin,Hp6uPRWAKR1mVAGezJxf1qfAr0/4Q9QFw+ICg+bqJCA=
2021.09.16.11.34.54.368[Normal][INERADMS.Controllers.HomeController.LogIn](System)：ineradmin登入檢查過關
2021.09.16.11.34.54.399[Normal][INERADMS.Controllers.HomeController.LogIn](System)：目前登入者帳號是：ineradmin,登入紀錄OK
2021.09.16.11.34.54.446[Normal][INERADMS.Controllers.GisMapController.Map](System)：檢查登入者帳號....
2021.09.16.11.34.54.446[Normal][INERADMS.Controllers.GisMapController.Map](System)：目前登入者帳號是：ineradmin
2021.09.16.11.35.06.399[Normal][INERADMS.Controllers.GisMapController.GetEquipmentClasses](System)：資料庫連接字串：Server=192.168.1.22;Port=5432;Database=GISADMS;User Id=postgres;Password=ok;,準備撈設備類別
2021.09.16.11.35.06.431[Normal][INERADMS.Controllers.GisMapController.GetEquipmentClasses](System)：設備類別資訊取得完成
2021.09.16.11.36.49.653[Normal][INERADMS.Controllers.GisMapController.Map](System)：檢查登入者帳號....
2021.09.16.11.36.49.653[Normal][INERADMS.Controllers.GisMapController.Map](System)：目前登入者帳號不存在。
2021.09.16.11.37.00.723[Normal][INERADMS.Controllers.HomeController.LogIn](System)：ineradmin,Hp6uPRWAKR1mVAGezJxf1qfAr0/4Q9QFw+ICg+bqJCA=
2021.09.16.11.37.00.754[Normal][INERADMS.Controllers.HomeController.LogIn](System)：ineradmin登入檢查過關
2021.09.16.11.37.00.801[Normal][INERADMS.Controllers.HomeController.LogIn](System)：目前登入者帳號是：ineradmin,登入紀錄OK
2021.09.16.11.37.00.879[Normal][INERADMS.Controllers.GisMapController.Map](System)：檢查登入者帳號....
2021.09.16.11.37.00.879[Normal][INERADMS.Controllers.GisMapController.Map](System)：目前登入者帳號是：ineradmin
2021.09.16.11.37.02.926[Normal][INERADMS.Controllers.GisMapController.GetEquipmentClasses](System)：資料庫連接字串：Server=192.168.1.22;Port=5432;Database=GISADMS;User Id=postgres;Password=ok;,準備撈設備類別
2021.09.16.11.37.02.942[Normal][INERADMS.Controllers.GisMapController.GetEquipmentClasses](System)：設備類別資訊取得完成
2021.09.16.11.49.06.224[Normal][INERADMS.Controllers.GisMapController.Map](System)：檢查登入者帳號....
2021.09.16.11.49.06.224[Normal][INERADMS.Controllers.GisMapController.Map](System)：目前登入者帳號不存在。
2021.09.16.11.49.21.444[Normal][INERADMS.Controllers.HomeController.LogIn](System)：ineradmin,Hp6uPRWAKR1mVAGezJxf1qfAr0/4Q9QFw+ICg+bqJCA=
2021.09.16.11.49.21.475[Normal][INERADMS.Controllers.HomeController.LogIn](System)：ineradmin登入檢查過關
2021.09.16.11.49.21.569[Normal][INERADMS.Controllers.HomeController.LogIn](System)：目前登入者帳號是：ineradmin,登入紀錄OK
2021.09.16.11.49.21.585[Normal][INERADMS.Controllers.GisMapController.Map](System)：檢查登入者帳號....
2021.09.16.11.49.21.600[Normal][INERADMS.Controllers.GisMapController.Map](System)：目前登入者帳號是：ineradmin
2021.09.16.11.49.26.354[Normal][INERADMS.Controllers.GisMapController.GetEquipmentClasses](System)：資料庫連接字串：Server=192.168.1.22;Port=5432;Database=GISADMS;User Id=postgres;Password=ok;,準備撈設備類別
2021.09.16.11.49.26.362[Normal][INERADMS.Controllers.GisMapController.GetEquipmentClasses](System)：設備類別資訊取得完成
2021.09.16.11.57.49.554[Normal][INERADMS.Controllers.GisMapController.Map](System)：檢查登入者帳號....
2021.09.16.11.57.49.554[Normal][INERADMS.Controllers.GisMapController.Map](System)：目前登入者帳號是：ineradmin
2021.09.16.11.57.51.069[Normal][INERADMS.Controllers.GisMapController.GetEquipmentClasses](System)：資料庫連接字串：Server=192.168.1.22;Port=5432;Database=GISADMS;User Id=postgres;Password=ok;,準備撈設備類別
2021.09.16.11.57.51.085[Normal][INERADMS.Controllers.GisMapController.GetEquipmentClasses](System)：設備類別資訊取得完成
2021.09.16.11.57.53.838[Normal][INERADMS.Controllers.GisMapController.Map](System)：檢查登入者帳號....
2021.09.16.11.57.53.838[Normal][INERADMS.Controllers.GisMapController.Map](System)：目前登入者帳號不存在。
2021.09.16.11.58.00.307[Normal][INERADMS.Controllers.HomeController.LogIn](System)：ineradmin,Hp6uPRWAKR1mVAGezJxf1qfAr0/4Q9QFw+ICg+bqJCA=
2021.09.16.11.58.00.322[Normal][INERADMS.Controllers.HomeController.LogIn](System)：ineradmin登入檢查過關
2021.09.16.11.58.00.385[Normal][INERADMS.Controllers.HomeController.LogIn](System)：目前登入者帳號是：ineradmin,登入紀錄OK
2021.09.16.11.58.00.401[Normal][INERADMS.Controllers.GisMapController.Map](System)：檢查登入者帳號....
2021.09.16.11.58.00.401[Normal][INERADMS.Controllers.GisMapController.Map](System)：目前登入者帳號是：ineradmin
2021.09.16.11.58.01.494[Normal][INERADMS.Controllers.GisMapController.GetEquipmentClasses](System)：資料庫連接字串：Server=192.168.1.22;Port=5432;Database=GISADMS;User Id=postgres;Password=ok;,準備撈設備類別
2021.09.16.11.58.01.494[Normal][INERADMS.Controllers.GisMapController.GetEquipmentClasses](System)：設備類別資訊取得完成
2021.09.16.11.58.08.385[Normal][INERADMS.Controllers.GisMapController.Map](System)：檢查登入者帳號....
2021.09.16.11.58.08.401[Normal][INERADMS.Controllers.GisMapController.Map](System)：目前登入者帳號不存在。
2021.09.16.11.58.13.076[Normal][INERADMS.Controllers.HomeController.LogIn](System)：ineradmin,Hp6uPRWAKR1mVAGezJxf1qfAr0/4Q9QFw+ICg+bqJCA=
2021.09.16.11.58.13.092[Normal][INERADMS.Controllers.HomeController.LogIn](System)：ineradmin登入檢查過關
2021.09.16.11.58.13.123[Normal][INERADMS.Controllers.HomeController.LogIn](System)：目前登入者帳號是：ineradmin,登入紀錄OK
2021.09.16.11.58.13.155[Normal][INERADMS.Controllers.GisMapController.Map](System)：檢查登入者帳號....
2021.09.16.11.58.13.155[Normal][INERADMS.Controllers.GisMapController.Map](System)：目前登入者帳號是：ineradmin
2021.09.16.11.58.14.358[Normal][INERADMS.Controllers.GisMapController.GetEquipmentClasses](System)：資料庫連接字串：Server=192.168.1.22;Port=5432;Database=GISADMS;User Id=postgres;Password=ok;,準備撈設備類別
2021.09.16.11.58.14.373[Normal][INERADMS.Controllers.GisMapController.GetEquipmentClasses](System)：設備類別資訊取得完成
2021.09.16.12.00.37.635[Normal][INERADMS.Controllers.GisMapController.Map](System)：檢查登入者帳號....
2021.09.16.12.00.37.635[Normal][INERADMS.Controllers.GisMapController.Map](System)：目前登入者帳號不存在。
2021.09.16.12.00.43.167[Normal][INERADMS.Controllers.HomeController.LogIn](System)：ineradmin,Hp6uPRWAKR1mVAGezJxf1qfAr0/4Q9QFw+ICg+bqJCA=
2021.09.16.12.00.43.401[Normal][INERADMS.Controllers.HomeController.LogIn](System)：ineradmin登入檢查過關
2021.09.16.12.00.43.495[Normal][INERADMS.Controllers.HomeController.LogIn](System)：目前登入者帳號是：ineradmin,登入紀錄OK
2021.09.16.12.00.43.542[Normal][INERADMS.Controllers.GisMapController.Map](System)：檢查登入者帳號....
2021.09.16.12.00.43.542[Normal][INERADMS.Controllers.GisMapController.Map](System)：目前登入者帳號是：ineradmin
2021.09.16.12.00.46.417[Normal][INERADMS.Controllers.GisMapController.GetEquipmentClasses](System)：資料庫連接字串：Server=192.168.1.22;Port=5432;Database=GISADMS;User Id=postgres;Password=ok;,準備撈設備類別
2021.09.16.12.00.46.448[Normal][INERADMS.Controllers.GisMapController.GetEquipmentClasses](System)：設備類別資訊取得完成
2021.09.16.12.02.30.257[Normal][INERADMS.Controllers.GisMapController.Map](System)：檢查登入者帳號....
2021.09.16.12.02.30.257[Normal][INERADMS.Controllers.GisMapController.Map](System)：目前登入者帳號不存在。
2021.09.16.12.02.34.617[Normal][INERADMS.Controllers.HomeController.LogIn](System)：ineradmin,Hp6uPRWAKR1mVAGezJxf1qfAr0/4Q9QFw+ICg+bqJCA=
2021.09.16.12.02.34.617[Normal][INERADMS.Controllers.HomeController.LogIn](System)：ineradmin登入檢查過關
2021.09.16.12.02.34.695[Normal][INERADMS.Controllers.HomeController.LogIn](System)：目前登入者帳號是：ineradmin,登入紀錄OK
2021.09.16.12.02.34.742[Normal][INERADMS.Controllers.GisMapController.Map](System)：檢查登入者帳號....
2021.09.16.12.02.34.742[Normal][INERADMS.Controllers.GisMapController.Map](System)：目前登入者帳號是：ineradmin
2021.09.16.12.02.36.617[Normal][INERADMS.Controllers.GisMapController.GetEquipmentClasses](System)：資料庫連接字串：Server=192.168.1.22;Port=5432;Database=GISADMS;User Id=postgres;Password=ok;,準備撈設備類別
2021.09.16.12.02.36.695[Normal][INERADMS.Controllers.GisMapController.GetEquipmentClasses](System)：設備類別資訊取得完成
2021.09.16.13.07.49.083[Normal][INERADMS.Controllers.GisMapController.Map](System)：檢查登入者帳號....
2021.09.16.13.07.49.098[Normal][INERADMS.Controllers.GisMapController.Map](System)：目前登入者帳號不存在。
2021.09.16.13.08.08.990[Normal][INERADMS.Controllers.HomeController.LogIn](System)：ineradmin,Hp6uPRWAKR1mVAGezJxf1qfAr0/4Q9QFw+ICg+bqJCA=
2021.09.16.13.08.09.146[Normal][INERADMS.Controllers.HomeController.LogIn](System)：ineradmin登入檢查過關
2021.09.16.13.08.09.240[Normal][INERADMS.Controllers.HomeController.LogIn](System)：目前登入者帳號是：ineradmin,登入紀錄OK
2021.09.16.13.08.09.271[Normal][INERADMS.Controllers.GisMapController.Map](System)：檢查登入者帳號....
2021.09.16.13.08.09.271[Normal][INERADMS.Controllers.GisMapController.Map](System)：目前登入者帳號是：ineradmin
2021.09.16.13.08.15.475[Normal][INERADMS.Controllers.GisMapController.GetEquipmentClasses](System)：資料庫連接字串：Server=192.168.1.22;Port=5432;Database=GISADMS;User Id=postgres;Password=ok;,準備撈設備類別
2021.09.16.13.08.15.490[Normal][INERADMS.Controllers.GisMapController.GetEquipmentClasses](System)：設備類別資訊取得完成
2021.09.16.13.10.07.934[Normal][INERADMS.Controllers.GisMapController.Map](System)：檢查登入者帳號....
2021.09.16.13.10.07.934[Normal][INERADMS.Controllers.GisMapController.Map](System)：目前登入者帳號不存在。
2021.09.16.13.10.10.293[Normal][INERADMS.Controllers.HomeController.LogIn](System)：ineradmin,Hp6uPRWAKR1mVAGezJxf1qfAr0/4Q9QFw+ICg+bqJCA=
2021.09.16.13.10.10.309[Normal][INERADMS.Controllers.HomeController.LogIn](System)：ineradmin登入檢查過關
2021.09.16.13.10.10.324[Normal][INERADMS.Controllers.HomeController.LogIn](System)：目前登入者帳號是：ineradmin,登入紀錄OK
2021.09.16.13.10.10.356[Normal][INERADMS.Controllers.GisMapController.Map](System)：檢查登入者帳號....
2021.09.16.13.10.10.356[Normal][INERADMS.Controllers.GisMapController.Map](System)：目前登入者帳號是：ineradmin
2021.09.16.13.37.10.662[Normal][INERADMS.Controllers.HomeController.LogIn](System)：ineradmin,Hp6uPRWAKR1mVAGezJxf1qfAr0/4Q9QFw+ICg+bqJCA=
2021.09.16.13.37.10.756[Normal][INERADMS.Controllers.HomeController.LogIn](System)：ineradmin登入檢查過關
2021.09.16.13.37.10.974[Normal][INERADMS.Controllers.HomeController.LogIn](System)：目前登入者帳號是：ineradmin,登入紀錄OK
2021.09.16.13.37.11.021[Normal][INERADMS.Controllers.GisMapController.Map](System)：檢查登入者帳號....
2021.09.16.13.37.11.021[Normal][INERADMS.Controllers.GisMapController.Map](System)：目前登入者帳號是：ineradmin
2021.09.16.13.41.26.701[Normal][INERADMS.Controllers.GisMapController.Map](System)：檢查登入者帳號....
2021.09.16.13.41.26.701[Normal][INERADMS.Controllers.GisMapController.Map](System)：目前登入者帳號不存在。
2021.09.16.13.42.14.066[Normal][INERADMS.Controllers.HomeController.LogIn](System)：ineradmin,Hp6uPRWAKR1mVAGezJxf1qfAr0/4Q9QFw+ICg+bqJCA=
2021.09.16.13.42.14.284[Normal][INERADMS.Controllers.HomeController.LogIn](System)：ineradmin登入檢查過關
2021.09.16.13.42.14.378[Normal][INERADMS.Controllers.HomeController.LogIn](System)：目前登入者帳號是：ineradmin,登入紀錄OK
2021.09.16.13.42.14.425[Normal][INERADMS.Controllers.GisMapController.Map](System)：檢查登入者帳號....
2021.09.16.13.42.14.425[Normal][INERADMS.Controllers.GisMapController.Map](System)：目前登入者帳號是：ineradmin
2021.09.16.13.42.27.879[Normal][INERADMS.Controllers.GisMapController.GetEquipmentClasses](System)：資料庫連接字串：Server=192.168.1.22;Port=5432;Database=GISADMS;User Id=postgres;Password=ok;,準備撈設備類別
2021.09.16.13.42.27.879[Normal][INERADMS.Controllers.GisMapController.GetEquipmentClasses](System)：設備類別資訊取得完成
2021.09.16.13.43.23.528[Normal][INERADMS.Controllers.GisMapController.Map](System)：檢查登入者帳號....
2021.09.16.13.43.23.528[Normal][INERADMS.Controllers.GisMapController.Map](System)：目前登入者帳號不存在。
2021.09.16.13.43.50.375[Normal][INERADMS.Controllers.HomeController.LogIn](System)：ineradmin,Hp6uPRWAKR1mVAGezJxf1qfAr0/4Q9QFw+ICg+bqJCA=
2021.09.16.13.43.50.407[Normal][INERADMS.Controllers.HomeController.LogIn](System)：ineradmin登入檢查過關
2021.09.16.13.43.50.438[Normal][INERADMS.Controllers.HomeController.LogIn](System)：目前登入者帳號是：ineradmin,登入紀錄OK
2021.09.16.13.43.50.469[Normal][INERADMS.Controllers.GisMapController.Map](System)：檢查登入者帳號....
2021.09.16.13.43.50.469[Normal][INERADMS.Controllers.GisMapController.Map](System)：目前登入者帳號是：ineradmin
2021.09.16.13.43.51.891[Normal][INERADMS.Controllers.GisMapController.GetEquipmentClasses](System)：資料庫連接字串：Server=192.168.1.22;Port=5432;Database=GISADMS;User Id=postgres;Password=ok;,準備撈設備類別
2021.09.16.13.43.51.938[Normal][INERADMS.Controllers.GisMapController.GetEquipmentClasses](System)：設備類別資訊取得完成
2021.09.16.13.46.41.432[Normal][INERADMS.Controllers.GisMapController.Map](System)：檢查登入者帳號....
2021.09.16.13.46.41.432[Normal][INERADMS.Controllers.GisMapController.Map](System)：目前登入者帳號不存在。
2021.09.16.13.46.58.275[Normal][INERADMS.Controllers.HomeController.LogIn](System)：ineradmin,Hp6uPRWAKR1mVAGezJxf1qfAr0/4Q9QFw+ICg+bqJCA=
2021.09.16.13.46.58.338[Normal][INERADMS.Controllers.HomeController.LogIn](System)：ineradmin登入檢查過關
2021.09.16.13.46.58.478[Normal][INERADMS.Controllers.HomeController.LogIn](System)：目前登入者帳號是：ineradmin,登入紀錄OK
2021.09.16.13.46.58.509[Normal][INERADMS.Controllers.GisMapController.Map](System)：檢查登入者帳號....
2021.09.16.13.46.58.525[Normal][INERADMS.Controllers.GisMapController.Map](System)：目前登入者帳號是：ineradmin
2021.09.16.13.47.00.920[Normal][INERADMS.Controllers.GisMapController.GetEquipmentClasses](System)：資料庫連接字串：Server=192.168.1.22;Port=5432;Database=GISADMS;User Id=postgres;Password=ok;,準備撈設備類別
2021.09.16.13.47.00.998[Normal][INERADMS.Controllers.GisMapController.GetEquipmentClasses](System)：設備類別資訊取得完成
2021.09.16.13.47.41.645[Normal][INERADMS.Controllers.GisMapController.PositioningUsingFeeder](System)：饋線編號：,準備開始饋線編號定位流程
2021.09.16.13.47.41.661[Normal][INERADMS.Controllers.GisMapController.PositioningUsingFeeder](System)：饋線編號：,檢查不存在
2021.09.16.13.47.48.070[Normal][INERADMS.Controllers.GisMapController.PositioningUsingFeeder](System)：饋線編號：,準備開始饋線編號定位流程
2021.09.16.13.47.48.086[Normal][INERADMS.Controllers.GisMapController.PositioningUsingFeeder](System)：饋線編號：,檢查不存在
2021.09.16.13.47.58.471[Normal][INERADMS.Controllers.GisMapController.PositioningUsingFeeder](System)：饋線編號：XF27,準備開始饋線編號定位流程
2021.09.16.13.47.58.502[Normal][INERADMS.Controllers.GisMapController.PositioningUsingFeeder](System)：饋線編號：XF27,檢查存在,PASS
2021.09.16.13.48.07.810[Normal][INERADMS.Controllers.GisMapController.PositioningUsingFeeder](System)：饋線編號：XF27,準備開始饋線編號定位流程
2021.09.16.13.48.07.810[Normal][INERADMS.Controllers.GisMapController.PositioningUsingFeeder](System)：饋線編號：XF27,檢查存在,PASS
2021.09.16.13.48.16.495[Normal][INERADMS.Controllers.GisMapController.PositioningUsingFeeder](System)：饋線編號：XF27,準備開始饋線編號定位流程
2021.09.16.13.48.16.495[Normal][INERADMS.Controllers.GisMapController.PositioningUsingFeeder](System)：饋線編號：XF27,檢查存在,PASS
2021.09.16.13.48.20.421[Normal][INERADMS.Controllers.GisMapController.PositioningUsingFeeder](System)：饋線編號：XF27,準備開始饋線編號定位流程
2021.09.16.13.48.20.452[Normal][INERADMS.Controllers.GisMapController.PositioningUsingFeeder](System)：饋線編號：XF27,檢查存在,PASS
2021.09.16.13.48.23.937[Normal][INERADMS.Controllers.GisMapController.PositioningUsingFeeder](System)：饋線編號：XF27,準備開始饋線編號定位流程
2021.09.16.13.48.23.937[Normal][INERADMS.Controllers.GisMapController.PositioningUsingFeeder](System)：饋線編號：XF27,檢查存在,PASS
2021.09.16.13.48.41.545[Normal][INERADMS.Controllers.GisMapController.PositioningUsingFeeder](System)：饋線編號：XA28,準備開始饋線編號定位流程
2021.09.16.13.48.41.561[Normal][INERADMS.Controllers.GisMapController.PositioningUsingFeeder](System)：饋線編號：XA28,檢查存在,PASS
2021.09.16.13.48.44.030[Normal][INERADMS.Controllers.GisMapController.PositioningUsingFeeder](System)：饋線編號：XA28,準備開始饋線編號定位流程
2021.09.16.13.48.44.045[Normal][INERADMS.Controllers.GisMapController.PositioningUsingFeeder](System)：饋線編號：XA28,檢查存在,PASS
2021.09.16.13.48.57.781[Normal][INERADMS.Controllers.GisMapController.PositioningUsingFeeder](System)：饋線編號：XA28,準備開始饋線編號定位流程
2021.09.16.13.48.57.828[Normal][INERADMS.Controllers.GisMapController.PositioningUsingFeeder](System)：饋線編號：XA28,檢查存在,PASS
2021.09.16.13.49.13.299[Normal][INERADMS.Controllers.GisMapController.PositioningUsingFeeder](System)：饋線編號：XA28,準備開始饋線編號定位流程
2021.09.16.13.49.13.315[Normal][INERADMS.Controllers.GisMapController.PositioningUsingFeeder](System)：饋線編號：XA28,檢查存在,PASS
2021.09.16.13.49.37.875[Normal][INERADMS.Controllers.GisMapController.PositioningUsingFeeder](System)：饋線編號：XA28,準備開始饋線編號定位流程
2021.09.16.13.49.37.891[Normal][INERADMS.Controllers.GisMapController.PositioningUsingFeeder](System)：饋線編號：XA28,檢查存在,PASS
2021.09.16.13.52.58.526[Normal][INERADMS.Controllers.GisMapController.PositioningUsingFeeder](System)：饋線編號：XA28,準備開始饋線編號定位流程
2021.09.16.13.52.58.542[Normal][INERADMS.Controllers.GisMapController.PositioningUsingFeeder](System)：饋線編號：XA28,檢查存在,PASS
2021.09.16.13.53.58.936[Normal][INERADMS.Controllers.GisMapController.PositioningUsingFeeder](System)：饋線編號：XA28,準備開始饋線編號定位流程
2021.09.16.13.53.58.936[Normal][INERADMS.Controllers.GisMapController.PositioningUsingFeeder](System)：饋線編號：XA28,檢查存在,PASS
2021.09.16.13.54.09.667[Normal][INERADMS.Controllers.GisMapController.PositioningUsingFeeder](System)：饋線編號：XA28,準備開始饋線編號定位流程
2021.09.16.13.54.09.682[Normal][INERADMS.Controllers.GisMapController.PositioningUsingFeeder](System)：饋線編號：XA28,檢查存在,PASS
2021.09.16.13.54.14.308[Normal][INERADMS.Controllers.GisMapController.PositioningUsingFeeder](System)：饋線編號：XA28,準備開始饋線編號定位流程
2021.09.16.13.54.14.323[Normal][INERADMS.Controllers.GisMapController.PositioningUsingFeeder](System)：饋線編號：XA28,檢查存在,PASS
2021.09.16.13.55.00.865[Normal][INERADMS.Controllers.GisMapController.PositioningUsingFeeder](System)：饋線編號：XA28,準備開始饋線編號定位流程
2021.09.16.13.55.00.881[Normal][INERADMS.Controllers.GisMapController.PositioningUsingFeeder](System)：饋線編號：XA28,檢查存在,PASS
2021.09.16.14.04.18.640[Normal][INERADMS.Controllers.GisMapController.Map](System)：檢查登入者帳號....
2021.09.16.14.04.18.640[Normal][INERADMS.Controllers.GisMapController.Map](System)：目前登入者帳號是：ineradmin
2021.09.16.14.04.29.391[Normal][INERADMS.Controllers.GisMapController.GetEquipmentClasses](System)：資料庫連接字串：Server=192.168.1.22;Port=5432;Database=GISADMS;User Id=postgres;Password=ok;,準備撈設備類別
2021.09.16.14.04.29.407[Normal][INERADMS.Controllers.GisMapController.GetEquipmentClasses](System)：設備類別資訊取得完成
2021.09.16.14.04.35.251[Normal][INERADMS.Controllers.GisMapController.Map](System)：檢查登入者帳號....
2021.09.16.14.04.35.251[Normal][INERADMS.Controllers.GisMapController.Map](System)：目前登入者帳號不存在。
2021.09.16.14.04.59.256[Normal][INERADMS.Controllers.HomeController.LogIn](System)：ineradmin,Hp6uPRWAKR1mVAGezJxf1qfAr0/4Q9QFw+ICg+bqJCA=
2021.09.16.14.04.59.271[Normal][INERADMS.Controllers.HomeController.LogIn](System)：ineradmin登入檢查過關
2021.09.16.14.04.59.381[Normal][INERADMS.Controllers.HomeController.LogIn](System)：目前登入者帳號是：ineradmin,登入紀錄OK
2021.09.16.14.04.59.396[Normal][INERADMS.Controllers.GisMapController.Map](System)：檢查登入者帳號....
2021.09.16.14.04.59.396[Normal][INERADMS.Controllers.GisMapController.Map](System)：目前登入者帳號是：ineradmin
2021.09.16.14.05.00.756[Normal][INERADMS.Controllers.GisMapController.GetEquipmentClasses](System)：資料庫連接字串：Server=192.168.1.22;Port=5432;Database=GISADMS;User Id=postgres;Password=ok;,準備撈設備類別
2021.09.16.14.05.00.787[Normal][INERADMS.Controllers.GisMapController.GetEquipmentClasses](System)：設備類別資訊取得完成
2021.09.16.14.05.40.727[Normal][INERADMS.Controllers.GisMapController.PositioningUsingFeeder](System)：饋線編號：XX66,準備開始饋線編號定位流程
2021.09.16.14.05.40.743[Normal][INERADMS.Controllers.GisMapController.PositioningUsingFeeder](System)：饋線編號：XX66,檢查不存在
2021.09.16.14.05.49.308[Normal][INERADMS.Controllers.GisMapController.PositioningUsingFeeder](System)：饋線編號：XF27,準備開始饋線編號定位流程
2021.09.16.14.05.49.308[Normal][INERADMS.Controllers.GisMapController.PositioningUsingFeeder](System)：饋線編號：XF27,檢查存在,PASS
2021.09.16.14.06.34.600[Normal][INERADMS.Controllers.GisMapController.Map](System)：檢查登入者帳號....
2021.09.16.14.06.34.600[Normal][INERADMS.Controllers.GisMapController.Map](System)：目前登入者帳號不存在。
2021.09.16.14.10.44.038[Normal][INERADMS.Controllers.HomeController.LogIn](System)：ineradmin,Hp6uPRWAKR1mVAGezJxf1qfAr0/4Q9QFw+ICg+bqJCA=
2021.09.16.14.10.44.242[Normal][INERADMS.Controllers.HomeController.LogIn](System)：ineradmin登入檢查過關
2021.09.16.14.10.44.335[Normal][INERADMS.Controllers.HomeController.LogIn](System)：目前登入者帳號是：ineradmin,登入紀錄OK
2021.09.16.14.10.44.398[Normal][INERADMS.Controllers.GisMapController.Map](System)：檢查登入者帳號....
2021.09.16.14.10.44.414[Normal][INERADMS.Controllers.GisMapController.Map](System)：目前登入者帳號是：ineradmin
2021.09.16.14.10.57.555[Normal][INERADMS.Controllers.GisMapController.GetEquipmentClasses](System)：資料庫連接字串：Server=192.168.1.22;Port=5432;Database=GISADMS;User Id=postgres;Password=ok;,準備撈設備類別
2021.09.16.14.10.57.570[Normal][INERADMS.Controllers.GisMapController.GetEquipmentClasses](System)：設備類別資訊取得完成
2021.09.16.14.11.02.244[Normal][INERADMS.Controllers.GisMapController.Map](System)：檢查登入者帳號....
2021.09.16.14.11.02.244[Normal][INERADMS.Controllers.GisMapController.Map](System)：目前登入者帳號不存在。
2021.09.16.14.11.21.468[Normal][INERADMS.Controllers.HomeController.LogIn](System)：ineradmin,Hp6uPRWAKR1mVAGezJxf1qfAr0/4Q9QFw+ICg+bqJCA=
2021.09.16.14.11.21.468[Normal][INERADMS.Controllers.HomeController.LogIn](System)：ineradmin登入檢查過關
2021.09.16.14.11.21.499[Normal][INERADMS.Controllers.HomeController.LogIn](System)：目前登入者帳號是：ineradmin,登入紀錄OK
2021.09.16.14.11.21.515[Normal][INERADMS.Controllers.GisMapController.Map](System)：檢查登入者帳號....
2021.09.16.14.11.21.515[Normal][INERADMS.Controllers.GisMapController.Map](System)：目前登入者帳號是：ineradmin
2021.09.16.14.16.22.479[Normal][INERADMS.Controllers.HomeController.LogIn](System)：ineradmin,Hp6uPRWAKR1mVAGezJxf1qfAr0/4Q9QFw+ICg+bqJCA=
2021.09.16.14.16.22.588[Normal][INERADMS.Controllers.HomeController.LogIn](System)：ineradmin登入檢查過關
2021.09.16.14.16.22.697[Normal][INERADMS.Controllers.HomeController.LogIn](System)：目前登入者帳號是：ineradmin,登入紀錄OK
2021.09.16.14.16.22.729[Normal][INERADMS.Controllers.GisMapController.Map](System)：檢查登入者帳號....
2021.09.16.14.16.22.729[Normal][INERADMS.Controllers.GisMapController.Map](System)：目前登入者帳號是：ineradmin
2021.09.16.14.18.29.239[Normal][INERADMS.Controllers.HomeController.LogIn](System)：ineradmin,Hp6uPRWAKR1mVAGezJxf1qfAr0/4Q9QFw+ICg+bqJCA=
2021.09.16.14.18.29.457[Normal][INERADMS.Controllers.HomeController.LogIn](System)：ineradmin登入檢查過關
2021.09.16.14.18.29.551[Normal][INERADMS.Controllers.HomeController.LogIn](System)：目前登入者帳號是：ineradmin,登入紀錄OK
2021.09.16.14.18.29.614[Normal][INERADMS.Controllers.GisMapController.Map](System)：檢查登入者帳號....
2021.09.16.14.18.29.614[Normal][INERADMS.Controllers.GisMapController.Map](System)：目前登入者帳號是：ineradmin
2021.09.16.14.18.42.427[Normal][INERADMS.Controllers.GisMapController.GetEquipmentClasses](System)：資料庫連接字串：Server=192.168.1.22;Port=5432;Database=GISADMS;User Id=postgres;Password=ok;,準備撈設備類別
2021.09.16.14.18.42.443[Normal][INERADMS.Controllers.GisMapController.GetEquipmentClasses](System)：設備類別資訊取得完成
2021.09.16.14.18.47.682[Normal][INERADMS.Controllers.GisMapController.Map](System)：檢查登入者帳號....
2021.09.16.14.18.47.682[Normal][INERADMS.Controllers.GisMapController.Map](System)：目前登入者帳號不存在。
2021.09.16.14.19.01.714[Normal][INERADMS.Controllers.HomeController.LogIn](System)：ineradmin,Hp6uPRWAKR1mVAGezJxf1qfAr0/4Q9QFw+ICg+bqJCA=
2021.09.16.14.19.01.730[Normal][INERADMS.Controllers.HomeController.LogIn](System)：ineradmin登入檢查過關
2021.09.16.14.19.01.777[Normal][INERADMS.Controllers.HomeController.LogIn](System)：目前登入者帳號是：ineradmin,登入紀錄OK
2021.09.16.14.19.01.792[Normal][INERADMS.Controllers.GisMapController.Map](System)：檢查登入者帳號....
2021.09.16.14.19.01.792[Normal][INERADMS.Controllers.GisMapController.Map](System)：目前登入者帳號是：ineradmin
2021.09.16.16.00.33.495[Normal][INERADMS.Controllers.GisMapController.Map](System)：檢查登入者帳號....
2021.09.16.16.00.33.495[Normal][INERADMS.Controllers.GisMapController.Map](System)：目前登入者帳號不存在。
2021.09.16.16.01.04.107[Normal][INERADMS.Controllers.HomeController.LogIn](System)：ineradmin,Hp6uPRWAKR1mVAGezJxf1qfAr0/4Q9QFw+ICg+bqJCA=
2021.09.16.16.01.04.154[Normal][INERADMS.Controllers.HomeController.LogIn](System)：ineradmin登入檢查過關
2021.09.16.16.01.04.342[Normal][INERADMS.Controllers.HomeController.LogIn](System)：目前登入者帳號是：ineradmin,登入紀錄OK
2021.09.16.16.01.04.373[Normal][INERADMS.Controllers.GisMapController.Map](System)：檢查登入者帳號....
2021.09.16.16.01.04.373[Normal][INERADMS.Controllers.GisMapController.Map](System)：目前登入者帳號是：ineradmin
2021.09.16.16.01.17.124[Normal][INERADMS.Controllers.GisMapController.GetEquipmentClasses](System)：資料庫連接字串：Server=192.168.1.22;Port=5432;Database=GISADMS;User Id=postgres;Password=ok;,準備撈設備類別
2021.09.16.16.01.17.139[Normal][INERADMS.Controllers.GisMapController.GetEquipmentClasses](System)：設備類別資訊取得完成
2021.09.16.16.01.44.359[Normal][INERADMS.Controllers.GisMapController.PositioningUsingFeeder](System)：饋線編號：XF27,準備開始饋線編號定位流程
2021.09.16.16.01.44.422[Normal][INERADMS.Controllers.GisMapController.PositioningUsingFeeder](System)：饋線編號：XF27,檢查存在,PASS
2021.09.16.16.01.54.206[Normal][INERADMS.Controllers.GisMapController.PositioningUsingFeeder](System)：饋線編號：XF27,準備開始饋線編號定位流程
2021.09.16.16.01.54.221[Normal][INERADMS.Controllers.GisMapController.PositioningUsingFeeder](System)：饋線編號：XF27,檢查存在,PASS
2021.09.16.16.01.54.331[Normal][INERADMS.Controllers.GisMapController.PositioningUsingFeeder](System)：饋線編號：XF27,準備開始饋線編號定位流程
2021.09.16.16.01.54.346[Normal][INERADMS.Controllers.GisMapController.PositioningUsingFeeder](System)：饋線編號：XF27,檢查存在,PASS
2021.09.16.16.05.02.634[Normal][INERADMS.Controllers.GisMapController.Map](System)：檢查登入者帳號....
2021.09.16.16.05.02.634[Normal][INERADMS.Controllers.GisMapController.Map](System)：目前登入者帳號不存在。
2021.09.16.16.07.22.130[Normal][INERADMS.Controllers.HomeController.LogIn](System)：ineradmin,Hp6uPRWAKR1mVAGezJxf1qfAr0/4Q9QFw+ICg+bqJCA=
2021.09.16.16.07.22.145[Normal][INERADMS.Controllers.HomeController.LogIn](System)：ineradmin登入檢查過關
2021.09.16.16.07.22.208[Normal][INERADMS.Controllers.HomeController.LogIn](System)：目前登入者帳號是：ineradmin,登入紀錄OK
2021.09.16.16.07.22.270[Normal][INERADMS.Controllers.GisMapController.Map](System)：檢查登入者帳號....
2021.09.16.16.07.22.270[Normal][INERADMS.Controllers.GisMapController.Map](System)：目前登入者帳號是：ineradmin
2021.09.16.16.07.35.709[Normal][INERADMS.Controllers.GisMapController.GetEquipmentClasses](System)：資料庫連接字串：Server=192.168.1.22;Port=5432;Database=GISADMS;User Id=postgres;Password=ok;,準備撈設備類別
2021.09.16.16.07.35.724[Normal][INERADMS.Controllers.GisMapController.GetEquipmentClasses](System)：設備類別資訊取得完成
2021.09.16.16.07.40.068[Normal][INERADMS.Controllers.GisMapController.Map](System)：檢查登入者帳號....
2021.09.16.16.07.40.068[Normal][INERADMS.Controllers.GisMapController.Map](System)：目前登入者帳號不存在。
2021.09.16.16.07.55.371[Normal][INERADMS.Controllers.HomeController.LogIn](System)：ineradmin,Hp6uPRWAKR1mVAGezJxf1qfAr0/4Q9QFw+ICg+bqJCA=
2021.09.16.16.07.55.371[Normal][INERADMS.Controllers.HomeController.LogIn](System)：ineradmin登入檢查過關
2021.09.16.16.07.55.433[Normal][INERADMS.Controllers.HomeController.LogIn](System)：目前登入者帳號是：ineradmin,登入紀錄OK
2021.09.16.16.07.55.449[Normal][INERADMS.Controllers.GisMapController.Map](System)：檢查登入者帳號....
2021.09.16.16.07.55.449[Normal][INERADMS.Controllers.GisMapController.Map](System)：目前登入者帳號是：ineradmin
2021.09.16.16.07.56.121[Normal][INERADMS.Controllers.GisMapController.GetEquipmentClasses](System)：資料庫連接字串：Server=192.168.1.22;Port=5432;Database=GISADMS;User Id=postgres;Password=ok;,準備撈設備類別
2021.09.16.16.07.56.121[Normal][INERADMS.Controllers.GisMapController.GetEquipmentClasses](System)：設備類別資訊取得完成
2021.09.16.16.08.03.949[Normal][INERADMS.Controllers.GisMapController.PositioningUsingFeeder](System)：饋線編號：,準備開始饋線編號定位流程
2021.09.16.16.08.03.949[Normal][INERADMS.Controllers.GisMapController.PositioningUsingFeeder](System)：饋線編號：,檢查不存在
2021.09.16.16.08.06.908[Normal][INERADMS.Controllers.GisMapController.GetInfoWindowData](System)：資料庫連接字串：Server=192.168.1.22;Port=5432;Database=GISADMS;User Id=postgres;Password=ok;,傳入TID=106,OID=171256
2021.09.16.16.08.06.923[Normal][EquipmentInfo.GetEquipmentInfo](System)：設備FSC:106,設備OID:171256,EquipmentInfo.GetEquipmentInfo函數啟動
2021.09.16.16.08.06.939[Normal][EquipmentInfo.GetEquipmentInfo](System)：設備FSC:106,設備OID:171256,設備類別碼有效性檢查PASSED
2021.09.16.16.08.06.970[Normal][EquipmentInfo.GetEquipmentInfo](System)：設備FSC:106,設備OID:171256,抓到座標值是TWD67座標下X=196765,y=2624388
2021.09.16.16.08.06.970[Normal][INERADMS.Models.EquipmentInfo.GetEquipmentInfo](System)：設備FSC:106,設備OID:171256,原無饋線編號,抓饋線編號先抓到FDR1值為285
2021.09.16.16.08.06.970[Normal][INERADMS.Models.EquipmentInfo.GetEquipmentInfo](System)：傳入FDR=285,得到饋線編號為XW37
2021.09.16.16.08.06.970[Normal][INERADMS.Models.EquipmentInfo.GetEquipmentInfo](System)：傳入TID=106,得到表格名稱=edge
2021.09.16.16.08.07.017[Normal][INERADMS.Models.EquipmentInfo.GetEquipmentInfo](System)：設備FSC:106,設備OID:171256,表格名稱=edge,基本設備資訊查詢完成
2021.09.16.16.08.07.017[Normal][INERADMS.Models.EquipmentInfo.GetEquipmentInfo](System)：表格名稱=edge,欄位名稱翻譯資訊查詢完成
2021.09.16.16.08.07.017[Normal][INERADMS.Models.EquipmentInfo.GetEquipmentInfo](System)：開始轉換基本設備資訊的欄位名稱......
2021.09.16.16.08.07.158[Normal][INERADMS.Models.EquipmentInfo.GetEquipmentInfo](System)：轉換基本設備資訊的欄位名稱完畢。
2021.09.16.16.08.22.254[Normal][INERADMS.Controllers.GisMapController.PositioningUsingFeeder](System)：饋線編號：XF29,準備開始饋線編號定位流程
2021.09.16.16.08.22.270[Normal][INERADMS.Controllers.GisMapController.PositioningUsingFeeder](System)：饋線編號：XF29,檢查存在,PASS
2021.09.16.16.08.52.588[Normal][INERADMS.Controllers.GisMapController.PositioningUsingFeeder](System)：饋線編號：XF29,準備開始饋線編號定位流程
2021.09.16.16.08.52.588[Normal][INERADMS.Controllers.GisMapController.PositioningUsingFeeder](System)：饋線編號：XF29,檢查存在,PASS
2021.09.16.16.09.03.354[Normal][INERADMS.Controllers.GisMapController.PositioningUsingFeeder](System)：饋線編號：XF29,準備開始饋線編號定位流程
2021.09.16.16.09.03.370[Normal][INERADMS.Controllers.GisMapController.PositioningUsingFeeder](System)：饋線編號：XF29,檢查存在,PASS
2021.09.16.16.09.04.307[Normal][INERADMS.Controllers.GisMapController.PositioningUsingFeeder](System)：饋線編號：XF29,準備開始饋線編號定位流程
2021.09.16.16.09.04.339[Normal][INERADMS.Controllers.GisMapController.PositioningUsingFeeder](System)：饋線編號：XF29,檢查存在,PASS
2021.09.16.16.09.06.026[Normal][INERADMS.Controllers.GisMapController.PositioningUsingFeeder](System)：饋線編號：XF29,準備開始饋線編號定位流程
2021.09.16.16.09.06.042[Normal][INERADMS.Controllers.GisMapController.PositioningUsingFeeder](System)：饋線編號：XF29,檢查存在,PASS
2021.09.16.16.09.06.433[Normal][INERADMS.Controllers.GisMapController.PositioningUsingFeeder](System)：饋線編號：XF29,準備開始饋線編號定位流程
2021.09.16.16.09.06.433[Normal][INERADMS.Controllers.GisMapController.PositioningUsingFeeder](System)：饋線編號：XF29,檢查存在,PASS
2021.09.16.16.09.08.810[Normal][INERADMS.Controllers.GisMapController.PositioningUsingFeeder](System)：饋線編號：XF29,準備開始饋線編號定位流程
2021.09.16.16.09.08.810[Normal][INERADMS.Controllers.GisMapController.PositioningUsingFeeder](System)：饋線編號：XF29,檢查存在,PASS
2021.09.16.16.09.09.402[Normal][INERADMS.Controllers.GisMapController.PositioningUsingFeeder](System)：饋線編號：XF29,準備開始饋線編號定位流程
2021.09.16.16.09.09.418[Normal][INERADMS.Controllers.GisMapController.PositioningUsingFeeder](System)：饋線編號：XF29,檢查存在,PASS
2021.09.16.16.09.46.604[Normal][INERADMS.Controllers.GisMapController.PositioningUsingFeeder](System)：饋線編號：XA28,準備開始饋線編號定位流程
2021.09.16.16.09.46.619[Normal][INERADMS.Controllers.GisMapController.PositioningUsingFeeder](System)：饋線編號：XA28,檢查存在,PASS
2021.09.16.16.11.27.843[Normal][INERADMS.Controllers.GisMapController.Map](System)：檢查登入者帳號....
2021.09.16.16.11.27.843[Normal][INERADMS.Controllers.GisMapController.Map](System)：目前登入者帳號不存在。
2021.09.16.16.11.33.516[Normal][INERADMS.Controllers.HomeController.LogIn](System)：ineradmin,Hp6uPRWAKR1mVAGezJxf1qfAr0/4Q9QFw+ICg+bqJCA=
2021.09.16.16.11.33.531[Normal][INERADMS.Controllers.HomeController.LogIn](System)：ineradmin登入檢查過關
2021.09.16.16.11.33.625[Normal][INERADMS.Controllers.HomeController.LogIn](System)：目前登入者帳號是：ineradmin,登入紀錄OK
2021.09.16.16.11.33.641[Normal][INERADMS.Controllers.GisMapController.Map](System)：檢查登入者帳號....
2021.09.16.16.11.33.641[Normal][INERADMS.Controllers.GisMapController.Map](System)：目前登入者帳號是：ineradmin
2021.09.16.16.11.34.688[Normal][INERADMS.Controllers.GisMapController.GetEquipmentClasses](System)：資料庫連接字串：Server=192.168.1.22;Port=5432;Database=GISADMS;User Id=postgres;Password=ok;,準備撈設備類別
2021.09.16.16.11.34.688[Normal][INERADMS.Controllers.GisMapController.GetEquipmentClasses](System)：設備類別資訊取得完成
2021.09.16.16.11.53.642[Normal][INERADMS.Controllers.GisMapController.Map](System)：檢查登入者帳號....
2021.09.16.16.11.53.642[Normal][INERADMS.Controllers.GisMapController.Map](System)：目前登入者帳號是：ineradmin
2021.09.16.16.11.56.127[Normal][INERADMS.Controllers.GisMapController.GetEquipmentClasses](System)：資料庫連接字串：Server=192.168.1.22;Port=5432;Database=GISADMS;User Id=postgres;Password=ok;,準備撈設備類別
2021.09.16.16.11.56.143[Normal][INERADMS.Controllers.GisMapController.GetEquipmentClasses](System)：設備類別資訊取得完成
2021.09.16.16.12.49.232[Normal][INERADMS.Controllers.GisMapController.Map](System)：檢查登入者帳號....
2021.09.16.16.12.49.248[Normal][INERADMS.Controllers.GisMapController.Map](System)：目前登入者帳號不存在。
2021.09.16.16.12.54.867[Normal][INERADMS.Controllers.HomeController.LogIn](System)：ineradmin,Hp6uPRWAKR1mVAGezJxf1qfAr0/4Q9QFw+ICg+bqJCA=
2021.09.16.16.12.54.882[Normal][INERADMS.Controllers.HomeController.LogIn](System)：ineradmin登入檢查過關
2021.09.16.16.12.54.929[Normal][INERADMS.Controllers.HomeController.LogIn](System)：目前登入者帳號是：ineradmin,登入紀錄OK
2021.09.16.16.12.54.945[Normal][INERADMS.Controllers.GisMapController.Map](System)：檢查登入者帳號....
2021.09.16.16.12.54.945[Normal][INERADMS.Controllers.GisMapController.Map](System)：目前登入者帳號是：ineradmin
2021.09.16.16.12.57.090[Normal][INERADMS.Controllers.GisMapController.GetEquipmentClasses](System)：資料庫連接字串：Server=192.168.1.22;Port=5432;Database=GISADMS;User Id=postgres;Password=ok;,準備撈設備類別
2021.09.16.16.12.57.105[Normal][INERADMS.Controllers.GisMapController.GetEquipmentClasses](System)：設備類別資訊取得完成
2021.09.16.16.17.13.179[Normal][INERADMS.Controllers.GisMapController.Map](System)：檢查登入者帳號....
2021.09.16.16.17.13.179[Normal][INERADMS.Controllers.GisMapController.Map](System)：目前登入者帳號不存在。
2021.09.16.16.17.21.335[Normal][INERADMS.Controllers.HomeController.LogIn](System)：ineradmin,Hp6uPRWAKR1mVAGezJxf1qfAr0/4Q9QFw+ICg+bqJCA=
2021.09.16.16.17.21.367[Normal][INERADMS.Controllers.HomeController.LogIn](System)：ineradmin登入檢查過關
2021.09.16.16.17.21.413[Normal][INERADMS.Controllers.HomeController.LogIn](System)：目前登入者帳號是：ineradmin,登入紀錄OK
2021.09.16.16.17.21.429[Normal][INERADMS.Controllers.GisMapController.Map](System)：檢查登入者帳號....
2021.09.16.16.17.21.429[Normal][INERADMS.Controllers.GisMapController.Map](System)：目前登入者帳號是：ineradmin
2021.09.16.16.17.24.664[Normal][INERADMS.Controllers.GisMapController.GetEquipmentClasses](System)：資料庫連接字串：Server=192.168.1.22;Port=5432;Database=GISADMS;User Id=postgres;Password=ok;,準備撈設備類別
2021.09.16.16.17.24.664[Normal][INERADMS.Controllers.GisMapController.GetEquipmentClasses](System)：設備類別資訊取得完成
2021.09.16.17.35.42.271[Normal][INERADMS.Controllers.GisMapController.Map](System)：檢查登入者帳號....
2021.09.16.17.35.42.271[Normal][INERADMS.Controllers.GisMapController.Map](System)：目前登入者帳號不存在。
2021.09.16.17.36.04.690[Normal][INERADMS.Controllers.HomeController.LogIn](System)：ineradmin,Hp6uPRWAKR1mVAGezJxf1qfAr0/4Q9QFw+ICg+bqJCA=
2021.09.16.17.36.04.784[Normal][INERADMS.Controllers.HomeController.LogIn](System)：ineradmin登入檢查過關
2021.09.16.17.36.05.050[Normal][INERADMS.Controllers.HomeController.LogIn](System)：目前登入者帳號是：ineradmin,登入紀錄OK
2021.09.16.17.36.05.097[Normal][INERADMS.Controllers.GisMapController.Map](System)：檢查登入者帳號....
2021.09.16.17.36.05.097[Normal][INERADMS.Controllers.GisMapController.Map](System)：目前登入者帳號是：ineradmin
2021.09.16.17.36.17.144[Normal][INERADMS.Controllers.GisMapController.GetEquipmentClasses](System)：資料庫連接字串：Server=192.168.1.22;Port=5432;Database=GISADMS;User Id=postgres;Password=ok;,準備撈設備類別
2021.09.16.17.36.17.207[Normal][INERADMS.Controllers.GisMapController.GetEquipmentClasses](System)：設備類別資訊取得完成
2021.09.16.17.36.41.594[Normal][INERADMS.Controllers.GisMapController.PositioningUsingFeeder](System)：饋線編號：XF27,準備開始饋線編號定位流程
2021.09.16.17.36.41.672[Normal][INERADMS.Controllers.GisMapController.PositioningUsingFeeder](System)：饋線編號：XF27,檢查存在,PASS
2021.09.16.17.36.51.774[Normal][INERADMS.Controllers.GisMapController.PositioningUsingFeeder](System)：饋線編號：XF27,準備開始饋線編號定位流程
2021.09.16.17.36.51.821[Normal][INERADMS.Controllers.GisMapController.PositioningUsingFeeder](System)：饋線編號：XF27,檢查存在,PASS
2021.09.16.17.37.13.885[Normal][INERADMS.Controllers.GisMapController.PositioningUsingFeeder](System)：饋線編號：XF27,準備開始饋線編號定位流程
2021.09.16.17.37.13.948[Normal][INERADMS.Controllers.GisMapController.PositioningUsingFeeder](System)：饋線編號：XF27,檢查存在,PASS
2021.09.16.17.37.14.089[Normal][INERADMS.Controllers.GisMapController.PositioningUsingFeeder](System)：饋線編號：XF27,準備開始饋線編號定位流程
2021.09.16.17.37.14.135[Normal][INERADMS.Controllers.GisMapController.PositioningUsingFeeder](System)：饋線編號：XF27,檢查存在,PASS
2021.09.16.17.37.15.526[Normal][INERADMS.Controllers.GisMapController.PositioningUsingFeeder](System)：饋線編號：XF27,準備開始饋線編號定位流程
2021.09.16.17.37.15.573[Normal][INERADMS.Controllers.GisMapController.PositioningUsingFeeder](System)：饋線編號：XF27,檢查存在,PASS
2021.09.16.17.37.38.751[Normal][INERADMS.Controllers.GisMapController.PositioningUsingFeeder](System)：饋線編號：XF27,準備開始饋線編號定位流程
2021.09.16.17.37.38.798[Normal][INERADMS.Controllers.GisMapController.PositioningUsingFeeder](System)：饋線編號：XF27,檢查存在,PASS
2021.09.16.17.37.40.333[Normal][INERADMS.Controllers.GisMapController.PositioningUsingFeeder](System)：饋線編號：XF27,準備開始饋線編號定位流程
2021.09.16.17.37.40.380[Normal][INERADMS.Controllers.GisMapController.PositioningUsingFeeder](System)：饋線編號：XF27,檢查存在,PASS
2021.09.16.17.55.27.571[Normal][INERADMS.Controllers.GisMapController.Map](System)：檢查登入者帳號....
2021.09.16.17.55.27.571[Normal][INERADMS.Controllers.GisMapController.Map](System)：目前登入者帳號不存在。
