2021.08.02.11.00.36.891[Normal][INERADMS.Controllers.GisMapController.Map](System)：檢查登入者帳號....
2021.08.02.11.00.36.891[Normal][INERADMS.Controllers.GisMapController.Map](System)：目前登入者帳號不存在。
2021.08.02.11.00.45.563[Normal][INERADMS.Controllers.HomeController.LogIn](System)：ineradmin,Hp6uPRWAKR1mVAGezJxf1qfAr0/4Q9QFw+ICg+bqJCA=
2021.08.02.11.00.45.704[Normal][INERADMS.Controllers.HomeController.LogIn](System)：ineradmin登入檢查過關
2021.08.02.11.00.45.860[Normal][INERADMS.Controllers.HomeController.LogIn](System)：目前登入者帳號是：ineradmin,登入紀錄OK
2021.08.02.11.00.45.954[Normal][INERADMS.Controllers.GisMapController.Map](System)：檢查登入者帳號....
2021.08.02.11.00.45.954[Normal][INERADMS.Controllers.GisMapController.Map](System)：目前登入者帳號是：ineradmin
2021.08.02.11.01.00.973[Normal][INERADMS.Controllers.GisMapController.GetEquipmentClasses](System)：資料庫連接字串：Server=192.168.1.22;Port=5432;Database=GISADMS;User Id=postgres;Password=ok;,準備撈設備類別
2021.08.02.11.01.01.004[Normal][INERADMS.Controllers.GisMapController.GetEquipmentClasses](System)：設備類別資訊取得完成
2021.08.02.11.01.17.316[Normal][INERADMS.Controllers.HomeController.LogIn](System)：ineradmin,Hp6uPRWAKR1mVAGezJxf1qfAr0/4Q9QFw+ICg+bqJCA=
2021.08.02.11.01.17.535[Normal][INERADMS.Controllers.HomeController.LogIn](System)：ineradmin登入檢查過關
2021.08.02.11.01.17.660[Normal][INERADMS.Controllers.HomeController.LogIn](System)：目前登入者帳號是：ineradmin,登入紀錄OK
2021.08.02.11.01.17.723[Normal][INERADMS.Controllers.GisMapController.Map](System)：檢查登入者帳號....
2021.08.02.11.01.17.723[Normal][INERADMS.Controllers.GisMapController.Map](System)：目前登入者帳號是：ineradmin
2021.08.02.11.01.20.129[Normal][INERADMS.Controllers.GisMapController.GetEquipmentClasses](System)：資料庫連接字串：Server=192.168.1.22;Port=5432;Database=GISADMS;User Id=postgres;Password=ok;,準備撈設備類別
2021.08.02.11.01.20.145[Normal][INERADMS.Controllers.GisMapController.GetEquipmentClasses](System)：設備類別資訊取得完成
2021.08.02.11.02.24.981[Normal][INERADMS.Controllers.GisMapController.Map](System)：檢查登入者帳號....
2021.08.02.11.02.24.996[Normal][INERADMS.Controllers.GisMapController.Map](System)：目前登入者帳號是：ineradmin
2021.08.02.11.02.26.403[Normal][INERADMS.Controllers.GisMapController.GetEquipmentClasses](System)：資料庫連接字串：Server=192.168.1.22;Port=5432;Database=GISADMS;User Id=postgres;Password=ok;,準備撈設備類別
2021.08.02.11.02.26.418[Normal][INERADMS.Controllers.GisMapController.GetEquipmentClasses](System)：設備類別資訊取得完成
2021.08.02.11.06.51.453[Normal][INERADMS.Controllers.GisMapController.Map](System)：檢查登入者帳號....
2021.08.02.11.06.51.469[Normal][INERADMS.Controllers.GisMapController.Map](System)：目前登入者帳號不存在。
2021.08.02.11.07.01.307[Normal][INERADMS.Controllers.HomeController.LogIn](System)：ineradmin,Hp6uPRWAKR1mVAGezJxf1qfAr0/4Q9QFw+ICg+bqJCA=
2021.08.02.11.07.01.526[Normal][INERADMS.Controllers.HomeController.LogIn](System)：ineradmin登入檢查過關
2021.08.02.11.07.01.657[Normal][INERADMS.Controllers.HomeController.LogIn](System)：目前登入者帳號是：ineradmin,登入紀錄OK
2021.08.02.11.07.01.688[Normal][INERADMS.Controllers.GisMapController.Map](System)：檢查登入者帳號....
2021.08.02.11.07.01.704[Normal][INERADMS.Controllers.GisMapController.Map](System)：目前登入者帳號是：ineradmin
2021.08.02.11.07.03.704[Normal][INERADMS.Controllers.GisMapController.GetEquipmentClasses](System)：資料庫連接字串：Server=192.168.1.22;Port=5432;Database=GISADMS;User Id=postgres;Password=ok;,準備撈設備類別
2021.08.02.11.07.03.767[Normal][INERADMS.Controllers.GisMapController.GetEquipmentClasses](System)：設備類別資訊取得完成
2021.08.02.11.07.18.622[Normal][INERADMS.Controllers.GisMapController.Map](System)：檢查登入者帳號....
2021.08.02.11.07.18.638[Normal][INERADMS.Controllers.GisMapController.Map](System)：目前登入者帳號是：ineradmin
2021.08.02.11.07.19.669[Normal][INERADMS.Controllers.GisMapController.GetEquipmentClasses](System)：資料庫連接字串：Server=192.168.1.22;Port=5432;Database=GISADMS;User Id=postgres;Password=ok;,準備撈設備類別
2021.08.02.11.07.19.685[Normal][INERADMS.Controllers.GisMapController.GetEquipmentClasses](System)：設備類別資訊取得完成
2021.08.02.11.08.43.018[Normal][INERADMS.Controllers.GisMapController.Map](System)：檢查登入者帳號....
2021.08.02.11.08.43.034[Normal][INERADMS.Controllers.GisMapController.Map](System)：目前登入者帳號是：ineradmin
2021.08.02.11.08.43.956[Normal][INERADMS.Controllers.GisMapController.GetEquipmentClasses](System)：資料庫連接字串：Server=192.168.1.22;Port=5432;Database=GISADMS;User Id=postgres;Password=ok;,準備撈設備類別
2021.08.02.11.08.43.971[Normal][INERADMS.Controllers.GisMapController.GetEquipmentClasses](System)：設備類別資訊取得完成
2021.08.02.11.10.11.814[Normal][INERADMS.Controllers.GisMapController.Map](System)：檢查登入者帳號....
2021.08.02.11.10.11.814[Normal][INERADMS.Controllers.GisMapController.Map](System)：目前登入者帳號是：ineradmin
2021.08.02.11.10.13.439[Normal][INERADMS.Controllers.GisMapController.GetEquipmentClasses](System)：資料庫連接字串：Server=192.168.1.22;Port=5432;Database=GISADMS;User Id=postgres;Password=ok;,準備撈設備類別
2021.08.02.11.10.13.455[Normal][INERADMS.Controllers.GisMapController.GetEquipmentClasses](System)：設備類別資訊取得完成
2021.08.02.11.13.06.426[Normal][INERADMS.Controllers.GisMapController.Map](System)：檢查登入者帳號....
2021.08.02.11.13.06.426[Normal][INERADMS.Controllers.GisMapController.Map](System)：目前登入者帳號是：ineradmin
2021.08.02.11.13.07.410[Normal][INERADMS.Controllers.GisMapController.GetEquipmentClasses](System)：資料庫連接字串：Server=192.168.1.22;Port=5432;Database=GISADMS;User Id=postgres;Password=ok;,準備撈設備類別
2021.08.02.11.13.07.426[Normal][INERADMS.Controllers.GisMapController.GetEquipmentClasses](System)：設備類別資訊取得完成
2021.08.02.11.13.45.817[Normal][INERADMS.Controllers.GisMapController.Map](System)：檢查登入者帳號....
2021.08.02.11.13.45.817[Normal][INERADMS.Controllers.GisMapController.Map](System)：目前登入者帳號不存在。
2021.08.02.11.14.01.959[Normal][INERADMS.Controllers.HomeController.LogIn](System)：ineradmin,Hp6uPRWAKR1mVAGezJxf1qfAr0/4Q9QFw+ICg+bqJCA=
2021.08.02.11.14.01.990[Normal][INERADMS.Controllers.HomeController.LogIn](System)：ineradmin登入檢查過關
2021.08.02.11.14.02.099[Normal][INERADMS.Controllers.HomeController.LogIn](System)：目前登入者帳號是：ineradmin,登入紀錄OK
2021.08.02.11.14.02.318[Normal][INERADMS.Controllers.GisMapController.Map](System)：檢查登入者帳號....
2021.08.02.11.14.02.318[Normal][INERADMS.Controllers.GisMapController.Map](System)：目前登入者帳號是：ineradmin
2021.08.02.11.14.05.521[Normal][INERADMS.Controllers.GisMapController.GetEquipmentClasses](System)：資料庫連接字串：Server=192.168.1.22;Port=5432;Database=GISADMS;User Id=postgres;Password=ok;,準備撈設備類別
2021.08.02.11.14.05.975[Normal][INERADMS.Controllers.GisMapController.GetEquipmentClasses](System)：設備類別資訊取得完成
2021.08.02.11.14.13.163[Normal][INERADMS.Controllers.HomeController.LogIn](System)：ineradmin,Hp6uPRWAKR1mVAGezJxf1qfAr0/4Q9QFw+ICg+bqJCA=
2021.08.02.11.14.13.194[Normal][INERADMS.Controllers.HomeController.LogIn](System)：ineradmin登入檢查過關
2021.08.02.11.14.13.288[Normal][INERADMS.Controllers.HomeController.LogIn](System)：目前登入者帳號是：ineradmin,登入紀錄OK
2021.08.02.11.14.13.319[Normal][INERADMS.Controllers.GisMapController.Map](System)：檢查登入者帳號....
2021.08.02.11.14.13.319[Normal][INERADMS.Controllers.GisMapController.Map](System)：目前登入者帳號是：ineradmin
2021.08.02.11.14.15.554[Normal][INERADMS.Controllers.GisMapController.GetEquipmentClasses](System)：資料庫連接字串：Server=192.168.1.22;Port=5432;Database=GISADMS;User Id=postgres;Password=ok;,準備撈設備類別
2021.08.02.11.14.15.570[Normal][INERADMS.Controllers.GisMapController.GetEquipmentClasses](System)：設備類別資訊取得完成
2021.08.02.11.14.46.951[Normal][INERADMS.Controllers.GisMapController.Map](System)：檢查登入者帳號....
2021.08.02.11.14.46.951[Normal][INERADMS.Controllers.GisMapController.Map](System)：目前登入者帳號是：ineradmin
2021.08.02.11.14.48.263[Normal][INERADMS.Controllers.GisMapController.GetEquipmentClasses](System)：資料庫連接字串：Server=192.168.1.22;Port=5432;Database=GISADMS;User Id=postgres;Password=ok;,準備撈設備類別
2021.08.02.11.14.48.279[Normal][INERADMS.Controllers.GisMapController.GetEquipmentClasses](System)：設備類別資訊取得完成
2021.08.02.11.16.52.103[Normal][INERADMS.Controllers.GisMapController.Map](System)：檢查登入者帳號....
2021.08.02.11.16.52.103[Normal][INERADMS.Controllers.GisMapController.Map](System)：目前登入者帳號是：ineradmin
2021.08.02.11.16.53.322[Normal][INERADMS.Controllers.GisMapController.GetEquipmentClasses](System)：資料庫連接字串：Server=192.168.1.22;Port=5432;Database=GISADMS;User Id=postgres;Password=ok;,準備撈設備類別
2021.08.02.11.16.53.337[Normal][INERADMS.Controllers.GisMapController.GetEquipmentClasses](System)：設備類別資訊取得完成
2021.08.02.11.17.07.457[Normal][INERADMS.Controllers.GisMapController.Map](System)：檢查登入者帳號....
2021.08.02.11.17.07.473[Normal][INERADMS.Controllers.GisMapController.Map](System)：目前登入者帳號是：ineradmin
2021.08.02.11.17.08.816[Normal][INERADMS.Controllers.GisMapController.GetEquipmentClasses](System)：資料庫連接字串：Server=192.168.1.22;Port=5432;Database=GISADMS;User Id=postgres;Password=ok;,準備撈設備類別
2021.08.02.11.17.08.832[Normal][INERADMS.Controllers.GisMapController.GetEquipmentClasses](System)：設備類別資訊取得完成
2021.08.02.11.17.59.524[Normal][INERADMS.Controllers.GisMapController.Map](System)：檢查登入者帳號....
2021.08.02.11.17.59.524[Normal][INERADMS.Controllers.GisMapController.Map](System)：目前登入者帳號是：ineradmin
2021.08.02.11.18.00.687[Normal][INERADMS.Controllers.GisMapController.GetEquipmentClasses](System)：資料庫連接字串：Server=192.168.1.22;Port=5432;Database=GISADMS;User Id=postgres;Password=ok;,準備撈設備類別
2021.08.02.11.18.00.703[Normal][INERADMS.Controllers.GisMapController.GetEquipmentClasses](System)：設備類別資訊取得完成
2021.08.02.11.21.38.849[Normal][INERADMS.Controllers.GisMapController.Map](System)：檢查登入者帳號....
2021.08.02.11.21.38.849[Normal][INERADMS.Controllers.GisMapController.Map](System)：目前登入者帳號是：ineradmin
2021.08.02.11.21.40.537[Normal][INERADMS.Controllers.GisMapController.GetEquipmentClasses](System)：資料庫連接字串：Server=192.168.1.22;Port=5432;Database=GISADMS;User Id=postgres;Password=ok;,準備撈設備類別
2021.08.02.11.21.40.568[Normal][INERADMS.Controllers.GisMapController.GetEquipmentClasses](System)：設備類別資訊取得完成
2021.08.02.11.22.03.621[Normal][INERADMS.Controllers.GisMapController.Map](System)：檢查登入者帳號....
2021.08.02.11.22.03.621[Normal][INERADMS.Controllers.GisMapController.Map](System)：目前登入者帳號是：ineradmin
2021.08.02.11.22.04.918[Normal][INERADMS.Controllers.GisMapController.GetEquipmentClasses](System)：資料庫連接字串：Server=192.168.1.22;Port=5432;Database=GISADMS;User Id=postgres;Password=ok;,準備撈設備類別
2021.08.02.11.22.04.934[Normal][INERADMS.Controllers.GisMapController.GetEquipmentClasses](System)：設備類別資訊取得完成
2021.08.02.11.23.25.590[Normal][INERADMS.Controllers.GisMapController.Map](System)：檢查登入者帳號....
2021.08.02.11.23.25.590[Normal][INERADMS.Controllers.GisMapController.Map](System)：目前登入者帳號是：ineradmin
2021.08.02.11.23.26.778[Normal][INERADMS.Controllers.GisMapController.GetEquipmentClasses](System)：資料庫連接字串：Server=192.168.1.22;Port=5432;Database=GISADMS;User Id=postgres;Password=ok;,準備撈設備類別
2021.08.02.11.23.26.793[Normal][INERADMS.Controllers.GisMapController.GetEquipmentClasses](System)：設備類別資訊取得完成
2021.08.02.11.24.18.129[Normal][INERADMS.Controllers.GisMapController.Map](System)：檢查登入者帳號....
2021.08.02.11.24.18.129[Normal][INERADMS.Controllers.GisMapController.Map](System)：目前登入者帳號是：ineradmin
2021.08.02.11.24.19.708[Normal][INERADMS.Controllers.GisMapController.GetEquipmentClasses](System)：資料庫連接字串：Server=192.168.1.22;Port=5432;Database=GISADMS;User Id=postgres;Password=ok;,準備撈設備類別
2021.08.02.11.24.19.739[Normal][INERADMS.Controllers.GisMapController.GetEquipmentClasses](System)：設備類別資訊取得完成
2021.08.02.11.27.35.564[Normal][INERADMS.Controllers.GisMapController.Map](System)：檢查登入者帳號....
2021.08.02.11.27.35.564[Normal][INERADMS.Controllers.GisMapController.Map](System)：目前登入者帳號是：ineradmin
2021.08.02.11.27.37.080[Normal][INERADMS.Controllers.GisMapController.GetEquipmentClasses](System)：資料庫連接字串：Server=192.168.1.22;Port=5432;Database=GISADMS;User Id=postgres;Password=ok;,準備撈設備類別
2021.08.02.11.27.37.096[Normal][INERADMS.Controllers.GisMapController.GetEquipmentClasses](System)：設備類別資訊取得完成
2021.08.02.11.29.30.795[Normal][INERADMS.Controllers.GisMapController.Map](System)：檢查登入者帳號....
2021.08.02.11.29.30.795[Normal][INERADMS.Controllers.GisMapController.Map](System)：目前登入者帳號是：ineradmin
2021.08.02.11.29.31.888[Normal][INERADMS.Controllers.GisMapController.GetEquipmentClasses](System)：資料庫連接字串：Server=192.168.1.22;Port=5432;Database=GISADMS;User Id=postgres;Password=ok;,準備撈設備類別
2021.08.02.11.29.31.904[Normal][INERADMS.Controllers.GisMapController.GetEquipmentClasses](System)：設備類別資訊取得完成
2021.08.02.11.35.06.183[Normal][INERADMS.Controllers.GisMapController.Map](System)：檢查登入者帳號....
2021.08.02.11.35.06.183[Normal][INERADMS.Controllers.GisMapController.Map](System)：目前登入者帳號是：ineradmin
2021.08.02.11.35.07.333[Normal][INERADMS.Controllers.GisMapController.GetEquipmentClasses](System)：資料庫連接字串：Server=192.168.1.22;Port=5432;Database=GISADMS;User Id=postgres;Password=ok;,準備撈設備類別
2021.08.02.11.35.07.348[Normal][INERADMS.Controllers.GisMapController.GetEquipmentClasses](System)：設備類別資訊取得完成
2021.08.02.11.36.26.764[Normal][INERADMS.Controllers.GisMapController.Map](System)：檢查登入者帳號....
2021.08.02.11.36.26.764[Normal][INERADMS.Controllers.GisMapController.Map](System)：目前登入者帳號是：ineradmin
2021.08.02.11.36.28.456[Normal][INERADMS.Controllers.GisMapController.GetEquipmentClasses](System)：資料庫連接字串：Server=192.168.1.22;Port=5432;Database=GISADMS;User Id=postgres;Password=ok;,準備撈設備類別
2021.08.02.11.36.28.472[Normal][INERADMS.Controllers.GisMapController.GetEquipmentClasses](System)：設備類別資訊取得完成
2021.08.02.11.40.25.750[Normal][INERADMS.Controllers.HomeController.LogIn](System)：ineradmin,Hp6uPRWAKR1mVAGezJxf1qfAr0/4Q9QFw+ICg+bqJCA=
2021.08.02.11.40.25.781[Normal][INERADMS.Controllers.HomeController.LogIn](System)：ineradmin登入檢查過關
2021.08.02.11.40.25.875[Normal][INERADMS.Controllers.HomeController.LogIn](System)：目前登入者帳號是：ineradmin,登入紀錄OK
2021.08.02.11.40.25.906[Normal][INERADMS.Controllers.GisMapController.Map](System)：檢查登入者帳號....
2021.08.02.11.40.25.906[Normal][INERADMS.Controllers.GisMapController.Map](System)：目前登入者帳號是：ineradmin
2021.08.02.11.40.26.735[Normal][INERADMS.Controllers.GisMapController.GetEquipmentClasses](System)：資料庫連接字串：Server=192.168.1.22;Port=5432;Database=GISADMS;User Id=postgres;Password=ok;,準備撈設備類別
2021.08.02.11.40.26.813[Normal][INERADMS.Controllers.GisMapController.GetEquipmentClasses](System)：設備類別資訊取得完成
2021.08.02.11.40.51.194[Normal][INERADMS.Controllers.GisMapController.Map](System)：檢查登入者帳號....
2021.08.02.11.40.51.194[Normal][INERADMS.Controllers.GisMapController.Map](System)：目前登入者帳號是：ineradmin
2021.08.02.11.40.52.226[Normal][INERADMS.Controllers.GisMapController.GetEquipmentClasses](System)：資料庫連接字串：Server=192.168.1.22;Port=5432;Database=GISADMS;User Id=postgres;Password=ok;,準備撈設備類別
2021.08.02.11.40.52.241[Normal][INERADMS.Controllers.GisMapController.GetEquipmentClasses](System)：設備類別資訊取得完成
2021.08.02.11.41.42.897[Normal][INERADMS.Controllers.GisMapController.Map](System)：檢查登入者帳號....
2021.08.02.11.41.42.897[Normal][INERADMS.Controllers.GisMapController.Map](System)：目前登入者帳號不存在。
2021.08.02.11.41.44.444[Normal][INERADMS.Controllers.HomeController.LogIn](System)：ineradmin,Hp6uPRWAKR1mVAGezJxf1qfAr0/4Q9QFw+ICg+bqJCA=
2021.08.02.11.41.44.491[Normal][INERADMS.Controllers.HomeController.LogIn](System)：ineradmin登入檢查過關
2021.08.02.11.41.44.600[Normal][INERADMS.Controllers.HomeController.LogIn](System)：目前登入者帳號是：ineradmin,登入紀錄OK
2021.08.02.11.41.44.616[Normal][INERADMS.Controllers.GisMapController.Map](System)：檢查登入者帳號....
2021.08.02.11.41.44.616[Normal][INERADMS.Controllers.GisMapController.Map](System)：目前登入者帳號是：ineradmin
2021.08.02.11.41.45.069[Normal][INERADMS.Controllers.GisMapController.GetEquipmentClasses](System)：資料庫連接字串：Server=192.168.1.22;Port=5432;Database=GISADMS;User Id=postgres;Password=ok;,準備撈設備類別
2021.08.02.11.41.45.085[Normal][INERADMS.Controllers.GisMapController.GetEquipmentClasses](System)：設備類別資訊取得完成
2021.08.02.11.43.51.234[Normal][INERADMS.Controllers.GisMapController.Map](System)：檢查登入者帳號....
2021.08.02.11.43.51.234[Normal][INERADMS.Controllers.GisMapController.Map](System)：目前登入者帳號是：ineradmin
2021.08.02.11.43.52.953[Normal][INERADMS.Controllers.GisMapController.GetEquipmentClasses](System)：資料庫連接字串：Server=192.168.1.22;Port=5432;Database=GISADMS;User Id=postgres;Password=ok;,準備撈設備類別
2021.08.02.11.43.53.031[Normal][INERADMS.Controllers.GisMapController.GetEquipmentClasses](System)：設備類別資訊取得完成
2021.08.02.11.44.16.027[Normal][INERADMS.Controllers.HomeController.LogIn](System)：ineradmin,Hp6uPRWAKR1mVAGezJxf1qfAr0/4Q9QFw+ICg+bqJCA=
2021.08.02.11.44.16.043[Normal][INERADMS.Controllers.HomeController.LogIn](System)：ineradmin登入檢查過關
2021.08.02.11.44.16.199[Normal][INERADMS.Controllers.HomeController.LogIn](System)：目前登入者帳號是：ineradmin,登入紀錄OK
2021.08.02.11.44.16.246[Normal][INERADMS.Controllers.GisMapController.Map](System)：檢查登入者帳號....
2021.08.02.11.44.16.246[Normal][INERADMS.Controllers.GisMapController.Map](System)：目前登入者帳號是：ineradmin
2021.08.02.11.44.17.466[Normal][INERADMS.Controllers.GisMapController.GetEquipmentClasses](System)：資料庫連接字串：Server=192.168.1.22;Port=5432;Database=GISADMS;User Id=postgres;Password=ok;,準備撈設備類別
2021.08.02.11.44.17.482[Normal][INERADMS.Controllers.GisMapController.GetEquipmentClasses](System)：設備類別資訊取得完成
2021.08.02.11.44.55.845[Normal][INERADMS.Controllers.GisMapController.Map](System)：檢查登入者帳號....
2021.08.02.11.44.55.845[Normal][INERADMS.Controllers.GisMapController.Map](System)：目前登入者帳號是：ineradmin
2021.08.02.11.44.57.416[Normal][INERADMS.Controllers.GisMapController.GetEquipmentClasses](System)：資料庫連接字串：Server=192.168.1.22;Port=5432;Database=GISADMS;User Id=postgres;Password=ok;,準備撈設備類別
2021.08.02.11.44.57.448[Normal][INERADMS.Controllers.GisMapController.GetEquipmentClasses](System)：設備類別資訊取得完成
2021.08.02.11.45.07.058[Normal][INERADMS.Controllers.GisMapController.Map](System)：檢查登入者帳號....
2021.08.02.11.45.07.058[Normal][INERADMS.Controllers.GisMapController.Map](System)：目前登入者帳號是：ineradmin
2021.08.02.11.45.08.308[Normal][INERADMS.Controllers.GisMapController.GetEquipmentClasses](System)：資料庫連接字串：Server=192.168.1.22;Port=5432;Database=GISADMS;User Id=postgres;Password=ok;,準備撈設備類別
2021.08.02.11.45.08.324[Normal][INERADMS.Controllers.GisMapController.GetEquipmentClasses](System)：設備類別資訊取得完成
2021.08.02.11.47.26.798[Normal][INERADMS.Controllers.GisMapController.Map](System)：檢查登入者帳號....
2021.08.02.11.47.26.798[Normal][INERADMS.Controllers.GisMapController.Map](System)：目前登入者帳號是：ineradmin
2021.08.02.11.47.28.095[Normal][INERADMS.Controllers.GisMapController.GetEquipmentClasses](System)：資料庫連接字串：Server=192.168.1.22;Port=5432;Database=GISADMS;User Id=postgres;Password=ok;,準備撈設備類別
2021.08.02.11.47.28.111[Normal][INERADMS.Controllers.GisMapController.GetEquipmentClasses](System)：設備類別資訊取得完成
2021.08.02.11.48.36.943[Normal][INERADMS.Controllers.GisMapController.GetInfoWindowData](System)：資料庫連接字串：Server=192.168.1.22;Port=5432;Database=GISADMS;User Id=postgres;Password=ok;,傳入TID=106,OID=10122149
2021.08.02.11.48.36.943[Normal][EquipmentInfo.GetEquipmentInfo](System)：設備FSC:106,設備OID:10122149,EquipmentInfo.GetEquipmentInfo函數啟動
2021.08.02.11.48.36.974[Normal][EquipmentInfo.GetEquipmentInfo](System)：設備FSC:106,設備OID:10122149,設備類別碼有效性檢查PASSED
2021.08.02.11.48.37.037[Normal][EquipmentInfo.GetEquipmentInfo](System)：設備FSC:106,設備OID:10122149,抓到座標值是TWD67座標下X=187192,y=2617832
2021.08.02.11.48.37.037[Normal][INERADMS.Models.EquipmentInfo.GetEquipmentInfo](System)：設備FSC:106,設備OID:10122149,原無饋線編號,抓饋線編號先抓到FDR1值為184
2021.08.02.11.48.37.068[Normal][INERADMS.Models.EquipmentInfo.GetEquipmentInfo](System)：傳入FDR=184,得到饋線編號為XT30
2021.08.02.11.48.37.068[Normal][INERADMS.Models.EquipmentInfo.GetEquipmentInfo](System)：傳入TID=106,得到表格名稱=edge
2021.08.02.11.48.37.115[Normal][INERADMS.Models.EquipmentInfo.GetEquipmentInfo](System)：設備FSC:106,設備OID:10122149,表格名稱=edge,基本設備資訊查詢完成
2021.08.02.11.48.37.146[Normal][INERADMS.Models.EquipmentInfo.GetEquipmentInfo](System)：表格名稱=edge,欄位名稱翻譯資訊查詢完成
2021.08.02.11.48.37.146[Normal][INERADMS.Models.EquipmentInfo.GetEquipmentInfo](System)：開始轉換基本設備資訊的欄位名稱......
2021.08.02.11.48.37.193[Normal][INERADMS.Models.EquipmentInfo.GetEquipmentInfo](System)：轉換基本設備資訊的欄位名稱完畢。
2021.08.02.11.48.58.584[Normal][INERADMS.Controllers.GisMapController.Map](System)：檢查登入者帳號....
2021.08.02.11.48.58.584[Normal][INERADMS.Controllers.GisMapController.Map](System)：目前登入者帳號是：ineradmin
2021.08.02.11.49.00.228[Normal][INERADMS.Controllers.GisMapController.GetEquipmentClasses](System)：資料庫連接字串：Server=192.168.1.22;Port=5432;Database=GISADMS;User Id=postgres;Password=ok;,準備撈設備類別
2021.08.02.11.49.00.260[Normal][INERADMS.Controllers.GisMapController.GetEquipmentClasses](System)：設備類別資訊取得完成
2021.08.02.11.49.07.316[Normal][INERADMS.Controllers.GisMapController.Map](System)：檢查登入者帳號....
2021.08.02.11.49.07.316[Normal][INERADMS.Controllers.GisMapController.Map](System)：目前登入者帳號是：ineradmin
2021.08.02.11.49.08.472[Normal][INERADMS.Controllers.GisMapController.GetEquipmentClasses](System)：資料庫連接字串：Server=192.168.1.22;Port=5432;Database=GISADMS;User Id=postgres;Password=ok;,準備撈設備類別
2021.08.02.11.49.08.488[Normal][INERADMS.Controllers.GisMapController.GetEquipmentClasses](System)：設備類別資訊取得完成
2021.08.02.11.49.43.994[Normal][INERADMS.Controllers.GisMapController.Map](System)：檢查登入者帳號....
2021.08.02.11.49.43.994[Normal][INERADMS.Controllers.GisMapController.Map](System)：目前登入者帳號不存在。
2021.08.02.11.49.45.510[Normal][INERADMS.Controllers.HomeController.LogIn](System)：ineradmin,Hp6uPRWAKR1mVAGezJxf1qfAr0/4Q9QFw+ICg+bqJCA=
2021.08.02.11.49.45.541[Normal][INERADMS.Controllers.HomeController.LogIn](System)：ineradmin登入檢查過關
2021.08.02.11.49.45.666[Normal][INERADMS.Controllers.HomeController.LogIn](System)：目前登入者帳號是：ineradmin,登入紀錄OK
2021.08.02.11.49.45.681[Normal][INERADMS.Controllers.GisMapController.Map](System)：檢查登入者帳號....
2021.08.02.11.49.45.681[Normal][INERADMS.Controllers.GisMapController.Map](System)：目前登入者帳號是：ineradmin
2021.08.02.11.49.46.291[Normal][INERADMS.Controllers.GisMapController.GetEquipmentClasses](System)：資料庫連接字串：Server=192.168.1.22;Port=5432;Database=GISADMS;User Id=postgres;Password=ok;,準備撈設備類別
2021.08.02.11.49.46.306[Normal][INERADMS.Controllers.GisMapController.GetEquipmentClasses](System)：設備類別資訊取得完成
2021.08.02.11.51.25.149[Normal][INERADMS.Controllers.GisMapController.Map](System)：檢查登入者帳號....
2021.08.02.11.51.25.149[Normal][INERADMS.Controllers.GisMapController.Map](System)：目前登入者帳號是：ineradmin
2021.08.02.11.51.27.134[Normal][INERADMS.Controllers.GisMapController.GetEquipmentClasses](System)：資料庫連接字串：Server=192.168.1.22;Port=5432;Database=GISADMS;User Id=postgres;Password=ok;,準備撈設備類別
2021.08.02.11.51.27.149[Normal][INERADMS.Controllers.GisMapController.GetEquipmentClasses](System)：設備類別資訊取得完成
2021.08.02.11.53.30.115[Normal][INERADMS.Controllers.GisMapController.Map](System)：檢查登入者帳號....
2021.08.02.11.53.30.115[Normal][INERADMS.Controllers.GisMapController.Map](System)：目前登入者帳號是：ineradmin
2021.08.02.11.53.31.709[Normal][INERADMS.Controllers.GisMapController.GetEquipmentClasses](System)：資料庫連接字串：Server=192.168.1.22;Port=5432;Database=GISADMS;User Id=postgres;Password=ok;,準備撈設備類別
2021.08.02.11.53.31.740[Normal][INERADMS.Controllers.GisMapController.GetEquipmentClasses](System)：設備類別資訊取得完成
2021.08.02.11.55.42.939[Normal][INERADMS.Controllers.GisMapController.Map](System)：檢查登入者帳號....
2021.08.02.11.55.42.939[Normal][INERADMS.Controllers.GisMapController.Map](System)：目前登入者帳號是：ineradmin
2021.08.02.11.55.44.151[Normal][INERADMS.Controllers.GisMapController.GetEquipmentClasses](System)：資料庫連接字串：Server=192.168.1.22;Port=5432;Database=GISADMS;User Id=postgres;Password=ok;,準備撈設備類別
2021.08.02.11.55.44.182[Normal][INERADMS.Controllers.GisMapController.GetEquipmentClasses](System)：設備類別資訊取得完成
2021.08.02.11.57.29.736[Normal][INERADMS.Controllers.GisMapController.Map](System)：檢查登入者帳號....
2021.08.02.11.57.29.736[Normal][INERADMS.Controllers.GisMapController.Map](System)：目前登入者帳號是：ineradmin
2021.08.02.11.57.31.017[Normal][INERADMS.Controllers.GisMapController.GetEquipmentClasses](System)：資料庫連接字串：Server=192.168.1.22;Port=5432;Database=GISADMS;User Id=postgres;Password=ok;,準備撈設備類別
2021.08.02.11.57.31.079[Normal][INERADMS.Controllers.GisMapController.GetEquipmentClasses](System)：設備類別資訊取得完成
2021.08.02.11.58.20.712[Normal][INERADMS.Controllers.GisMapController.Map](System)：檢查登入者帳號....
2021.08.02.11.58.20.712[Normal][INERADMS.Controllers.GisMapController.Map](System)：目前登入者帳號是：ineradmin
2021.08.02.11.58.21.931[Normal][INERADMS.Controllers.GisMapController.GetEquipmentClasses](System)：資料庫連接字串：Server=192.168.1.22;Port=5432;Database=GISADMS;User Id=postgres;Password=ok;,準備撈設備類別
2021.08.02.11.58.21.962[Normal][INERADMS.Controllers.GisMapController.GetEquipmentClasses](System)：設備類別資訊取得完成
2021.08.02.11.59.11.773[Normal][INERADMS.Controllers.GisMapController.Map](System)：檢查登入者帳號....
2021.08.02.11.59.11.773[Normal][INERADMS.Controllers.GisMapController.Map](System)：目前登入者帳號是：ineradmin
2021.08.02.11.59.13.024[Normal][INERADMS.Controllers.GisMapController.GetEquipmentClasses](System)：資料庫連接字串：Server=192.168.1.22;Port=5432;Database=GISADMS;User Id=postgres;Password=ok;,準備撈設備類別
2021.08.02.11.59.13.039[Normal][INERADMS.Controllers.GisMapController.GetEquipmentClasses](System)：設備類別資訊取得完成
2021.08.02.12.00.49.739[Normal][INERADMS.Controllers.GisMapController.Map](System)：檢查登入者帳號....
2021.08.02.12.00.49.739[Normal][INERADMS.Controllers.GisMapController.Map](System)：目前登入者帳號是：ineradmin
2021.08.02.12.00.50.895[Normal][INERADMS.Controllers.GisMapController.GetEquipmentClasses](System)：資料庫連接字串：Server=192.168.1.22;Port=5432;Database=GISADMS;User Id=postgres;Password=ok;,準備撈設備類別
2021.08.02.12.00.50.911[Normal][INERADMS.Controllers.GisMapController.GetEquipmentClasses](System)：設備類別資訊取得完成
2021.08.02.12.02.39.990[Normal][INERADMS.Controllers.GisMapController.Map](System)：檢查登入者帳號....
2021.08.02.12.02.39.990[Normal][INERADMS.Controllers.GisMapController.Map](System)：目前登入者帳號是：ineradmin
2021.08.02.12.02.41.952[Normal][INERADMS.Controllers.GisMapController.GetEquipmentClasses](System)：資料庫連接字串：Server=192.168.1.22;Port=5432;Database=GISADMS;User Id=postgres;Password=ok;,準備撈設備類別
2021.08.02.12.02.42.016[Normal][INERADMS.Controllers.GisMapController.GetEquipmentClasses](System)：設備類別資訊取得完成
2021.08.02.12.04.08.777[Normal][INERADMS.Controllers.GisMapController.Map](System)：檢查登入者帳號....
2021.08.02.12.04.08.777[Normal][INERADMS.Controllers.GisMapController.Map](System)：目前登入者帳號是：ineradmin
2021.08.02.12.04.12.074[Normal][INERADMS.Controllers.GisMapController.GetEquipmentClasses](System)：資料庫連接字串：Server=192.168.1.22;Port=5432;Database=GISADMS;User Id=postgres;Password=ok;,準備撈設備類別
2021.08.02.12.04.12.105[Normal][INERADMS.Controllers.GisMapController.GetEquipmentClasses](System)：設備類別資訊取得完成
2021.08.02.12.06.45.249[Normal][INERADMS.Controllers.GisMapController.Map](System)：檢查登入者帳號....
2021.08.02.12.06.45.249[Normal][INERADMS.Controllers.GisMapController.Map](System)：目前登入者帳號是：ineradmin
2021.08.02.12.06.46.686[Normal][INERADMS.Controllers.GisMapController.GetEquipmentClasses](System)：資料庫連接字串：Server=192.168.1.22;Port=5432;Database=GISADMS;User Id=postgres;Password=ok;,準備撈設備類別
2021.08.02.12.06.46.702[Normal][INERADMS.Controllers.GisMapController.GetEquipmentClasses](System)：設備類別資訊取得完成
2021.08.02.12.08.40.402[Normal][INERADMS.Controllers.GisMapController.Map](System)：檢查登入者帳號....
2021.08.02.12.08.40.402[Normal][INERADMS.Controllers.GisMapController.Map](System)：目前登入者帳號是：ineradmin
2021.08.02.12.08.41.481[Normal][INERADMS.Controllers.GisMapController.GetEquipmentClasses](System)：資料庫連接字串：Server=192.168.1.22;Port=5432;Database=GISADMS;User Id=postgres;Password=ok;,準備撈設備類別
2021.08.02.12.08.41.497[Normal][INERADMS.Controllers.GisMapController.GetEquipmentClasses](System)：設備類別資訊取得完成
2021.08.02.12.10.01.542[Normal][INERADMS.Controllers.GisMapController.Map](System)：檢查登入者帳號....
2021.08.02.12.10.01.558[Normal][INERADMS.Controllers.GisMapController.Map](System)：目前登入者帳號是：ineradmin
2021.08.02.12.10.02.448[Normal][INERADMS.Controllers.GisMapController.GetEquipmentClasses](System)：資料庫連接字串：Server=192.168.1.22;Port=5432;Database=GISADMS;User Id=postgres;Password=ok;,準備撈設備類別
2021.08.02.12.10.02.464[Normal][INERADMS.Controllers.GisMapController.GetEquipmentClasses](System)：設備類別資訊取得完成
2021.08.02.12.10.21.832[Normal][INERADMS.Controllers.GisMapController.Map](System)：檢查登入者帳號....
2021.08.02.12.10.21.832[Normal][INERADMS.Controllers.GisMapController.Map](System)：目前登入者帳號是：ineradmin
2021.08.02.12.10.22.958[Normal][INERADMS.Controllers.GisMapController.GetEquipmentClasses](System)：資料庫連接字串：Server=192.168.1.22;Port=5432;Database=GISADMS;User Id=postgres;Password=ok;,準備撈設備類別
2021.08.02.12.10.22.973[Normal][INERADMS.Controllers.GisMapController.GetEquipmentClasses](System)：設備類別資訊取得完成
2021.08.02.12.17.20.913[Normal][INERADMS.Controllers.GisMapController.Map](System)：檢查登入者帳號....
2021.08.02.12.17.20.913[Normal][INERADMS.Controllers.GisMapController.Map](System)：目前登入者帳號是：ineradmin
2021.08.02.12.17.21.851[Normal][INERADMS.Controllers.GisMapController.GetEquipmentClasses](System)：資料庫連接字串：Server=192.168.1.22;Port=5432;Database=GISADMS;User Id=postgres;Password=ok;,準備撈設備類別
2021.08.02.12.17.21.866[Normal][INERADMS.Controllers.GisMapController.GetEquipmentClasses](System)：設備類別資訊取得完成
2021.08.02.12.18.14.936[Normal][INERADMS.Controllers.GisMapController.Map](System)：檢查登入者帳號....
2021.08.02.12.18.14.936[Normal][INERADMS.Controllers.GisMapController.Map](System)：目前登入者帳號是：ineradmin
2021.08.02.12.18.15.967[Normal][INERADMS.Controllers.GisMapController.GetEquipmentClasses](System)：資料庫連接字串：Server=192.168.1.22;Port=5432;Database=GISADMS;User Id=postgres;Password=ok;,準備撈設備類別
2021.08.02.12.18.15.967[Normal][INERADMS.Controllers.GisMapController.GetEquipmentClasses](System)：設備類別資訊取得完成
2021.08.02.12.24.30.156[Normal][INERADMS.Controllers.GisMapController.Map](System)：檢查登入者帳號....
2021.08.02.12.24.30.156[Normal][INERADMS.Controllers.GisMapController.Map](System)：目前登入者帳號是：ineradmin
2021.08.02.12.24.32.265[Normal][INERADMS.Controllers.GisMapController.GetEquipmentClasses](System)：資料庫連接字串：Server=192.168.1.22;Port=5432;Database=GISADMS;User Id=postgres;Password=ok;,準備撈設備類別
2021.08.02.12.24.32.281[Normal][INERADMS.Controllers.GisMapController.GetEquipmentClasses](System)：設備類別資訊取得完成
2021.08.02.12.27.11.054[Normal][INERADMS.Controllers.GisMapController.Map](System)：檢查登入者帳號....
2021.08.02.12.27.11.054[Normal][INERADMS.Controllers.GisMapController.Map](System)：目前登入者帳號是：ineradmin
2021.08.02.12.27.12.101[Normal][INERADMS.Controllers.GisMapController.GetEquipmentClasses](System)：資料庫連接字串：Server=192.168.1.22;Port=5432;Database=GISADMS;User Id=postgres;Password=ok;,準備撈設備類別
2021.08.02.12.27.12.132[Normal][INERADMS.Controllers.GisMapController.GetEquipmentClasses](System)：設備類別資訊取得完成
2021.08.02.12.33.49.063[Normal][INERADMS.Controllers.GisMapController.Map](System)：檢查登入者帳號....
2021.08.02.12.33.49.063[Normal][INERADMS.Controllers.GisMapController.Map](System)：目前登入者帳號是：ineradmin
2021.08.02.12.33.52.869[Normal][INERADMS.Controllers.GisMapController.GetEquipmentClasses](System)：資料庫連接字串：Server=192.168.1.22;Port=5432;Database=GISADMS;User Id=postgres;Password=ok;,準備撈設備類別
2021.08.02.12.33.52.884[Normal][INERADMS.Controllers.GisMapController.GetEquipmentClasses](System)：設備類別資訊取得完成
2021.08.02.12.40.18.700[Normal][INERADMS.Controllers.GisMapController.Map](System)：檢查登入者帳號....
2021.08.02.12.40.18.700[Normal][INERADMS.Controllers.GisMapController.Map](System)：目前登入者帳號是：ineradmin
2021.08.02.12.40.21.247[Normal][INERADMS.Controllers.GisMapController.GetEquipmentClasses](System)：資料庫連接字串：Server=192.168.1.22;Port=5432;Database=GISADMS;User Id=postgres;Password=ok;,準備撈設備類別
2021.08.02.12.40.21.278[Normal][INERADMS.Controllers.GisMapController.GetEquipmentClasses](System)：設備類別資訊取得完成
2021.08.02.12.45.08.001[Normal][INERADMS.Controllers.GisMapController.Map](System)：檢查登入者帳號....
2021.08.02.12.45.08.017[Normal][INERADMS.Controllers.GisMapController.Map](System)：目前登入者帳號是：ineradmin
2021.08.02.12.45.09.215[Normal][INERADMS.Controllers.GisMapController.GetEquipmentClasses](System)：資料庫連接字串：Server=192.168.1.22;Port=5432;Database=GISADMS;User Id=postgres;Password=ok;,準備撈設備類別
2021.08.02.12.45.09.231[Normal][INERADMS.Controllers.GisMapController.GetEquipmentClasses](System)：設備類別資訊取得完成
2021.08.02.12.50.07.422[Normal][INERADMS.Controllers.GisMapController.Map](System)：檢查登入者帳號....
2021.08.02.12.50.07.422[Normal][INERADMS.Controllers.GisMapController.Map](System)：目前登入者帳號不存在。
2021.08.02.12.50.18.282[Normal][INERADMS.Controllers.HomeController.LogIn](System)：ineradmin,Hp6uPRWAKR1mVAGezJxf1qfAr0/4Q9QFw+ICg+bqJCA=
2021.08.02.12.50.18.314[Normal][INERADMS.Controllers.HomeController.LogIn](System)：ineradmin登入檢查過關
2021.08.02.12.50.18.407[Normal][INERADMS.Controllers.HomeController.LogIn](System)：目前登入者帳號是：ineradmin,登入紀錄OK
2021.08.02.12.50.18.423[Normal][INERADMS.Controllers.GisMapController.Map](System)：檢查登入者帳號....
2021.08.02.12.50.18.439[Normal][INERADMS.Controllers.GisMapController.Map](System)：目前登入者帳號是：ineradmin
2021.08.02.12.50.19.407[Normal][INERADMS.Controllers.GisMapController.GetEquipmentClasses](System)：資料庫連接字串：Server=192.168.1.22;Port=5432;Database=GISADMS;User Id=postgres;Password=ok;,準備撈設備類別
2021.08.02.12.50.19.423[Normal][INERADMS.Controllers.GisMapController.GetEquipmentClasses](System)：設備類別資訊取得完成
2021.08.02.12.53.40.653[Normal][INERADMS.Controllers.GisMapController.Map](System)：檢查登入者帳號....
2021.08.02.12.53.40.653[Normal][INERADMS.Controllers.GisMapController.Map](System)：目前登入者帳號是：ineradmin
2021.08.02.12.53.41.982[Normal][INERADMS.Controllers.GisMapController.GetEquipmentClasses](System)：資料庫連接字串：Server=192.168.1.22;Port=5432;Database=GISADMS;User Id=postgres;Password=ok;,準備撈設備類別
2021.08.02.12.53.42.028[Normal][INERADMS.Controllers.GisMapController.GetEquipmentClasses](System)：設備類別資訊取得完成
2021.08.02.12.56.13.103[Normal][INERADMS.Controllers.HomeController.LogIn](System)：ineradmin,Hp6uPRWAKR1mVAGezJxf1qfAr0/4Q9QFw+ICg+bqJCA=
2021.08.02.12.56.13.134[Normal][INERADMS.Controllers.HomeController.LogIn](System)：ineradmin登入檢查過關
2021.08.02.12.56.13.243[Normal][INERADMS.Controllers.HomeController.LogIn](System)：目前登入者帳號是：ineradmin,登入紀錄OK
2021.08.02.12.56.13.259[Normal][INERADMS.Controllers.GisMapController.Map](System)：檢查登入者帳號....
2021.08.02.12.56.13.259[Normal][INERADMS.Controllers.GisMapController.Map](System)：目前登入者帳號是：ineradmin
2021.08.02.12.56.14.368[Normal][INERADMS.Controllers.GisMapController.GetEquipmentClasses](System)：資料庫連接字串：Server=192.168.1.22;Port=5432;Database=GISADMS;User Id=postgres;Password=ok;,準備撈設備類別
2021.08.02.12.56.14.384[Normal][INERADMS.Controllers.GisMapController.GetEquipmentClasses](System)：設備類別資訊取得完成
2021.08.02.12.58.49.860[Normal][INERADMS.Controllers.GisMapController.Map](System)：檢查登入者帳號....
2021.08.02.12.58.49.875[Normal][INERADMS.Controllers.GisMapController.Map](System)：目前登入者帳號是：ineradmin
2021.08.02.12.58.51.032[Normal][INERADMS.Controllers.GisMapController.GetEquipmentClasses](System)：資料庫連接字串：Server=192.168.1.22;Port=5432;Database=GISADMS;User Id=postgres;Password=ok;,準備撈設備類別
2021.08.02.12.58.51.063[Normal][INERADMS.Controllers.GisMapController.GetEquipmentClasses](System)：設備類別資訊取得完成
2021.08.02.12.59.45.896[Normal][INERADMS.Controllers.GisMapController.Map](System)：檢查登入者帳號....
2021.08.02.12.59.45.912[Normal][INERADMS.Controllers.GisMapController.Map](System)：目前登入者帳號是：ineradmin
2021.08.02.12.59.47.834[Normal][INERADMS.Controllers.GisMapController.GetEquipmentClasses](System)：資料庫連接字串：Server=192.168.1.22;Port=5432;Database=GISADMS;User Id=postgres;Password=ok;,準備撈設備類別
2021.08.02.12.59.47.912[Normal][INERADMS.Controllers.GisMapController.GetEquipmentClasses](System)：設備類別資訊取得完成
2021.08.02.13.15.05.442[Normal][INERADMS.Controllers.GisMapController.Map](System)：檢查登入者帳號....
2021.08.02.13.15.05.442[Normal][INERADMS.Controllers.GisMapController.Map](System)：目前登入者帳號不存在。
2021.08.02.13.15.14.474[Normal][INERADMS.Controllers.HomeController.LogIn](System)：ineradmin,Hp6uPRWAKR1mVAGezJxf1qfAr0/4Q9QFw+ICg+bqJCA=
2021.08.02.13.15.14.521[Normal][INERADMS.Controllers.HomeController.LogIn](System)：ineradmin登入檢查過關
2021.08.02.13.15.14.660[Normal][INERADMS.Controllers.HomeController.LogIn](System)：目前登入者帳號是：ineradmin,登入紀錄OK
2021.08.02.13.15.14.691[Normal][INERADMS.Controllers.GisMapController.Map](System)：檢查登入者帳號....
2021.08.02.13.15.14.707[Normal][INERADMS.Controllers.GisMapController.Map](System)：目前登入者帳號是：ineradmin
2021.08.02.13.15.15.691[Normal][INERADMS.Controllers.GisMapController.GetEquipmentClasses](System)：資料庫連接字串：Server=192.168.1.22;Port=5432;Database=GISADMS;User Id=postgres;Password=ok;,準備撈設備類別
2021.08.02.13.15.15.707[Normal][INERADMS.Controllers.GisMapController.GetEquipmentClasses](System)：設備類別資訊取得完成
2021.08.02.13.17.51.381[Normal][INERADMS.Controllers.GisMapController.Map](System)：檢查登入者帳號....
2021.08.02.13.17.51.381[Normal][INERADMS.Controllers.GisMapController.Map](System)：目前登入者帳號不存在。
2021.08.02.13.21.04.183[Normal][INERADMS.Controllers.HomeController.LogIn](System)：ineradmin,Hp6uPRWAKR1mVAGezJxf1qfAr0/4Q9QFw+ICg+bqJCA=
2021.08.02.13.21.04.199[Normal][INERADMS.Controllers.HomeController.LogIn](System)：ineradmin登入檢查過關
2021.08.02.13.21.04.292[Normal][INERADMS.Controllers.HomeController.LogIn](System)：目前登入者帳號是：ineradmin,登入紀錄OK
2021.08.02.13.21.04.324[Normal][INERADMS.Controllers.GisMapController.Map](System)：檢查登入者帳號....
2021.08.02.13.21.04.324[Normal][INERADMS.Controllers.GisMapController.Map](System)：目前登入者帳號是：ineradmin
2021.08.02.13.21.05.746[Normal][INERADMS.Controllers.GisMapController.GetEquipmentClasses](System)：資料庫連接字串：Server=192.168.1.22;Port=5432;Database=GISADMS;User Id=postgres;Password=ok;,準備撈設備類別
2021.08.02.13.21.05.761[Normal][INERADMS.Controllers.GisMapController.GetEquipmentClasses](System)：設備類別資訊取得完成
2021.08.02.13.24.18.124[Normal][INERADMS.Controllers.GisMapController.Map](System)：檢查登入者帳號....
2021.08.02.13.24.18.124[Normal][INERADMS.Controllers.GisMapController.Map](System)：目前登入者帳號不存在。
2021.08.02.13.24.25.258[Normal][INERADMS.Controllers.HomeController.LogIn](System)：ineradmin,Hp6uPRWAKR1mVAGezJxf1qfAr0/4Q9QFw+ICg+bqJCA=
2021.08.02.13.24.25.305[Normal][INERADMS.Controllers.HomeController.LogIn](System)：ineradmin登入檢查過關
2021.08.02.13.24.25.461[Normal][INERADMS.Controllers.HomeController.LogIn](System)：目前登入者帳號是：ineradmin,登入紀錄OK
2021.08.02.13.24.25.508[Normal][INERADMS.Controllers.GisMapController.Map](System)：檢查登入者帳號....
2021.08.02.13.24.25.508[Normal][INERADMS.Controllers.GisMapController.Map](System)：目前登入者帳號是：ineradmin
2021.08.02.13.24.33.541[Normal][INERADMS.Controllers.GisMapController.GetEquipmentClasses](System)：資料庫連接字串：Server=192.168.1.22;Port=5432;Database=GISADMS;User Id=postgres;Password=ok;,準備撈設備類別
2021.08.02.13.24.33.572[Normal][INERADMS.Controllers.GisMapController.GetEquipmentClasses](System)：設備類別資訊取得完成
2021.08.02.13.26.02.477[Normal][INERADMS.Controllers.GisMapController.Map](System)：檢查登入者帳號....
2021.08.02.13.26.02.477[Normal][INERADMS.Controllers.GisMapController.Map](System)：目前登入者帳號不存在。
2021.08.02.13.26.09.227[Normal][INERADMS.Controllers.HomeController.LogIn](System)：ineradmin,Hp6uPRWAKR1mVAGezJxf1qfAr0/4Q9QFw+ICg+bqJCA=
2021.08.02.13.26.09.258[Normal][INERADMS.Controllers.HomeController.LogIn](System)：ineradmin登入檢查過關
2021.08.02.13.26.09.383[Normal][INERADMS.Controllers.HomeController.LogIn](System)：目前登入者帳號是：ineradmin,登入紀錄OK
2021.08.02.13.26.09.399[Normal][INERADMS.Controllers.GisMapController.Map](System)：檢查登入者帳號....
2021.08.02.13.26.09.399[Normal][INERADMS.Controllers.GisMapController.Map](System)：目前登入者帳號是：ineradmin
2021.08.02.13.26.18.775[Normal][INERADMS.Controllers.GisMapController.GetEquipmentClasses](System)：資料庫連接字串：Server=192.168.1.22;Port=5432;Database=GISADMS;User Id=postgres;Password=ok;,準備撈設備類別
2021.08.02.13.26.18.790[Normal][INERADMS.Controllers.GisMapController.GetEquipmentClasses](System)：設備類別資訊取得完成
2021.08.02.13.26.52.355[Normal][INERADMS.Controllers.GisMapController.Map](System)：檢查登入者帳號....
2021.08.02.13.26.52.355[Normal][INERADMS.Controllers.GisMapController.Map](System)：目前登入者帳號不存在。
2021.08.02.13.30.06.141[Normal][INERADMS.Controllers.HomeController.LogIn](System)：ineradmin,Hp6uPRWAKR1mVAGezJxf1qfAr0/4Q9QFw+ICg+bqJCA=
2021.08.02.13.30.06.203[Normal][INERADMS.Controllers.HomeController.LogIn](System)：ineradmin登入檢查過關
2021.08.02.13.30.06.297[Normal][INERADMS.Controllers.HomeController.LogIn](System)：目前登入者帳號是：ineradmin,登入紀錄OK
2021.08.02.13.30.06.344[Normal][INERADMS.Controllers.GisMapController.Map](System)：檢查登入者帳號....
2021.08.02.13.30.06.344[Normal][INERADMS.Controllers.GisMapController.Map](System)：目前登入者帳號是：ineradmin
2021.08.02.13.30.14.879[Normal][INERADMS.Controllers.GisMapController.GetEquipmentClasses](System)：資料庫連接字串：Server=192.168.1.22;Port=5432;Database=GISADMS;User Id=postgres;Password=ok;,準備撈設備類別
2021.08.02.13.30.14.911[Normal][INERADMS.Controllers.GisMapController.GetEquipmentClasses](System)：設備類別資訊取得完成
2021.08.02.13.31.42.156[Normal][INERADMS.Controllers.GisMapController.Map](System)：檢查登入者帳號....
2021.08.02.13.31.42.156[Normal][INERADMS.Controllers.GisMapController.Map](System)：目前登入者帳號不存在。
2021.08.02.13.31.59.533[Normal][INERADMS.Controllers.HomeController.LogIn](System)：ineradmin,Hp6uPRWAKR1mVAGezJxf1qfAr0/4Q9QFw+ICg+bqJCA=
2021.08.02.13.31.59.549[Normal][INERADMS.Controllers.HomeController.LogIn](System)：ineradmin登入檢查過關
2021.08.02.13.31.59.674[Normal][INERADMS.Controllers.HomeController.LogIn](System)：目前登入者帳號是：ineradmin,登入紀錄OK
2021.08.02.13.31.59.705[Normal][INERADMS.Controllers.GisMapController.Map](System)：檢查登入者帳號....
2021.08.02.13.31.59.705[Normal][INERADMS.Controllers.GisMapController.Map](System)：目前登入者帳號是：ineradmin
2021.08.02.13.32.09.221[Normal][INERADMS.Controllers.GisMapController.GetEquipmentClasses](System)：資料庫連接字串：Server=192.168.1.22;Port=5432;Database=GISADMS;User Id=postgres;Password=ok;,準備撈設備類別
2021.08.02.13.32.09.252[Normal][INERADMS.Controllers.GisMapController.GetEquipmentClasses](System)：設備類別資訊取得完成
2021.08.02.14.04.21.297[Normal][INERADMS.Controllers.GisMapController.Map](System)：檢查登入者帳號....
2021.08.02.14.04.21.297[Normal][INERADMS.Controllers.GisMapController.Map](System)：目前登入者帳號不存在。
2021.08.02.17.29.10.867[Normal][INERADMS.Controllers.GisMapController.Map](System)：檢查登入者帳號....
2021.08.02.17.29.10.867[Normal][INERADMS.Controllers.GisMapController.Map](System)：目前登入者帳號不存在。
2021.08.02.17.29.46.158[Normal][INERADMS.Controllers.HomeController.LogIn](System)：ineradmin,Hp6uPRWAKR1mVAGezJxf1qfAr0/4Q9QFw+ICg+bqJCA=
2021.08.02.17.29.46.205[Normal][INERADMS.Controllers.HomeController.LogIn](System)：ineradmin登入檢查過關
2021.08.02.17.29.46.424[Normal][INERADMS.Controllers.HomeController.LogIn](System)：目前登入者帳號是：ineradmin,登入紀錄OK
2021.08.02.17.29.46.455[Normal][INERADMS.Controllers.GisMapController.Map](System)：檢查登入者帳號....
2021.08.02.17.29.46.455[Normal][INERADMS.Controllers.GisMapController.Map](System)：目前登入者帳號是：ineradmin
2021.08.02.17.29.54.830[Normal][INERADMS.Controllers.GisMapController.GetEquipmentClasses](System)：資料庫連接字串：Server=192.168.1.22;Port=5432;Database=GISADMS;User Id=postgres;Password=ok;,準備撈設備類別
2021.08.02.17.29.54.846[Normal][INERADMS.Controllers.GisMapController.GetEquipmentClasses](System)：設備類別資訊取得完成
2021.08.02.17.32.57.282[Normal][INERADMS.Controllers.GisMapController.Map](System)：檢查登入者帳號....
2021.08.02.17.32.57.282[Normal][INERADMS.Controllers.GisMapController.Map](System)：目前登入者帳號不存在。
2021.08.02.17.33.09.903[Normal][INERADMS.Controllers.HomeController.LogIn](System)：ineradmin,Hp6uPRWAKR1mVAGezJxf1qfAr0/4Q9QFw+ICg+bqJCA=
2021.08.02.17.33.09.950[Normal][INERADMS.Controllers.HomeController.LogIn](System)：ineradmin登入檢查過關
2021.08.02.17.33.10.075[Normal][INERADMS.Controllers.HomeController.LogIn](System)：目前登入者帳號是：ineradmin,登入紀錄OK
2021.08.02.17.33.10.106[Normal][INERADMS.Controllers.GisMapController.Map](System)：檢查登入者帳號....
2021.08.02.17.33.10.106[Normal][INERADMS.Controllers.GisMapController.Map](System)：目前登入者帳號是：ineradmin
2021.08.02.17.33.10.748[Normal][INERADMS.Controllers.GisMapController.GetEquipmentClasses](System)：資料庫連接字串：Server=192.168.1.22;Port=5432;Database=GISADMS;User Id=postgres;Password=ok;,準備撈設備類別
2021.08.02.17.33.10.764[Normal][INERADMS.Controllers.GisMapController.GetEquipmentClasses](System)：設備類別資訊取得完成
2021.08.02.19.04.37.205[Normal][INERADMS.Controllers.GisMapController.Map](System)：檢查登入者帳號....
2021.08.02.19.04.37.205[Normal][INERADMS.Controllers.GisMapController.Map](System)：目前登入者帳號不存在。
2021.08.02.19.04.44.542[Normal][INERADMS.Controllers.HomeController.LogIn](System)：ineradmin,Hp6uPRWAKR1mVAGezJxf1qfAr0/4Q9QFw+ICg+bqJCA=
2021.08.02.19.04.44.573[Normal][INERADMS.Controllers.HomeController.LogIn](System)：ineradmin登入檢查過關
2021.08.02.19.04.44.698[Normal][INERADMS.Controllers.HomeController.LogIn](System)：目前登入者帳號是：ineradmin,登入紀錄OK
2021.08.02.19.04.44.714[Normal][INERADMS.Controllers.GisMapController.Map](System)：檢查登入者帳號....
2021.08.02.19.04.44.714[Normal][INERADMS.Controllers.GisMapController.Map](System)：目前登入者帳號是：ineradmin
2021.08.02.19.04.45.480[Normal][INERADMS.Controllers.GisMapController.GetEquipmentClasses](System)：資料庫連接字串：Server=192.168.1.22;Port=5432;Database=GISADMS;User Id=postgres;Password=ok;,準備撈設備類別
2021.08.02.19.04.45.495[Normal][INERADMS.Controllers.GisMapController.GetEquipmentClasses](System)：設備類別資訊取得完成
