2021.08.13.10.05.07.627[Normal][INERADMS.Controllers.HomeController.LogIn](System)：ineradmin,Hp6uPRWAKR1mVAGezJxf1qfAr0/4Q9QFw+ICg+bqJCA=
2021.08.13.10.05.07.847[Normal][INERADMS.Controllers.HomeController.LogIn](System)：ineradmin登入檢查過關
2021.08.13.10.05.07.967[Normal][INERADMS.Controllers.HomeController.LogIn](System)：目前登入者帳號是：ineradmin,登入紀錄OK
2021.08.13.10.05.08.083[Normal][INERADMS.Controllers.GisMapController.Map](System)：檢查登入者帳號....
2021.08.13.10.05.08.085[Normal][INERADMS.Controllers.GisMapController.Map](System)：目前登入者帳號是：ineradmin
2021.08.13.10.05.13.472[Normal][INERADMS.Controllers.GisMapController.GetEquipmentClasses](System)：資料庫連接字串：Server=192.168.1.22;Port=5432;Database=GISADMS;User Id=postgres;Password=ok;,準備撈設備類別
2021.08.13.10.05.13.494[Normal][INERADMS.Controllers.GisMapController.GetEquipmentClasses](System)：設備類別資訊取得完成
2021.08.13.13.51.22.227[Normal][INERADMS.Controllers.HomeController.LogIn](System)：ineradmin,Hp6uPRWAKR1mVAGezJxf1qfAr0/4Q9QFw+ICg+bqJCA=
2021.08.13.13.51.22.336[Normal][INERADMS.Controllers.HomeController.LogIn](System)：ineradmin登入檢查過關
2021.08.13.13.51.22.570[Normal][INERADMS.Controllers.HomeController.LogIn](System)：目前登入者帳號是：ineradmin,登入紀錄OK
2021.08.13.13.51.22.664[Normal][INERADMS.Controllers.GisMapController.Map](System)：檢查登入者帳號....
2021.08.13.13.51.22.665[Normal][INERADMS.Controllers.GisMapController.Map](System)：目前登入者帳號是：ineradmin
2021.08.13.13.51.26.001[Normal][INERADMS.Controllers.GisMapController.GetEquipmentClasses](System)：資料庫連接字串：Server=192.168.1.22;Port=5432;Database=GISADMS;User Id=postgres;Password=ok;,準備撈設備類別
2021.08.13.13.51.26.032[Normal][INERADMS.Controllers.GisMapController.GetEquipmentClasses](System)：設備類別資訊取得完成
2021.08.13.14.06.12.895[Normal][INERADMS.Controllers.GisMapController.GetInfoWindowData](System)：資料庫連接字串：Server=192.168.1.22;Port=5432;Database=GISADMS;User Id=postgres;Password=ok;,傳入TID=110,OID=10982517
2021.08.13.14.06.12.960[Normal][EquipmentInfo.GetEquipmentInfo](System)：設備FSC:110,設備OID:10982517,EquipmentInfo.GetEquipmentInfo函數啟動
2021.08.13.14.06.13.037[Normal][EquipmentInfo.GetEquipmentInfo](System)：設備FSC:110,設備OID:10982517,設備類別碼有效性檢查PASSED
2021.08.13.14.06.13.077[Normal][EquipmentInfo.GetEquipmentInfo](System)：設備FSC:110,設備OID:10982517,抓到座標值是TWD67座標下X=180172,y=2613807
2021.08.13.14.06.13.078[Normal][INERADMS.Models.EquipmentInfo.GetEquipmentInfo](System)：設備FSC:110,設備OID:10982517,原無饋線編號,抓饋線編號先抓到FDR1值為63
2021.08.13.14.06.13.099[Normal][INERADMS.Models.EquipmentInfo.GetEquipmentInfo](System)：傳入FDR=63,得到饋線編號為XF28
2021.08.13.14.06.13.101[Normal][INERADMS.Models.EquipmentInfo.GetEquipmentInfo](System)：傳入TID=110,得到表格名稱=distributedcustomer
2021.08.13.14.06.13.131[Normal][INERADMS.Models.EquipmentInfo.GetEquipmentInfo](System)：設備FSC:110,設備OID:10982517,表格名稱=distributedcustomer,基本設備資訊查詢完成
2021.08.13.14.06.13.159[Normal][INERADMS.Models.EquipmentInfo.GetEquipmentInfo](System)：表格名稱=distributedcustomer,欄位名稱翻譯資訊查詢完成
2021.08.13.14.06.13.160[Normal][INERADMS.Models.EquipmentInfo.GetEquipmentInfo](System)：開始轉換基本設備資訊的欄位名稱......
2021.08.13.14.06.13.219[Normal][INERADMS.Models.EquipmentInfo.GetEquipmentInfo](System)：轉換基本設備資訊的欄位名稱完畢。
2021.08.13.14.06.18.820[Normal][INERADMS.Controllers.GisMapController.GetInfoWindowData](System)：資料庫連接字串：Server=192.168.1.22;Port=5432;Database=GISADMS;User Id=postgres;Password=ok;,傳入TID=110,OID=10943771
2021.08.13.14.06.18.821[Normal][EquipmentInfo.GetEquipmentInfo](System)：設備FSC:110,設備OID:10943771,EquipmentInfo.GetEquipmentInfo函數啟動
2021.08.13.14.06.18.845[Normal][EquipmentInfo.GetEquipmentInfo](System)：設備FSC:110,設備OID:10943771,設備類別碼有效性檢查PASSED
2021.08.13.14.06.18.867[Normal][EquipmentInfo.GetEquipmentInfo](System)：設備FSC:110,設備OID:10943771,抓到座標值是TWD67座標下X=180088,y=2613805
2021.08.13.14.06.18.868[Normal][INERADMS.Models.EquipmentInfo.GetEquipmentInfo](System)：設備FSC:110,設備OID:10943771,原無饋線編號,抓饋線編號先抓到FDR1值為63
2021.08.13.14.06.18.889[Normal][INERADMS.Models.EquipmentInfo.GetEquipmentInfo](System)：傳入FDR=63,得到饋線編號為XF28
2021.08.13.14.06.18.890[Normal][INERADMS.Models.EquipmentInfo.GetEquipmentInfo](System)：傳入TID=110,得到表格名稱=distributedcustomer
2021.08.13.14.06.18.909[Normal][INERADMS.Models.EquipmentInfo.GetEquipmentInfo](System)：設備FSC:110,設備OID:10943771,表格名稱=distributedcustomer,基本設備資訊查詢完成
2021.08.13.14.06.18.929[Normal][INERADMS.Models.EquipmentInfo.GetEquipmentInfo](System)：表格名稱=distributedcustomer,欄位名稱翻譯資訊查詢完成
2021.08.13.14.06.18.930[Normal][INERADMS.Models.EquipmentInfo.GetEquipmentInfo](System)：開始轉換基本設備資訊的欄位名稱......
2021.08.13.14.06.18.932[Normal][INERADMS.Models.EquipmentInfo.GetEquipmentInfo](System)：轉換基本設備資訊的欄位名稱完畢。
2021.08.13.14.06.27.217[Normal][INERADMS.Controllers.GisMapController.GetInfoWindowData](System)：資料庫連接字串：Server=192.168.1.22;Port=5432;Database=GISADMS;User Id=postgres;Password=ok;,傳入TID=110,OID=10982496
2021.08.13.14.06.27.233[Normal][EquipmentInfo.GetEquipmentInfo](System)：設備FSC:110,設備OID:10982496,EquipmentInfo.GetEquipmentInfo函數啟動
2021.08.13.14.06.27.280[Normal][EquipmentInfo.GetEquipmentInfo](System)：設備FSC:110,設備OID:10982496,設備類別碼有效性檢查PASSED
2021.08.13.14.06.27.327[Normal][EquipmentInfo.GetEquipmentInfo](System)：設備FSC:110,設備OID:10982496,抓到座標值是TWD67座標下X=180147,y=2613806
2021.08.13.14.06.27.327[Normal][INERADMS.Models.EquipmentInfo.GetEquipmentInfo](System)：設備FSC:110,設備OID:10982496,原無饋線編號,抓饋線編號先抓到FDR1值為63
2021.08.13.14.06.27.342[Normal][INERADMS.Models.EquipmentInfo.GetEquipmentInfo](System)：傳入FDR=63,得到饋線編號為XF28
2021.08.13.14.06.27.342[Normal][INERADMS.Models.EquipmentInfo.GetEquipmentInfo](System)：傳入TID=110,得到表格名稱=distributedcustomer
2021.08.13.14.06.27.373[Normal][INERADMS.Models.EquipmentInfo.GetEquipmentInfo](System)：設備FSC:110,設備OID:10982496,表格名稱=distributedcustomer,基本設備資訊查詢完成
2021.08.13.14.06.27.389[Normal][INERADMS.Models.EquipmentInfo.GetEquipmentInfo](System)：表格名稱=distributedcustomer,欄位名稱翻譯資訊查詢完成
2021.08.13.14.06.27.389[Normal][INERADMS.Models.EquipmentInfo.GetEquipmentInfo](System)：開始轉換基本設備資訊的欄位名稱......
2021.08.13.14.06.27.452[Normal][INERADMS.Models.EquipmentInfo.GetEquipmentInfo](System)：轉換基本設備資訊的欄位名稱完畢。
2021.08.13.14.06.37.799[Normal][INERADMS.Controllers.GisMapController.GetInfoWindowData](System)：資料庫連接字串：Server=192.168.1.22;Port=5432;Database=GISADMS;User Id=postgres;Password=ok;,傳入TID=110,OID=10982517
2021.08.13.14.06.37.799[Normal][EquipmentInfo.GetEquipmentInfo](System)：設備FSC:110,設備OID:10982517,EquipmentInfo.GetEquipmentInfo函數啟動
2021.08.13.14.06.37.830[Normal][EquipmentInfo.GetEquipmentInfo](System)：設備FSC:110,設備OID:10982517,設備類別碼有效性檢查PASSED
2021.08.13.14.06.37.877[Normal][EquipmentInfo.GetEquipmentInfo](System)：設備FSC:110,設備OID:10982517,抓到座標值是TWD67座標下X=180172,y=2613807
2021.08.13.14.06.37.877[Normal][INERADMS.Models.EquipmentInfo.GetEquipmentInfo](System)：設備FSC:110,設備OID:10982517,原無饋線編號,抓饋線編號先抓到FDR1值為63
2021.08.13.14.06.37.893[Normal][INERADMS.Models.EquipmentInfo.GetEquipmentInfo](System)：傳入FDR=63,得到饋線編號為XF28
2021.08.13.14.06.37.893[Normal][INERADMS.Models.EquipmentInfo.GetEquipmentInfo](System)：傳入TID=110,得到表格名稱=distributedcustomer
2021.08.13.14.06.37.924[Normal][INERADMS.Models.EquipmentInfo.GetEquipmentInfo](System)：設備FSC:110,設備OID:10982517,表格名稱=distributedcustomer,基本設備資訊查詢完成
2021.08.13.14.06.37.940[Normal][INERADMS.Models.EquipmentInfo.GetEquipmentInfo](System)：表格名稱=distributedcustomer,欄位名稱翻譯資訊查詢完成
2021.08.13.14.06.37.940[Normal][INERADMS.Models.EquipmentInfo.GetEquipmentInfo](System)：開始轉換基本設備資訊的欄位名稱......
2021.08.13.14.06.37.940[Normal][INERADMS.Models.EquipmentInfo.GetEquipmentInfo](System)：轉換基本設備資訊的欄位名稱完畢。
2021.08.13.14.07.13.535[Normal][INERADMS.Controllers.GisMapController.GetInfoWindowData](System)：資料庫連接字串：Server=192.168.1.22;Port=5432;Database=GISADMS;User Id=postgres;Password=ok;,傳入TID=110,OID=11062159
2021.08.13.14.07.13.535[Normal][EquipmentInfo.GetEquipmentInfo](System)：設備FSC:110,設備OID:11062159,EquipmentInfo.GetEquipmentInfo函數啟動
2021.08.13.14.07.13.582[Normal][EquipmentInfo.GetEquipmentInfo](System)：設備FSC:110,設備OID:11062159,設備類別碼有效性檢查PASSED
2021.08.13.14.07.13.614[Normal][EquipmentInfo.GetEquipmentInfo](System)：設備FSC:110,設備OID:11062159,抓到座標值是TWD67座標下X=179356,y=2612672
2021.08.13.14.07.13.614[Normal][INERADMS.Models.EquipmentInfo.GetEquipmentInfo](System)：設備FSC:110,設備OID:11062159,原無饋線編號,抓饋線編號先抓到FDR1值為63
2021.08.13.14.07.13.645[Normal][INERADMS.Models.EquipmentInfo.GetEquipmentInfo](System)：傳入FDR=63,得到饋線編號為XF28
2021.08.13.14.07.13.645[Normal][INERADMS.Models.EquipmentInfo.GetEquipmentInfo](System)：傳入TID=110,得到表格名稱=distributedcustomer
2021.08.13.14.07.13.692[Normal][INERADMS.Models.EquipmentInfo.GetEquipmentInfo](System)：設備FSC:110,設備OID:11062159,表格名稱=distributedcustomer,基本設備資訊查詢完成
2021.08.13.14.07.13.739[Normal][INERADMS.Models.EquipmentInfo.GetEquipmentInfo](System)：表格名稱=distributedcustomer,欄位名稱翻譯資訊查詢完成
2021.08.13.14.07.13.739[Normal][INERADMS.Models.EquipmentInfo.GetEquipmentInfo](System)：開始轉換基本設備資訊的欄位名稱......
2021.08.13.14.07.13.739[Normal][INERADMS.Models.EquipmentInfo.GetEquipmentInfo](System)：轉換基本設備資訊的欄位名稱完畢。
2021.08.13.14.07.21.178[Normal][INERADMS.Controllers.GisMapController.GetInfoWindowData](System)：資料庫連接字串：Server=192.168.1.22;Port=5432;Database=GISADMS;User Id=postgres;Password=ok;,傳入TID=407,OID=5002711
2021.08.13.14.07.21.178[Normal][EquipmentInfo.GetEquipmentInfo](System)：設備FSC:407,設備OID:5002711,EquipmentInfo.GetEquipmentInfo函數啟動
2021.08.13.14.07.21.256[Normal][EquipmentInfo.GetEquipmentInfo](System)：設備FSC:407,設備OID:5002711,設備類別碼有效性檢查PASSED
2021.08.13.14.07.21.303[Normal][INERADMS.Models.EquipmentInfo.GetEquipmentInfo](System)：傳入TID=407,得到表格名稱=pole
2021.08.13.14.07.21.334[Normal][INERADMS.Models.EquipmentInfo.GetEquipmentInfo](System)：設備FSC:407,設備OID:5002711,表格名稱=pole,基本設備資訊查詢完成
2021.08.13.14.07.21.350[Normal][INERADMS.Models.EquipmentInfo.GetEquipmentInfo](System)：表格名稱=pole,欄位名稱翻譯資訊查詢完成
2021.08.13.14.07.21.350[Normal][INERADMS.Models.EquipmentInfo.GetEquipmentInfo](System)：開始轉換基本設備資訊的欄位名稱......
2021.08.13.14.07.21.350[Normal][INERADMS.Models.EquipmentInfo.GetEquipmentInfo](System)：轉換基本設備資訊的欄位名稱完畢。
2021.08.13.14.07.49.575[Normal][INERADMS.Controllers.GisMapController.GetInfoWindowData](System)：資料庫連接字串：Server=192.168.1.22;Port=5432;Database=GISADMS;User Id=postgres;Password=ok;,傳入TID=114,OID=10279886
2021.08.13.14.07.49.575[Normal][EquipmentInfo.GetEquipmentInfo](System)：設備FSC:114,設備OID:10279886,EquipmentInfo.GetEquipmentInfo函數啟動
2021.08.13.14.07.49.606[Normal][EquipmentInfo.GetEquipmentInfo](System)：設備FSC:114,設備OID:10279886,設備類別碼有效性檢查PASSED
2021.08.13.14.07.49.637[Normal][EquipmentInfo.GetEquipmentInfo](System)：設備FSC:114,設備OID:10279886,抓到座標值是TWD67座標下X=180759,y=2612610
2021.08.13.14.07.49.637[Normal][INERADMS.Models.EquipmentInfo.GetEquipmentInfo](System)：設備FSC:114,設備OID:10279886,原無饋線編號,抓饋線編號先抓到FDR1值為63
2021.08.13.14.07.49.653[Normal][INERADMS.Models.EquipmentInfo.GetEquipmentInfo](System)：傳入FDR=63,得到饋線編號為XF28
2021.08.13.14.07.49.653[Normal][INERADMS.Models.EquipmentInfo.GetEquipmentInfo](System)：傳入TID=114,得到表格名稱=switch
2021.08.13.14.07.49.684[Normal][INERADMS.Models.EquipmentInfo.GetEquipmentInfo](System)：設備FSC:114,設備OID:10279886,表格名稱=switch,基本設備資訊查詢完成
2021.08.13.14.07.49.715[Normal][INERADMS.Models.EquipmentInfo.GetEquipmentInfo](System)：表格名稱=switch,欄位名稱翻譯資訊查詢完成
2021.08.13.14.07.49.731[Normal][INERADMS.Models.EquipmentInfo.GetEquipmentInfo](System)：傳入擁有者TID=407,得到表格名稱=pole
2021.08.13.14.07.49.793[Normal][INERADMS.Models.EquipmentInfo.GetEquipmentInfo](System)：表格名稱=pole,欄位名稱翻譯資訊查詢完成,共14筆
2021.08.13.14.07.50.653[Normal][EquipmentInfo.GetRealtimeData](System)：台電圖號座標:K1325DB61,第一段SQL END
2021.08.13.14.07.50.668[Error][INERADMS.Controllers.GisMapController.GetInfoWindowData](System)：Table 'ul_fdcc.configai' doesn't exist[StackTrace]   於 INERADMS.Models.EquipmentInfo.GetRealtimeData(String TaipowerCoordinate, PostgreSqlAccess& PSA) 於 D:\Jimmy\project\核研所專案G\INERADMS\Models\EquipmentInfo.cs: 行 361
   於 INERADMS.Models.EquipmentInfo.GetEquipmentInfo(Int32 EquipmentClassCode, Int32 EquipmentID, String FeederID, PostgreSqlAccess& PSA) 於 D:\Jimmy\project\核研所專案G\INERADMS\Models\EquipmentInfo.cs: 行 154
   於 INERADMS.Controllers.GisMapController.GetEquipmentInfo(Int32 TID, Int32 OID, PostgreSqlAccess& PSA, String FeederID) 於 D:\Jimmy\project\核研所專案G\INERADMS\Controllers\GisMapController.cs: 行 788
   於 INERADMS.Controllers.GisMapController.GetInfoWindowData(Int32 TID, Int32 OID) 於 D:\Jimmy\project\核研所專案G\INERADMS\Controllers\GisMapController.cs: 行 410
2021.08.13.14.09.19.743[Normal][INERADMS.Controllers.GisMapController.GetInfoWindowData](System)：資料庫連接字串：Server=192.168.1.22;Port=5432;Database=GISADMS;User Id=postgres;Password=ok;,傳入TID=114,OID=10244785
2021.08.13.14.09.19.743[Normal][EquipmentInfo.GetEquipmentInfo](System)：設備FSC:114,設備OID:10244785,EquipmentInfo.GetEquipmentInfo函數啟動
2021.08.13.14.09.19.786[Normal][EquipmentInfo.GetEquipmentInfo](System)：設備FSC:114,設備OID:10244785,設備類別碼有效性檢查PASSED
2021.08.13.14.09.19.918[Normal][EquipmentInfo.GetEquipmentInfo](System)：設備FSC:114,設備OID:10244785,抓到座標值是TWD67座標下X=179848,y=2614269
2021.08.13.14.09.19.918[Normal][INERADMS.Models.EquipmentInfo.GetEquipmentInfo](System)：設備FSC:114,設備OID:10244785,原無饋線編號,抓饋線編號先抓到FDR1值為63
2021.08.13.14.09.19.980[Normal][INERADMS.Models.EquipmentInfo.GetEquipmentInfo](System)：傳入FDR=63,得到饋線編號為XF28
2021.08.13.14.09.19.996[Normal][INERADMS.Models.EquipmentInfo.GetEquipmentInfo](System)：傳入TID=114,得到表格名稱=switch
2021.08.13.14.09.20.043[Normal][INERADMS.Models.EquipmentInfo.GetEquipmentInfo](System)：設備FSC:114,設備OID:10244785,表格名稱=switch,基本設備資訊查詢完成
2021.08.13.14.09.20.215[Normal][INERADMS.Models.EquipmentInfo.GetEquipmentInfo](System)：表格名稱=switch,欄位名稱翻譯資訊查詢完成
2021.08.13.14.09.20.230[Normal][INERADMS.Models.EquipmentInfo.GetEquipmentInfo](System)：傳入擁有者TID=411,得到表格名稱=dsbnroom
2021.08.13.14.09.20.324[Normal][INERADMS.Models.EquipmentInfo.GetEquipmentInfo](System)：表格名稱=dsbnroom,欄位名稱翻譯資訊查詢完成,共14筆
2021.08.13.14.09.20.324[Normal][EquipmentInfo.GetRealtimeData](System)：台電圖號座標:K1228CC57,第一段SQL END
2021.08.13.14.09.20.324[Normal][INERADMS.Models.EquipmentInfo.GetEquipmentInfo](System)：開始轉換基本設備資訊的欄位名稱......
2021.08.13.14.09.20.324[Normal][INERADMS.Models.EquipmentInfo.GetEquipmentInfo](System)：轉換基本設備資訊的欄位名稱完畢。
2021.08.13.14.09.20.324[Normal][INERADMS.Models.EquipmentInfo.GetEquipmentInfo](System)：開始轉換擁有者設備資訊的欄位名稱......
2021.08.13.14.09.20.324[Normal][INERADMS.Models.EquipmentInfo.GetEquipmentInfo](System)：欄位名稱：ufid,對應中文名稱：設備流水號
2021.08.13.14.09.20.324[Normal][INERADMS.Models.EquipmentInfo.GetEquipmentInfo](System)：欄位名稱：dsbntype,對應中文名稱：設備型式
2021.08.13.14.09.20.324[Normal][INERADMS.Models.EquipmentInfo.GetEquipmentInfo](System)：欄位名稱：tpclid,對應中文名稱：圖號座標
2021.08.13.14.09.20.324[Normal][INERADMS.Models.EquipmentInfo.GetEquipmentInfo](System)：欄位名稱：addr,對應中文名稱：地址
2021.08.13.14.09.20.340[Normal][INERADMS.Models.EquipmentInfo.GetEquipmentInfo](System)：欄位名稱：building,對應中文名稱：建物名稱
2021.08.13.14.09.20.340[Normal][INERADMS.Models.EquipmentInfo.GetEquipmentInfo](System)：欄位名稱：fdr1,對應中文名稱：主要饋線
2021.08.13.14.09.20.340[Normal][INERADMS.Models.EquipmentInfo.GetEquipmentInfo](System)：欄位名稱：fdr2,對應中文名稱：備用饋線 1
2021.08.13.14.09.20.340[Normal][INERADMS.Models.EquipmentInfo.GetEquipmentInfo](System)：欄位名稱：fdr3,對應中文名稱：備用饋線 2
2021.08.13.14.09.20.340[Normal][INERADMS.Models.EquipmentInfo.GetEquipmentInfo](System)：欄位名稱：door,對應中文名稱：門牌號碼
2021.08.13.14.09.20.340[Normal][INERADMS.Models.EquipmentInfo.GetEquipmentInfo](System)：欄位名稱：telno,對應中文名稱：連絡電話
2021.08.13.14.09.20.340[Normal][INERADMS.Models.EquipmentInfo.GetEquipmentInfo](System)：欄位名稱：x,對應中文名稱：X 座標
2021.08.13.14.09.20.340[Normal][INERADMS.Models.EquipmentInfo.GetEquipmentInfo](System)：欄位名稱：y,對應中文名稱：Y 座標
2021.08.13.14.09.20.340[Normal][INERADMS.Models.EquipmentInfo.GetEquipmentInfo](System)：欄位名稱：vlevel,對應中文名稱：電壓別
2021.08.13.14.09.20.340[Normal][INERADMS.Models.EquipmentInfo.GetEquipmentInfo](System)：欄位名稱：cabtype,對應中文名稱：主/副饋線別
2021.08.13.14.09.20.340[Normal][INERADMS.Models.EquipmentInfo.GetEquipmentInfo](System)：轉換擁有者設備資訊的欄位名稱完畢。
2021.08.13.14.50.06.335[Normal][INERADMS.Controllers.GisMapController.Map](System)：檢查登入者帳號....
2021.08.13.14.50.06.338[Normal][INERADMS.Controllers.GisMapController.Map](System)：目前登入者帳號不存在。
2021.08.13.14.50.09.154[Normal][INERADMS.Controllers.HomeController.LogIn](System)：ineradmin,Hp6uPRWAKR1mVAGezJxf1qfAr0/4Q9QFw+ICg+bqJCA=
2021.08.13.14.50.09.201[Normal][INERADMS.Controllers.HomeController.LogIn](System)：ineradmin登入檢查過關
2021.08.13.14.50.09.341[Normal][INERADMS.Controllers.HomeController.LogIn](System)：目前登入者帳號是：ineradmin,登入紀錄OK
2021.08.13.14.50.09.388[Normal][INERADMS.Controllers.GisMapController.Map](System)：檢查登入者帳號....
2021.08.13.14.50.09.388[Normal][INERADMS.Controllers.GisMapController.Map](System)：目前登入者帳號是：ineradmin
2021.08.13.14.50.12.580[Normal][INERADMS.Controllers.HomeController.LogIn](System)：ineradmin,Hp6uPRWAKR1mVAGezJxf1qfAr0/4Q9QFw+ICg+bqJCA=
2021.08.13.14.50.12.659[Normal][INERADMS.Controllers.HomeController.LogIn](System)：ineradmin登入檢查過關
2021.08.13.14.50.12.909[Normal][INERADMS.Controllers.HomeController.LogIn](System)：目前登入者帳號是：ineradmin,登入紀錄OK
2021.08.13.14.50.12.971[Normal][INERADMS.Controllers.GisMapController.Map](System)：檢查登入者帳號....
2021.08.13.14.50.12.984[Normal][INERADMS.Controllers.GisMapController.Map](System)：目前登入者帳號是：ineradmin
2021.08.13.14.50.26.757[Normal][INERADMS.Controllers.HomeController.LogIn](System)：ineradmin,Hp6uPRWAKR1mVAGezJxf1qfAr0/4Q9QFw+ICg+bqJCA=
2021.08.13.14.50.26.772[Normal][INERADMS.Controllers.HomeController.LogIn](System)：ineradmin登入檢查過關
2021.08.13.14.50.26.913[Normal][INERADMS.Controllers.HomeController.LogIn](System)：目前登入者帳號是：ineradmin,登入紀錄OK
2021.08.13.14.50.26.944[Normal][INERADMS.Controllers.GisMapController.Map](System)：檢查登入者帳號....
2021.08.13.14.50.26.944[Normal][INERADMS.Controllers.GisMapController.Map](System)：目前登入者帳號是：ineradmin
2021.08.13.14.50.27.569[Normal][INERADMS.Controllers.GisMapController.GetEquipmentClasses](System)：資料庫連接字串：Server=192.168.1.22;Port=5432;Database=GISADMS;User Id=postgres;Password=ok;,準備撈設備類別
2021.08.13.14.50.27.585[Normal][INERADMS.Controllers.GisMapController.GetEquipmentClasses](System)：設備類別資訊取得完成
2021.08.13.14.50.53.008[Normal][INERADMS.Controllers.GisMapController.Map](System)：檢查登入者帳號....
2021.08.13.14.50.53.010[Normal][INERADMS.Controllers.GisMapController.Map](System)：目前登入者帳號是：ineradmin
2021.08.13.14.50.54.659[Normal][INERADMS.Controllers.GisMapController.GetEquipmentClasses](System)：資料庫連接字串：Server=192.168.1.22;Port=5432;Database=GISADMS;User Id=postgres;Password=ok;,準備撈設備類別
2021.08.13.14.50.54.675[Normal][INERADMS.Controllers.GisMapController.GetEquipmentClasses](System)：設備類別資訊取得完成
2021.08.13.14.51.47.580[Normal][INERADMS.Controllers.GisMapController.Map](System)：檢查登入者帳號....
2021.08.13.14.51.47.580[Normal][INERADMS.Controllers.GisMapController.Map](System)：目前登入者帳號是：ineradmin
2021.08.13.14.51.48.665[Normal][INERADMS.Controllers.GisMapController.GetEquipmentClasses](System)：資料庫連接字串：Server=192.168.1.22;Port=5432;Database=GISADMS;User Id=postgres;Password=ok;,準備撈設備類別
2021.08.13.14.51.48.686[Normal][INERADMS.Controllers.GisMapController.GetEquipmentClasses](System)：設備類別資訊取得完成
2021.08.13.14.53.08.585[Normal][INERADMS.Controllers.GisMapController.Map](System)：檢查登入者帳號....
2021.08.13.14.53.08.585[Normal][INERADMS.Controllers.GisMapController.Map](System)：目前登入者帳號是：ineradmin
2021.08.13.14.53.16.713[Normal][INERADMS.Controllers.GisMapController.Map](System)：檢查登入者帳號....
2021.08.13.14.53.16.715[Normal][INERADMS.Controllers.GisMapController.Map](System)：目前登入者帳號是：ineradmin
2021.08.13.14.53.17.919[Normal][INERADMS.Controllers.GisMapController.GetEquipmentClasses](System)：資料庫連接字串：Server=192.168.1.22;Port=5432;Database=GISADMS;User Id=postgres;Password=ok;,準備撈設備類別
2021.08.13.14.53.17.988[Normal][INERADMS.Controllers.GisMapController.GetEquipmentClasses](System)：設備類別資訊取得完成
2021.08.13.14.53.29.467[Normal][INERADMS.Controllers.HomeController.LogIn](System)：ineradmin,Hp6uPRWAKR1mVAGezJxf1qfAr0/4Q9QFw+ICg+bqJCA=
2021.08.13.14.53.29.514[Normal][INERADMS.Controllers.HomeController.LogIn](System)：ineradmin登入檢查過關
2021.08.13.14.53.29.686[Normal][INERADMS.Controllers.HomeController.LogIn](System)：目前登入者帳號是：ineradmin,登入紀錄OK
2021.08.13.14.53.29.717[Normal][INERADMS.Controllers.GisMapController.Map](System)：檢查登入者帳號....
2021.08.13.14.53.29.717[Normal][INERADMS.Controllers.GisMapController.Map](System)：目前登入者帳號是：ineradmin
2021.08.13.14.53.30.938[Normal][INERADMS.Controllers.GisMapController.GetEquipmentClasses](System)：資料庫連接字串：Server=192.168.1.22;Port=5432;Database=GISADMS;User Id=postgres;Password=ok;,準備撈設備類別
2021.08.13.14.53.30.954[Normal][INERADMS.Controllers.GisMapController.GetEquipmentClasses](System)：設備類別資訊取得完成
2021.08.13.14.56.03.904[Normal][INERADMS.Controllers.GisMapController.Map](System)：檢查登入者帳號....
2021.08.13.14.56.03.904[Normal][INERADMS.Controllers.GisMapController.Map](System)：目前登入者帳號不存在。
2021.08.13.14.56.05.759[Normal][INERADMS.Controllers.HomeController.LogIn](System)：ineradmin,Hp6uPRWAKR1mVAGezJxf1qfAr0/4Q9QFw+ICg+bqJCA=
2021.08.13.14.56.05.781[Normal][INERADMS.Controllers.HomeController.LogIn](System)：ineradmin登入檢查過關
2021.08.13.14.56.05.903[Normal][INERADMS.Controllers.HomeController.LogIn](System)：目前登入者帳號是：ineradmin,登入紀錄OK
2021.08.13.14.56.05.936[Normal][INERADMS.Controllers.GisMapController.Map](System)：檢查登入者帳號....
2021.08.13.14.56.05.937[Normal][INERADMS.Controllers.GisMapController.Map](System)：目前登入者帳號是：ineradmin
2021.08.13.14.56.07.237[Normal][INERADMS.Controllers.GisMapController.GetEquipmentClasses](System)：資料庫連接字串：Server=192.168.1.22;Port=5432;Database=GISADMS;User Id=postgres;Password=ok;,準備撈設備類別
2021.08.13.14.56.07.268[Normal][INERADMS.Controllers.GisMapController.GetEquipmentClasses](System)：設備類別資訊取得完成
2021.08.13.15.45.59.157[Normal][INERADMS.Controllers.GisMapController.Map](System)：檢查登入者帳號....
2021.08.13.15.45.59.160[Normal][INERADMS.Controllers.GisMapController.Map](System)：目前登入者帳號不存在。
2021.08.13.15.46.01.036[Normal][INERADMS.Controllers.HomeController.LogIn](System)：ineradmin,Hp6uPRWAKR1mVAGezJxf1qfAr0/4Q9QFw+ICg+bqJCA=
2021.08.13.15.46.01.094[Normal][INERADMS.Controllers.HomeController.LogIn](System)：ineradmin登入檢查過關
2021.08.13.15.46.01.321[Normal][INERADMS.Controllers.HomeController.LogIn](System)：目前登入者帳號是：ineradmin,登入紀錄OK
2021.08.13.15.46.01.382[Normal][INERADMS.Controllers.GisMapController.Map](System)：檢查登入者帳號....
2021.08.13.15.46.01.383[Normal][INERADMS.Controllers.GisMapController.Map](System)：目前登入者帳號是：ineradmin
2021.08.13.15.46.03.018[Normal][INERADMS.Controllers.GisMapController.GetEquipmentClasses](System)：資料庫連接字串：Server=192.168.1.22;Port=5432;Database=GISADMS;User Id=postgres;Password=ok;,準備撈設備類別
2021.08.13.15.46.03.039[Normal][INERADMS.Controllers.GisMapController.GetEquipmentClasses](System)：設備類別資訊取得完成
2021.08.13.15.47.01.156[Normal][INERADMS.Controllers.GisMapController.Map](System)：檢查登入者帳號....
2021.08.13.15.47.01.157[Normal][INERADMS.Controllers.GisMapController.Map](System)：目前登入者帳號不存在。
2021.08.13.15.47.04.119[Normal][INERADMS.Controllers.HomeController.LogIn](System)：ineradmin,Hp6uPRWAKR1mVAGezJxf1qfAr0/4Q9QFw+ICg+bqJCA=
2021.08.13.15.47.04.142[Normal][INERADMS.Controllers.HomeController.LogIn](System)：ineradmin登入檢查過關
2021.08.13.15.47.04.304[Normal][INERADMS.Controllers.HomeController.LogIn](System)：目前登入者帳號是：ineradmin,登入紀錄OK
2021.08.13.15.47.04.344[Normal][INERADMS.Controllers.GisMapController.Map](System)：檢查登入者帳號....
2021.08.13.15.47.04.345[Normal][INERADMS.Controllers.GisMapController.Map](System)：目前登入者帳號是：ineradmin
2021.08.13.15.47.06.501[Normal][INERADMS.Controllers.GisMapController.GetEquipmentClasses](System)：資料庫連接字串：Server=192.168.1.22;Port=5432;Database=GISADMS;User Id=postgres;Password=ok;,準備撈設備類別
2021.08.13.15.47.06.520[Normal][INERADMS.Controllers.GisMapController.GetEquipmentClasses](System)：設備類別資訊取得完成
2021.08.13.15.50.15.786[Normal][INERADMS.Controllers.GisMapController.GetEquipmentClasses](System)：資料庫連接字串：Server=192.168.1.22;Port=5432;Database=GISADMS;User Id=postgres;Password=ok;,準備撈設備類別
2021.08.13.15.50.15.837[Normal][INERADMS.Controllers.GisMapController.GetEquipmentClasses](System)：設備類別資訊取得完成
2021.08.13.15.50.27.766[Normal][INERADMS.Controllers.HomeController.LogIn](System)：ineradmin,Hp6uPRWAKR1mVAGezJxf1qfAr0/4Q9QFw+ICg+bqJCA=
2021.08.13.15.50.27.791[Normal][INERADMS.Controllers.HomeController.LogIn](System)：ineradmin登入檢查過關
2021.08.13.15.50.27.883[Normal][INERADMS.Controllers.HomeController.LogIn](System)：目前登入者帳號是：ineradmin,登入紀錄OK
2021.08.13.15.50.27.914[Normal][INERADMS.Controllers.GisMapController.Map](System)：檢查登入者帳號....
2021.08.13.15.50.27.914[Normal][INERADMS.Controllers.GisMapController.Map](System)：目前登入者帳號是：ineradmin
2021.08.13.15.50.28.668[Normal][INERADMS.Controllers.GisMapController.GetEquipmentClasses](System)：資料庫連接字串：Server=192.168.1.22;Port=5432;Database=GISADMS;User Id=postgres;Password=ok;,準備撈設備類別
2021.08.13.15.50.28.702[Normal][INERADMS.Controllers.GisMapController.GetEquipmentClasses](System)：設備類別資訊取得完成
2021.08.13.15.58.34.115[Normal][INERADMS.Controllers.GisMapController.Map](System)：檢查登入者帳號....
2021.08.13.15.58.34.117[Normal][INERADMS.Controllers.GisMapController.Map](System)：目前登入者帳號不存在。
2021.08.13.15.58.34.157[Normal][INERADMS.Controllers.GisMapController.Map](System)：檢查登入者帳號....
2021.08.13.15.58.34.159[Normal][INERADMS.Controllers.GisMapController.Map](System)：目前登入者帳號不存在。
2021.08.13.16.04.46.413[Normal][INERADMS.Controllers.GisMapController.GetInfoWindowData](System)：資料庫連接字串：Server=192.168.1.22;Port=5432;Database=GISADMS;User Id=postgres;Password=ok;,傳入TID=114,OID=10130603
2021.08.13.16.04.46.460[Normal][EquipmentInfo.GetEquipmentInfo](System)：設備FSC:114,設備OID:10130603,EquipmentInfo.GetEquipmentInfo函數啟動
2021.08.13.16.04.46.523[Normal][EquipmentInfo.GetEquipmentInfo](System)：設備FSC:114,設備OID:10130603,設備類別碼有效性檢查PASSED
2021.08.13.16.04.46.570[Normal][EquipmentInfo.GetEquipmentInfo](System)：設備FSC:114,設備OID:10130603,抓到座標值是TWD67座標下X=180526,y=2613720
2021.08.13.16.04.46.585[Normal][INERADMS.Models.EquipmentInfo.GetEquipmentInfo](System)：設備FSC:114,設備OID:10130603,原無饋線編號,抓饋線編號先抓到FDR1值為59
2021.08.13.16.04.46.616[Normal][INERADMS.Models.EquipmentInfo.GetEquipmentInfo](System)：傳入FDR=59,得到饋線編號為XF24
2021.08.13.16.04.46.616[Normal][INERADMS.Models.EquipmentInfo.GetEquipmentInfo](System)：傳入TID=114,得到表格名稱=switch
2021.08.13.16.04.46.648[Normal][INERADMS.Models.EquipmentInfo.GetEquipmentInfo](System)：設備FSC:114,設備OID:10130603,表格名稱=switch,基本設備資訊查詢完成
2021.08.13.16.04.46.679[Normal][INERADMS.Models.EquipmentInfo.GetEquipmentInfo](System)：表格名稱=switch,欄位名稱翻譯資訊查詢完成
2021.08.13.16.04.46.726[Normal][INERADMS.Models.EquipmentInfo.GetEquipmentInfo](System)：傳入擁有者TID=407,得到表格名稱=pole
2021.08.13.16.04.46.788[Normal][INERADMS.Models.EquipmentInfo.GetEquipmentInfo](System)：表格名稱=pole,欄位名稱翻譯資訊查詢完成,共14筆
2021.08.13.16.04.47.366[Normal][EquipmentInfo.GetRealtimeData](System)：台電圖號座標:K1327BC32,第一段SQL END
2021.08.13.16.04.47.382[Normal][INERADMS.Models.EquipmentInfo.GetEquipmentInfo](System)：開始轉換基本設備資訊的欄位名稱......
2021.08.13.16.04.47.445[Normal][INERADMS.Models.EquipmentInfo.GetEquipmentInfo](System)：轉換基本設備資訊的欄位名稱完畢。
2021.08.13.16.04.47.445[Normal][INERADMS.Models.EquipmentInfo.GetEquipmentInfo](System)：開始轉換擁有者設備資訊的欄位名稱......
2021.08.13.16.04.47.445[Normal][INERADMS.Models.EquipmentInfo.GetEquipmentInfo](System)：欄位名稱：ufid,對應中文名稱：設備流水號
2021.08.13.16.04.47.460[Normal][INERADMS.Models.EquipmentInfo.GetEquipmentInfo](System)：欄位名稱：poletype,對應中文名稱：設備型式
2021.08.13.16.04.47.460[Normal][INERADMS.Models.EquipmentInfo.GetEquipmentInfo](System)：欄位名稱：tpclid,對應中文名稱：圖號座標
2021.08.13.16.04.47.460[Normal][INERADMS.Models.EquipmentInfo.GetEquipmentInfo](System)：欄位名稱：addr,對應中文名稱：電桿的地址或桿號
2021.08.13.16.04.47.460[Normal][INERADMS.Models.EquipmentInfo.GetEquipmentInfo](System)：欄位名稱：childufid1,對應中文名稱：導線代號 1
2021.08.13.16.04.47.460[Normal][INERADMS.Models.EquipmentInfo.GetEquipmentInfo](System)：欄位名稱：childufid2,對應中文名稱：導線代號 2
2021.08.13.16.04.47.460[Normal][INERADMS.Models.EquipmentInfo.GetEquipmentInfo](System)：欄位名稱：childufid3,對應中文名稱：導線代號 3
2021.08.13.16.04.47.460[Normal][INERADMS.Models.EquipmentInfo.GetEquipmentInfo](System)：欄位名稱：childufid4,對應中文名稱：導線代號 4
2021.08.13.16.04.47.460[Normal][INERADMS.Models.EquipmentInfo.GetEquipmentInfo](System)：欄位名稱：polenum,對應中文名稱：桿號
2021.08.13.16.04.47.460[Normal][INERADMS.Models.EquipmentInfo.GetEquipmentInfo](System)：欄位名稱：polelen,對應中文名稱：長度
2021.08.13.16.04.47.460[Normal][INERADMS.Models.EquipmentInfo.GetEquipmentInfo](System)：欄位名稱：x,對應中文名稱：X 座標
2021.08.13.16.04.47.460[Normal][INERADMS.Models.EquipmentInfo.GetEquipmentInfo](System)：欄位名稱：y,對應中文名稱：Y 座標
2021.08.13.16.04.47.460[Normal][INERADMS.Models.EquipmentInfo.GetEquipmentInfo](System)：欄位名稱：vlevel,對應中文名稱：電壓別
2021.08.13.16.04.47.460[Normal][INERADMS.Models.EquipmentInfo.GetEquipmentInfo](System)：欄位名稱：cabtype,對應中文名稱：主/副饋線別
2021.08.13.16.04.47.460[Normal][INERADMS.Models.EquipmentInfo.GetEquipmentInfo](System)：轉換擁有者設備資訊的欄位名稱完畢。
2021.08.13.16.04.53.054[Normal][INERADMS.Controllers.GisMapController.GetInfoWindowData](System)：資料庫連接字串：Server=192.168.1.22;Port=5432;Database=GISADMS;User Id=postgres;Password=ok;,傳入TID=114,OID=10130603
2021.08.13.16.04.53.054[Normal][EquipmentInfo.GetEquipmentInfo](System)：設備FSC:114,設備OID:10130603,EquipmentInfo.GetEquipmentInfo函數啟動
2021.08.13.16.04.53.195[Normal][EquipmentInfo.GetEquipmentInfo](System)：設備FSC:114,設備OID:10130603,設備類別碼有效性檢查PASSED
2021.08.13.16.04.53.211[Normal][EquipmentInfo.GetEquipmentInfo](System)：設備FSC:114,設備OID:10130603,抓到座標值是TWD67座標下X=180526,y=2613720
2021.08.13.16.04.53.211[Normal][INERADMS.Models.EquipmentInfo.GetEquipmentInfo](System)：設備FSC:114,設備OID:10130603,原無饋線編號,抓饋線編號先抓到FDR1值為59
2021.08.13.16.04.53.257[Normal][INERADMS.Models.EquipmentInfo.GetEquipmentInfo](System)：傳入FDR=59,得到饋線編號為XF24
2021.08.13.16.04.53.257[Normal][INERADMS.Models.EquipmentInfo.GetEquipmentInfo](System)：傳入TID=114,得到表格名稱=switch
2021.08.13.16.04.53.320[Normal][INERADMS.Models.EquipmentInfo.GetEquipmentInfo](System)：設備FSC:114,設備OID:10130603,表格名稱=switch,基本設備資訊查詢完成
2021.08.13.16.04.53.336[Normal][INERADMS.Models.EquipmentInfo.GetEquipmentInfo](System)：表格名稱=switch,欄位名稱翻譯資訊查詢完成
2021.08.13.16.04.53.351[Normal][INERADMS.Models.EquipmentInfo.GetEquipmentInfo](System)：傳入擁有者TID=407,得到表格名稱=pole
2021.08.13.16.04.53.429[Normal][INERADMS.Models.EquipmentInfo.GetEquipmentInfo](System)：表格名稱=pole,欄位名稱翻譯資訊查詢完成,共14筆
2021.08.13.16.04.53.429[Normal][EquipmentInfo.GetRealtimeData](System)：台電圖號座標:K1327BC32,第一段SQL END
2021.08.13.16.04.53.429[Normal][INERADMS.Models.EquipmentInfo.GetEquipmentInfo](System)：開始轉換基本設備資訊的欄位名稱......
2021.08.13.16.04.53.429[Normal][INERADMS.Models.EquipmentInfo.GetEquipmentInfo](System)：轉換基本設備資訊的欄位名稱完畢。
2021.08.13.16.04.53.429[Normal][INERADMS.Models.EquipmentInfo.GetEquipmentInfo](System)：開始轉換擁有者設備資訊的欄位名稱......
2021.08.13.16.04.53.429[Normal][INERADMS.Models.EquipmentInfo.GetEquipmentInfo](System)：欄位名稱：ufid,對應中文名稱：設備流水號
2021.08.13.16.04.53.429[Normal][INERADMS.Models.EquipmentInfo.GetEquipmentInfo](System)：欄位名稱：poletype,對應中文名稱：設備型式
2021.08.13.16.04.53.429[Normal][INERADMS.Models.EquipmentInfo.GetEquipmentInfo](System)：欄位名稱：tpclid,對應中文名稱：圖號座標
2021.08.13.16.04.53.429[Normal][INERADMS.Models.EquipmentInfo.GetEquipmentInfo](System)：欄位名稱：addr,對應中文名稱：電桿的地址或桿號
2021.08.13.16.04.53.429[Normal][INERADMS.Models.EquipmentInfo.GetEquipmentInfo](System)：欄位名稱：childufid1,對應中文名稱：導線代號 1
2021.08.13.16.04.53.429[Normal][INERADMS.Models.EquipmentInfo.GetEquipmentInfo](System)：欄位名稱：childufid2,對應中文名稱：導線代號 2
2021.08.13.16.04.53.445[Normal][INERADMS.Models.EquipmentInfo.GetEquipmentInfo](System)：欄位名稱：childufid3,對應中文名稱：導線代號 3
2021.08.13.16.04.53.445[Normal][INERADMS.Models.EquipmentInfo.GetEquipmentInfo](System)：欄位名稱：childufid4,對應中文名稱：導線代號 4
2021.08.13.16.04.53.445[Normal][INERADMS.Models.EquipmentInfo.GetEquipmentInfo](System)：欄位名稱：polenum,對應中文名稱：桿號
2021.08.13.16.04.53.445[Normal][INERADMS.Models.EquipmentInfo.GetEquipmentInfo](System)：欄位名稱：polelen,對應中文名稱：長度
2021.08.13.16.04.53.445[Normal][INERADMS.Models.EquipmentInfo.GetEquipmentInfo](System)：欄位名稱：x,對應中文名稱：X 座標
2021.08.13.16.04.53.445[Normal][INERADMS.Models.EquipmentInfo.GetEquipmentInfo](System)：欄位名稱：y,對應中文名稱：Y 座標
2021.08.13.16.04.53.445[Normal][INERADMS.Models.EquipmentInfo.GetEquipmentInfo](System)：欄位名稱：vlevel,對應中文名稱：電壓別
2021.08.13.16.04.53.445[Normal][INERADMS.Models.EquipmentInfo.GetEquipmentInfo](System)：欄位名稱：cabtype,對應中文名稱：主/副饋線別
2021.08.13.16.04.53.445[Normal][INERADMS.Models.EquipmentInfo.GetEquipmentInfo](System)：轉換擁有者設備資訊的欄位名稱完畢。
2021.08.13.16.05.02.886[Normal][INERADMS.Controllers.GisMapController.GetInfoWindowData](System)：資料庫連接字串：Server=192.168.1.22;Port=5432;Database=GISADMS;User Id=postgres;Password=ok;,傳入TID=114,OID=5631
2021.08.13.16.05.02.886[Normal][EquipmentInfo.GetEquipmentInfo](System)：設備FSC:114,設備OID:5631,EquipmentInfo.GetEquipmentInfo函數啟動
2021.08.13.16.05.02.917[Normal][EquipmentInfo.GetEquipmentInfo](System)：設備FSC:114,設備OID:5631,設備類別碼有效性檢查PASSED
2021.08.13.16.05.02.932[Normal][EquipmentInfo.GetEquipmentInfo](System)：設備FSC:114,設備OID:5631,抓到座標值是TWD67座標下X=180453,y=2613224
2021.08.13.16.05.02.932[Normal][INERADMS.Models.EquipmentInfo.GetEquipmentInfo](System)：設備FSC:114,設備OID:5631,原無饋線編號,抓饋線編號先抓到FDR1值為63
2021.08.13.16.05.02.948[Normal][INERADMS.Models.EquipmentInfo.GetEquipmentInfo](System)：傳入FDR=63,得到饋線編號為XF28
2021.08.13.16.05.02.948[Normal][INERADMS.Models.EquipmentInfo.GetEquipmentInfo](System)：傳入TID=114,得到表格名稱=switch
2021.08.13.16.05.02.964[Normal][INERADMS.Models.EquipmentInfo.GetEquipmentInfo](System)：設備FSC:114,設備OID:5631,表格名稱=switch,基本設備資訊查詢完成
2021.08.13.16.05.02.995[Normal][INERADMS.Models.EquipmentInfo.GetEquipmentInfo](System)：表格名稱=switch,欄位名稱翻譯資訊查詢完成
2021.08.13.16.05.03.011[Normal][INERADMS.Models.EquipmentInfo.GetEquipmentInfo](System)：傳入擁有者TID=407,得到表格名稱=pole
2021.08.13.16.05.03.042[Normal][INERADMS.Models.EquipmentInfo.GetEquipmentInfo](System)：表格名稱=pole,欄位名稱翻譯資訊查詢完成,共14筆
2021.08.13.16.05.03.057[Normal][EquipmentInfo.GetRealtimeData](System)：台電圖號座標:K1326AC42,第一段SQL END
2021.08.13.16.05.03.057[Normal][INERADMS.Models.EquipmentInfo.GetEquipmentInfo](System)：開始轉換基本設備資訊的欄位名稱......
2021.08.13.16.05.03.057[Normal][INERADMS.Models.EquipmentInfo.GetEquipmentInfo](System)：轉換基本設備資訊的欄位名稱完畢。
2021.08.13.16.05.03.057[Normal][INERADMS.Models.EquipmentInfo.GetEquipmentInfo](System)：開始轉換擁有者設備資訊的欄位名稱......
2021.08.13.16.05.03.057[Normal][INERADMS.Models.EquipmentInfo.GetEquipmentInfo](System)：欄位名稱：ufid,對應中文名稱：設備流水號
2021.08.13.16.05.03.057[Normal][INERADMS.Models.EquipmentInfo.GetEquipmentInfo](System)：欄位名稱：poletype,對應中文名稱：設備型式
2021.08.13.16.05.03.057[Normal][INERADMS.Models.EquipmentInfo.GetEquipmentInfo](System)：欄位名稱：tpclid,對應中文名稱：圖號座標
2021.08.13.16.05.03.057[Normal][INERADMS.Models.EquipmentInfo.GetEquipmentInfo](System)：欄位名稱：addr,對應中文名稱：電桿的地址或桿號
2021.08.13.16.05.03.057[Normal][INERADMS.Models.EquipmentInfo.GetEquipmentInfo](System)：欄位名稱：childufid1,對應中文名稱：導線代號 1
2021.08.13.16.05.03.057[Normal][INERADMS.Models.EquipmentInfo.GetEquipmentInfo](System)：欄位名稱：childufid2,對應中文名稱：導線代號 2
2021.08.13.16.05.03.057[Normal][INERADMS.Models.EquipmentInfo.GetEquipmentInfo](System)：欄位名稱：childufid3,對應中文名稱：導線代號 3
2021.08.13.16.05.03.057[Normal][INERADMS.Models.EquipmentInfo.GetEquipmentInfo](System)：欄位名稱：childufid4,對應中文名稱：導線代號 4
2021.08.13.16.05.03.057[Normal][INERADMS.Models.EquipmentInfo.GetEquipmentInfo](System)：欄位名稱：polenum,對應中文名稱：桿號
2021.08.13.16.05.03.057[Normal][INERADMS.Models.EquipmentInfo.GetEquipmentInfo](System)：欄位名稱：polelen,對應中文名稱：長度
2021.08.13.16.05.03.057[Normal][INERADMS.Models.EquipmentInfo.GetEquipmentInfo](System)：欄位名稱：x,對應中文名稱：X 座標
2021.08.13.16.05.03.057[Normal][INERADMS.Models.EquipmentInfo.GetEquipmentInfo](System)：欄位名稱：y,對應中文名稱：Y 座標
2021.08.13.16.05.03.057[Normal][INERADMS.Models.EquipmentInfo.GetEquipmentInfo](System)：欄位名稱：vlevel,對應中文名稱：電壓別
2021.08.13.16.05.03.057[Normal][INERADMS.Models.EquipmentInfo.GetEquipmentInfo](System)：欄位名稱：cabtype,對應中文名稱：主/副饋線別
2021.08.13.16.05.03.057[Normal][INERADMS.Models.EquipmentInfo.GetEquipmentInfo](System)：轉換擁有者設備資訊的欄位名稱完畢。
2021.08.13.16.06.32.901[Normal][INERADMS.Controllers.GisMapController.GetInfoWindowData](System)：資料庫連接字串：Server=192.168.1.22;Port=5432;Database=GISADMS;User Id=postgres;Password=ok;,傳入TID=115,OID=5635
2021.08.13.16.06.32.901[Normal][EquipmentInfo.GetEquipmentInfo](System)：設備FSC:115,設備OID:5635,EquipmentInfo.GetEquipmentInfo函數啟動
2021.08.13.16.06.32.932[Normal][EquipmentInfo.GetEquipmentInfo](System)：設備FSC:115,設備OID:5635,設備類別碼有效性檢查PASSED
2021.08.13.16.06.32.948[Normal][EquipmentInfo.GetEquipmentInfo](System)：設備FSC:115,設備OID:5635,抓到座標值是TWD67座標下X=180441,y=2613199
2021.08.13.16.06.32.948[Normal][INERADMS.Models.EquipmentInfo.GetEquipmentInfo](System)：設備FSC:115,設備OID:5635,原無饋線編號,抓饋線編號先抓到FDR1值為63
2021.08.13.16.06.33.057[Normal][INERADMS.Models.EquipmentInfo.GetEquipmentInfo](System)：傳入FDR=63,得到饋線編號為XF28
2021.08.13.16.06.33.057[Normal][INERADMS.Models.EquipmentInfo.GetEquipmentInfo](System)：傳入TID=115,得到表格名稱=sxfmr
2021.08.13.16.06.33.120[Normal][INERADMS.Models.EquipmentInfo.GetEquipmentInfo](System)：設備FSC:115,設備OID:5635,表格名稱=sxfmr,基本設備資訊查詢完成
2021.08.13.16.06.33.276[Normal][INERADMS.Models.EquipmentInfo.GetEquipmentInfo](System)：表格名稱=sxfmr,欄位名稱翻譯資訊查詢完成
2021.08.13.16.06.33.354[Normal][INERADMS.Models.EquipmentInfo.GetEquipmentInfo](System)：傳入擁有者TID=407,得到表格名稱=pole
2021.08.13.16.06.33.495[Normal][INERADMS.Models.EquipmentInfo.GetEquipmentInfo](System)：表格名稱=pole,欄位名稱翻譯資訊查詢完成,共14筆
2021.08.13.16.06.33.495[Normal][EquipmentInfo.GetRealtimeData](System)：台電圖號座標:K1326AC40,第一段SQL END
2021.08.13.16.06.33.495[Normal][INERADMS.Models.EquipmentInfo.GetEquipmentInfo](System)：開始轉換基本設備資訊的欄位名稱......
2021.08.13.16.06.33.495[Normal][INERADMS.Models.EquipmentInfo.GetEquipmentInfo](System)：轉換基本設備資訊的欄位名稱完畢。
2021.08.13.16.06.33.495[Normal][INERADMS.Models.EquipmentInfo.GetEquipmentInfo](System)：開始轉換擁有者設備資訊的欄位名稱......
2021.08.13.16.06.33.495[Normal][INERADMS.Models.EquipmentInfo.GetEquipmentInfo](System)：欄位名稱：ufid,對應中文名稱：設備流水號
2021.08.13.16.06.33.495[Normal][INERADMS.Models.EquipmentInfo.GetEquipmentInfo](System)：欄位名稱：poletype,對應中文名稱：設備型式
2021.08.13.16.06.33.495[Normal][INERADMS.Models.EquipmentInfo.GetEquipmentInfo](System)：欄位名稱：tpclid,對應中文名稱：圖號座標
2021.08.13.16.06.33.495[Normal][INERADMS.Models.EquipmentInfo.GetEquipmentInfo](System)：欄位名稱：addr,對應中文名稱：電桿的地址或桿號
2021.08.13.16.06.33.495[Normal][INERADMS.Models.EquipmentInfo.GetEquipmentInfo](System)：欄位名稱：childufid1,對應中文名稱：導線代號 1
2021.08.13.16.06.33.495[Normal][INERADMS.Models.EquipmentInfo.GetEquipmentInfo](System)：欄位名稱：childufid2,對應中文名稱：導線代號 2
2021.08.13.16.06.33.495[Normal][INERADMS.Models.EquipmentInfo.GetEquipmentInfo](System)：欄位名稱：childufid3,對應中文名稱：導線代號 3
2021.08.13.16.06.33.495[Normal][INERADMS.Models.EquipmentInfo.GetEquipmentInfo](System)：欄位名稱：childufid4,對應中文名稱：導線代號 4
2021.08.13.16.06.33.495[Normal][INERADMS.Models.EquipmentInfo.GetEquipmentInfo](System)：欄位名稱：polenum,對應中文名稱：桿號
2021.08.13.16.06.33.495[Normal][INERADMS.Models.EquipmentInfo.GetEquipmentInfo](System)：欄位名稱：polelen,對應中文名稱：長度
2021.08.13.16.06.33.495[Normal][INERADMS.Models.EquipmentInfo.GetEquipmentInfo](System)：欄位名稱：x,對應中文名稱：X 座標
2021.08.13.16.06.33.495[Normal][INERADMS.Models.EquipmentInfo.GetEquipmentInfo](System)：欄位名稱：y,對應中文名稱：Y 座標
2021.08.13.16.06.33.495[Normal][INERADMS.Models.EquipmentInfo.GetEquipmentInfo](System)：欄位名稱：vlevel,對應中文名稱：電壓別
2021.08.13.16.06.33.495[Normal][INERADMS.Models.EquipmentInfo.GetEquipmentInfo](System)：欄位名稱：cabtype,對應中文名稱：主/副饋線別
2021.08.13.16.06.33.495[Normal][INERADMS.Models.EquipmentInfo.GetEquipmentInfo](System)：轉換擁有者設備資訊的欄位名稱完畢。
2021.08.13.16.06.57.337[Normal][INERADMS.Controllers.GisMapController.GetInfoWindowData](System)：資料庫連接字串：Server=192.168.1.22;Port=5432;Database=GISADMS;User Id=postgres;Password=ok;,傳入TID=115,OID=5635
2021.08.13.16.06.57.384[Normal][EquipmentInfo.GetEquipmentInfo](System)：設備FSC:115,設備OID:5635,EquipmentInfo.GetEquipmentInfo函數啟動
2021.08.13.16.06.57.400[Normal][EquipmentInfo.GetEquipmentInfo](System)：設備FSC:115,設備OID:5635,設備類別碼有效性檢查PASSED
2021.08.13.16.06.57.509[Normal][EquipmentInfo.GetEquipmentInfo](System)：設備FSC:115,設備OID:5635,抓到座標值是TWD67座標下X=180441,y=2613199
2021.08.13.16.06.57.509[Normal][INERADMS.Models.EquipmentInfo.GetEquipmentInfo](System)：設備FSC:115,設備OID:5635,原無饋線編號,抓饋線編號先抓到FDR1值為63
2021.08.13.16.06.57.540[Normal][INERADMS.Models.EquipmentInfo.GetEquipmentInfo](System)：傳入FDR=63,得到饋線編號為XF28
2021.08.13.16.06.57.540[Normal][INERADMS.Models.EquipmentInfo.GetEquipmentInfo](System)：傳入TID=115,得到表格名稱=sxfmr
2021.08.13.16.06.57.587[Normal][INERADMS.Models.EquipmentInfo.GetEquipmentInfo](System)：設備FSC:115,設備OID:5635,表格名稱=sxfmr,基本設備資訊查詢完成
2021.08.13.16.06.57.603[Normal][INERADMS.Models.EquipmentInfo.GetEquipmentInfo](System)：表格名稱=sxfmr,欄位名稱翻譯資訊查詢完成
2021.08.13.16.06.57.634[Normal][INERADMS.Models.EquipmentInfo.GetEquipmentInfo](System)：傳入擁有者TID=407,得到表格名稱=pole
2021.08.13.16.06.57.759[Normal][INERADMS.Models.EquipmentInfo.GetEquipmentInfo](System)：表格名稱=pole,欄位名稱翻譯資訊查詢完成,共14筆
2021.08.13.16.06.57.806[Normal][EquipmentInfo.GetRealtimeData](System)：台電圖號座標:K1326AC40,第一段SQL END
2021.08.13.16.06.57.806[Normal][INERADMS.Models.EquipmentInfo.GetEquipmentInfo](System)：開始轉換基本設備資訊的欄位名稱......
2021.08.13.16.06.57.806[Normal][INERADMS.Models.EquipmentInfo.GetEquipmentInfo](System)：轉換基本設備資訊的欄位名稱完畢。
2021.08.13.16.06.57.806[Normal][INERADMS.Models.EquipmentInfo.GetEquipmentInfo](System)：開始轉換擁有者設備資訊的欄位名稱......
2021.08.13.16.06.57.806[Normal][INERADMS.Models.EquipmentInfo.GetEquipmentInfo](System)：欄位名稱：ufid,對應中文名稱：設備流水號
2021.08.13.16.06.57.806[Normal][INERADMS.Models.EquipmentInfo.GetEquipmentInfo](System)：欄位名稱：poletype,對應中文名稱：設備型式
2021.08.13.16.06.57.806[Normal][INERADMS.Models.EquipmentInfo.GetEquipmentInfo](System)：欄位名稱：tpclid,對應中文名稱：圖號座標
2021.08.13.16.06.57.806[Normal][INERADMS.Models.EquipmentInfo.GetEquipmentInfo](System)：欄位名稱：addr,對應中文名稱：電桿的地址或桿號
2021.08.13.16.06.57.806[Normal][INERADMS.Models.EquipmentInfo.GetEquipmentInfo](System)：欄位名稱：childufid1,對應中文名稱：導線代號 1
2021.08.13.16.06.57.806[Normal][INERADMS.Models.EquipmentInfo.GetEquipmentInfo](System)：欄位名稱：childufid2,對應中文名稱：導線代號 2
2021.08.13.16.06.57.806[Normal][INERADMS.Models.EquipmentInfo.GetEquipmentInfo](System)：欄位名稱：childufid3,對應中文名稱：導線代號 3
2021.08.13.16.06.57.806[Normal][INERADMS.Models.EquipmentInfo.GetEquipmentInfo](System)：欄位名稱：childufid4,對應中文名稱：導線代號 4
2021.08.13.16.06.57.806[Normal][INERADMS.Models.EquipmentInfo.GetEquipmentInfo](System)：欄位名稱：polenum,對應中文名稱：桿號
2021.08.13.16.06.57.806[Normal][INERADMS.Models.EquipmentInfo.GetEquipmentInfo](System)：欄位名稱：polelen,對應中文名稱：長度
2021.08.13.16.06.57.806[Normal][INERADMS.Models.EquipmentInfo.GetEquipmentInfo](System)：欄位名稱：x,對應中文名稱：X 座標
2021.08.13.16.06.57.806[Normal][INERADMS.Models.EquipmentInfo.GetEquipmentInfo](System)：欄位名稱：y,對應中文名稱：Y 座標
2021.08.13.16.06.57.806[Normal][INERADMS.Models.EquipmentInfo.GetEquipmentInfo](System)：欄位名稱：vlevel,對應中文名稱：電壓別
2021.08.13.16.06.57.806[Normal][INERADMS.Models.EquipmentInfo.GetEquipmentInfo](System)：欄位名稱：cabtype,對應中文名稱：主/副饋線別
2021.08.13.16.06.57.806[Normal][INERADMS.Models.EquipmentInfo.GetEquipmentInfo](System)：轉換擁有者設備資訊的欄位名稱完畢。
2021.08.13.16.08.58.582[Normal][INERADMS.Controllers.GisMapController.Map](System)：檢查登入者帳號....
2021.08.13.16.08.58.582[Normal][INERADMS.Controllers.GisMapController.Map](System)：目前登入者帳號是：ineradmin
2021.08.13.16.09.00.082[Normal][INERADMS.Controllers.GisMapController.GetEquipmentClasses](System)：資料庫連接字串：Server=192.168.1.22;Port=5432;Database=GISADMS;User Id=postgres;Password=ok;,準備撈設備類別
2021.08.13.16.09.00.129[Normal][INERADMS.Controllers.GisMapController.GetEquipmentClasses](System)：設備類別資訊取得完成
2021.08.13.16.09.02.363[Normal][INERADMS.Controllers.HomeController.LogIn](System)：ineradmin,Hp6uPRWAKR1mVAGezJxf1qfAr0/4Q9QFw+ICg+bqJCA=
2021.08.13.16.09.02.395[Normal][INERADMS.Controllers.HomeController.LogIn](System)：ineradmin登入檢查過關
2021.08.13.16.09.02.521[Normal][INERADMS.Controllers.HomeController.LogIn](System)：目前登入者帳號是：ineradmin,登入紀錄OK
2021.08.13.16.09.02.568[Normal][INERADMS.Controllers.GisMapController.Map](System)：檢查登入者帳號....
2021.08.13.16.09.02.568[Normal][INERADMS.Controllers.GisMapController.Map](System)：目前登入者帳號是：ineradmin
2021.08.13.16.09.03.666[Normal][INERADMS.Controllers.GisMapController.GetEquipmentClasses](System)：資料庫連接字串：Server=192.168.1.22;Port=5432;Database=GISADMS;User Id=postgres;Password=ok;,準備撈設備類別
2021.08.13.16.09.03.759[Normal][INERADMS.Controllers.GisMapController.GetEquipmentClasses](System)：設備類別資訊取得完成
2021.08.13.16.09.05.588[Normal][INERADMS.Controllers.HomeController.LogIn](System)：ineradmin,Hp6uPRWAKR1mVAGezJxf1qfAr0/4Q9QFw+ICg+bqJCA=
2021.08.13.16.09.05.619[Normal][INERADMS.Controllers.HomeController.LogIn](System)：ineradmin登入檢查過關
2021.08.13.16.09.05.838[Normal][INERADMS.Controllers.HomeController.LogIn](System)：目前登入者帳號是：ineradmin,登入紀錄OK
2021.08.13.16.09.05.869[Normal][INERADMS.Controllers.GisMapController.Map](System)：檢查登入者帳號....
2021.08.13.16.09.05.869[Normal][INERADMS.Controllers.GisMapController.Map](System)：目前登入者帳號是：ineradmin
2021.08.13.16.09.07.025[Normal][INERADMS.Controllers.GisMapController.GetEquipmentClasses](System)：資料庫連接字串：Server=192.168.1.22;Port=5432;Database=GISADMS;User Id=postgres;Password=ok;,準備撈設備類別
2021.08.13.16.09.07.056[Normal][INERADMS.Controllers.GisMapController.GetEquipmentClasses](System)：設備類別資訊取得完成
2021.08.13.16.09.18.713[Normal][INERADMS.Controllers.GisMapController.GetInfoWindowData](System)：資料庫連接字串：Server=192.168.1.22;Port=5432;Database=GISADMS;User Id=postgres;Password=ok;,傳入TID=114,OID=4342
2021.08.13.16.09.18.713[Normal][EquipmentInfo.GetEquipmentInfo](System)：設備FSC:114,設備OID:4342,EquipmentInfo.GetEquipmentInfo函數啟動
2021.08.13.16.09.18.745[Normal][EquipmentInfo.GetEquipmentInfo](System)：設備FSC:114,設備OID:4342,設備類別碼有效性檢查PASSED
2021.08.13.16.09.18.791[Normal][EquipmentInfo.GetEquipmentInfo](System)：設備FSC:114,設備OID:4342,抓到座標值是TWD67座標下X=182213,y=2614384
2021.08.13.16.09.18.791[Normal][INERADMS.Models.EquipmentInfo.GetEquipmentInfo](System)：設備FSC:114,設備OID:4342,原無饋線編號,抓饋線編號先抓到FDR1值為60
2021.08.13.16.09.18.823[Normal][INERADMS.Models.EquipmentInfo.GetEquipmentInfo](System)：傳入FDR=60,得到饋線編號為XF25
2021.08.13.16.09.18.823[Normal][INERADMS.Models.EquipmentInfo.GetEquipmentInfo](System)：傳入TID=114,得到表格名稱=switch
2021.08.13.16.09.18.854[Normal][INERADMS.Models.EquipmentInfo.GetEquipmentInfo](System)：設備FSC:114,設備OID:4342,表格名稱=switch,基本設備資訊查詢完成
2021.08.13.16.09.18.870[Normal][INERADMS.Models.EquipmentInfo.GetEquipmentInfo](System)：表格名稱=switch,欄位名稱翻譯資訊查詢完成
2021.08.13.16.09.18.901[Normal][INERADMS.Models.EquipmentInfo.GetEquipmentInfo](System)：傳入擁有者TID=407,得到表格名稱=pole
2021.08.13.16.09.18.932[Normal][INERADMS.Models.EquipmentInfo.GetEquipmentInfo](System)：表格名稱=pole,欄位名稱翻譯資訊查詢完成,共14筆
2021.08.13.16.09.19.479[Normal][EquipmentInfo.GetRealtimeData](System)：台電圖號座標:K1528CD18,第一段SQL END
2021.08.13.16.09.19.495[Normal][INERADMS.Models.EquipmentInfo.GetEquipmentInfo](System)：開始轉換基本設備資訊的欄位名稱......
2021.08.13.16.09.19.557[Normal][INERADMS.Models.EquipmentInfo.GetEquipmentInfo](System)：轉換基本設備資訊的欄位名稱完畢。
2021.08.13.16.09.19.557[Normal][INERADMS.Models.EquipmentInfo.GetEquipmentInfo](System)：開始轉換擁有者設備資訊的欄位名稱......
2021.08.13.16.09.19.557[Normal][INERADMS.Models.EquipmentInfo.GetEquipmentInfo](System)：欄位名稱：ufid,對應中文名稱：設備流水號
2021.08.13.16.09.19.557[Normal][INERADMS.Models.EquipmentInfo.GetEquipmentInfo](System)：欄位名稱：poletype,對應中文名稱：設備型式
2021.08.13.16.09.19.573[Normal][INERADMS.Models.EquipmentInfo.GetEquipmentInfo](System)：欄位名稱：tpclid,對應中文名稱：圖號座標
2021.08.13.16.09.19.573[Normal][INERADMS.Models.EquipmentInfo.GetEquipmentInfo](System)：欄位名稱：addr,對應中文名稱：電桿的地址或桿號
2021.08.13.16.09.19.573[Normal][INERADMS.Models.EquipmentInfo.GetEquipmentInfo](System)：欄位名稱：childufid1,對應中文名稱：導線代號 1
2021.08.13.16.09.19.573[Normal][INERADMS.Models.EquipmentInfo.GetEquipmentInfo](System)：欄位名稱：childufid2,對應中文名稱：導線代號 2
2021.08.13.16.09.19.573[Normal][INERADMS.Models.EquipmentInfo.GetEquipmentInfo](System)：欄位名稱：childufid3,對應中文名稱：導線代號 3
2021.08.13.16.09.19.573[Normal][INERADMS.Models.EquipmentInfo.GetEquipmentInfo](System)：欄位名稱：childufid4,對應中文名稱：導線代號 4
2021.08.13.16.09.19.573[Normal][INERADMS.Models.EquipmentInfo.GetEquipmentInfo](System)：欄位名稱：polenum,對應中文名稱：桿號
2021.08.13.16.09.19.573[Normal][INERADMS.Models.EquipmentInfo.GetEquipmentInfo](System)：欄位名稱：polelen,對應中文名稱：長度
2021.08.13.16.09.19.573[Normal][INERADMS.Models.EquipmentInfo.GetEquipmentInfo](System)：欄位名稱：x,對應中文名稱：X 座標
2021.08.13.16.09.19.573[Normal][INERADMS.Models.EquipmentInfo.GetEquipmentInfo](System)：欄位名稱：y,對應中文名稱：Y 座標
2021.08.13.16.09.19.573[Normal][INERADMS.Models.EquipmentInfo.GetEquipmentInfo](System)：欄位名稱：vlevel,對應中文名稱：電壓別
2021.08.13.16.09.19.573[Normal][INERADMS.Models.EquipmentInfo.GetEquipmentInfo](System)：欄位名稱：cabtype,對應中文名稱：主/副饋線別
2021.08.13.16.09.19.573[Normal][INERADMS.Models.EquipmentInfo.GetEquipmentInfo](System)：轉換擁有者設備資訊的欄位名稱完畢。
2021.08.13.16.09.23.934[Normal][INERADMS.Controllers.GisMapController.GetInfoWindowData](System)：資料庫連接字串：Server=192.168.1.22;Port=5432;Database=GISADMS;User Id=postgres;Password=ok;,傳入TID=115,OID=4346
2021.08.13.16.09.23.934[Normal][EquipmentInfo.GetEquipmentInfo](System)：設備FSC:115,設備OID:4346,EquipmentInfo.GetEquipmentInfo函數啟動
2021.08.13.16.09.24.012[Normal][EquipmentInfo.GetEquipmentInfo](System)：設備FSC:115,設備OID:4346,設備類別碼有效性檢查PASSED
2021.08.13.16.09.24.027[Normal][EquipmentInfo.GetEquipmentInfo](System)：設備FSC:115,設備OID:4346,抓到座標值是TWD67座標下X=182249,y=2614381
2021.08.13.16.09.24.027[Normal][INERADMS.Models.EquipmentInfo.GetEquipmentInfo](System)：設備FSC:115,設備OID:4346,原無饋線編號,抓饋線編號先抓到FDR1值為60
2021.08.13.16.09.24.074[Normal][INERADMS.Models.EquipmentInfo.GetEquipmentInfo](System)：傳入FDR=60,得到饋線編號為XF25
2021.08.13.16.09.24.074[Normal][INERADMS.Models.EquipmentInfo.GetEquipmentInfo](System)：傳入TID=115,得到表格名稱=sxfmr
2021.08.13.16.09.24.106[Normal][INERADMS.Models.EquipmentInfo.GetEquipmentInfo](System)：設備FSC:115,設備OID:4346,表格名稱=sxfmr,基本設備資訊查詢完成
2021.08.13.16.09.24.121[Normal][INERADMS.Models.EquipmentInfo.GetEquipmentInfo](System)：表格名稱=sxfmr,欄位名稱翻譯資訊查詢完成
2021.08.13.16.09.24.152[Normal][INERADMS.Models.EquipmentInfo.GetEquipmentInfo](System)：傳入擁有者TID=407,得到表格名稱=pole
2021.08.13.16.09.24.199[Normal][INERADMS.Models.EquipmentInfo.GetEquipmentInfo](System)：表格名稱=pole,欄位名稱翻譯資訊查詢完成,共14筆
2021.08.13.16.09.24.199[Normal][EquipmentInfo.GetRealtimeData](System)：台電圖號座標:K1528CD58,第一段SQL END
2021.08.13.16.09.24.199[Normal][INERADMS.Models.EquipmentInfo.GetEquipmentInfo](System)：開始轉換基本設備資訊的欄位名稱......
2021.08.13.16.09.24.199[Normal][INERADMS.Models.EquipmentInfo.GetEquipmentInfo](System)：轉換基本設備資訊的欄位名稱完畢。
2021.08.13.16.09.24.199[Normal][INERADMS.Models.EquipmentInfo.GetEquipmentInfo](System)：開始轉換擁有者設備資訊的欄位名稱......
2021.08.13.16.09.24.199[Normal][INERADMS.Models.EquipmentInfo.GetEquipmentInfo](System)：欄位名稱：ufid,對應中文名稱：設備流水號
2021.08.13.16.09.24.199[Normal][INERADMS.Models.EquipmentInfo.GetEquipmentInfo](System)：欄位名稱：poletype,對應中文名稱：設備型式
2021.08.13.16.09.24.199[Normal][INERADMS.Models.EquipmentInfo.GetEquipmentInfo](System)：欄位名稱：tpclid,對應中文名稱：圖號座標
2021.08.13.16.09.24.199[Normal][INERADMS.Models.EquipmentInfo.GetEquipmentInfo](System)：欄位名稱：addr,對應中文名稱：電桿的地址或桿號
2021.08.13.16.09.24.199[Normal][INERADMS.Models.EquipmentInfo.GetEquipmentInfo](System)：欄位名稱：childufid1,對應中文名稱：導線代號 1
2021.08.13.16.09.24.199[Normal][INERADMS.Models.EquipmentInfo.GetEquipmentInfo](System)：欄位名稱：childufid2,對應中文名稱：導線代號 2
2021.08.13.16.09.24.215[Normal][INERADMS.Models.EquipmentInfo.GetEquipmentInfo](System)：欄位名稱：childufid3,對應中文名稱：導線代號 3
2021.08.13.16.09.24.215[Normal][INERADMS.Models.EquipmentInfo.GetEquipmentInfo](System)：欄位名稱：childufid4,對應中文名稱：導線代號 4
2021.08.13.16.09.24.215[Normal][INERADMS.Models.EquipmentInfo.GetEquipmentInfo](System)：欄位名稱：polenum,對應中文名稱：桿號
2021.08.13.16.09.24.215[Normal][INERADMS.Models.EquipmentInfo.GetEquipmentInfo](System)：欄位名稱：polelen,對應中文名稱：長度
2021.08.13.16.09.24.215[Normal][INERADMS.Models.EquipmentInfo.GetEquipmentInfo](System)：欄位名稱：x,對應中文名稱：X 座標
2021.08.13.16.09.24.215[Normal][INERADMS.Models.EquipmentInfo.GetEquipmentInfo](System)：欄位名稱：y,對應中文名稱：Y 座標
2021.08.13.16.09.24.215[Normal][INERADMS.Models.EquipmentInfo.GetEquipmentInfo](System)：欄位名稱：vlevel,對應中文名稱：電壓別
2021.08.13.16.09.24.215[Normal][INERADMS.Models.EquipmentInfo.GetEquipmentInfo](System)：欄位名稱：cabtype,對應中文名稱：主/副饋線別
2021.08.13.16.09.24.215[Normal][INERADMS.Models.EquipmentInfo.GetEquipmentInfo](System)：轉換擁有者設備資訊的欄位名稱完畢。
2021.08.13.16.10.25.369[Normal][INERADMS.Controllers.GisMapController.GetInfoWindowData](System)：資料庫連接字串：Server=192.168.1.22;Port=5432;Database=GISADMS;User Id=postgres;Password=ok;,傳入TID=114,OID=4342
2021.08.13.16.10.25.369[Normal][EquipmentInfo.GetEquipmentInfo](System)：設備FSC:114,設備OID:4342,EquipmentInfo.GetEquipmentInfo函數啟動
2021.08.13.16.10.25.385[Normal][EquipmentInfo.GetEquipmentInfo](System)：設備FSC:114,設備OID:4342,設備類別碼有效性檢查PASSED
2021.08.13.16.10.25.416[Normal][EquipmentInfo.GetEquipmentInfo](System)：設備FSC:114,設備OID:4342,抓到座標值是TWD67座標下X=182213,y=2614384
2021.08.13.16.10.25.416[Normal][INERADMS.Models.EquipmentInfo.GetEquipmentInfo](System)：設備FSC:114,設備OID:4342,原無饋線編號,抓饋線編號先抓到FDR1值為60
2021.08.13.16.10.25.432[Normal][INERADMS.Models.EquipmentInfo.GetEquipmentInfo](System)：傳入FDR=60,得到饋線編號為XF25
2021.08.13.16.10.25.448[Normal][INERADMS.Models.EquipmentInfo.GetEquipmentInfo](System)：傳入TID=114,得到表格名稱=switch
2021.08.13.16.10.25.463[Normal][INERADMS.Models.EquipmentInfo.GetEquipmentInfo](System)：設備FSC:114,設備OID:4342,表格名稱=switch,基本設備資訊查詢完成
2021.08.13.16.10.25.526[Normal][INERADMS.Models.EquipmentInfo.GetEquipmentInfo](System)：表格名稱=switch,欄位名稱翻譯資訊查詢完成
2021.08.13.16.10.25.557[Normal][INERADMS.Models.EquipmentInfo.GetEquipmentInfo](System)：傳入擁有者TID=407,得到表格名稱=pole
2021.08.13.16.10.25.698[Normal][INERADMS.Models.EquipmentInfo.GetEquipmentInfo](System)：表格名稱=pole,欄位名稱翻譯資訊查詢完成,共14筆
2021.08.13.16.10.25.698[Normal][EquipmentInfo.GetRealtimeData](System)：台電圖號座標:K1528CD18,第一段SQL END
2021.08.13.16.10.25.698[Normal][INERADMS.Models.EquipmentInfo.GetEquipmentInfo](System)：開始轉換基本設備資訊的欄位名稱......
2021.08.13.16.10.25.698[Normal][INERADMS.Models.EquipmentInfo.GetEquipmentInfo](System)：轉換基本設備資訊的欄位名稱完畢。
2021.08.13.16.10.25.713[Normal][INERADMS.Models.EquipmentInfo.GetEquipmentInfo](System)：開始轉換擁有者設備資訊的欄位名稱......
2021.08.13.16.10.25.713[Normal][INERADMS.Models.EquipmentInfo.GetEquipmentInfo](System)：欄位名稱：ufid,對應中文名稱：設備流水號
2021.08.13.16.10.25.713[Normal][INERADMS.Models.EquipmentInfo.GetEquipmentInfo](System)：欄位名稱：poletype,對應中文名稱：設備型式
2021.08.13.16.10.25.713[Normal][INERADMS.Models.EquipmentInfo.GetEquipmentInfo](System)：欄位名稱：tpclid,對應中文名稱：圖號座標
2021.08.13.16.10.25.713[Normal][INERADMS.Models.EquipmentInfo.GetEquipmentInfo](System)：欄位名稱：addr,對應中文名稱：電桿的地址或桿號
2021.08.13.16.10.25.713[Normal][INERADMS.Models.EquipmentInfo.GetEquipmentInfo](System)：欄位名稱：childufid1,對應中文名稱：導線代號 1
2021.08.13.16.10.25.713[Normal][INERADMS.Models.EquipmentInfo.GetEquipmentInfo](System)：欄位名稱：childufid2,對應中文名稱：導線代號 2
2021.08.13.16.10.25.713[Normal][INERADMS.Models.EquipmentInfo.GetEquipmentInfo](System)：欄位名稱：childufid3,對應中文名稱：導線代號 3
2021.08.13.16.10.25.713[Normal][INERADMS.Models.EquipmentInfo.GetEquipmentInfo](System)：欄位名稱：childufid4,對應中文名稱：導線代號 4
2021.08.13.16.10.25.713[Normal][INERADMS.Models.EquipmentInfo.GetEquipmentInfo](System)：欄位名稱：polenum,對應中文名稱：桿號
2021.08.13.16.10.25.713[Normal][INERADMS.Models.EquipmentInfo.GetEquipmentInfo](System)：欄位名稱：polelen,對應中文名稱：長度
2021.08.13.16.10.25.713[Normal][INERADMS.Models.EquipmentInfo.GetEquipmentInfo](System)：欄位名稱：x,對應中文名稱：X 座標
2021.08.13.16.10.25.713[Normal][INERADMS.Models.EquipmentInfo.GetEquipmentInfo](System)：欄位名稱：y,對應中文名稱：Y 座標
2021.08.13.16.10.25.713[Normal][INERADMS.Models.EquipmentInfo.GetEquipmentInfo](System)：欄位名稱：vlevel,對應中文名稱：電壓別
2021.08.13.16.10.25.713[Normal][INERADMS.Models.EquipmentInfo.GetEquipmentInfo](System)：欄位名稱：cabtype,對應中文名稱：主/副饋線別
2021.08.13.16.10.25.713[Normal][INERADMS.Models.EquipmentInfo.GetEquipmentInfo](System)：轉換擁有者設備資訊的欄位名稱完畢。
2021.08.13.16.10.40.558[Normal][INERADMS.Controllers.GisMapController.GetInfoWindowData](System)：資料庫連接字串：Server=192.168.1.22;Port=5432;Database=GISADMS;User Id=postgres;Password=ok;,傳入TID=407,OID=4344
2021.08.13.16.10.40.573[Normal][EquipmentInfo.GetEquipmentInfo](System)：設備FSC:407,設備OID:4344,EquipmentInfo.GetEquipmentInfo函數啟動
2021.08.13.16.10.40.589[Normal][EquipmentInfo.GetEquipmentInfo](System)：設備FSC:407,設備OID:4344,設備類別碼有效性檢查PASSED
2021.08.13.16.10.40.620[Normal][INERADMS.Models.EquipmentInfo.GetEquipmentInfo](System)：傳入TID=407,得到表格名稱=pole
2021.08.13.16.10.40.636[Normal][INERADMS.Models.EquipmentInfo.GetEquipmentInfo](System)：設備FSC:407,設備OID:4344,表格名稱=pole,基本設備資訊查詢完成
2021.08.13.16.10.40.652[Normal][INERADMS.Models.EquipmentInfo.GetEquipmentInfo](System)：表格名稱=pole,欄位名稱翻譯資訊查詢完成
2021.08.13.16.10.40.652[Normal][INERADMS.Models.EquipmentInfo.GetEquipmentInfo](System)：開始轉換基本設備資訊的欄位名稱......
2021.08.13.16.10.40.652[Normal][INERADMS.Models.EquipmentInfo.GetEquipmentInfo](System)：轉換基本設備資訊的欄位名稱完畢。
2021.08.13.16.10.46.949[Normal][INERADMS.Controllers.GisMapController.GetInfoWindowData](System)：資料庫連接字串：Server=192.168.1.22;Port=5432;Database=GISADMS;User Id=postgres;Password=ok;,傳入TID=115,OID=10862667
2021.08.13.16.10.46.949[Normal][EquipmentInfo.GetEquipmentInfo](System)：設備FSC:115,設備OID:10862667,EquipmentInfo.GetEquipmentInfo函數啟動
2021.08.13.16.10.46.980[Normal][EquipmentInfo.GetEquipmentInfo](System)：設備FSC:115,設備OID:10862667,設備類別碼有效性檢查PASSED
2021.08.13.16.10.46.996[Normal][EquipmentInfo.GetEquipmentInfo](System)：設備FSC:115,設備OID:10862667,抓到座標值是TWD67座標下X=182135,y=2614275
2021.08.13.16.10.46.996[Normal][INERADMS.Models.EquipmentInfo.GetEquipmentInfo](System)：設備FSC:115,設備OID:10862667,原無饋線編號,抓饋線編號先抓到FDR1值為60
2021.08.13.16.10.47.027[Normal][INERADMS.Models.EquipmentInfo.GetEquipmentInfo](System)：傳入FDR=60,得到饋線編號為XF25
2021.08.13.16.10.47.027[Normal][INERADMS.Models.EquipmentInfo.GetEquipmentInfo](System)：傳入TID=115,得到表格名稱=sxfmr
2021.08.13.16.10.47.042[Normal][INERADMS.Models.EquipmentInfo.GetEquipmentInfo](System)：設備FSC:115,設備OID:10862667,表格名稱=sxfmr,基本設備資訊查詢完成
2021.08.13.16.10.47.074[Normal][INERADMS.Models.EquipmentInfo.GetEquipmentInfo](System)：表格名稱=sxfmr,欄位名稱翻譯資訊查詢完成
2021.08.13.16.10.47.105[Normal][INERADMS.Models.EquipmentInfo.GetEquipmentInfo](System)：傳入擁有者TID=407,得到表格名稱=pole
2021.08.13.16.10.47.152[Normal][INERADMS.Models.EquipmentInfo.GetEquipmentInfo](System)：表格名稱=pole,欄位名稱翻譯資訊查詢完成,共14筆
2021.08.13.16.10.47.199[Normal][EquipmentInfo.GetRealtimeData](System)：台電圖號座標:K1528BC36,第一段SQL END
2021.08.13.16.10.47.199[Normal][INERADMS.Models.EquipmentInfo.GetEquipmentInfo](System)：開始轉換基本設備資訊的欄位名稱......
2021.08.13.16.10.47.199[Normal][INERADMS.Models.EquipmentInfo.GetEquipmentInfo](System)：轉換基本設備資訊的欄位名稱完畢。
2021.08.13.16.10.47.199[Normal][INERADMS.Models.EquipmentInfo.GetEquipmentInfo](System)：開始轉換擁有者設備資訊的欄位名稱......
2021.08.13.16.10.47.199[Normal][INERADMS.Models.EquipmentInfo.GetEquipmentInfo](System)：欄位名稱：ufid,對應中文名稱：設備流水號
2021.08.13.16.10.47.199[Normal][INERADMS.Models.EquipmentInfo.GetEquipmentInfo](System)：欄位名稱：poletype,對應中文名稱：設備型式
2021.08.13.16.10.47.199[Normal][INERADMS.Models.EquipmentInfo.GetEquipmentInfo](System)：欄位名稱：tpclid,對應中文名稱：圖號座標
2021.08.13.16.10.47.199[Normal][INERADMS.Models.EquipmentInfo.GetEquipmentInfo](System)：欄位名稱：addr,對應中文名稱：電桿的地址或桿號
2021.08.13.16.10.47.199[Normal][INERADMS.Models.EquipmentInfo.GetEquipmentInfo](System)：欄位名稱：childufid1,對應中文名稱：導線代號 1
2021.08.13.16.10.47.199[Normal][INERADMS.Models.EquipmentInfo.GetEquipmentInfo](System)：欄位名稱：childufid2,對應中文名稱：導線代號 2
2021.08.13.16.10.47.199[Normal][INERADMS.Models.EquipmentInfo.GetEquipmentInfo](System)：欄位名稱：childufid3,對應中文名稱：導線代號 3
2021.08.13.16.10.47.199[Normal][INERADMS.Models.EquipmentInfo.GetEquipmentInfo](System)：欄位名稱：childufid4,對應中文名稱：導線代號 4
2021.08.13.16.10.47.199[Normal][INERADMS.Models.EquipmentInfo.GetEquipmentInfo](System)：欄位名稱：polenum,對應中文名稱：桿號
2021.08.13.16.10.47.199[Normal][INERADMS.Models.EquipmentInfo.GetEquipmentInfo](System)：欄位名稱：polelen,對應中文名稱：長度
2021.08.13.16.10.47.199[Normal][INERADMS.Models.EquipmentInfo.GetEquipmentInfo](System)：欄位名稱：x,對應中文名稱：X 座標
2021.08.13.16.10.47.199[Normal][INERADMS.Models.EquipmentInfo.GetEquipmentInfo](System)：欄位名稱：y,對應中文名稱：Y 座標
2021.08.13.16.10.47.199[Normal][INERADMS.Models.EquipmentInfo.GetEquipmentInfo](System)：欄位名稱：vlevel,對應中文名稱：電壓別
2021.08.13.16.10.47.199[Normal][INERADMS.Models.EquipmentInfo.GetEquipmentInfo](System)：欄位名稱：cabtype,對應中文名稱：主/副饋線別
2021.08.13.16.10.47.199[Normal][INERADMS.Models.EquipmentInfo.GetEquipmentInfo](System)：轉換擁有者設備資訊的欄位名稱完畢。
2021.08.13.16.11.11.610[Normal][INERADMS.Controllers.GisMapController.GetInfoWindowData](System)：資料庫連接字串：Server=192.168.1.22;Port=5432;Database=GISADMS;User Id=postgres;Password=ok;,傳入TID=115,OID=10862667
2021.08.13.16.11.11.610[Normal][EquipmentInfo.GetEquipmentInfo](System)：設備FSC:115,設備OID:10862667,EquipmentInfo.GetEquipmentInfo函數啟動
2021.08.13.16.11.11.657[Normal][EquipmentInfo.GetEquipmentInfo](System)：設備FSC:115,設備OID:10862667,設備類別碼有效性檢查PASSED
2021.08.13.16.11.11.673[Normal][EquipmentInfo.GetEquipmentInfo](System)：設備FSC:115,設備OID:10862667,抓到座標值是TWD67座標下X=182135,y=2614275
2021.08.13.16.11.11.673[Normal][INERADMS.Models.EquipmentInfo.GetEquipmentInfo](System)：設備FSC:115,設備OID:10862667,原無饋線編號,抓饋線編號先抓到FDR1值為60
2021.08.13.16.11.11.829[Normal][INERADMS.Models.EquipmentInfo.GetEquipmentInfo](System)：傳入FDR=60,得到饋線編號為XF25
2021.08.13.16.11.11.829[Normal][INERADMS.Models.EquipmentInfo.GetEquipmentInfo](System)：傳入TID=115,得到表格名稱=sxfmr
2021.08.13.16.11.11.845[Normal][INERADMS.Models.EquipmentInfo.GetEquipmentInfo](System)：設備FSC:115,設備OID:10862667,表格名稱=sxfmr,基本設備資訊查詢完成
2021.08.13.16.11.11.985[Normal][INERADMS.Models.EquipmentInfo.GetEquipmentInfo](System)：表格名稱=sxfmr,欄位名稱翻譯資訊查詢完成
2021.08.13.16.11.12.032[Normal][INERADMS.Models.EquipmentInfo.GetEquipmentInfo](System)：傳入擁有者TID=407,得到表格名稱=pole
2021.08.13.16.11.12.079[Normal][INERADMS.Models.EquipmentInfo.GetEquipmentInfo](System)：表格名稱=pole,欄位名稱翻譯資訊查詢完成,共14筆
2021.08.13.16.11.12.079[Normal][EquipmentInfo.GetRealtimeData](System)：台電圖號座標:K1528BC36,第一段SQL END
2021.08.13.16.11.12.079[Normal][INERADMS.Models.EquipmentInfo.GetEquipmentInfo](System)：開始轉換基本設備資訊的欄位名稱......
2021.08.13.16.11.12.079[Normal][INERADMS.Models.EquipmentInfo.GetEquipmentInfo](System)：轉換基本設備資訊的欄位名稱完畢。
2021.08.13.16.11.12.095[Normal][INERADMS.Models.EquipmentInfo.GetEquipmentInfo](System)：開始轉換擁有者設備資訊的欄位名稱......
2021.08.13.16.11.12.095[Normal][INERADMS.Models.EquipmentInfo.GetEquipmentInfo](System)：欄位名稱：ufid,對應中文名稱：設備流水號
2021.08.13.16.11.12.095[Normal][INERADMS.Models.EquipmentInfo.GetEquipmentInfo](System)：欄位名稱：poletype,對應中文名稱：設備型式
2021.08.13.16.11.12.095[Normal][INERADMS.Models.EquipmentInfo.GetEquipmentInfo](System)：欄位名稱：tpclid,對應中文名稱：圖號座標
2021.08.13.16.11.12.095[Normal][INERADMS.Models.EquipmentInfo.GetEquipmentInfo](System)：欄位名稱：addr,對應中文名稱：電桿的地址或桿號
2021.08.13.16.11.12.095[Normal][INERADMS.Models.EquipmentInfo.GetEquipmentInfo](System)：欄位名稱：childufid1,對應中文名稱：導線代號 1
2021.08.13.16.11.12.095[Normal][INERADMS.Models.EquipmentInfo.GetEquipmentInfo](System)：欄位名稱：childufid2,對應中文名稱：導線代號 2
2021.08.13.16.11.12.095[Normal][INERADMS.Models.EquipmentInfo.GetEquipmentInfo](System)：欄位名稱：childufid3,對應中文名稱：導線代號 3
2021.08.13.16.11.12.095[Normal][INERADMS.Models.EquipmentInfo.GetEquipmentInfo](System)：欄位名稱：childufid4,對應中文名稱：導線代號 4
2021.08.13.16.11.12.095[Normal][INERADMS.Models.EquipmentInfo.GetEquipmentInfo](System)：欄位名稱：polenum,對應中文名稱：桿號
2021.08.13.16.11.12.095[Normal][INERADMS.Models.EquipmentInfo.GetEquipmentInfo](System)：欄位名稱：polelen,對應中文名稱：長度
2021.08.13.16.11.12.095[Normal][INERADMS.Models.EquipmentInfo.GetEquipmentInfo](System)：欄位名稱：x,對應中文名稱：X 座標
2021.08.13.16.11.12.095[Normal][INERADMS.Models.EquipmentInfo.GetEquipmentInfo](System)：欄位名稱：y,對應中文名稱：Y 座標
2021.08.13.16.11.12.095[Normal][INERADMS.Models.EquipmentInfo.GetEquipmentInfo](System)：欄位名稱：vlevel,對應中文名稱：電壓別
2021.08.13.16.11.12.095[Normal][INERADMS.Models.EquipmentInfo.GetEquipmentInfo](System)：欄位名稱：cabtype,對應中文名稱：主/副饋線別
2021.08.13.16.11.12.110[Normal][INERADMS.Models.EquipmentInfo.GetEquipmentInfo](System)：轉換擁有者設備資訊的欄位名稱完畢。
2021.08.13.16.13.40.049[Normal][INERADMS.Controllers.GisMapController.GetInfoWindowData](System)：資料庫連接字串：Server=192.168.1.22;Port=5432;Database=GISADMS;User Id=postgres;Password=ok;,傳入TID=114,OID=5372
2021.08.13.16.13.40.111[Normal][EquipmentInfo.GetEquipmentInfo](System)：設備FSC:114,設備OID:5372,EquipmentInfo.GetEquipmentInfo函數啟動
2021.08.13.16.13.40.158[Normal][EquipmentInfo.GetEquipmentInfo](System)：設備FSC:114,設備OID:5372,設備類別碼有效性檢查PASSED
2021.08.13.16.13.40.189[Normal][EquipmentInfo.GetEquipmentInfo](System)：設備FSC:114,設備OID:5372,抓到座標值是TWD67座標下X=180741,y=2612612
2021.08.13.16.13.40.189[Normal][INERADMS.Models.EquipmentInfo.GetEquipmentInfo](System)：設備FSC:114,設備OID:5372,原無饋線編號,抓饋線編號先抓到FDR1值為63
2021.08.13.16.13.40.221[Normal][INERADMS.Models.EquipmentInfo.GetEquipmentInfo](System)：傳入FDR=63,得到饋線編號為XF28
2021.08.13.16.13.40.221[Normal][INERADMS.Models.EquipmentInfo.GetEquipmentInfo](System)：傳入TID=114,得到表格名稱=switch
2021.08.13.16.13.40.252[Normal][INERADMS.Models.EquipmentInfo.GetEquipmentInfo](System)：設備FSC:114,設備OID:5372,表格名稱=switch,基本設備資訊查詢完成
2021.08.13.16.13.40.361[Normal][INERADMS.Models.EquipmentInfo.GetEquipmentInfo](System)：表格名稱=switch,欄位名稱翻譯資訊查詢完成
2021.08.13.16.13.40.377[Normal][INERADMS.Models.EquipmentInfo.GetEquipmentInfo](System)：傳入擁有者TID=407,得到表格名稱=pole
2021.08.13.16.13.40.486[Normal][INERADMS.Models.EquipmentInfo.GetEquipmentInfo](System)：表格名稱=pole,欄位名稱翻譯資訊查詢完成,共14筆
2021.08.13.16.13.40.986[Normal][EquipmentInfo.GetRealtimeData](System)：台電圖號座標:K1325DB40,第一段SQL END
2021.08.13.16.13.41.002[Normal][INERADMS.Models.EquipmentInfo.GetEquipmentInfo](System)：開始轉換基本設備資訊的欄位名稱......
2021.08.13.16.13.41.065[Normal][INERADMS.Models.EquipmentInfo.GetEquipmentInfo](System)：轉換基本設備資訊的欄位名稱完畢。
2021.08.13.16.13.41.065[Normal][INERADMS.Models.EquipmentInfo.GetEquipmentInfo](System)：開始轉換擁有者設備資訊的欄位名稱......
2021.08.13.16.13.41.065[Normal][INERADMS.Models.EquipmentInfo.GetEquipmentInfo](System)：欄位名稱：ufid,對應中文名稱：設備流水號
2021.08.13.16.13.41.065[Normal][INERADMS.Models.EquipmentInfo.GetEquipmentInfo](System)：欄位名稱：poletype,對應中文名稱：設備型式
2021.08.13.16.13.41.065[Normal][INERADMS.Models.EquipmentInfo.GetEquipmentInfo](System)：欄位名稱：tpclid,對應中文名稱：圖號座標
2021.08.13.16.13.41.065[Normal][INERADMS.Models.EquipmentInfo.GetEquipmentInfo](System)：欄位名稱：addr,對應中文名稱：電桿的地址或桿號
2021.08.13.16.13.41.080[Normal][INERADMS.Models.EquipmentInfo.GetEquipmentInfo](System)：欄位名稱：childufid1,對應中文名稱：導線代號 1
2021.08.13.16.13.41.080[Normal][INERADMS.Models.EquipmentInfo.GetEquipmentInfo](System)：欄位名稱：childufid2,對應中文名稱：導線代號 2
2021.08.13.16.13.41.080[Normal][INERADMS.Models.EquipmentInfo.GetEquipmentInfo](System)：欄位名稱：childufid3,對應中文名稱：導線代號 3
2021.08.13.16.13.41.080[Normal][INERADMS.Models.EquipmentInfo.GetEquipmentInfo](System)：欄位名稱：childufid4,對應中文名稱：導線代號 4
2021.08.13.16.13.41.080[Normal][INERADMS.Models.EquipmentInfo.GetEquipmentInfo](System)：欄位名稱：polenum,對應中文名稱：桿號
2021.08.13.16.13.41.080[Normal][INERADMS.Models.EquipmentInfo.GetEquipmentInfo](System)：欄位名稱：polelen,對應中文名稱：長度
2021.08.13.16.13.41.080[Normal][INERADMS.Models.EquipmentInfo.GetEquipmentInfo](System)：欄位名稱：x,對應中文名稱：X 座標
2021.08.13.16.13.41.080[Normal][INERADMS.Models.EquipmentInfo.GetEquipmentInfo](System)：欄位名稱：y,對應中文名稱：Y 座標
2021.08.13.16.13.41.080[Normal][INERADMS.Models.EquipmentInfo.GetEquipmentInfo](System)：欄位名稱：vlevel,對應中文名稱：電壓別
2021.08.13.16.13.41.080[Normal][INERADMS.Models.EquipmentInfo.GetEquipmentInfo](System)：欄位名稱：cabtype,對應中文名稱：主/副饋線別
2021.08.13.16.13.41.080[Normal][INERADMS.Models.EquipmentInfo.GetEquipmentInfo](System)：轉換擁有者設備資訊的欄位名稱完畢。
2021.08.13.16.14.43.710[Normal][INERADMS.Controllers.GisMapController.GetInfoWindowData](System)：資料庫連接字串：Server=192.168.1.22;Port=5432;Database=GISADMS;User Id=postgres;Password=ok;,傳入TID=115,OID=10762634
2021.08.13.16.14.43.772[Normal][EquipmentInfo.GetEquipmentInfo](System)：設備FSC:115,設備OID:10762634,EquipmentInfo.GetEquipmentInfo函數啟動
2021.08.13.16.14.43.788[Normal][EquipmentInfo.GetEquipmentInfo](System)：設備FSC:115,設備OID:10762634,設備類別碼有效性檢查PASSED
2021.08.13.16.14.43.819[Normal][EquipmentInfo.GetEquipmentInfo](System)：設備FSC:115,設備OID:10762634,抓到座標值是TWD67座標下X=180754,y=2612568
2021.08.13.16.14.43.819[Normal][INERADMS.Models.EquipmentInfo.GetEquipmentInfo](System)：設備FSC:115,設備OID:10762634,原無饋線編號,抓饋線編號先抓到FDR1值為63
2021.08.13.16.14.43.850[Normal][INERADMS.Models.EquipmentInfo.GetEquipmentInfo](System)：傳入FDR=63,得到饋線編號為XF28
2021.08.13.16.14.43.850[Normal][INERADMS.Models.EquipmentInfo.GetEquipmentInfo](System)：傳入TID=115,得到表格名稱=sxfmr
2021.08.13.16.14.43.866[Normal][INERADMS.Models.EquipmentInfo.GetEquipmentInfo](System)：設備FSC:115,設備OID:10762634,表格名稱=sxfmr,基本設備資訊查詢完成
2021.08.13.16.14.43.897[Normal][INERADMS.Models.EquipmentInfo.GetEquipmentInfo](System)：表格名稱=sxfmr,欄位名稱翻譯資訊查詢完成
2021.08.13.16.14.43.944[Normal][INERADMS.Models.EquipmentInfo.GetEquipmentInfo](System)：傳入擁有者TID=407,得到表格名稱=pole
2021.08.13.16.14.44.007[Normal][INERADMS.Models.EquipmentInfo.GetEquipmentInfo](System)：表格名稱=pole,欄位名稱翻譯資訊查詢完成,共14筆
2021.08.13.16.14.44.147[Normal][EquipmentInfo.GetRealtimeData](System)：台電圖號座標:K1325DA47,第一段SQL END
2021.08.13.16.14.44.147[Normal][INERADMS.Models.EquipmentInfo.GetEquipmentInfo](System)：開始轉換基本設備資訊的欄位名稱......
2021.08.13.16.14.44.147[Normal][INERADMS.Models.EquipmentInfo.GetEquipmentInfo](System)：轉換基本設備資訊的欄位名稱完畢。
2021.08.13.16.14.44.147[Normal][INERADMS.Models.EquipmentInfo.GetEquipmentInfo](System)：開始轉換擁有者設備資訊的欄位名稱......
2021.08.13.16.14.44.147[Normal][INERADMS.Models.EquipmentInfo.GetEquipmentInfo](System)：欄位名稱：ufid,對應中文名稱：設備流水號
2021.08.13.16.14.44.147[Normal][INERADMS.Models.EquipmentInfo.GetEquipmentInfo](System)：欄位名稱：poletype,對應中文名稱：設備型式
2021.08.13.16.14.44.147[Normal][INERADMS.Models.EquipmentInfo.GetEquipmentInfo](System)：欄位名稱：tpclid,對應中文名稱：圖號座標
2021.08.13.16.14.44.147[Normal][INERADMS.Models.EquipmentInfo.GetEquipmentInfo](System)：欄位名稱：addr,對應中文名稱：電桿的地址或桿號
2021.08.13.16.14.44.147[Normal][INERADMS.Models.EquipmentInfo.GetEquipmentInfo](System)：欄位名稱：childufid1,對應中文名稱：導線代號 1
2021.08.13.16.14.44.147[Normal][INERADMS.Models.EquipmentInfo.GetEquipmentInfo](System)：欄位名稱：childufid2,對應中文名稱：導線代號 2
2021.08.13.16.14.44.147[Normal][INERADMS.Models.EquipmentInfo.GetEquipmentInfo](System)：欄位名稱：childufid3,對應中文名稱：導線代號 3
2021.08.13.16.14.44.147[Normal][INERADMS.Models.EquipmentInfo.GetEquipmentInfo](System)：欄位名稱：childufid4,對應中文名稱：導線代號 4
2021.08.13.16.14.44.147[Normal][INERADMS.Models.EquipmentInfo.GetEquipmentInfo](System)：欄位名稱：polenum,對應中文名稱：桿號
2021.08.13.16.14.44.147[Normal][INERADMS.Models.EquipmentInfo.GetEquipmentInfo](System)：欄位名稱：polelen,對應中文名稱：長度
2021.08.13.16.14.44.147[Normal][INERADMS.Models.EquipmentInfo.GetEquipmentInfo](System)：欄位名稱：x,對應中文名稱：X 座標
2021.08.13.16.14.44.163[Normal][INERADMS.Models.EquipmentInfo.GetEquipmentInfo](System)：欄位名稱：y,對應中文名稱：Y 座標
2021.08.13.16.14.44.163[Normal][INERADMS.Models.EquipmentInfo.GetEquipmentInfo](System)：欄位名稱：vlevel,對應中文名稱：電壓別
2021.08.13.16.14.44.163[Normal][INERADMS.Models.EquipmentInfo.GetEquipmentInfo](System)：欄位名稱：cabtype,對應中文名稱：主/副饋線別
2021.08.13.16.14.44.163[Normal][INERADMS.Models.EquipmentInfo.GetEquipmentInfo](System)：轉換擁有者設備資訊的欄位名稱完畢。
2021.08.13.16.23.18.999[Normal][INERADMS.Controllers.GisMapController.Map](System)：檢查登入者帳號....
2021.08.13.16.23.18.999[Normal][INERADMS.Controllers.GisMapController.Map](System)：目前登入者帳號是：ineradmin
2021.08.13.16.23.20.687[Normal][INERADMS.Controllers.GisMapController.GetEquipmentClasses](System)：資料庫連接字串：Server=192.168.1.22;Port=5432;Database=GISADMS;User Id=postgres;Password=ok;,準備撈設備類別
2021.08.13.16.23.20.780[Normal][INERADMS.Controllers.GisMapController.GetEquipmentClasses](System)：設備類別資訊取得完成
2021.08.13.16.23.22.847[Normal][INERADMS.Controllers.HomeController.LogIn](System)：ineradmin,Hp6uPRWAKR1mVAGezJxf1qfAr0/4Q9QFw+ICg+bqJCA=
2021.08.13.16.23.22.893[Normal][INERADMS.Controllers.HomeController.LogIn](System)：ineradmin登入檢查過關
2021.08.13.16.23.22.987[Normal][INERADMS.Controllers.HomeController.LogIn](System)：目前登入者帳號是：ineradmin,登入紀錄OK
2021.08.13.16.23.23.018[Normal][INERADMS.Controllers.GisMapController.Map](System)：檢查登入者帳號....
2021.08.13.16.23.23.034[Normal][INERADMS.Controllers.GisMapController.Map](System)：目前登入者帳號是：ineradmin
2021.08.13.16.23.24.284[Normal][INERADMS.Controllers.GisMapController.GetEquipmentClasses](System)：資料庫連接字串：Server=192.168.1.22;Port=5432;Database=GISADMS;User Id=postgres;Password=ok;,準備撈設備類別
2021.08.13.16.23.24.315[Normal][INERADMS.Controllers.GisMapController.GetEquipmentClasses](System)：設備類別資訊取得完成
2021.08.13.16.23.50.876[Normal][INERADMS.Controllers.GisMapController.GetInfoWindowData](System)：資料庫連接字串：Server=192.168.1.22;Port=5432;Database=GISADMS;User Id=postgres;Password=ok;,傳入TID=115,OID=5693
2021.08.13.16.23.50.876[Normal][EquipmentInfo.GetEquipmentInfo](System)：設備FSC:115,設備OID:5693,EquipmentInfo.GetEquipmentInfo函數啟動
2021.08.13.16.23.50.954[Normal][EquipmentInfo.GetEquipmentInfo](System)：設備FSC:115,設備OID:5693,設備類別碼有效性檢查PASSED
2021.08.13.16.23.50.970[Normal][EquipmentInfo.GetEquipmentInfo](System)：設備FSC:115,設備OID:5693,抓到座標值是TWD67座標下X=180798,y=2613024
2021.08.13.16.23.50.970[Normal][INERADMS.Models.EquipmentInfo.GetEquipmentInfo](System)：設備FSC:115,設備OID:5693,原無饋線編號,抓饋線編號先抓到FDR1值為63
2021.08.13.16.23.50.986[Normal][INERADMS.Models.EquipmentInfo.GetEquipmentInfo](System)：傳入FDR=63,得到饋線編號為XF28
2021.08.13.16.23.50.986[Normal][INERADMS.Models.EquipmentInfo.GetEquipmentInfo](System)：傳入TID=115,得到表格名稱=sxfmr
2021.08.13.16.23.51.017[Normal][INERADMS.Models.EquipmentInfo.GetEquipmentInfo](System)：設備FSC:115,設備OID:5693,表格名稱=sxfmr,基本設備資訊查詢完成
2021.08.13.16.23.51.033[Normal][INERADMS.Models.EquipmentInfo.GetEquipmentInfo](System)：表格名稱=sxfmr,欄位名稱翻譯資訊查詢完成
2021.08.13.16.23.51.048[Normal][INERADMS.Models.EquipmentInfo.GetEquipmentInfo](System)：傳入擁有者TID=407,得到表格名稱=pole
2021.08.13.16.23.51.126[Normal][INERADMS.Models.EquipmentInfo.GetEquipmentInfo](System)：表格名稱=pole,欄位名稱翻譯資訊查詢完成,共14筆
2021.08.13.16.23.51.251[Normal][EquipmentInfo.GetRealtimeData](System)：台電圖號座標:K1326EA01,第一段SQL END
2021.08.13.16.23.51.251[Normal][INERADMS.Models.EquipmentInfo.GetEquipmentInfo](System)：開始轉換基本設備資訊的欄位名稱......
2021.08.13.16.23.51.251[Normal][INERADMS.Models.EquipmentInfo.GetEquipmentInfo](System)：轉換基本設備資訊的欄位名稱完畢。
2021.08.13.16.23.51.251[Normal][INERADMS.Models.EquipmentInfo.GetEquipmentInfo](System)：開始轉換擁有者設備資訊的欄位名稱......
2021.08.13.16.23.51.251[Normal][INERADMS.Models.EquipmentInfo.GetEquipmentInfo](System)：欄位名稱：ufid,對應中文名稱：設備流水號
2021.08.13.16.23.51.251[Normal][INERADMS.Models.EquipmentInfo.GetEquipmentInfo](System)：欄位名稱：poletype,對應中文名稱：設備型式
2021.08.13.16.23.51.251[Normal][INERADMS.Models.EquipmentInfo.GetEquipmentInfo](System)：欄位名稱：tpclid,對應中文名稱：圖號座標
2021.08.13.16.23.51.251[Normal][INERADMS.Models.EquipmentInfo.GetEquipmentInfo](System)：欄位名稱：addr,對應中文名稱：電桿的地址或桿號
2021.08.13.16.23.51.251[Normal][INERADMS.Models.EquipmentInfo.GetEquipmentInfo](System)：欄位名稱：childufid1,對應中文名稱：導線代號 1
2021.08.13.16.23.51.251[Normal][INERADMS.Models.EquipmentInfo.GetEquipmentInfo](System)：欄位名稱：childufid2,對應中文名稱：導線代號 2
2021.08.13.16.23.51.251[Normal][INERADMS.Models.EquipmentInfo.GetEquipmentInfo](System)：欄位名稱：childufid3,對應中文名稱：導線代號 3
2021.08.13.16.23.51.251[Normal][INERADMS.Models.EquipmentInfo.GetEquipmentInfo](System)：欄位名稱：childufid4,對應中文名稱：導線代號 4
2021.08.13.16.23.51.267[Normal][INERADMS.Models.EquipmentInfo.GetEquipmentInfo](System)：欄位名稱：polenum,對應中文名稱：桿號
2021.08.13.16.23.51.267[Normal][INERADMS.Models.EquipmentInfo.GetEquipmentInfo](System)：欄位名稱：polelen,對應中文名稱：長度
2021.08.13.16.23.51.267[Normal][INERADMS.Models.EquipmentInfo.GetEquipmentInfo](System)：欄位名稱：x,對應中文名稱：X 座標
2021.08.13.16.23.51.267[Normal][INERADMS.Models.EquipmentInfo.GetEquipmentInfo](System)：欄位名稱：y,對應中文名稱：Y 座標
2021.08.13.16.23.51.267[Normal][INERADMS.Models.EquipmentInfo.GetEquipmentInfo](System)：欄位名稱：vlevel,對應中文名稱：電壓別
2021.08.13.16.23.51.267[Normal][INERADMS.Models.EquipmentInfo.GetEquipmentInfo](System)：欄位名稱：cabtype,對應中文名稱：主/副饋線別
2021.08.13.16.23.51.267[Normal][INERADMS.Models.EquipmentInfo.GetEquipmentInfo](System)：轉換擁有者設備資訊的欄位名稱完畢。
2021.08.13.16.23.55.252[Normal][INERADMS.Controllers.GisMapController.GetInfoWindowData](System)：資料庫連接字串：Server=192.168.1.22;Port=5432;Database=GISADMS;User Id=postgres;Password=ok;,傳入TID=114,OID=5309
2021.08.13.16.23.55.252[Normal][EquipmentInfo.GetEquipmentInfo](System)：設備FSC:114,設備OID:5309,EquipmentInfo.GetEquipmentInfo函數啟動
2021.08.13.16.23.55.283[Normal][EquipmentInfo.GetEquipmentInfo](System)：設備FSC:114,設備OID:5309,設備類別碼有效性檢查PASSED
2021.08.13.16.23.55.298[Normal][EquipmentInfo.GetEquipmentInfo](System)：設備FSC:114,設備OID:5309,抓到座標值是TWD67座標下X=180818,y=2612976
2021.08.13.16.23.55.298[Normal][INERADMS.Models.EquipmentInfo.GetEquipmentInfo](System)：設備FSC:114,設備OID:5309,原無饋線編號,抓饋線編號先抓到FDR1值為63
2021.08.13.16.23.55.314[Normal][INERADMS.Models.EquipmentInfo.GetEquipmentInfo](System)：傳入FDR=63,得到饋線編號為XF28
2021.08.13.16.23.55.314[Normal][INERADMS.Models.EquipmentInfo.GetEquipmentInfo](System)：傳入TID=114,得到表格名稱=switch
2021.08.13.16.23.55.345[Normal][INERADMS.Models.EquipmentInfo.GetEquipmentInfo](System)：設備FSC:114,設備OID:5309,表格名稱=switch,基本設備資訊查詢完成
2021.08.13.16.23.55.361[Normal][INERADMS.Models.EquipmentInfo.GetEquipmentInfo](System)：表格名稱=switch,欄位名稱翻譯資訊查詢完成
2021.08.13.16.23.55.377[Normal][INERADMS.Models.EquipmentInfo.GetEquipmentInfo](System)：傳入擁有者TID=407,得到表格名稱=pole
2021.08.13.16.23.55.423[Normal][INERADMS.Models.EquipmentInfo.GetEquipmentInfo](System)：表格名稱=pole,欄位名稱翻譯資訊查詢完成,共14筆
2021.08.13.16.23.55.470[Normal][EquipmentInfo.GetRealtimeData](System)：台電圖號座標:K1325EE17,第一段SQL END
2021.08.13.16.23.55.470[Normal][INERADMS.Models.EquipmentInfo.GetEquipmentInfo](System)：開始轉換基本設備資訊的欄位名稱......
2021.08.13.16.23.55.486[Normal][INERADMS.Models.EquipmentInfo.GetEquipmentInfo](System)：轉換基本設備資訊的欄位名稱完畢。
2021.08.13.16.23.55.486[Normal][INERADMS.Models.EquipmentInfo.GetEquipmentInfo](System)：開始轉換擁有者設備資訊的欄位名稱......
2021.08.13.16.23.55.486[Normal][INERADMS.Models.EquipmentInfo.GetEquipmentInfo](System)：欄位名稱：ufid,對應中文名稱：設備流水號
2021.08.13.16.23.55.486[Normal][INERADMS.Models.EquipmentInfo.GetEquipmentInfo](System)：欄位名稱：poletype,對應中文名稱：設備型式
2021.08.13.16.23.55.486[Normal][INERADMS.Models.EquipmentInfo.GetEquipmentInfo](System)：欄位名稱：tpclid,對應中文名稱：圖號座標
2021.08.13.16.23.55.486[Normal][INERADMS.Models.EquipmentInfo.GetEquipmentInfo](System)：欄位名稱：addr,對應中文名稱：電桿的地址或桿號
2021.08.13.16.23.55.486[Normal][INERADMS.Models.EquipmentInfo.GetEquipmentInfo](System)：欄位名稱：childufid1,對應中文名稱：導線代號 1
2021.08.13.16.23.55.486[Normal][INERADMS.Models.EquipmentInfo.GetEquipmentInfo](System)：欄位名稱：childufid2,對應中文名稱：導線代號 2
2021.08.13.16.23.55.486[Normal][INERADMS.Models.EquipmentInfo.GetEquipmentInfo](System)：欄位名稱：childufid3,對應中文名稱：導線代號 3
2021.08.13.16.23.55.486[Normal][INERADMS.Models.EquipmentInfo.GetEquipmentInfo](System)：欄位名稱：childufid4,對應中文名稱：導線代號 4
2021.08.13.16.23.55.486[Normal][INERADMS.Models.EquipmentInfo.GetEquipmentInfo](System)：欄位名稱：polenum,對應中文名稱：桿號
2021.08.13.16.23.55.486[Normal][INERADMS.Models.EquipmentInfo.GetEquipmentInfo](System)：欄位名稱：polelen,對應中文名稱：長度
2021.08.13.16.23.55.486[Normal][INERADMS.Models.EquipmentInfo.GetEquipmentInfo](System)：欄位名稱：x,對應中文名稱：X 座標
2021.08.13.16.23.55.486[Normal][INERADMS.Models.EquipmentInfo.GetEquipmentInfo](System)：欄位名稱：y,對應中文名稱：Y 座標
2021.08.13.16.23.55.486[Normal][INERADMS.Models.EquipmentInfo.GetEquipmentInfo](System)：欄位名稱：vlevel,對應中文名稱：電壓別
2021.08.13.16.23.55.486[Normal][INERADMS.Models.EquipmentInfo.GetEquipmentInfo](System)：欄位名稱：cabtype,對應中文名稱：主/副饋線別
2021.08.13.16.23.55.486[Normal][INERADMS.Models.EquipmentInfo.GetEquipmentInfo](System)：轉換擁有者設備資訊的欄位名稱完畢。
2021.08.13.16.28.29.524[Normal][INERADMS.Controllers.GisMapController.GetInfoWindowData](System)：資料庫連接字串：Server=192.168.1.22;Port=5432;Database=GISADMS;User Id=postgres;Password=ok;,傳入TID=109,OID=10151207
2021.08.13.16.28.29.571[Normal][EquipmentInfo.GetEquipmentInfo](System)：設備FSC:109,設備OID:10151207,EquipmentInfo.GetEquipmentInfo函數啟動
2021.08.13.16.28.29.602[Normal][EquipmentInfo.GetEquipmentInfo](System)：設備FSC:109,設備OID:10151207,設備類別碼有效性檢查PASSED
2021.08.13.16.28.29.634[Normal][EquipmentInfo.GetEquipmentInfo](System)：設備FSC:109,設備OID:10151207,抓到座標值是TWD67座標下X=180833,y=2612981
2021.08.13.16.28.29.634[Normal][INERADMS.Models.EquipmentInfo.GetEquipmentInfo](System)：設備FSC:109,設備OID:10151207,原無饋線編號,抓饋線編號先抓到FDR1值為63
2021.08.13.16.28.29.649[Normal][INERADMS.Models.EquipmentInfo.GetEquipmentInfo](System)：傳入FDR=63,得到饋線編號為XF28
2021.08.13.16.28.39.897[Normal][INERADMS.Controllers.GisMapController.GetInfoWindowData](System)：資料庫連接字串：Server=192.168.1.22;Port=5432;Database=GISADMS;User Id=postgres;Password=ok;,傳入TID=109,OID=10151207
2021.08.13.16.28.39.897[Normal][EquipmentInfo.GetEquipmentInfo](System)：設備FSC:109,設備OID:10151207,EquipmentInfo.GetEquipmentInfo函數啟動
2021.08.13.16.28.39.913[Normal][EquipmentInfo.GetEquipmentInfo](System)：設備FSC:109,設備OID:10151207,設備類別碼有效性檢查PASSED
2021.08.13.16.28.39.960[Normal][EquipmentInfo.GetEquipmentInfo](System)：設備FSC:109,設備OID:10151207,抓到座標值是TWD67座標下X=180833,y=2612981
2021.08.13.16.28.39.960[Normal][INERADMS.Models.EquipmentInfo.GetEquipmentInfo](System)：設備FSC:109,設備OID:10151207,原無饋線編號,抓饋線編號先抓到FDR1值為63
2021.08.13.16.28.39.991[Normal][INERADMS.Models.EquipmentInfo.GetEquipmentInfo](System)：傳入FDR=63,得到饋線編號為XF28
2021.08.13.16.29.10.512[Normal][INERADMS.Controllers.GisMapController.GetInfoWindowData](System)：資料庫連接字串：Server=192.168.1.22;Port=5432;Database=GISADMS;User Id=postgres;Password=ok;,傳入TID=109,OID=10151207
2021.08.13.16.29.10.512[Normal][EquipmentInfo.GetEquipmentInfo](System)：設備FSC:109,設備OID:10151207,EquipmentInfo.GetEquipmentInfo函數啟動
2021.08.13.16.29.10.543[Normal][EquipmentInfo.GetEquipmentInfo](System)：設備FSC:109,設備OID:10151207,設備類別碼有效性檢查PASSED
2021.08.13.16.29.10.559[Normal][EquipmentInfo.GetEquipmentInfo](System)：設備FSC:109,設備OID:10151207,抓到座標值是TWD67座標下X=180833,y=2612981
2021.08.13.16.29.10.559[Normal][INERADMS.Models.EquipmentInfo.GetEquipmentInfo](System)：設備FSC:109,設備OID:10151207,原無饋線編號,抓饋線編號先抓到FDR1值為63
2021.08.13.16.29.10.575[Normal][INERADMS.Models.EquipmentInfo.GetEquipmentInfo](System)：傳入FDR=63,得到饋線編號為XF28
2021.08.13.16.32.29.085[Normal][INERADMS.Controllers.GisMapController.GetInfoWindowData](System)：資料庫連接字串：Server=192.168.1.22;Port=5432;Database=GISADMS;User Id=postgres;Password=ok;,傳入TID=114,OID=5309
2021.08.13.16.32.29.132[Normal][EquipmentInfo.GetEquipmentInfo](System)：設備FSC:114,設備OID:5309,EquipmentInfo.GetEquipmentInfo函數啟動
2021.08.13.16.32.29.163[Normal][EquipmentInfo.GetEquipmentInfo](System)：設備FSC:114,設備OID:5309,設備類別碼有效性檢查PASSED
2021.08.13.16.32.29.179[Normal][EquipmentInfo.GetEquipmentInfo](System)：設備FSC:114,設備OID:5309,抓到座標值是TWD67座標下X=180818,y=2612976
2021.08.13.16.32.29.179[Normal][INERADMS.Models.EquipmentInfo.GetEquipmentInfo](System)：設備FSC:114,設備OID:5309,原無饋線編號,抓饋線編號先抓到FDR1值為63
2021.08.13.16.32.29.210[Normal][INERADMS.Models.EquipmentInfo.GetEquipmentInfo](System)：傳入FDR=63,得到饋線編號為XF28
2021.08.13.16.32.29.210[Normal][INERADMS.Models.EquipmentInfo.GetEquipmentInfo](System)：傳入TID=114,得到表格名稱=switch
2021.08.13.16.32.29.241[Normal][INERADMS.Models.EquipmentInfo.GetEquipmentInfo](System)：設備FSC:114,設備OID:5309,表格名稱=switch,基本設備資訊查詢完成
2021.08.13.16.32.29.257[Normal][INERADMS.Models.EquipmentInfo.GetEquipmentInfo](System)：表格名稱=switch,欄位名稱翻譯資訊查詢完成
2021.08.13.16.32.29.288[Normal][INERADMS.Models.EquipmentInfo.GetEquipmentInfo](System)：傳入擁有者TID=407,得到表格名稱=pole
2021.08.13.16.32.29.335[Normal][INERADMS.Models.EquipmentInfo.GetEquipmentInfo](System)：表格名稱=pole,欄位名稱翻譯資訊查詢完成,共14筆
2021.08.13.16.32.29.382[Normal][EquipmentInfo.GetRealtimeData](System)：台電圖號座標:K1325EE17,第一段SQL END
2021.08.13.16.32.29.382[Normal][INERADMS.Models.EquipmentInfo.GetEquipmentInfo](System)：開始轉換基本設備資訊的欄位名稱......
2021.08.13.16.32.29.382[Normal][INERADMS.Models.EquipmentInfo.GetEquipmentInfo](System)：轉換基本設備資訊的欄位名稱完畢。
2021.08.13.16.32.29.382[Normal][INERADMS.Models.EquipmentInfo.GetEquipmentInfo](System)：開始轉換擁有者設備資訊的欄位名稱......
2021.08.13.16.32.29.382[Normal][INERADMS.Models.EquipmentInfo.GetEquipmentInfo](System)：欄位名稱：ufid,對應中文名稱：設備流水號
2021.08.13.16.32.29.382[Normal][INERADMS.Models.EquipmentInfo.GetEquipmentInfo](System)：欄位名稱：poletype,對應中文名稱：設備型式
2021.08.13.16.32.29.382[Normal][INERADMS.Models.EquipmentInfo.GetEquipmentInfo](System)：欄位名稱：tpclid,對應中文名稱：圖號座標
2021.08.13.16.32.29.398[Normal][INERADMS.Models.EquipmentInfo.GetEquipmentInfo](System)：欄位名稱：addr,對應中文名稱：電桿的地址或桿號
2021.08.13.16.32.29.398[Normal][INERADMS.Models.EquipmentInfo.GetEquipmentInfo](System)：欄位名稱：childufid1,對應中文名稱：導線代號 1
2021.08.13.16.32.29.398[Normal][INERADMS.Models.EquipmentInfo.GetEquipmentInfo](System)：欄位名稱：childufid2,對應中文名稱：導線代號 2
2021.08.13.16.32.29.398[Normal][INERADMS.Models.EquipmentInfo.GetEquipmentInfo](System)：欄位名稱：childufid3,對應中文名稱：導線代號 3
2021.08.13.16.32.29.398[Normal][INERADMS.Models.EquipmentInfo.GetEquipmentInfo](System)：欄位名稱：childufid4,對應中文名稱：導線代號 4
2021.08.13.16.32.29.398[Normal][INERADMS.Models.EquipmentInfo.GetEquipmentInfo](System)：欄位名稱：polenum,對應中文名稱：桿號
2021.08.13.16.32.29.398[Normal][INERADMS.Models.EquipmentInfo.GetEquipmentInfo](System)：欄位名稱：polelen,對應中文名稱：長度
2021.08.13.16.32.29.398[Normal][INERADMS.Models.EquipmentInfo.GetEquipmentInfo](System)：欄位名稱：x,對應中文名稱：X 座標
2021.08.13.16.32.29.398[Normal][INERADMS.Models.EquipmentInfo.GetEquipmentInfo](System)：欄位名稱：y,對應中文名稱：Y 座標
2021.08.13.16.32.29.398[Normal][INERADMS.Models.EquipmentInfo.GetEquipmentInfo](System)：欄位名稱：vlevel,對應中文名稱：電壓別
2021.08.13.16.32.29.398[Normal][INERADMS.Models.EquipmentInfo.GetEquipmentInfo](System)：欄位名稱：cabtype,對應中文名稱：主/副饋線別
2021.08.13.16.32.29.398[Normal][INERADMS.Models.EquipmentInfo.GetEquipmentInfo](System)：轉換擁有者設備資訊的欄位名稱完畢。
2021.08.13.16.37.25.792[Normal][INERADMS.Controllers.GisMapController.Map](System)：檢查登入者帳號....
2021.08.13.16.37.25.792[Normal][INERADMS.Controllers.GisMapController.Map](System)：目前登入者帳號不存在。
2021.08.13.16.37.27.585[Normal][INERADMS.Controllers.HomeController.LogIn](System)：ineradmin,Hp6uPRWAKR1mVAGezJxf1qfAr0/4Q9QFw+ICg+bqJCA=
2021.08.13.16.37.27.601[Normal][INERADMS.Controllers.HomeController.LogIn](System)：ineradmin登入檢查過關
2021.08.13.16.37.27.726[Normal][INERADMS.Controllers.HomeController.LogIn](System)：目前登入者帳號是：ineradmin,登入紀錄OK
2021.08.13.16.37.27.851[Normal][INERADMS.Controllers.GisMapController.Map](System)：檢查登入者帳號....
2021.08.13.16.37.27.851[Normal][INERADMS.Controllers.GisMapController.Map](System)：目前登入者帳號是：ineradmin
2021.08.13.16.37.29.074[Normal][INERADMS.Controllers.GisMapController.GetEquipmentClasses](System)：資料庫連接字串：Server=192.168.1.22;Port=5432;Database=GISADMS;User Id=postgres;Password=ok;,準備撈設備類別
2021.08.13.16.37.29.090[Normal][INERADMS.Controllers.GisMapController.GetEquipmentClasses](System)：設備類別資訊取得完成
2021.08.13.16.37.44.782[Normal][INERADMS.Controllers.GisMapController.GetInfoWindowData](System)：資料庫連接字串：Server=192.168.1.22;Port=5432;Database=GISADMS;User Id=postgres;Password=ok;,傳入TID=114,OID=5309
2021.08.13.16.37.44.829[Normal][EquipmentInfo.GetEquipmentInfo](System)：設備FSC:114,設備OID:5309,EquipmentInfo.GetEquipmentInfo函數啟動
2021.08.13.16.37.44.845[Normal][EquipmentInfo.GetEquipmentInfo](System)：設備FSC:114,設備OID:5309,設備類別碼有效性檢查PASSED
2021.08.13.16.37.44.861[Normal][EquipmentInfo.GetEquipmentInfo](System)：設備FSC:114,設備OID:5309,抓到座標值是TWD67座標下X=180818,y=2612976
2021.08.13.16.37.44.861[Normal][INERADMS.Models.EquipmentInfo.GetEquipmentInfo](System)：設備FSC:114,設備OID:5309,原無饋線編號,抓饋線編號先抓到FDR1值為63
2021.08.13.16.37.44.892[Normal][INERADMS.Models.EquipmentInfo.GetEquipmentInfo](System)：傳入FDR=63,得到饋線編號為XF28
2021.08.13.16.37.44.892[Normal][INERADMS.Models.EquipmentInfo.GetEquipmentInfo](System)：傳入TID=114,得到表格名稱=switch
2021.08.13.16.37.44.907[Normal][INERADMS.Models.EquipmentInfo.GetEquipmentInfo](System)：設備FSC:114,設備OID:5309,表格名稱=switch,基本設備資訊查詢完成
2021.08.13.16.37.44.923[Normal][INERADMS.Models.EquipmentInfo.GetEquipmentInfo](System)：表格名稱=switch,欄位名稱翻譯資訊查詢完成
2021.08.13.16.37.44.939[Normal][INERADMS.Models.EquipmentInfo.GetEquipmentInfo](System)：傳入擁有者TID=407,得到表格名稱=pole
2021.08.13.16.37.45.001[Normal][INERADMS.Models.EquipmentInfo.GetEquipmentInfo](System)：表格名稱=pole,欄位名稱翻譯資訊查詢完成,共14筆
2021.08.13.16.37.45.048[Normal][EquipmentInfo.GetRealtimeData](System)：台電圖號座標:K1325EE17,第一段SQL END
2021.08.13.16.37.45.048[Normal][INERADMS.Models.EquipmentInfo.GetEquipmentInfo](System)：開始轉換基本設備資訊的欄位名稱......
2021.08.13.16.37.45.064[Normal][INERADMS.Models.EquipmentInfo.GetEquipmentInfo](System)：轉換基本設備資訊的欄位名稱完畢。
2021.08.13.16.37.45.064[Normal][INERADMS.Models.EquipmentInfo.GetEquipmentInfo](System)：開始轉換擁有者設備資訊的欄位名稱......
2021.08.13.16.37.45.064[Normal][INERADMS.Models.EquipmentInfo.GetEquipmentInfo](System)：欄位名稱：ufid,對應中文名稱：設備流水號
2021.08.13.16.37.45.064[Normal][INERADMS.Models.EquipmentInfo.GetEquipmentInfo](System)：欄位名稱：poletype,對應中文名稱：設備型式
2021.08.13.16.37.45.064[Normal][INERADMS.Models.EquipmentInfo.GetEquipmentInfo](System)：欄位名稱：tpclid,對應中文名稱：圖號座標
2021.08.13.16.37.45.064[Normal][INERADMS.Models.EquipmentInfo.GetEquipmentInfo](System)：欄位名稱：addr,對應中文名稱：電桿的地址或桿號
2021.08.13.16.37.45.064[Normal][INERADMS.Models.EquipmentInfo.GetEquipmentInfo](System)：欄位名稱：childufid1,對應中文名稱：導線代號 1
2021.08.13.16.37.45.064[Normal][INERADMS.Models.EquipmentInfo.GetEquipmentInfo](System)：欄位名稱：childufid2,對應中文名稱：導線代號 2
2021.08.13.16.37.45.064[Normal][INERADMS.Models.EquipmentInfo.GetEquipmentInfo](System)：欄位名稱：childufid3,對應中文名稱：導線代號 3
2021.08.13.16.37.45.064[Normal][INERADMS.Models.EquipmentInfo.GetEquipmentInfo](System)：欄位名稱：childufid4,對應中文名稱：導線代號 4
2021.08.13.16.37.45.064[Normal][INERADMS.Models.EquipmentInfo.GetEquipmentInfo](System)：欄位名稱：polenum,對應中文名稱：桿號
2021.08.13.16.37.45.064[Normal][INERADMS.Models.EquipmentInfo.GetEquipmentInfo](System)：欄位名稱：polelen,對應中文名稱：長度
2021.08.13.16.37.45.064[Normal][INERADMS.Models.EquipmentInfo.GetEquipmentInfo](System)：欄位名稱：x,對應中文名稱：X 座標
2021.08.13.16.37.45.064[Normal][INERADMS.Models.EquipmentInfo.GetEquipmentInfo](System)：欄位名稱：y,對應中文名稱：Y 座標
2021.08.13.16.37.45.064[Normal][INERADMS.Models.EquipmentInfo.GetEquipmentInfo](System)：欄位名稱：vlevel,對應中文名稱：電壓別
2021.08.13.16.37.45.064[Normal][INERADMS.Models.EquipmentInfo.GetEquipmentInfo](System)：欄位名稱：cabtype,對應中文名稱：主/副饋線別
2021.08.13.16.37.45.064[Normal][INERADMS.Models.EquipmentInfo.GetEquipmentInfo](System)：轉換擁有者設備資訊的欄位名稱完畢。
2021.08.13.16.45.27.052[Normal][INERADMS.Controllers.GisMapController.Map](System)：檢查登入者帳號....
2021.08.13.16.45.27.052[Normal][INERADMS.Controllers.GisMapController.Map](System)：目前登入者帳號不存在。
2021.08.13.16.45.28.896[Normal][INERADMS.Controllers.HomeController.LogIn](System)：ineradmin,Hp6uPRWAKR1mVAGezJxf1qfAr0/4Q9QFw+ICg+bqJCA=
2021.08.13.16.45.28.943[Normal][INERADMS.Controllers.HomeController.LogIn](System)：ineradmin登入檢查過關
2021.08.13.16.45.29.178[Normal][INERADMS.Controllers.HomeController.LogIn](System)：目前登入者帳號是：ineradmin,登入紀錄OK
2021.08.13.16.45.29.209[Normal][INERADMS.Controllers.GisMapController.Map](System)：檢查登入者帳號....
2021.08.13.16.45.29.209[Normal][INERADMS.Controllers.GisMapController.Map](System)：目前登入者帳號是：ineradmin
2021.08.13.16.45.30.602[Normal][INERADMS.Controllers.GisMapController.GetEquipmentClasses](System)：資料庫連接字串：Server=192.168.1.22;Port=5432;Database=GISADMS;User Id=postgres;Password=ok;,準備撈設備類別
2021.08.13.16.45.30.618[Normal][INERADMS.Controllers.GisMapController.GetEquipmentClasses](System)：設備類別資訊取得完成
2021.08.13.16.51.49.286[Normal][INERADMS.Controllers.GisMapController.Map](System)：檢查登入者帳號....
2021.08.13.16.51.49.286[Normal][INERADMS.Controllers.GisMapController.Map](System)：目前登入者帳號不存在。
2021.08.13.16.51.53.227[Normal][INERADMS.Controllers.HomeController.LogIn](System)：ineradmin,Hp6uPRWAKR1mVAGezJxf1qfAr0/4Q9QFw+ICg+bqJCA=
2021.08.13.16.51.53.430[Normal][INERADMS.Controllers.HomeController.LogIn](System)：ineradmin登入檢查過關
2021.08.13.16.51.53.570[Normal][INERADMS.Controllers.HomeController.LogIn](System)：目前登入者帳號是：ineradmin,登入紀錄OK
2021.08.13.16.51.53.617[Normal][INERADMS.Controllers.GisMapController.Map](System)：檢查登入者帳號....
2021.08.13.16.51.53.617[Normal][INERADMS.Controllers.GisMapController.Map](System)：目前登入者帳號是：ineradmin
2021.08.13.16.51.56.164[Normal][INERADMS.Controllers.GisMapController.GetEquipmentClasses](System)：資料庫連接字串：Server=192.168.1.22;Port=5432;Database=GISADMS;User Id=postgres;Password=ok;,準備撈設備類別
2021.08.13.16.51.56.180[Normal][INERADMS.Controllers.GisMapController.GetEquipmentClasses](System)：設備類別資訊取得完成
2021.08.13.16.59.37.353[Normal][INERADMS.Controllers.GisMapController.Map](System)：檢查登入者帳號....
2021.08.13.16.59.37.353[Normal][INERADMS.Controllers.GisMapController.Map](System)：目前登入者帳號是：ineradmin
2021.08.13.16.59.39.482[Normal][INERADMS.Controllers.GisMapController.GetEquipmentClasses](System)：資料庫連接字串：Server=192.168.1.22;Port=5432;Database=GISADMS;User Id=postgres;Password=ok;,準備撈設備類別
2021.08.13.16.59.39.592[Normal][INERADMS.Controllers.GisMapController.GetEquipmentClasses](System)：設備類別資訊取得完成
2021.08.13.16.59.47.619[Normal][INERADMS.Controllers.HomeController.LogIn](System)：ineradmin,Hp6uPRWAKR1mVAGezJxf1qfAr0/4Q9QFw+ICg+bqJCA=
2021.08.13.16.59.47.634[Normal][INERADMS.Controllers.HomeController.LogIn](System)：ineradmin登入檢查過關
2021.08.13.16.59.47.744[Normal][INERADMS.Controllers.HomeController.LogIn](System)：目前登入者帳號是：ineradmin,登入紀錄OK
2021.08.13.16.59.47.822[Normal][INERADMS.Controllers.GisMapController.Map](System)：檢查登入者帳號....
2021.08.13.16.59.47.822[Normal][INERADMS.Controllers.GisMapController.Map](System)：目前登入者帳號是：ineradmin
2021.08.13.16.59.50.509[Normal][INERADMS.Controllers.GisMapController.GetEquipmentClasses](System)：資料庫連接字串：Server=192.168.1.22;Port=5432;Database=GISADMS;User Id=postgres;Password=ok;,準備撈設備類別
2021.08.13.16.59.52.010[Normal][INERADMS.Controllers.GisMapController.GetEquipmentClasses](System)：設備類別資訊取得完成
2021.08.13.16.59.55.010[Normal][INERADMS.Controllers.HomeController.LogIn](System)：ineradmin,Hp6uPRWAKR1mVAGezJxf1qfAr0/4Q9QFw+ICg+bqJCA=
2021.08.13.16.59.55.026[Normal][INERADMS.Controllers.HomeController.LogIn](System)：ineradmin登入檢查過關
2021.08.13.16.59.55.073[Normal][INERADMS.Controllers.HomeController.LogIn](System)：目前登入者帳號是：ineradmin,登入紀錄OK
2021.08.13.16.59.55.120[Normal][INERADMS.Controllers.GisMapController.Map](System)：檢查登入者帳號....
2021.08.13.16.59.55.120[Normal][INERADMS.Controllers.GisMapController.Map](System)：目前登入者帳號是：ineradmin
2021.08.13.16.59.56.354[Normal][INERADMS.Controllers.GisMapController.GetEquipmentClasses](System)：資料庫連接字串：Server=192.168.1.22;Port=5432;Database=GISADMS;User Id=postgres;Password=ok;,準備撈設備類別
2021.08.13.16.59.56.370[Normal][INERADMS.Controllers.GisMapController.GetEquipmentClasses](System)：設備類別資訊取得完成
2021.08.13.17.13.05.896[Normal][INERADMS.Controllers.GisMapController.Map](System)：檢查登入者帳號....
2021.08.13.17.13.05.896[Normal][INERADMS.Controllers.GisMapController.Map](System)：目前登入者帳號不存在。
2021.08.13.17.13.09.100[Normal][INERADMS.Controllers.HomeController.LogIn](System)：ineradmin,Hp6uPRWAKR1mVAGezJxf1qfAr0/4Q9QFw+ICg+bqJCA=
2021.08.13.17.13.09.209[Normal][INERADMS.Controllers.HomeController.LogIn](System)：ineradmin,Hp6uPRWAKR1mVAGezJxf1qfAr0/4Q9QFw+ICg+bqJCA=
2021.08.13.17.13.09.334[Normal][INERADMS.Controllers.HomeController.LogIn](System)：ineradmin登入檢查過關
2021.08.13.17.13.09.506[Normal][INERADMS.Controllers.HomeController.LogIn](System)：目前登入者帳號是：ineradmin,登入紀錄OK
2021.08.13.17.13.14.334[Normal][INERADMS.Controllers.HomeController.LogIn](System)：ineradmin,Hp6uPRWAKR1mVAGezJxf1qfAr0/4Q9QFw+ICg+bqJCA=
2021.08.13.17.13.14.350[Normal][INERADMS.Controllers.HomeController.LogIn](System)：ineradmin登入檢查過關
2021.08.13.17.13.14.397[Normal][INERADMS.Controllers.HomeController.LogIn](System)：目前登入者帳號是：ineradmin,登入紀錄OK
2021.08.13.17.13.14.412[Normal][INERADMS.Controllers.GisMapController.Map](System)：檢查登入者帳號....
2021.08.13.17.13.14.412[Normal][INERADMS.Controllers.GisMapController.Map](System)：目前登入者帳號是：ineradmin
2021.08.13.17.13.25.433[Normal][INERADMS.Controllers.GisMapController.GetEquipmentClasses](System)：資料庫連接字串：Server=192.168.1.22;Port=5432;Database=GISADMS;User Id=postgres;Password=ok;,準備撈設備類別
2021.08.13.17.13.25.448[Normal][INERADMS.Controllers.GisMapController.GetEquipmentClasses](System)：設備類別資訊取得完成
2021.08.13.19.00.54.764[Normal][INERADMS.Controllers.GisMapController.GetInfoWindowData](System)：資料庫連接字串：Server=192.168.1.22;Port=5432;Database=GISADMS;User Id=postgres;Password=ok;,傳入TID=106,OID=332727
2021.08.13.19.00.55.608[Normal][EquipmentInfo.GetEquipmentInfo](System)：設備FSC:106,設備OID:332727,EquipmentInfo.GetEquipmentInfo函數啟動
2021.08.13.19.00.55.764[Normal][EquipmentInfo.GetEquipmentInfo](System)：設備FSC:106,設備OID:332727,設備類別碼有效性檢查PASSED
2021.08.13.19.00.55.811[Normal][EquipmentInfo.GetEquipmentInfo](System)：設備FSC:106,設備OID:332727,抓到座標值是TWD67座標下X=180444,y=2613687
2021.08.13.19.00.55.811[Normal][INERADMS.Models.EquipmentInfo.GetEquipmentInfo](System)：設備FSC:106,設備OID:332727,原無饋線編號,抓饋線編號先抓到FDR1值為59
2021.08.13.19.00.55.827[Normal][INERADMS.Models.EquipmentInfo.GetEquipmentInfo](System)：傳入FDR=59,得到饋線編號為XF24
2021.08.13.19.00.55.827[Normal][INERADMS.Models.EquipmentInfo.GetEquipmentInfo](System)：傳入TID=106,得到表格名稱=edge
2021.08.13.19.00.55.858[Normal][INERADMS.Models.EquipmentInfo.GetEquipmentInfo](System)：設備FSC:106,設備OID:332727,表格名稱=edge,基本設備資訊查詢完成
2021.08.13.19.00.55.889[Normal][INERADMS.Models.EquipmentInfo.GetEquipmentInfo](System)：表格名稱=edge,欄位名稱翻譯資訊查詢完成
2021.08.13.19.00.55.889[Normal][INERADMS.Models.EquipmentInfo.GetEquipmentInfo](System)：開始轉換基本設備資訊的欄位名稱......
2021.08.13.19.00.56.014[Normal][INERADMS.Models.EquipmentInfo.GetEquipmentInfo](System)：轉換基本設備資訊的欄位名稱完畢。
